<?xml version="1.0" encoding="UTF-8"?>
<coverage generated="1741418442651" clover="3.2.0">
  <project timestamp="1741418442651" name="All files">
    <metrics statements="923" coveredstatements="715" conditionals="329" coveredconditionals="203" methods="134" coveredmethods="98" elements="1386" coveredelements="1016" complexity="0" loc="923" ncloc="923" packages="6" files="14" classes="14"/>
    <package name="src">
      <metrics statements="24" coveredstatements="9" conditionals="3" coveredconditionals="0" methods="9" coveredmethods="0"/>
      <file name="contants.ts" path="C:\Users\skmak\Desktop\_work_\lingo-interpreted-language\src\contants.ts">
        <metrics statements="1" coveredstatements="1" conditionals="0" coveredconditionals="0" methods="0" coveredmethods="0"/>
        <line num="1" count="10" type="stmt"/>
      </file>
      <file name="helpers.ts" path="C:\Users\skmak\Desktop\_work_\lingo-interpreted-language\src\helpers.ts">
        <metrics statements="23" coveredstatements="8" conditionals="3" coveredconditionals="0" methods="9" coveredmethods="0"/>
        <line num="1" count="10" type="stmt"/>
        <line num="2" count="10" type="stmt"/>
        <line num="3" count="10" type="stmt"/>
        <line num="4" count="10" type="stmt"/>
        <line num="6" count="10" type="stmt"/>
        <line num="7" count="0" type="stmt"/>
        <line num="8" count="0" type="stmt"/>
        <line num="13" count="0" type="stmt"/>
        <line num="14" count="0" type="stmt"/>
        <line num="15" count="0" type="stmt"/>
        <line num="20" count="10" type="stmt"/>
        <line num="21" count="0" type="cond" truecount="0" falsecount="1"/>
        <line num="23" count="0" type="stmt"/>
        <line num="26" count="10" type="stmt"/>
        <line num="28" count="0" type="stmt"/>
        <line num="32" count="10" type="stmt"/>
        <line num="33" count="0" type="stmt"/>
        <line num="35" count="0" type="stmt"/>
        <line num="36" count="0" type="stmt"/>
        <line num="37" count="0" type="cond" truecount="0" falsecount="1"/>
        <line num="39" count="0" type="stmt"/>
        <line num="40" count="0" type="cond" truecount="0" falsecount="1"/>
        <line num="41" count="0" type="stmt"/>
      </file>
    </package>
    <package name="src.frontend">
      <metrics statements="402" coveredstatements="332" conditionals="132" coveredconditionals="92" methods="53" coveredmethods="46"/>
      <file name="parser.ts" path="C:\Users\skmak\Desktop\_work_\lingo-interpreted-language\src\frontend\parser.ts">
        <metrics statements="402" coveredstatements="332" conditionals="132" coveredconditionals="92" methods="53" coveredmethods="46"/>
        <line num="34" count="10" type="stmt"/>
        <line num="35" count="10" type="stmt"/>
        <line num="36" count="10" type="stmt"/>
        <line num="38" count="10" type="cond" truecount="2" falsecount="0"/>
        <line num="39" count="10" type="stmt"/>
        <line num="40" count="10" type="stmt"/>
        <line num="41" count="10" type="stmt"/>
        <line num="44" count="10" type="stmt"/>
        <line num="45" count="393" type="stmt"/>
        <line num="51" count="10" type="stmt"/>
        <line num="52" count="99" type="stmt"/>
        <line num="53" count="99" type="stmt"/>
        <line num="55" count="99" type="cond" truecount="1" falsecount="0"/>
        <line num="56" count="99" type="stmt"/>
        <line num="60" count="99" type="stmt"/>
        <line num="63" count="205" type="stmt"/>
        <line num="67" count="3100" type="stmt"/>
        <line num="71" count="770" type="stmt"/>
        <line num="75" count="243" type="stmt"/>
        <line num="76" count="243" type="cond" truecount="2" falsecount="1"/>
        <line num="77" count="0" type="stmt"/>
        <line num="78" count="0" type="stmt"/>
        <line num="80" count="243" type="stmt"/>
        <line num="84" count="31" type="stmt"/>
        <line num="85" count="31" type="cond" truecount="2" falsecount="1"/>
        <line num="86" count="0" type="stmt"/>
        <line num="87" count="0" type="stmt"/>
        <line num="89" count="31" type="stmt"/>
        <line num="94" count="133" type="cond" truecount="10" falsecount="2"/>
        <line num="98" count="30" type="stmt"/>
        <line num="100" count="16" type="stmt"/>
        <line num="102" count="3" type="stmt"/>
        <line num="104" count="8" type="stmt"/>
        <line num="106" count="0" type="stmt"/>
        <line num="108" count="15" type="stmt"/>
        <line num="110" count="5" type="stmt"/>
        <line num="112" count="0" type="stmt"/>
        <line num="114" count="1" type="stmt"/>
        <line num="116" count="55" type="stmt"/>
        <line num="121" count="1" type="stmt"/>
        <line num="122" count="1" type="stmt"/>
        <line num="123" count="1" type="stmt"/>
        <line num="124" count="1" type="stmt"/>
        <line num="125" count="1" type="stmt"/>
        <line num="129" count="36" type="stmt"/>
        <line num="131" count="36" type="cond" truecount="2" falsecount="0"/>
        <line num="132" count="2" type="stmt"/>
        <line num="134" count="34" type="stmt"/>
        <line num="137" count="36" type="stmt"/>
        <line num="139" count="36" type="stmt"/>
        <line num="141" count="36" type="stmt"/>
        <line num="143" count="36" type="cond" truecount="2" falsecount="0"/>
        <line num="144" count="2" type="stmt"/>
        <line num="146" count="34" type="stmt"/>
        <line num="149" count="36" type="stmt"/>
        <line num="153" count="16" type="stmt"/>
        <line num="154" count="16" type="cond" truecount="1" falsecount="0"/>
        <line num="155" count="7" type="stmt"/>
        <line num="156" count="7" type="stmt"/>
        <line num="159" count="16" type="stmt"/>
        <line num="160" count="2" type="stmt"/>
        <line num="161" count="2" type="cond" truecount="1" falsecount="1"/>
        <line num="162" count="2" type="cond" truecount="1" falsecount="0"/>
        <line num="164" count="2" type="stmt"/>
        <line num="167" count="16" type="stmt"/>
        <line num="171" count="16" type="stmt"/>
        <line num="172" count="16" type="stmt"/>
        <line num="174" count="16" type="stmt"/>
        <line num="176" count="16" type="stmt"/>
        <line num="178" count="16" type="stmt"/>
        <line num="180" count="16" type="stmt"/>
        <line num="188" count="16" type="stmt"/>
        <line num="192" count="8" type="stmt"/>
        <line num="194" count="8" type="stmt"/>
        <line num="196" count="8" type="stmt"/>
        <line num="197" count="1" type="stmt"/>
        <line num="198" count="1" type="cond" truecount="1" falsecount="0"/>
        <line num="199" count="1" type="stmt"/>
        <line num="202" count="8" type="stmt"/>
        <line num="207" count="4" type="stmt"/>
        <line num="208" count="4" type="cond" truecount="0" falsecount="1"/>
        <line num="210" count="4" type="stmt"/>
        <line num="212" count="4" type="cond" truecount="0" falsecount="1"/>
        <line num="214" count="4" type="stmt"/>
        <line num="218" count="3" type="stmt"/>
        <line num="220" count="3" type="stmt"/>
        <line num="222" count="3" type="stmt"/>
        <line num="224" count="3" type="stmt"/>
        <line num="227" count="3" type="cond" truecount="2" falsecount="0"/>
        <line num="228" count="1" type="stmt"/>
        <line num="229" count="1" type="stmt"/>
        <line num="231" count="1" type="stmt"/>
        <line num="237" count="1" type="stmt"/>
        <line num="240" count="3" type="stmt"/>
        <line num="243" count="3" type="cond" truecount="1" falsecount="0"/>
        <line num="244" count="1" type="stmt"/>
        <line num="245" count="1" type="stmt"/>
        <line num="248" count="3" type="stmt"/>
        <line num="256" count="3" type="stmt"/>
        <line num="260" count="15" type="stmt"/>
        <line num="261" count="15" type="stmt"/>
        <line num="263" count="15" type="cond" truecount="1" falsecount="0"/>
        <line num="264" count="6" type="stmt"/>
        <line num="266" count="6" type="stmt"/>
        <line num="268" count="6" type="stmt"/>
        <line num="269" count="6" type="stmt"/>
        <line num="271" count="9" type="stmt"/>
        <line num="275" count="15" type="cond" truecount="1" falsecount="0"/>
        <line num="276" count="15" type="stmt"/>
        <line num="291" count="15" type="stmt"/>
        <line num="294" count="15" type="cond" truecount="3" falsecount="0"/>
        <line num="295" count="7" type="stmt"/>
        <line num="296" count="7" type="stmt"/>
        <line num="298" count="7" type="stmt"/>
        <line num="300" count="7" type="stmt"/>
        <line num="309" count="8" type="stmt"/>
        <line num="310" count="8" type="cond" truecount="0" falsecount="1"/>
        <line num="313" count="8" type="cond" truecount="1" falsecount="0"/>
        <line num="318" count="4" type="stmt"/>
        <line num="322" count="4" type="cond" truecount="1" falsecount="0"/>
        <line num="323" count="2" type="stmt"/>
        <line num="325" count="2" type="stmt"/>
        <line num="327" count="2" type="stmt"/>
        <line num="329" count="2" type="stmt"/>
        <line num="331" count="2" type="stmt"/>
        <line num="333" count="2" type="cond" truecount="0" falsecount="1"/>
        <line num="334" count="0" type="stmt"/>
        <line num="337" count="2" type="stmt"/>
        <line num="339" count="2" type="stmt"/>
        <line num="341" count="2" type="stmt"/>
        <line num="343" count="2" type="stmt"/>
        <line num="355" count="2" type="stmt"/>
        <line num="357" count="2" type="cond" truecount="0" falsecount="1"/>
        <line num="358" count="0" type="stmt"/>
        <line num="361" count="2" type="stmt"/>
        <line num="363" count="2" type="stmt"/>
        <line num="365" count="2" type="stmt"/>
        <line num="367" count="2" type="stmt"/>
        <line num="377" count="4" type="stmt"/>
        <line num="379" count="4" type="stmt"/>
        <line num="381" count="4" type="stmt"/>
        <line num="383" count="4" type="stmt"/>
        <line num="385" count="4" type="stmt"/>
        <line num="387" count="4" type="cond" truecount="1" falsecount="0"/>
        <line num="388" count="3" type="stmt"/>
        <line num="391" count="1" type="stmt"/>
        <line num="394" count="1" type="cond" truecount="0" falsecount="1"/>
        <line num="395" count="0" type="stmt"/>
        <line num="398" count="1" type="stmt"/>
        <line num="400" count="1" type="stmt"/>
        <line num="402" count="1" type="stmt"/>
        <line num="403" count="1" type="stmt"/>
        <line num="418" count="3" type="stmt"/>
        <line num="420" count="3" type="stmt"/>
        <line num="424" count="3" type="stmt"/>
        <line num="425" count="3" type="cond" truecount="3" falsecount="0"/>
        <line num="426" count="3" type="stmt"/>
        <line num="428" count="3" type="stmt"/>
        <line num="430" count="3" type="cond" truecount="1" falsecount="0"/>
        <line num="431" count="1" type="stmt"/>
        <line num="432" count="1" type="stmt"/>
        <line num="436" count="3" type="stmt"/>
        <line num="438" count="3" type="stmt"/>
        <line num="440" count="3" type="stmt"/>
        <line num="442" count="3" type="stmt"/>
        <line num="457" count="5" type="stmt"/>
        <line num="459" count="5" type="cond" truecount="1" falsecount="0"/>
        <line num="460" count="1" type="stmt"/>
        <line num="463" count="4" type="stmt"/>
        <line num="465" count="4" type="cond" truecount="1" falsecount="0"/>
        <line num="466" count="1" type="stmt"/>
        <line num="468" count="1" type="cond" truecount="0" falsecount="1"/>
        <line num="469" count="0" type="stmt"/>
        <line num="472" count="1" type="cond" truecount="1" falsecount="1"/>
        <line num="473" count="1" type="stmt"/>
        <line num="476" count="3" type="stmt"/>
        <line num="480" count="0" type="stmt"/>
        <line num="482" count="0" type="cond" truecount="0" falsecount="1"/>
        <line num="483" count="0" type="stmt"/>
        <line num="486" count="0" type="stmt"/>
        <line num="488" count="0" type="cond" truecount="0" falsecount="1"/>
        <line num="489" count="0" type="stmt"/>
        <line num="491" count="0" type="cond" truecount="0" falsecount="1"/>
        <line num="492" count="0" type="stmt"/>
        <line num="495" count="0" type="cond" truecount="0" falsecount="2"/>
        <line num="497" count="0" type="stmt"/>
        <line num="500" count="0" type="stmt"/>
        <line num="504" count="0" type="stmt"/>
        <line num="506" count="0" type="stmt"/>
        <line num="515" count="31" type="stmt"/>
        <line num="521" count="31" type="stmt"/>
        <line num="525" count="8" type="cond" truecount="2" falsecount="0"/>
        <line num="526" count="2" type="stmt"/>
        <line num="527" count="6" type="cond" truecount="1" falsecount="0"/>
        <line num="528" count="2" type="stmt"/>
        <line num="544" count="32" type="stmt"/>
        <line num="546" count="32" type="stmt"/>
        <line num="547" count="32" type="stmt"/>
        <line num="549" count="32" type="cond" truecount="4" falsecount="0"/>
        <line num="551" count="32" type="stmt"/>
        <line num="556" count="32" type="stmt"/>
        <line num="557" count="32" type="cond" truecount="1" falsecount="0"/>
        <line num="558" count="9" type="stmt"/>
        <line num="559" count="9" type="stmt"/>
        <line num="567" count="32" type="cond" truecount="1" falsecount="0"/>
        <line num="568" count="4" type="stmt"/>
        <line num="571" count="4" type="stmt"/>
        <line num="579" count="4" type="stmt"/>
        <line num="580" count="4" type="stmt"/>
        <line num="582" count="4" type="stmt"/>
        <line num="584" count="4" type="stmt"/>
        <line num="585" count="4" type="cond" truecount="1" falsecount="0"/>
        <line num="586" count="2" type="stmt"/>
        <line num="587" count="2" type="stmt"/>
        <line num="590" count="4" type="stmt"/>
        <line num="599" count="4" type="cond" truecount="2" falsecount="0"/>
        <line num="600" count="2" type="stmt"/>
        <line num="603" count="2" type="stmt"/>
        <line num="604" count="2" type="stmt"/>
        <line num="605" count="4" type="stmt"/>
        <line num="609" count="2" type="stmt"/>
        <line num="612" count="4" type="stmt"/>
        <line num="618" count="28" type="stmt"/>
        <line num="626" count="28" type="cond" truecount="1" falsecount="0"/>
        <line num="627" count="22" type="stmt"/>
        <line num="628" count="22" type="stmt"/>
        <line num="638" count="28" type="cond" truecount="1" falsecount="0"/>
        <line num="639" count="5" type="stmt"/>
        <line num="640" count="8" type="stmt"/>
        <line num="642" count="8" type="stmt"/>
        <line num="644" count="8" type="stmt"/>
        <line num="645" count="8" type="cond" truecount="1" falsecount="0"/>
        <line num="646" count="1" type="stmt"/>
        <line num="647" count="1" type="stmt"/>
        <line num="650" count="8" type="stmt"/>
        <line num="657" count="8" type="stmt"/>
        <line num="662" count="8" type="stmt"/>
        <line num="664" count="8" type="stmt"/>
        <line num="667" count="5" type="stmt"/>
        <line num="673" count="23" type="cond" truecount="1" falsecount="0"/>
        <line num="676" count="6" type="cond" truecount="1" falsecount="0"/>
        <line num="677" count="6" type="stmt"/>
        <line num="681" count="2" type="stmt"/>
        <line num="691" count="134" type="stmt"/>
        <line num="695" count="152" type="stmt"/>
        <line num="697" count="152" type="cond" truecount="1" falsecount="0"/>
        <line num="698" count="16" type="stmt"/>
        <line num="699" count="16" type="stmt"/>
        <line num="700" count="16" type="stmt"/>
        <line num="703" count="136" type="stmt"/>
        <line num="707" count="0" type="stmt"/>
        <line num="709" count="0" type="stmt"/>
        <line num="711" count="0" type="cond" truecount="0" falsecount="2"/>
        <line num="712" count="0" type="stmt"/>
        <line num="713" count="0" type="cond" truecount="0" falsecount="1"/>
        <line num="714" count="0" type="stmt"/>
        <line num="717" count="0" type="stmt"/>
        <line num="719" count="0" type="stmt"/>
        <line num="723" count="0" type="stmt"/>
        <line num="724" count="0" type="stmt"/>
        <line num="726" count="0" type="cond" truecount="0" falsecount="2"/>
        <line num="727" count="0" type="stmt"/>
        <line num="730" count="0" type="cond" truecount="0" falsecount="2"/>
        <line num="731" count="0" type="stmt"/>
        <line num="732" count="0" type="stmt"/>
        <line num="733" count="0" type="stmt"/>
        <line num="736" count="0" type="cond" truecount="0" falsecount="1"/>
        <line num="737" count="0" type="stmt"/>
        <line num="738" count="0" type="stmt"/>
        <line num="742" count="0" type="stmt"/>
        <line num="743" count="0" type="stmt"/>
        <line num="745" count="0" type="stmt"/>
        <line num="747" count="0" type="cond" truecount="0" falsecount="1"/>
        <line num="748" count="0" type="stmt"/>
        <line num="752" count="0" type="stmt"/>
        <line num="753" count="0" type="stmt"/>
        <line num="757" count="1" type="stmt"/>
        <line num="758" count="1" type="stmt"/>
        <line num="760" count="1" type="stmt"/>
        <line num="762" count="1" type="cond" truecount="2" falsecount="0"/>
        <line num="763" count="2" type="stmt"/>
        <line num="764" count="2" type="stmt"/>
        <line num="765" count="2" type="stmt"/>
        <line num="767" count="2" type="cond" truecount="0" falsecount="1"/>
        <line num="768" count="0" type="stmt"/>
        <line num="771" count="2" type="stmt"/>
        <line num="774" count="1" type="stmt"/>
        <line num="776" count="1" type="stmt"/>
        <line num="780" count="152" type="cond" truecount="1" falsecount="1"/>
        <line num="781" count="0" type="stmt"/>
        <line num="782" count="152" type="cond" truecount="2" falsecount="0"/>
        <line num="783" count="1" type="stmt"/>
        <line num="784" count="151" type="cond" truecount="0" falsecount="1"/>
        <line num="785" count="0" type="stmt"/>
        <line num="788" count="151" type="stmt"/>
        <line num="792" count="151" type="stmt"/>
        <line num="794" count="151" type="stmt"/>
        <line num="795" count="17" type="stmt"/>
        <line num="796" count="17" type="stmt"/>
        <line num="797" count="17" type="stmt"/>
        <line num="805" count="151" type="stmt"/>
        <line num="809" count="168" type="stmt"/>
        <line num="811" count="168" type="stmt"/>
        <line num="815" count="27" type="stmt"/>
        <line num="816" count="27" type="stmt"/>
        <line num="817" count="27" type="stmt"/>
        <line num="825" count="168" type="stmt"/>
        <line num="830" count="195" type="stmt"/>
        <line num="832" count="195" type="stmt"/>
        <line num="833" count="24" type="stmt"/>
        <line num="834" count="24" type="stmt"/>
        <line num="835" count="24" type="stmt"/>
        <line num="843" count="195" type="stmt"/>
        <line num="848" count="219" type="stmt"/>
        <line num="850" count="219" type="stmt"/>
        <line num="851" count="9" type="stmt"/>
        <line num="852" count="9" type="stmt"/>
        <line num="853" count="9" type="stmt"/>
        <line num="861" count="219" type="stmt"/>
        <line num="865" count="228" type="stmt"/>
        <line num="867" count="228" type="cond" truecount="1" falsecount="0"/>
        <line num="869" count="223" type="stmt"/>
        <line num="873" count="5" type="stmt"/>
        <line num="880" count="5" type="cond" truecount="0" falsecount="1"/>
        <line num="882" count="5" type="stmt"/>
        <line num="886" count="5" type="stmt"/>
        <line num="887" count="5" type="cond" truecount="2" falsecount="0"/>
        <line num="889" count="5" type="stmt"/>
        <line num="891" count="5" type="stmt"/>
        <line num="897" count="1" type="stmt"/>
        <line num="899" count="1" type="cond" truecount="2" falsecount="0"/>
        <line num="901" count="1" type="stmt"/>
        <line num="905" count="16" type="stmt"/>
        <line num="906" count="16" type="cond" truecount="2" falsecount="0"/>
        <line num="908" count="16" type="stmt"/>
        <line num="910" count="16" type="stmt"/>
        <line num="914" count="4" type="stmt"/>
        <line num="916" count="4" type="cond" truecount="2" falsecount="0"/>
        <line num="918" count="4" type="stmt"/>
        <line num="922" count="8" type="stmt"/>
        <line num="924" count="8" type="stmt"/>
        <line num="925" count="8" type="cond" truecount="1" falsecount="0"/>
        <line num="926" count="8" type="stmt"/>
        <line num="927" count="8" type="stmt"/>
        <line num="931" count="8" type="cond" truecount="0" falsecount="1"/>
        <line num="932" count="0" type="stmt"/>
        <line num="934" count="0" type="stmt"/>
        <line num="936" count="0" type="stmt"/>
        <line num="944" count="8" type="stmt"/>
        <line num="948" count="228" type="stmt"/>
        <line num="950" count="228" type="cond" truecount="2" falsecount="0"/>
        <line num="951" count="1" type="stmt"/>
        <line num="956" count="1" type="cond" truecount="1" falsecount="1"/>
        <line num="957" count="1" type="stmt"/>
        <line num="958" count="1" type="stmt"/>
        <line num="960" count="1" type="cond" truecount="0" falsecount="1"/>
        <line num="961" count="0" type="stmt"/>
        <line num="964" count="0" type="stmt"/>
        <line num="965" count="0" type="stmt"/>
        <line num="966" count="0" type="stmt"/>
        <line num="969" count="1" type="stmt"/>
        <line num="977" count="228" type="stmt"/>
        <line num="981" count="3" type="stmt"/>
        <line num="982" count="3" type="stmt"/>
        <line num="983" count="3" type="stmt"/>
        <line num="985" count="3" type="stmt"/>
        <line num="988" count="3" type="cond" truecount="0" falsecount="1"/>
        <line num="989" count="0" type="stmt"/>
        <line num="990" count="0" type="cond" truecount="0" falsecount="2"/>
        <line num="992" count="0" type="cond" truecount="0" falsecount="1"/>
        <line num="993" count="0" type="stmt"/>
        <line num="994" count="0" type="stmt"/>
        <line num="997" count="0" type="stmt"/>
        <line num="1000" count="0" type="stmt"/>
        <line num="1001" count="0" type="stmt"/>
        <line num="1002" count="0" type="stmt"/>
        <line num="1008" count="3" type="stmt"/>
        <line num="1009" count="3" type="cond" truecount="2" falsecount="0"/>
        <line num="1011" count="3" type="stmt"/>
        <line num="1013" count="3" type="stmt"/>
        <line num="1022" count="19" type="stmt"/>
        <line num="1023" count="19" type="stmt"/>
        <line num="1024" count="19" type="stmt"/>
        <line num="1028" count="19" type="stmt"/>
        <line num="1033" count="229" type="stmt"/>
        <line num="1035" count="229" type="cond" truecount="4" falsecount="1"/>
        <line num="1037" count="58" type="stmt"/>
        <line num="1039" count="149" type="stmt"/>
        <line num="1040" count="149" type="stmt"/>
        <line num="1041" count="149" type="stmt"/>
        <line num="1044" count="3" type="stmt"/>
        <line num="1046" count="19" type="stmt"/>
        <line num="1048" count="0" type="stmt"/>
        <line num="1049" count="0" type="stmt"/>
        <line num="1055" count="99" type="cond" truecount="1" falsecount="0"/>
        <line num="1056" count="99" type="stmt"/>
        <line num="1061" count="99" type="cond" truecount="0" falsecount="1"/>
        <line num="1063" count="108" type="stmt"/>
        <line num="1065" count="94" type="stmt"/>
        <line num="1069" count="10" type="stmt"/>
        <line num="1070" count="99" type="stmt"/>
        <line num="1071" count="99" type="stmt"/>
      </file>
    </package>
    <package name="src.frontend.lexer">
      <metrics statements="175" coveredstatements="172" conditionals="45" coveredconditionals="40" methods="23" coveredmethods="23"/>
      <file name="specs.ts" path="C:\Users\skmak\Desktop\_work_\lingo-interpreted-language\src\frontend\lexer\specs.ts">
        <metrics statements="57" coveredstatements="57" conditionals="2" coveredconditionals="2" methods="1" coveredmethods="1"/>
        <line num="1" count="17" type="cond" truecount="2" falsecount="0"/>
        <line num="2" count="17" type="stmt"/>
        <line num="3" count="17" type="stmt"/>
        <line num="4" count="17" type="stmt"/>
        <line num="5" count="17" type="stmt"/>
        <line num="6" count="17" type="stmt"/>
        <line num="7" count="17" type="stmt"/>
        <line num="8" count="17" type="stmt"/>
        <line num="9" count="17" type="stmt"/>
        <line num="10" count="17" type="stmt"/>
        <line num="11" count="17" type="stmt"/>
        <line num="12" count="17" type="stmt"/>
        <line num="13" count="17" type="stmt"/>
        <line num="15" count="17" type="stmt"/>
        <line num="16" count="17" type="stmt"/>
        <line num="17" count="17" type="stmt"/>
        <line num="18" count="17" type="stmt"/>
        <line num="19" count="17" type="stmt"/>
        <line num="20" count="17" type="stmt"/>
        <line num="21" count="17" type="stmt"/>
        <line num="22" count="17" type="stmt"/>
        <line num="23" count="17" type="stmt"/>
        <line num="24" count="17" type="stmt"/>
        <line num="25" count="17" type="stmt"/>
        <line num="26" count="17" type="stmt"/>
        <line num="27" count="17" type="stmt"/>
        <line num="28" count="17" type="stmt"/>
        <line num="29" count="17" type="stmt"/>
        <line num="30" count="17" type="stmt"/>
        <line num="31" count="17" type="stmt"/>
        <line num="32" count="17" type="stmt"/>
        <line num="33" count="17" type="stmt"/>
        <line num="34" count="17" type="stmt"/>
        <line num="38" count="17" type="stmt"/>
        <line num="39" count="17" type="stmt"/>
        <line num="40" count="17" type="stmt"/>
        <line num="41" count="17" type="stmt"/>
        <line num="42" count="17" type="stmt"/>
        <line num="43" count="17" type="stmt"/>
        <line num="44" count="17" type="stmt"/>
        <line num="45" count="17" type="stmt"/>
        <line num="46" count="17" type="stmt"/>
        <line num="47" count="17" type="stmt"/>
        <line num="48" count="17" type="stmt"/>
        <line num="49" count="17" type="stmt"/>
        <line num="50" count="17" type="stmt"/>
        <line num="51" count="17" type="stmt"/>
        <line num="52" count="17" type="stmt"/>
        <line num="53" count="17" type="stmt"/>
        <line num="54" count="17" type="stmt"/>
        <line num="55" count="17" type="stmt"/>
        <line num="58" count="17" type="stmt"/>
        <line num="59" count="17" type="stmt"/>
        <line num="60" count="17" type="stmt"/>
        <line num="61" count="17" type="stmt"/>
        <line num="62" count="17" type="stmt"/>
        <line num="70" count="17" type="stmt"/>
      </file>
      <file name="tokenizer.ts" path="C:\Users\skmak\Desktop\_work_\lingo-interpreted-language\src\frontend\lexer\tokenizer.ts">
        <metrics statements="118" coveredstatements="115" conditionals="43" coveredconditionals="38" methods="22" coveredmethods="22"/>
        <line num="2" count="17" type="stmt"/>
        <line num="15" count="17" type="stmt"/>
        <line num="17" count="151" type="stmt"/>
        <line num="19" count="151" type="stmt"/>
        <line num="20" count="151" type="stmt"/>
        <line num="21" count="151" type="stmt"/>
        <line num="23" count="151" type="stmt"/>
        <line num="24" count="151" type="stmt"/>
        <line num="27" count="151" type="stmt"/>
        <line num="28" count="151" type="stmt"/>
        <line num="32" count="161" type="stmt"/>
        <line num="33" count="161" type="stmt"/>
        <line num="34" count="161" type="stmt"/>
        <line num="35" count="161" type="stmt"/>
        <line num="36" count="161" type="stmt"/>
        <line num="38" count="1611" type="cond" truecount="2" falsecount="0"/>
        <line num="40" count="161" type="stmt"/>
        <line num="46" count="161" type="stmt"/>
        <line num="50" count="1772" type="cond" truecount="0" falsecount="1"/>
        <line num="52" count="1772" type="stmt"/>
        <line num="56" count="1611" type="cond" truecount="2" falsecount="1"/>
        <line num="58" count="1611" type="stmt"/>
        <line num="62" count="1611" type="stmt"/>
        <line num="63" count="1611" type="stmt"/>
        <line num="65" count="1611" type="stmt"/>
        <line num="66" count="60704" type="stmt"/>
        <line num="69" count="60704" type="cond" truecount="1" falsecount="0"/>
        <line num="73" count="1611" type="stmt"/>
        <line num="75" count="1611" type="stmt"/>
        <line num="78" count="1611" type="stmt"/>
        <line num="84" count="1611" type="stmt"/>
        <line num="90" count="1611" type="cond" truecount="1" falsecount="0"/>
        <line num="91" count="63" type="stmt"/>
        <line num="92" count="63" type="stmt"/>
        <line num="96" count="1611" type="cond" truecount="1" falsecount="0"/>
        <line num="99" count="6" type="stmt"/>
        <line num="101" count="6" type="stmt"/>
        <line num="104" count="1611" type="stmt"/>
        <line num="114" count="0" type="stmt"/>
        <line num="120" count="60704" type="stmt"/>
        <line num="122" count="60704" type="cond" truecount="1" falsecount="0"/>
        <line num="124" count="1611" type="stmt"/>
        <line num="127" count="1611" type="stmt"/>
        <line num="131" count="1772" type="stmt"/>
        <line num="135" count="17" type="stmt"/>
        <line num="136" count="105" type="stmt"/>
        <line num="139" count="104" type="stmt"/>
        <line num="143" count="105" type="stmt"/>
        <line num="144" count="105" type="stmt"/>
        <line num="145" count="105" type="stmt"/>
        <line num="147" count="105" type="stmt"/>
        <line num="149" count="1589" type="cond" truecount="1" falsecount="0"/>
        <line num="150" count="34" type="stmt"/>
        <line num="151" count="34" type="stmt"/>
        <line num="152" count="34" type="stmt"/>
        <line num="156" count="1555" type="cond" truecount="4" falsecount="0"/>
        <line num="157" count="23" type="stmt"/>
        <line num="161" count="1555" type="cond" truecount="1" falsecount="0"/>
        <line num="162" count="59" type="stmt"/>
        <line num="163" count="59" type="stmt"/>
        <line num="164" count="59" type="stmt"/>
        <line num="168" count="1496" type="cond" truecount="3" falsecount="0"/>
        <line num="169" count="46" type="stmt"/>
        <line num="170" count="46" type="stmt"/>
        <line num="173" count="46" type="cond" truecount="2" falsecount="0"/>
        <line num="174" count="38" type="cond" truecount="1" falsecount="0"/>
        <line num="175" count="11" type="stmt"/>
        <line num="176" count="11" type="stmt"/>
        <line num="180" count="8" type="cond" truecount="1" falsecount="0"/>
        <line num="181" count="4" type="cond" truecount="2" falsecount="0"/>
        <line num="182" count="4" type="stmt"/>
        <line num="183" count="4" type="stmt"/>
        <line num="185" count="4" type="cond" truecount="1" falsecount="0"/>
        <line num="186" count="1" type="stmt"/>
        <line num="192" count="45" type="stmt"/>
        <line num="193" count="45" type="stmt"/>
        <line num="195" count="45" type="stmt"/>
        <line num="199" count="1450" type="cond" truecount="1" falsecount="0"/>
        <line num="200" count="9" type="stmt"/>
        <line num="201" count="9" type="stmt"/>
        <line num="202" count="9" type="cond" truecount="1" falsecount="0"/>
        <line num="203" count="3" type="cond" truecount="2" falsecount="0"/>
        <line num="204" count="3" type="stmt"/>
        <line num="205" count="3" type="stmt"/>
        <line num="207" count="3" type="cond" truecount="0" falsecount="1"/>
        <line num="208" count="0" type="stmt"/>
        <line num="213" count="9" type="stmt"/>
        <line num="214" count="9" type="stmt"/>
        <line num="215" count="9" type="stmt"/>
        <line num="216" count="9" type="stmt"/>
        <line num="220" count="1441" type="stmt"/>
        <line num="224" count="104" type="stmt"/>
        <line num="225" count="4" type="stmt"/>
        <line num="226" count="4" type="stmt"/>
        <line num="233" count="104" type="stmt"/>
        <line num="237" count="104" type="stmt"/>
        <line num="239" count="1538" type="cond" truecount="3" falsecount="0"/>
        <line num="243" count="1538" type="stmt"/>
        <line num="244" count="1538" type="stmt"/>
        <line num="246" count="1538" type="cond" truecount="3" falsecount="0"/>
        <line num="249" count="1538" type="cond" truecount="2" falsecount="0"/>
        <line num="251" count="104" type="stmt"/>
        <line num="285" count="104" type="stmt"/>
        <line num="289" count="11" type="stmt"/>
        <line num="300" count="11" type="stmt"/>
        <line num="312" count="4" type="cond" truecount="2" falsecount="1"/>
        <line num="313" count="0" type="stmt"/>
        <line num="317" count="4" type="stmt"/>
        <line num="319" count="4" type="stmt"/>
        <line num="324" count="105" type="stmt"/>
        <line num="327" count="105" type="stmt"/>
        <line num="331" count="122" type="stmt"/>
        <line num="335" count="72" type="stmt"/>
        <line num="339" count="11" type="stmt"/>
        <line num="343" count="11" type="stmt"/>
        <line num="347" count="17" type="stmt"/>
        <line num="348" count="105" type="stmt"/>
        <line num="350" count="105" type="stmt"/>
      </file>
    </package>
    <package name="src.runtime">
      <metrics statements="110" coveredstatements="94" conditionals="44" coveredconditionals="28" methods="19" coveredmethods="16"/>
      <file name="environment.ts" path="C:\Users\skmak\Desktop\_work_\lingo-interpreted-language\src\runtime\environment.ts">
        <metrics statements="46" coveredstatements="42" conditionals="15" coveredconditionals="11" methods="7" coveredmethods="6"/>
        <line num="3" count="3" type="stmt"/>
        <line num="6" count="3" type="stmt"/>
        <line num="7" count="3" type="stmt"/>
        <line num="9" count="3" type="stmt"/>
        <line num="17" count="46" type="stmt"/>
        <line num="18" count="46" type="stmt"/>
        <line num="19" count="46" type="stmt"/>
        <line num="20" count="46" type="stmt"/>
        <line num="21" count="46" type="stmt"/>
        <line num="23" count="46" type="stmt"/>
        <line num="24" count="46" type="cond" truecount="1" falsecount="0"/>
        <line num="26" count="120" type="stmt"/>
        <line num="29" count="80" type="stmt"/>
        <line num="34" count="0" type="stmt"/>
        <line num="38" count="3" type="stmt"/>
        <line num="40" count="3" type="cond" truecount="1" falsecount="1"/>
        <line num="41" count="0" type="stmt"/>
        <line num="42" count="3" type="cond" truecount="3" falsecount="0"/>
        <line num="43" count="1" type="stmt"/>
        <line num="49" count="2" type="stmt"/>
        <line num="58" count="221" type="cond" truecount="0" falsecount="1"/>
        <line num="59" count="0" type="stmt"/>
        <line num="64" count="221" type="cond" truecount="2" falsecount="0"/>
        <line num="66" count="88" type="stmt"/>
        <line num="67" count="88" type="stmt"/>
        <line num="69" count="126" type="stmt"/>
        <line num="70" count="126" type="stmt"/>
        <line num="73" count="221" type="stmt"/>
        <line num="74" count="221" type="cond" truecount="0" falsecount="1"/>
        <line num="75" count="221" type="stmt"/>
        <line num="77" count="221" type="stmt"/>
        <line num="81" count="6" type="stmt"/>
        <line num="84" count="6" type="cond" truecount="2" falsecount="0"/>
        <line num="85" count="1" type="stmt"/>
        <line num="89" count="5" type="cond" truecount="1" falsecount="0"/>
        <line num="90" count="2" type="stmt"/>
        <line num="95" count="3" type="stmt"/>
        <line num="97" count="3" type="stmt"/>
        <line num="99" count="2" type="stmt"/>
        <line num="101" count="2" type="stmt"/>
        <line num="105" count="36" type="cond" truecount="1" falsecount="0"/>
        <line num="107" count="4" type="cond" truecount="0" falsecount="1"/>
        <line num="108" count="0" type="stmt"/>
        <line num="113" count="4" type="stmt"/>
        <line num="117" count="26" type="stmt"/>
        <line num="118" count="26" type="stmt"/>
      </file>
      <file name="error.ts" path="C:\Users\skmak\Desktop\_work_\lingo-interpreted-language\src\runtime\error.ts">
        <metrics statements="4" coveredstatements="4" conditionals="0" coveredconditionals="0" methods="1" coveredmethods="1"/>
        <line num="3" count="3" type="stmt"/>
        <line num="7" count="4" type="stmt"/>
        <line num="8" count="4" type="stmt"/>
        <line num="9" count="4" type="stmt"/>
      </file>
      <file name="execution-context.ts" path="C:\Users\skmak\Desktop\_work_\lingo-interpreted-language\src\runtime\execution-context.ts">
        <metrics statements="13" coveredstatements="11" conditionals="4" coveredconditionals="2" methods="5" coveredmethods="4"/>
        <line num="10" count="3" type="stmt"/>
        <line num="14" count="40" type="stmt"/>
        <line num="18" count="3" type="stmt"/>
        <line num="22" count="0" type="stmt"/>
        <line num="26" count="4" type="stmt"/>
        <line num="30" count="1" type="stmt"/>
        <line num="31" count="1" type="stmt"/>
        <line num="32" count="1" type="stmt"/>
        <line num="34" count="3" type="stmt"/>
        <line num="35" count="3" type="cond" truecount="1" falsecount="1"/>
        <line num="38" count="1" type="cond" truecount="0" falsecount="1"/>
        <line num="39" count="0" type="stmt"/>
        <line num="42" count="1" type="stmt"/>
      </file>
      <file name="interpreter.ts" path="C:\Users\skmak\Desktop\_work_\lingo-interpreted-language\src\runtime\interpreter.ts">
        <metrics statements="39" coveredstatements="30" conditionals="24" coveredconditionals="15" methods="2" coveredmethods="2"/>
        <line num="1" count="3" type="stmt"/>
        <line num="24" count="3" type="stmt"/>
        <line num="33" count="3" type="stmt"/>
        <line num="44" count="3" type="stmt"/>
        <line num="45" count="3" type="stmt"/>
        <line num="46" count="3" type="stmt"/>
        <line num="48" count="3" type="stmt"/>
        <line num="49" count="233" type="cond" truecount="10" falsecount="8"/>
        <line num="51" count="87" type="stmt"/>
        <line num="56" count="2" type="stmt"/>
        <line num="58" count="57" type="stmt"/>
        <line num="60" count="6" type="stmt"/>
        <line num="62" count="23" type="stmt"/>
        <line num="64" count="0" type="stmt"/>
        <line num="66" count="0" type="stmt"/>
        <line num="68" count="3" type="stmt"/>
        <line num="70" count="40" type="stmt"/>
        <line num="72" count="9" type="stmt"/>
        <line num="74" count="3" type="stmt"/>
        <line num="76" count="3" type="stmt"/>
        <line num="78" count="0" type="stmt"/>
        <line num="80" count="0" type="stmt"/>
        <line num="82" count="0" type="stmt"/>
        <line num="84" count="0" type="stmt"/>
        <line num="86" count="0" type="stmt"/>
        <line num="88" count="0" type="stmt"/>
        <line num="89" count="0" type="stmt"/>
        <line num="93" count="3" type="stmt"/>
        <line num="94" count="40" type="stmt"/>
        <line num="95" count="40" type="cond" truecount="2" falsecount="0"/>
        <line num="96" count="40" type="stmt"/>
        <line num="97" count="40" type="stmt"/>
        <line num="98" count="40" type="stmt"/>
        <line num="100" count="4" type="stmt"/>
        <line num="102" count="4" type="cond" truecount="1" falsecount="0"/>
        <line num="103" count="4" type="cond" truecount="1" falsecount="1"/>
        <line num="105" count="4" type="cond" truecount="1" falsecount="0"/>
        <line num="106" count="1" type="stmt"/>
        <line num="110" count="4" type="stmt"/>
      </file>
      <file name="macros.ts" path="C:\Users\skmak\Desktop\_work_\lingo-interpreted-language\src\runtime\macros.ts">
        <metrics statements="8" coveredstatements="7" conditionals="1" coveredconditionals="0" methods="4" coveredmethods="3"/>
        <line num="3" count="3" type="cond" truecount="0" falsecount="1"/>
        <line num="4" count="0" type="stmt"/>
        <line num="7" count="3" type="stmt"/>
        <line num="8" count="49" type="stmt"/>
        <line num="11" count="3" type="stmt"/>
        <line num="12" count="6" type="stmt"/>
        <line num="15" count="3" type="stmt"/>
        <line num="16" count="6" type="stmt"/>
      </file>
    </package>
    <package name="src.runtime.built-ins">
      <metrics statements="27" coveredstatements="6" conditionals="16" coveredconditionals="0" methods="5" coveredmethods="0"/>
      <file name="functions.ts" path="C:\Users\skmak\Desktop\_work_\lingo-interpreted-language\src\runtime\built-ins\functions.ts">
        <metrics statements="24" coveredstatements="3" conditionals="16" coveredconditionals="0" methods="5" coveredmethods="0"/>
        <line num="3" count="3" type="stmt"/>
        <line num="15" count="3" type="stmt"/>
        <line num="19" count="0" type="stmt"/>
        <line num="20" count="0" type="stmt"/>
        <line num="21" count="0" type="cond" truecount="0" falsecount="2"/>
        <line num="27" count="0" type="stmt"/>
        <line num="28" count="0" type="cond" truecount="0" falsecount="2"/>
        <line num="29" count="0" type="stmt"/>
        <line num="30" count="0" type="cond" truecount="0" falsecount="2"/>
        <line num="31" count="0" type="stmt"/>
        <line num="32" count="0" type="stmt"/>
        <line num="33" count="0" type="cond" truecount="0" falsecount="2"/>
        <line num="35" count="0" type="cond" truecount="0" falsecount="2"/>
        <line num="36" count="0" type="stmt"/>
        <line num="37" count="0" type="cond" truecount="0" falsecount="1"/>
        <line num="38" count="0" type="stmt"/>
        <line num="40" count="0" type="stmt"/>
        <line num="42" count="0" type="stmt"/>
        <line num="46" count="0" type="stmt"/>
        <line num="48" count="0" type="stmt"/>
        <line num="56" count="0" type="stmt"/>
        <line num="57" count="0" type="cond" truecount="0" falsecount="1"/>
        <line num="58" count="0" type="stmt"/>
        <line num="64" count="3" type="stmt"/>
      </file>
      <file name="variables.ts" path="C:\Users\skmak\Desktop\_work_\lingo-interpreted-language\src\runtime\built-ins\variables.ts">
        <metrics statements="3" coveredstatements="3" conditionals="0" coveredconditionals="0" methods="0" coveredmethods="0"/>
        <line num="2" count="3" type="stmt"/>
        <line num="4" count="3" type="stmt"/>
        <line num="10" count="3" type="stmt"/>
      </file>
    </package>
    <package name="src.runtime.eval">
      <metrics statements="185" coveredstatements="102" conditionals="89" coveredconditionals="43" methods="25" coveredmethods="13"/>
      <file name="expression.ts" path="C:\Users\skmak\Desktop\_work_\lingo-interpreted-language\src\runtime\eval\expression.ts">
        <metrics statements="127" coveredstatements="69" conditionals="65" coveredconditionals="36" methods="14" coveredmethods="8"/>
        <line num="14" count="3" type="stmt"/>
        <line num="15" count="3" type="stmt"/>
        <line num="16" count="3" type="stmt"/>
        <line num="18" count="3" type="stmt"/>
        <line num="19" count="3" type="stmt"/>
        <line num="27" count="40" type="cond" truecount="1" falsecount="0"/>
        <line num="28" count="19" type="stmt"/>
        <line num="29" count="19" type="cond" truecount="2" falsecount="0"/>
        <line num="30" count="11" type="cond" truecount="2" falsecount="0"/>
        <line num="31" count="9" type="cond" truecount="2" falsecount="0"/>
        <line num="32" count="3" type="cond" truecount="2" falsecount="0"/>
        <line num="33" count="2" type="cond" truecount="2" falsecount="0"/>
        <line num="34" count="1" type="cond" truecount="1" falsecount="0"/>
        <line num="36" count="19" type="stmt"/>
        <line num="39" count="21" type="stmt"/>
        <line num="41" count="21" type="cond" truecount="2" falsecount="0"/>
        <line num="42" count="10" type="cond" truecount="2" falsecount="0"/>
        <line num="43" count="5" type="cond" truecount="1" falsecount="1"/>
        <line num="44" count="0" type="cond" truecount="0" falsecount="2"/>
        <line num="45" count="0" type="stmt"/>
        <line num="47" count="21" type="stmt"/>
        <line num="50" count="3" type="stmt"/>
        <line num="55" count="17" type="stmt"/>
        <line num="57" count="17" type="cond" truecount="1" falsecount="1"/>
        <line num="58" count="17" type="cond" truecount="1" falsecount="1"/>
        <line num="59" count="17" type="cond" truecount="6" falsecount="0"/>
        <line num="60" count="7" type="cond" truecount="4" falsecount="1"/>
        <line num="62" count="17" type="stmt"/>
        <line num="65" count="3" type="stmt"/>
        <line num="70" count="57" type="stmt"/>
        <line num="71" count="57" type="stmt"/>
        <line num="73" count="57" type="cond" truecount="3" falsecount="0"/>
        <line num="74" count="40" type="stmt"/>
        <line num="77" count="17" type="cond" truecount="3" falsecount="0"/>
        <line num="78" count="17" type="stmt"/>
        <line num="82" count="0" type="stmt"/>
        <line num="85" count="3" type="stmt"/>
        <line num="86" count="23" type="stmt"/>
        <line num="87" count="23" type="stmt"/>
        <line num="90" count="3" type="stmt"/>
        <line num="95" count="0" type="stmt"/>
        <line num="97" count="0" type="stmt"/>
        <line num="98" count="0" type="cond" truecount="0" falsecount="2"/>
        <line num="100" count="0" type="stmt"/>
        <line num="103" count="0" type="stmt"/>
        <line num="106" count="3" type="stmt"/>
        <line num="111" count="0" type="stmt"/>
        <line num="113" count="0" type="stmt"/>
        <line num="121" count="3" type="cond" truecount="0" falsecount="1"/>
        <line num="122" count="0" type="stmt"/>
        <line num="125" count="3" type="stmt"/>
        <line num="128" count="3" type="stmt"/>
        <line num="129" count="0" type="stmt"/>
        <line num="133" count="3" type="cond" truecount="1" falsecount="0"/>
        <line num="134" count="3" type="stmt"/>
        <line num="138" count="0" type="cond" truecount="0" falsecount="1"/>
        <line num="142" count="0" type="cond" truecount="0" falsecount="2"/>
        <line num="143" count="0" type="stmt"/>
        <line num="144" count="0" type="stmt"/>
        <line num="145" count="0" type="cond" truecount="0" falsecount="2"/>
        <line num="146" count="0" type="stmt"/>
        <line num="148" count="0" type="stmt"/>
        <line num="155" count="0" type="cond" truecount="0" falsecount="1"/>
        <line num="156" count="0" type="stmt"/>
        <line num="159" count="0" type="stmt"/>
        <line num="160" count="0" type="stmt"/>
        <line num="162" count="0" type="stmt"/>
        <line num="171" count="0" type="stmt"/>
        <line num="174" count="3" type="stmt"/>
        <line num="179" count="3" type="stmt"/>
        <line num="180" count="3" type="stmt"/>
        <line num="181" count="3" type="stmt"/>
        <line num="183" count="3" type="cond" truecount="0" falsecount="1"/>
        <line num="184" count="0" type="stmt"/>
        <line num="185" count="0" type="stmt"/>
        <line num="188" count="3" type="cond" truecount="0" falsecount="1"/>
        <line num="189" count="0" type="stmt"/>
        <line num="192" count="3" type="stmt"/>
        <line num="198" count="3" type="stmt"/>
        <line num="199" count="3" type="stmt"/>
        <line num="200" count="3" type="stmt"/>
        <line num="204" count="3" type="cond" truecount="0" falsecount="1"/>
        <line num="205" count="0" type="stmt"/>
        <line num="211" count="3" type="stmt"/>
        <line num="212" count="0" type="stmt"/>
        <line num="213" count="0" type="stmt"/>
        <line num="214" count="0" type="stmt"/>
        <line num="222" count="3" type="stmt"/>
        <line num="224" count="3" type="stmt"/>
        <line num="226" count="0" type="stmt"/>
        <line num="228" count="0" type="stmt"/>
        <line num="231" count="3" type="stmt"/>
        <line num="236" count="6" type="cond" truecount="0" falsecount="1"/>
        <line num="237" count="0" type="stmt"/>
        <line num="238" count="6" type="stmt"/>
        <line num="239" count="6" type="stmt"/>
        <line num="241" count="6" type="stmt"/>
        <line num="244" count="3" type="stmt"/>
        <line num="249" count="2" type="stmt"/>
        <line num="250" count="2" type="stmt"/>
        <line num="251" count="0" type="stmt"/>
        <line num="252" count="0" type="stmt"/>
        <line num="255" count="2" type="stmt"/>
        <line num="256" count="0" type="stmt"/>
        <line num="257" count="0" type="stmt"/>
        <line num="260" count="2" type="stmt"/>
        <line num="263" count="3" type="stmt"/>
        <line num="268" count="0" type="stmt"/>
        <line num="269" count="0" type="stmt"/>
        <line num="271" count="0" type="cond" truecount="0" falsecount="3"/>
        <line num="273" count="0" type="stmt"/>
        <line num="274" count="0" type="cond" truecount="0" falsecount="2"/>
        <line num="275" count="0" type="stmt"/>
        <line num="277" count="0" type="cond" truecount="0" falsecount="1"/>
        <line num="278" count="0" type="stmt"/>
        <line num="283" count="0" type="stmt"/>
        <line num="284" count="0" type="cond" truecount="0" falsecount="1"/>
        <line num="285" count="0" type="stmt"/>
        <line num="286" count="0" type="stmt"/>
        <line num="287" count="0" type="cond" truecount="0" falsecount="1"/>
        <line num="289" count="0" type="stmt"/>
        <line num="292" count="0" type="stmt"/>
        <line num="296" count="0" type="stmt"/>
        <line num="299" count="0" type="stmt"/>
        <line num="302" count="0" type="stmt"/>
        <line num="305" count="3" type="stmt"/>
        <line num="306" count="0" type="stmt"/>
      </file>
      <file name="statements.ts" path="C:\Users\skmak\Desktop\_work_\lingo-interpreted-language\src\runtime\eval\statements.ts">
        <metrics statements="58" coveredstatements="33" conditionals="24" coveredconditionals="7" methods="11" coveredmethods="5"/>
        <line num="12" count="3" type="stmt"/>
        <line num="13" count="3" type="stmt"/>
        <line num="15" count="3" type="stmt"/>
        <line num="16" count="3" type="stmt"/>
        <line num="19" count="3" type="stmt"/>
        <line num="24" count="40" type="stmt"/>
        <line num="26" count="48" type="stmt"/>
        <line num="28" count="36" type="stmt"/>
        <line num="31" count="3" type="stmt"/>
        <line num="36" count="18" type="cond" truecount="1" falsecount="1"/>
        <line num="38" count="18" type="cond" truecount="1" falsecount="0"/>
        <line num="39" count="1" type="cond" truecount="2" falsecount="2"/>
        <line num="40" count="0" type="stmt"/>
        <line num="44" count="1" type="cond" truecount="1" falsecount="0"/>
        <line num="45" count="1" type="stmt"/>
        <line num="49" count="18" type="stmt"/>
        <line num="52" count="3" type="stmt"/>
        <line num="57" count="3" type="stmt"/>
        <line num="58" count="9" type="stmt"/>
        <line num="60" count="3" type="stmt"/>
        <line num="63" count="3" type="stmt"/>
        <line num="68" count="3" type="stmt"/>
        <line num="70" count="0" type="stmt"/>
        <line num="77" count="3" type="stmt"/>
        <line num="85" count="3" type="stmt"/>
        <line num="88" count="3" type="stmt"/>
        <line num="93" count="0" type="stmt"/>
        <line num="94" count="0" type="cond" truecount="0" falsecount="2"/>
        <line num="95" count="0" type="stmt"/>
        <line num="97" count="0" type="stmt"/>
        <line num="100" count="3" type="stmt"/>
        <line num="105" count="3" type="stmt"/>
        <line num="107" count="3" type="stmt"/>
        <line num="109" count="3" type="stmt"/>
        <line num="110" count="4" type="stmt"/>
        <line num="111" count="1" type="cond" truecount="2" falsecount="1"/>
        <line num="114" count="0" type="stmt"/>
        <line num="117" count="3" type="stmt"/>
        <line num="122" count="0" type="stmt"/>
        <line num="124" count="0" type="cond" truecount="0" falsecount="1"/>
        <line num="125" count="0" type="stmt"/>
        <line num="127" count="0" type="stmt"/>
        <line num="130" count="3" type="stmt"/>
        <line num="135" count="0" type="stmt"/>
        <line num="137" count="0" type="stmt"/>
        <line num="139" count="0" type="cond" truecount="0" falsecount="2"/>
        <line num="140" count="0" type="stmt"/>
        <line num="141" count="0" type="cond" truecount="0" falsecount="4"/>
        <line num="142" count="0" type="stmt"/>
        <line num="143" count="0" type="cond" truecount="0" falsecount="1"/>
        <line num="144" count="0" type="stmt"/>
        <line num="145" count="0" type="stmt"/>
        <line num="148" count="0" type="cond" truecount="0" falsecount="1"/>
        <line num="150" count="0" type="stmt"/>
        <line num="153" count="3" type="stmt"/>
        <line num="158" count="0" type="stmt"/>
        <line num="159" count="0" type="stmt"/>
        <line num="162" count="0" type="stmt"/>
      </file>
    </package>
  </project>
</coverage>
