<?xml version="1.0" encoding="UTF-8"?>
<coverage generated="1743640493176" clover="3.2.0">
  <project timestamp="1743640493176" name="All files">
    <metrics statements="1593" coveredstatements="1180" conditionals="655" coveredconditionals="370" methods="197" coveredmethods="163" elements="2445" coveredelements="1713" complexity="0" loc="1593" ncloc="1593" packages="6" files="16" classes="16"/>
    <package name="src">
      <metrics statements="24" coveredstatements="9" conditionals="3" coveredconditionals="0" methods="9" coveredmethods="0"/>
      <file name="contants.ts" path="C:\Users\skmak\Desktop\_work_\lingo-interpreted-language\src\contants.ts">
        <metrics statements="1" coveredstatements="1" conditionals="0" coveredconditionals="0" methods="0" coveredmethods="0"/>
        <line num="1" count="15" type="stmt"/>
      </file>
      <file name="helpers.ts" path="C:\Users\skmak\Desktop\_work_\lingo-interpreted-language\src\helpers.ts">
        <metrics statements="23" coveredstatements="8" conditionals="3" coveredconditionals="0" methods="9" coveredmethods="0"/>
        <line num="1" count="15" type="stmt"/>
        <line num="2" count="15" type="stmt"/>
        <line num="3" count="15" type="stmt"/>
        <line num="4" count="15" type="stmt"/>
        <line num="6" count="15" type="stmt"/>
        <line num="7" count="0" type="stmt"/>
        <line num="8" count="0" type="stmt"/>
        <line num="13" count="0" type="stmt"/>
        <line num="14" count="0" type="stmt"/>
        <line num="15" count="0" type="stmt"/>
        <line num="20" count="15" type="stmt"/>
        <line num="21" count="0" type="cond" truecount="0" falsecount="1"/>
        <line num="23" count="0" type="stmt"/>
        <line num="26" count="15" type="stmt"/>
        <line num="28" count="0" type="stmt"/>
        <line num="32" count="15" type="stmt"/>
        <line num="33" count="0" type="stmt"/>
        <line num="35" count="0" type="stmt"/>
        <line num="36" count="0" type="stmt"/>
        <line num="37" count="0" type="cond" truecount="0" falsecount="1"/>
        <line num="39" count="0" type="stmt"/>
        <line num="40" count="0" type="cond" truecount="0" falsecount="1"/>
        <line num="41" count="0" type="stmt"/>
      </file>
    </package>
    <package name="src.frontend">
      <metrics statements="531" coveredstatements="475" conditionals="179" coveredconditionals="135" methods="72" coveredmethods="68"/>
      <file name="parser.ts" path="C:\Users\skmak\Desktop\_work_\lingo-interpreted-language\src\frontend\parser.ts">
        <metrics statements="531" coveredstatements="475" conditionals="179" coveredconditionals="135" methods="72" coveredmethods="68"/>
        <line num="41" count="15" type="stmt"/>
        <line num="42" count="15" type="stmt"/>
        <line num="43" count="15" type="stmt"/>
        <line num="45" count="15" type="cond" truecount="2" falsecount="0"/>
        <line num="46" count="15" type="stmt"/>
        <line num="47" count="15" type="stmt"/>
        <line num="48" count="15" type="stmt"/>
        <line num="51" count="15" type="stmt"/>
        <line num="52" count="1077" type="stmt"/>
        <line num="58" count="15" type="stmt"/>
        <line num="59" count="6" type="stmt"/>
        <line num="70" count="6" type="stmt"/>
        <line num="74" count="154" type="cond" truecount="2" falsecount="0"/>
        <line num="78" count="68" type="cond" truecount="2" falsecount="0"/>
        <line num="81" count="15" type="stmt"/>
        <line num="82" count="147" type="stmt"/>
        <line num="83" count="147" type="stmt"/>
        <line num="84" count="147" type="stmt"/>
        <line num="86" count="147" type="cond" truecount="1" falsecount="0"/>
        <line num="87" count="147" type="stmt"/>
        <line num="91" count="147" type="stmt"/>
        <line num="94" count="525" type="stmt"/>
        <line num="98" count="6999" type="stmt"/>
        <line num="102" count="2248" type="stmt"/>
        <line num="106" count="910" type="stmt"/>
        <line num="107" count="910" type="cond" truecount="2" falsecount="1"/>
        <line num="108" count="0" type="stmt"/>
        <line num="110" count="910" type="stmt"/>
        <line num="114" count="149" type="stmt"/>
        <line num="115" count="149" type="cond" truecount="2" falsecount="1"/>
        <line num="116" count="0" type="stmt"/>
        <line num="118" count="149" type="stmt"/>
        <line num="122" count="13" type="stmt"/>
        <line num="123" count="13" type="cond" truecount="0" falsecount="1"/>
        <line num="124" count="0" type="stmt"/>
        <line num="129" count="13" type="stmt"/>
        <line num="130" count="13" type="cond" truecount="0" falsecount="1"/>
        <line num="131" count="0" type="stmt"/>
        <line num="137" count="268" type="cond" truecount="12" falsecount="1"/>
        <line num="141" count="64" type="stmt"/>
        <line num="143" count="20" type="stmt"/>
        <line num="145" count="6" type="stmt"/>
        <line num="147" count="12" type="stmt"/>
        <line num="149" count="0" type="stmt"/>
        <line num="151" count="22" type="stmt"/>
        <line num="153" count="7" type="stmt"/>
        <line num="155" count="1" type="stmt"/>
        <line num="157" count="40" type="stmt"/>
        <line num="159" count="3" type="stmt"/>
        <line num="161" count="93" type="stmt"/>
        <line num="166" count="40" type="stmt"/>
        <line num="167" count="40" type="cond" truecount="0" falsecount="1"/>
        <line num="168" count="0" type="stmt"/>
        <line num="170" count="40" type="stmt"/>
        <line num="171" count="40" type="stmt"/>
        <line num="172" count="40" type="stmt"/>
        <line num="173" count="40" type="stmt"/>
        <line num="178" count="40" type="stmt"/>
        <line num="181" count="40" type="cond" truecount="1" falsecount="0"/>
        <line num="182" count="23" type="stmt"/>
        <line num="186" count="17" type="stmt"/>
        <line num="198" count="141" type="cond" truecount="1" falsecount="0"/>
        <line num="199" count="79" type="stmt"/>
        <line num="200" count="79" type="stmt"/>
        <line num="203" count="62" type="stmt"/>
        <line num="207" count="215" type="stmt"/>
        <line num="208" count="215" type="cond" truecount="1" falsecount="0"/>
        <line num="209" count="34" type="stmt"/>
        <line num="212" count="181" type="cond" truecount="1" falsecount="0"/>
        <line num="213" count="5" type="stmt"/>
        <line num="217" count="176" type="stmt"/>
        <line num="220" count="176" type="stmt"/>
        <line num="221" count="9" type="stmt"/>
        <line num="222" count="9" type="stmt"/>
        <line num="225" count="9" type="cond" truecount="1" falsecount="1"/>
        <line num="226" count="0" type="stmt"/>
        <line num="229" count="9" type="stmt"/>
        <line num="236" count="176" type="stmt"/>
        <line num="240" count="34" type="stmt"/>
        <line num="241" count="34" type="stmt"/>
        <line num="243" count="34" type="stmt"/>
        <line num="245" count="34" type="cond" truecount="2" falsecount="0"/>
        <line num="246" count="57" type="stmt"/>
        <line num="247" count="57" type="stmt"/>
        <line num="248" count="57" type="stmt"/>
        <line num="250" count="57" type="cond" truecount="0" falsecount="1"/>
        <line num="251" count="0" type="stmt"/>
        <line num="254" count="57" type="stmt"/>
        <line num="255" count="57" type="cond" truecount="1" falsecount="0"/>
        <line num="256" count="3" type="stmt"/>
        <line num="257" count="3" type="stmt"/>
        <line num="260" count="57" type="stmt"/>
        <line num="263" count="34" type="stmt"/>
        <line num="265" count="34" type="stmt"/>
        <line num="269" count="8" type="stmt"/>
        <line num="271" count="8" type="stmt"/>
        <line num="272" count="24" type="cond" truecount="2" falsecount="1"/>
        <line num="274" count="8" type="stmt"/>
        <line num="275" count="8" type="stmt"/>
        <line num="277" count="16" type="stmt"/>
        <line num="278" count="16" type="stmt"/>
        <line num="280" count="0" type="stmt"/>
        <line num="284" count="8" type="stmt"/>
        <line num="288" count="5" type="stmt"/>
        <line num="289" count="5" type="stmt"/>
        <line num="290" count="5" type="stmt"/>
        <line num="294" count="8" type="stmt"/>
        <line num="295" count="8" type="stmt"/>
        <line num="297" count="8" type="stmt"/>
        <line num="298" count="8" type="cond" truecount="0" falsecount="1"/>
        <line num="299" count="0" type="stmt"/>
        <line num="302" count="8" type="stmt"/>
        <line num="304" count="8" type="cond" truecount="0" falsecount="1"/>
        <line num="305" count="0" type="stmt"/>
        <line num="308" count="8" type="stmt"/>
        <line num="310" count="8" type="cond" truecount="0" falsecount="1"/>
        <line num="311" count="0" type="stmt"/>
        <line num="314" count="8" type="stmt"/>
        <line num="315" count="8" type="cond" truecount="1" falsecount="0"/>
        <line num="316" count="3" type="stmt"/>
        <line num="319" count="8" type="stmt"/>
        <line num="330" count="16" type="stmt"/>
        <line num="331" count="16" type="stmt"/>
        <line num="333" count="16" type="stmt"/>
        <line num="334" count="16" type="cond" truecount="1" falsecount="0"/>
        <line num="335" count="6" type="stmt"/>
        <line num="338" count="16" type="cond" truecount="0" falsecount="1"/>
        <line num="339" count="0" type="stmt"/>
        <line num="342" count="16" type="stmt"/>
        <line num="344" count="16" type="cond" truecount="0" falsecount="1"/>
        <line num="345" count="0" type="stmt"/>
        <line num="348" count="16" type="stmt"/>
        <line num="349" count="16" type="cond" truecount="1" falsecount="0"/>
        <line num="350" count="6" type="stmt"/>
        <line num="353" count="16" type="stmt"/>
        <line num="363" count="3" type="stmt"/>
        <line num="365" count="3" type="stmt"/>
        <line num="366" count="3" type="stmt"/>
        <line num="367" count="3" type="stmt"/>
        <line num="370" count="3" type="cond" truecount="1" falsecount="0"/>
        <line num="371" count="3" type="stmt"/>
        <line num="374" count="3" type="cond" truecount="1" falsecount="0"/>
        <line num="375" count="1" type="stmt"/>
        <line num="379" count="3" type="stmt"/>
        <line num="380" count="3" type="stmt"/>
        <line num="382" count="3" type="stmt"/>
        <line num="384" count="3" type="stmt"/>
        <line num="386" count="3" type="stmt"/>
        <line num="388" count="3" type="stmt"/>
        <line num="399" count="185" type="stmt"/>
        <line num="402" count="185" type="stmt"/>
        <line num="403" count="0" type="stmt"/>
        <line num="404" count="0" type="stmt"/>
        <line num="407" count="0" type="stmt"/>
        <line num="413" count="185" type="stmt"/>
        <line num="418" count="185" type="cond" truecount="1" falsecount="0"/>
        <line num="419" count="36" type="stmt"/>
        <line num="422" count="36" type="cond" truecount="0" falsecount="1"/>
        <line num="423" count="0" type="cond" truecount="0" falsecount="1"/>
        <line num="427" count="36" type="stmt"/>
        <line num="438" count="149" type="stmt"/>
        <line num="450" count="149" type="stmt"/>
        <line num="457" count="23" type="stmt"/>
        <line num="459" count="23" type="stmt"/>
        <line num="462" count="23" type="cond" truecount="2" falsecount="0"/>
        <line num="464" count="32" type="stmt"/>
        <line num="466" count="32" type="stmt"/>
        <line num="469" count="32" type="cond" truecount="1" falsecount="0"/>
        <line num="470" count="19" type="stmt"/>
        <line num="471" count="19" type="stmt"/>
        <line num="475" count="32" type="stmt"/>
        <line num="481" count="32" type="cond" truecount="2" falsecount="0"/>
        <line num="482" count="9" type="stmt"/>
        <line num="484" count="23" type="stmt"/>
        <line num="488" count="23" type="stmt"/>
        <line num="490" count="23" type="cond" truecount="0" falsecount="1"/>
        <line num="491" count="0" type="stmt"/>
        <line num="494" count="23" type="stmt"/>
        <line num="502" count="70" type="stmt"/>
        <line num="504" count="70" type="cond" truecount="2" falsecount="0"/>
        <line num="505" count="8" type="stmt"/>
        <line num="507" count="62" type="stmt"/>
        <line num="510" count="70" type="stmt"/>
        <line num="512" count="96" type="stmt"/>
        <line num="514" count="70" type="cond" truecount="2" falsecount="0"/>
        <line num="515" count="8" type="stmt"/>
        <line num="517" count="62" type="stmt"/>
        <line num="522" count="62" type="stmt"/>
        <line num="524" count="62" type="stmt"/>
        <line num="525" count="72" type="stmt"/>
        <line num="528" count="62" type="stmt"/>
        <line num="532" count="44" type="stmt"/>
        <line num="533" count="44" type="cond" truecount="1" falsecount="0"/>
        <line num="534" count="35" type="stmt"/>
        <line num="537" count="44" type="stmt"/>
        <line num="538" count="2" type="stmt"/>
        <line num="539" count="2" type="cond" truecount="1" falsecount="1"/>
        <line num="540" count="2" type="cond" truecount="1" falsecount="0"/>
        <line num="542" count="2" type="stmt"/>
        <line num="545" count="44" type="stmt"/>
        <line num="549" count="20" type="stmt"/>
        <line num="550" count="20" type="stmt"/>
        <line num="552" count="20" type="stmt"/>
        <line num="553" count="20" type="cond" truecount="0" falsecount="1"/>
        <line num="554" count="0" type="stmt"/>
        <line num="557" count="20" type="stmt"/>
        <line num="559" count="20" type="stmt"/>
        <line num="561" count="20" type="stmt"/>
        <line num="563" count="20" type="stmt"/>
        <line num="574" count="12" type="stmt"/>
        <line num="576" count="12" type="stmt"/>
        <line num="578" count="12" type="stmt"/>
        <line num="579" count="1" type="stmt"/>
        <line num="580" count="1" type="cond" truecount="1" falsecount="0"/>
        <line num="581" count="1" type="stmt"/>
        <line num="584" count="12" type="stmt"/>
        <line num="589" count="7" type="stmt"/>
        <line num="590" count="7" type="cond" truecount="1" falsecount="0"/>
        <line num="592" count="7" type="stmt"/>
        <line num="594" count="7" type="cond" truecount="1" falsecount="0"/>
        <line num="596" count="7" type="stmt"/>
        <line num="600" count="6" type="stmt"/>
        <line num="602" count="6" type="stmt"/>
        <line num="604" count="6" type="stmt"/>
        <line num="606" count="6" type="stmt"/>
        <line num="609" count="6" type="cond" truecount="2" falsecount="0"/>
        <line num="610" count="1" type="stmt"/>
        <line num="611" count="1" type="stmt"/>
        <line num="613" count="1" type="stmt"/>
        <line num="619" count="1" type="stmt"/>
        <line num="622" count="6" type="stmt"/>
        <line num="625" count="6" type="cond" truecount="1" falsecount="0"/>
        <line num="626" count="1" type="stmt"/>
        <line num="627" count="1" type="stmt"/>
        <line num="630" count="6" type="stmt"/>
        <line num="638" count="6" type="stmt"/>
        <line num="642" count="25" type="stmt"/>
        <line num="643" count="25" type="stmt"/>
        <line num="645" count="25" type="cond" truecount="1" falsecount="0"/>
        <line num="646" count="6" type="stmt"/>
        <line num="648" count="6" type="stmt"/>
        <line num="650" count="6" type="stmt"/>
        <line num="651" count="6" type="stmt"/>
        <line num="653" count="19" type="stmt"/>
        <line num="657" count="25" type="cond" truecount="1" falsecount="0"/>
        <line num="658" count="25" type="stmt"/>
        <line num="673" count="25" type="stmt"/>
        <line num="676" count="25" type="cond" truecount="3" falsecount="0"/>
        <line num="677" count="7" type="stmt"/>
        <line num="678" count="7" type="stmt"/>
        <line num="680" count="7" type="stmt"/>
        <line num="682" count="7" type="stmt"/>
        <line num="691" count="18" type="stmt"/>
        <line num="692" count="18" type="cond" truecount="0" falsecount="1"/>
        <line num="695" count="18" type="cond" truecount="1" falsecount="0"/>
        <line num="700" count="14" type="stmt"/>
        <line num="704" count="4" type="cond" truecount="1" falsecount="0"/>
        <line num="705" count="2" type="stmt"/>
        <line num="707" count="2" type="stmt"/>
        <line num="709" count="2" type="stmt"/>
        <line num="711" count="2" type="stmt"/>
        <line num="713" count="2" type="stmt"/>
        <line num="715" count="2" type="cond" truecount="0" falsecount="1"/>
        <line num="716" count="0" type="stmt"/>
        <line num="719" count="2" type="stmt"/>
        <line num="721" count="2" type="stmt"/>
        <line num="723" count="2" type="stmt"/>
        <line num="725" count="2" type="stmt"/>
        <line num="737" count="2" type="stmt"/>
        <line num="739" count="2" type="cond" truecount="0" falsecount="1"/>
        <line num="740" count="0" type="stmt"/>
        <line num="743" count="2" type="stmt"/>
        <line num="745" count="2" type="stmt"/>
        <line num="747" count="2" type="stmt"/>
        <line num="749" count="2" type="stmt"/>
        <line num="759" count="14" type="stmt"/>
        <line num="761" count="14" type="stmt"/>
        <line num="763" count="14" type="stmt"/>
        <line num="765" count="14" type="stmt"/>
        <line num="767" count="14" type="stmt"/>
        <line num="769" count="14" type="cond" truecount="1" falsecount="0"/>
        <line num="770" count="7" type="stmt"/>
        <line num="773" count="7" type="stmt"/>
        <line num="776" count="7" type="cond" truecount="0" falsecount="1"/>
        <line num="777" count="0" type="stmt"/>
        <line num="780" count="7" type="stmt"/>
        <line num="782" count="7" type="stmt"/>
        <line num="784" count="7" type="stmt"/>
        <line num="785" count="7" type="stmt"/>
        <line num="800" count="7" type="stmt"/>
        <line num="802" count="7" type="stmt"/>
        <line num="806" count="7" type="stmt"/>
        <line num="807" count="7" type="cond" truecount="3" falsecount="0"/>
        <line num="808" count="7" type="stmt"/>
        <line num="810" count="7" type="stmt"/>
        <line num="812" count="7" type="cond" truecount="1" falsecount="0"/>
        <line num="813" count="1" type="stmt"/>
        <line num="814" count="1" type="stmt"/>
        <line num="818" count="7" type="stmt"/>
        <line num="820" count="7" type="stmt"/>
        <line num="822" count="7" type="stmt"/>
        <line num="824" count="7" type="stmt"/>
        <line num="839" count="7" type="stmt"/>
        <line num="841" count="7" type="cond" truecount="1" falsecount="0"/>
        <line num="842" count="1" type="stmt"/>
        <line num="845" count="6" type="stmt"/>
        <line num="850" count="6" type="cond" truecount="1" falsecount="0"/>
        <line num="851" count="1" type="stmt"/>
        <line num="852" count="1" type="stmt"/>
        <line num="854" count="1" type="cond" truecount="0" falsecount="1"/>
        <line num="855" count="0" type="stmt"/>
        <line num="858" count="1" type="cond" truecount="1" falsecount="1"/>
        <line num="859" count="1" type="stmt"/>
        <line num="863" count="6" type="cond" truecount="1" falsecount="0"/>
        <line num="864" count="1" type="stmt"/>
        <line num="867" count="6" type="stmt"/>
        <line num="876" count="1" type="stmt"/>
        <line num="878" count="1" type="cond" truecount="0" falsecount="1"/>
        <line num="879" count="0" type="stmt"/>
        <line num="882" count="1" type="stmt"/>
        <line num="884" count="1" type="cond" truecount="0" falsecount="1"/>
        <line num="885" count="0" type="stmt"/>
        <line num="887" count="0" type="cond" truecount="0" falsecount="1"/>
        <line num="888" count="0" type="stmt"/>
        <line num="891" count="0" type="cond" truecount="0" falsecount="2"/>
        <line num="893" count="0" type="stmt"/>
        <line num="896" count="1" type="stmt"/>
        <line num="900" count="0" type="stmt"/>
        <line num="902" count="0" type="stmt"/>
        <line num="910" count="8" type="cond" truecount="2" falsecount="0"/>
        <line num="911" count="2" type="stmt"/>
        <line num="912" count="6" type="cond" truecount="1" falsecount="0"/>
        <line num="913" count="2" type="stmt"/>
        <line num="929" count="66" type="stmt"/>
        <line num="931" count="66" type="stmt"/>
        <line num="932" count="66" type="stmt"/>
        <line num="934" count="66" type="cond" truecount="4" falsecount="0"/>
        <line num="936" count="66" type="stmt"/>
        <line num="941" count="66" type="stmt"/>
        <line num="948" count="66" type="cond" truecount="1" falsecount="0"/>
        <line num="949" count="4" type="stmt"/>
        <line num="952" count="4" type="stmt"/>
        <line num="960" count="4" type="stmt"/>
        <line num="961" count="4" type="stmt"/>
        <line num="963" count="4" type="stmt"/>
        <line num="965" count="4" type="stmt"/>
        <line num="967" count="4" type="stmt"/>
        <line num="976" count="4" type="cond" truecount="2" falsecount="0"/>
        <line num="977" count="2" type="stmt"/>
        <line num="980" count="2" type="stmt"/>
        <line num="981" count="2" type="stmt"/>
        <line num="982" count="4" type="stmt"/>
        <line num="986" count="2" type="stmt"/>
        <line num="989" count="4" type="stmt"/>
        <line num="995" count="62" type="stmt"/>
        <line num="1003" count="62" type="cond" truecount="1" falsecount="0"/>
        <line num="1004" count="56" type="stmt"/>
        <line num="1005" count="56" type="stmt"/>
        <line num="1015" count="62" type="cond" truecount="1" falsecount="0"/>
        <line num="1016" count="5" type="stmt"/>
        <line num="1017" count="8" type="stmt"/>
        <line num="1019" count="8" type="stmt"/>
        <line num="1021" count="8" type="stmt"/>
        <line num="1023" count="8" type="stmt"/>
        <line num="1030" count="8" type="stmt"/>
        <line num="1035" count="8" type="stmt"/>
        <line num="1037" count="8" type="stmt"/>
        <line num="1040" count="5" type="stmt"/>
        <line num="1046" count="57" type="cond" truecount="1" falsecount="0"/>
        <line num="1049" count="6" type="cond" truecount="1" falsecount="0"/>
        <line num="1050" count="6" type="stmt"/>
        <line num="1054" count="2" type="stmt"/>
        <line num="1064" count="268" type="stmt"/>
        <line num="1068" count="309" type="stmt"/>
        <line num="1070" count="309" type="cond" truecount="1" falsecount="0"/>
        <line num="1071" count="35" type="stmt"/>
        <line num="1072" count="35" type="stmt"/>
        <line num="1073" count="35" type="stmt"/>
        <line num="1076" count="274" type="stmt"/>
        <line num="1080" count="1" type="stmt"/>
        <line num="1082" count="1" type="stmt"/>
        <line num="1084" count="1" type="cond" truecount="2" falsecount="0"/>
        <line num="1085" count="5" type="stmt"/>
        <line num="1086" count="5" type="cond" truecount="1" falsecount="0"/>
        <line num="1087" count="5" type="stmt"/>
        <line num="1090" count="1" type="stmt"/>
        <line num="1092" count="1" type="stmt"/>
        <line num="1096" count="13" type="stmt"/>
        <line num="1098" count="13" type="stmt"/>
        <line num="1101" count="13" type="stmt"/>
        <line num="1104" count="13" type="stmt"/>
        <line num="1105" count="5" type="stmt"/>
        <line num="1106" count="5" type="stmt"/>
        <line num="1109" count="13" type="stmt"/>
        <line num="1111" count="13" type="stmt"/>
        <line num="1115" count="22" type="stmt"/>
        <line num="1117" count="22" type="stmt"/>
        <line num="1119" count="22" type="cond" truecount="1" falsecount="0"/>
        <line num="1120" count="12" type="stmt"/>
        <line num="1123" count="22" type="stmt"/>
        <line num="1124" count="22" type="stmt"/>
        <line num="1126" count="22" type="cond" truecount="2" falsecount="0"/>
        <line num="1127" count="36" type="stmt"/>
        <line num="1130" count="36" type="cond" truecount="1" falsecount="1"/>
        <line num="1131" count="0" type="stmt"/>
        <line num="1132" count="0" type="stmt"/>
        <line num="1133" count="0" type="stmt"/>
        <line num="1136" count="36" type="cond" truecount="0" falsecount="1"/>
        <line num="1137" count="0" type="stmt"/>
        <line num="1138" count="0" type="stmt"/>
        <line num="1142" count="36" type="stmt"/>
        <line num="1143" count="36" type="stmt"/>
        <line num="1145" count="36" type="stmt"/>
        <line num="1147" count="36" type="cond" truecount="1" falsecount="0"/>
        <line num="1148" count="14" type="stmt"/>
        <line num="1152" count="22" type="stmt"/>
        <line num="1153" count="22" type="stmt"/>
        <line num="1157" count="309" type="cond" truecount="2" falsecount="0"/>
        <line num="1158" count="1" type="stmt"/>
        <line num="1159" count="308" type="cond" truecount="1" falsecount="0"/>
        <line num="1163" count="22" type="stmt"/>
        <line num="1166" count="286" type="stmt"/>
        <line num="1170" count="286" type="stmt"/>
        <line num="1172" count="286" type="stmt"/>
        <line num="1173" count="17" type="stmt"/>
        <line num="1174" count="17" type="stmt"/>
        <line num="1175" count="17" type="stmt"/>
        <line num="1183" count="286" type="stmt"/>
        <line num="1187" count="303" type="stmt"/>
        <line num="1189" count="303" type="stmt"/>
        <line num="1193" count="30" type="stmt"/>
        <line num="1194" count="30" type="stmt"/>
        <line num="1195" count="30" type="stmt"/>
        <line num="1203" count="303" type="stmt"/>
        <line num="1208" count="333" type="stmt"/>
        <line num="1210" count="333" type="stmt"/>
        <line num="1211" count="43" type="stmt"/>
        <line num="1212" count="43" type="stmt"/>
        <line num="1213" count="43" type="stmt"/>
        <line num="1221" count="333" type="stmt"/>
        <line num="1226" count="376" type="stmt"/>
        <line num="1228" count="376" type="stmt"/>
        <line num="1229" count="13" type="stmt"/>
        <line num="1230" count="13" type="stmt"/>
        <line num="1231" count="13" type="stmt"/>
        <line num="1239" count="376" type="stmt"/>
        <line num="1243" count="389" type="stmt"/>
        <line num="1245" count="389" type="cond" truecount="1" falsecount="0"/>
        <line num="1247" count="380" type="stmt"/>
        <line num="1251" count="9" type="stmt"/>
        <line num="1258" count="9" type="cond" truecount="0" falsecount="1"/>
        <line num="1260" count="9" type="stmt"/>
        <line num="1264" count="9" type="stmt"/>
        <line num="1265" count="9" type="cond" truecount="2" falsecount="0"/>
        <line num="1267" count="9" type="stmt"/>
        <line num="1269" count="9" type="stmt"/>
        <line num="1275" count="5" type="stmt"/>
        <line num="1277" count="5" type="cond" truecount="2" falsecount="0"/>
        <line num="1279" count="5" type="stmt"/>
        <line num="1283" count="34" type="stmt"/>
        <line num="1284" count="34" type="cond" truecount="2" falsecount="0"/>
        <line num="1286" count="34" type="stmt"/>
        <line num="1288" count="34" type="stmt"/>
        <line num="1293" count="22" type="stmt"/>
        <line num="1295" count="22" type="cond" truecount="2" falsecount="0"/>
        <line num="1297" count="22" type="stmt"/>
        <line num="1302" count="37" type="cond" truecount="2" falsecount="0"/>
        <line num="1303" count="9" type="stmt"/>
        <line num="1305" count="28" type="stmt"/>
        <line num="1309" count="37" type="cond" truecount="2" falsecount="0"/>
        <line num="1312" count="37" type="cond" truecount="0" falsecount="1"/>
        <line num="1313" count="0" type="cond" truecount="0" falsecount="1"/>
        <line num="1315" count="0" type="stmt"/>
        <line num="1317" count="0" type="stmt"/>
        <line num="1319" count="0" type="stmt"/>
        <line num="1327" count="37" type="stmt"/>
        <line num="1331" count="389" type="stmt"/>
        <line num="1333" count="389" type="cond" truecount="2" falsecount="0"/>
        <line num="1334" count="13" type="stmt"/>
        <line num="1339" count="13" type="cond" truecount="1" falsecount="1"/>
        <line num="1340" count="13" type="stmt"/>
        <line num="1341" count="13" type="stmt"/>
        <line num="1343" count="13" type="cond" truecount="0" falsecount="1"/>
        <line num="1344" count="0" type="stmt"/>
        <line num="1347" count="0" type="stmt"/>
        <line num="1348" count="0" type="stmt"/>
        <line num="1349" count="0" type="stmt"/>
        <line num="1352" count="13" type="stmt"/>
        <line num="1360" count="389" type="stmt"/>
        <line num="1364" count="35" type="stmt"/>
        <line num="1365" count="35" type="stmt"/>
        <line num="1366" count="35" type="stmt"/>
        <line num="1368" count="35" type="stmt"/>
        <line num="1371" count="35" type="cond" truecount="0" falsecount="1"/>
        <line num="1372" count="0" type="stmt"/>
        <line num="1373" count="0" type="cond" truecount="0" falsecount="2"/>
        <line num="1375" count="0" type="cond" truecount="0" falsecount="1"/>
        <line num="1376" count="0" type="stmt"/>
        <line num="1377" count="0" type="stmt"/>
        <line num="1380" count="0" type="stmt"/>
        <line num="1383" count="0" type="stmt"/>
        <line num="1384" count="0" type="stmt"/>
        <line num="1385" count="0" type="stmt"/>
        <line num="1391" count="35" type="stmt"/>
        <line num="1392" count="35" type="cond" truecount="2" falsecount="0"/>
        <line num="1394" count="35" type="stmt"/>
        <line num="1396" count="35" type="stmt"/>
        <line num="1405" count="19" type="stmt"/>
        <line num="1406" count="19" type="stmt"/>
        <line num="1407" count="19" type="stmt"/>
        <line num="1411" count="19" type="stmt"/>
        <line num="1416" count="402" type="stmt"/>
        <line num="1418" count="402" type="cond" truecount="6" falsecount="2"/>
        <line num="1420" count="135" type="stmt"/>
        <line num="1422" count="12" type="stmt"/>
        <line num="1424" count="198" type="stmt"/>
        <line num="1425" count="198" type="stmt"/>
        <line num="1426" count="198" type="stmt"/>
        <line num="1429" count="3" type="stmt"/>
        <line num="1431" count="0" type="stmt"/>
        <line num="1433" count="35" type="stmt"/>
        <line num="1435" count="19" type="stmt"/>
        <line num="1437" count="0" type="stmt"/>
        <line num="1443" count="147" type="cond" truecount="1" falsecount="0"/>
        <line num="1444" count="147" type="stmt"/>
        <line num="1449" count="147" type="cond" truecount="0" falsecount="1"/>
        <line num="1451" count="196" type="stmt"/>
        <line num="1453" count="142" type="stmt"/>
        <line num="1457" count="15" type="stmt"/>
        <line num="1458" count="147" type="stmt"/>
        <line num="1459" count="147" type="stmt"/>
      </file>
    </package>
    <package name="src.frontend.lexer">
      <metrics statements="185" coveredstatements="182" conditionals="45" coveredconditionals="40" methods="23" coveredmethods="23"/>
      <file name="specs.ts" path="C:\Users\skmak\Desktop\_work_\lingo-interpreted-language\src\frontend\lexer\specs.ts">
        <metrics statements="67" coveredstatements="67" conditionals="2" coveredconditionals="2" methods="1" coveredmethods="1"/>
        <line num="1" count="22" type="cond" truecount="2" falsecount="0"/>
        <line num="2" count="22" type="stmt"/>
        <line num="3" count="22" type="stmt"/>
        <line num="4" count="22" type="stmt"/>
        <line num="5" count="22" type="stmt"/>
        <line num="6" count="22" type="stmt"/>
        <line num="7" count="22" type="stmt"/>
        <line num="8" count="22" type="stmt"/>
        <line num="9" count="22" type="stmt"/>
        <line num="10" count="22" type="stmt"/>
        <line num="11" count="22" type="stmt"/>
        <line num="12" count="22" type="stmt"/>
        <line num="13" count="22" type="stmt"/>
        <line num="14" count="22" type="stmt"/>
        <line num="16" count="22" type="stmt"/>
        <line num="17" count="22" type="stmt"/>
        <line num="18" count="22" type="stmt"/>
        <line num="19" count="22" type="stmt"/>
        <line num="20" count="22" type="stmt"/>
        <line num="21" count="22" type="stmt"/>
        <line num="22" count="22" type="stmt"/>
        <line num="23" count="22" type="stmt"/>
        <line num="24" count="22" type="stmt"/>
        <line num="25" count="22" type="stmt"/>
        <line num="26" count="22" type="stmt"/>
        <line num="27" count="22" type="stmt"/>
        <line num="28" count="22" type="stmt"/>
        <line num="29" count="22" type="stmt"/>
        <line num="30" count="22" type="stmt"/>
        <line num="31" count="22" type="stmt"/>
        <line num="32" count="22" type="stmt"/>
        <line num="33" count="22" type="stmt"/>
        <line num="34" count="22" type="stmt"/>
        <line num="35" count="22" type="stmt"/>
        <line num="36" count="22" type="stmt"/>
        <line num="37" count="22" type="stmt"/>
        <line num="38" count="22" type="stmt"/>
        <line num="39" count="22" type="stmt"/>
        <line num="43" count="22" type="stmt"/>
        <line num="44" count="22" type="stmt"/>
        <line num="45" count="22" type="stmt"/>
        <line num="46" count="22" type="stmt"/>
        <line num="47" count="22" type="stmt"/>
        <line num="48" count="22" type="stmt"/>
        <line num="49" count="22" type="stmt"/>
        <line num="50" count="22" type="stmt"/>
        <line num="51" count="22" type="stmt"/>
        <line num="52" count="22" type="stmt"/>
        <line num="53" count="22" type="stmt"/>
        <line num="54" count="22" type="stmt"/>
        <line num="55" count="22" type="stmt"/>
        <line num="56" count="22" type="stmt"/>
        <line num="57" count="22" type="stmt"/>
        <line num="58" count="22" type="stmt"/>
        <line num="59" count="22" type="stmt"/>
        <line num="60" count="22" type="stmt"/>
        <line num="61" count="22" type="stmt"/>
        <line num="62" count="22" type="stmt"/>
        <line num="63" count="22" type="stmt"/>
        <line num="66" count="22" type="stmt"/>
        <line num="67" count="22" type="stmt"/>
        <line num="68" count="22" type="stmt"/>
        <line num="69" count="22" type="stmt"/>
        <line num="70" count="22" type="stmt"/>
        <line num="71" count="22" type="stmt"/>
        <line num="72" count="22" type="stmt"/>
        <line num="80" count="22" type="stmt"/>
      </file>
      <file name="tokenizer.ts" path="C:\Users\skmak\Desktop\_work_\lingo-interpreted-language\src\frontend\lexer\tokenizer.ts">
        <metrics statements="118" coveredstatements="115" conditionals="43" coveredconditionals="38" methods="22" coveredmethods="22"/>
        <line num="2" count="22" type="stmt"/>
        <line num="15" count="22" type="stmt"/>
        <line num="17" count="199" type="stmt"/>
        <line num="19" count="199" type="stmt"/>
        <line num="20" count="199" type="stmt"/>
        <line num="21" count="199" type="stmt"/>
        <line num="23" count="199" type="stmt"/>
        <line num="24" count="199" type="stmt"/>
        <line num="27" count="199" type="stmt"/>
        <line num="28" count="199" type="stmt"/>
        <line num="32" count="209" type="stmt"/>
        <line num="33" count="209" type="stmt"/>
        <line num="34" count="209" type="stmt"/>
        <line num="35" count="209" type="stmt"/>
        <line num="36" count="209" type="stmt"/>
        <line num="38" count="4446" type="cond" truecount="2" falsecount="0"/>
        <line num="40" count="209" type="stmt"/>
        <line num="46" count="209" type="stmt"/>
        <line num="50" count="4655" type="cond" truecount="0" falsecount="1"/>
        <line num="52" count="4655" type="stmt"/>
        <line num="56" count="4446" type="cond" truecount="2" falsecount="1"/>
        <line num="58" count="4446" type="stmt"/>
        <line num="62" count="4446" type="stmt"/>
        <line num="63" count="4446" type="stmt"/>
        <line num="65" count="4446" type="stmt"/>
        <line num="66" count="211799" type="stmt"/>
        <line num="69" count="211799" type="cond" truecount="1" falsecount="0"/>
        <line num="73" count="4446" type="stmt"/>
        <line num="75" count="4446" type="stmt"/>
        <line num="78" count="4446" type="stmt"/>
        <line num="84" count="4446" type="stmt"/>
        <line num="90" count="4446" type="cond" truecount="1" falsecount="0"/>
        <line num="91" count="348" type="stmt"/>
        <line num="92" count="348" type="stmt"/>
        <line num="96" count="4446" type="cond" truecount="1" falsecount="0"/>
        <line num="99" count="38" type="stmt"/>
        <line num="101" count="38" type="stmt"/>
        <line num="104" count="4446" type="stmt"/>
        <line num="114" count="0" type="stmt"/>
        <line num="120" count="211799" type="stmt"/>
        <line num="122" count="211799" type="cond" truecount="1" falsecount="0"/>
        <line num="124" count="4446" type="stmt"/>
        <line num="127" count="4446" type="stmt"/>
        <line num="131" count="4655" type="stmt"/>
        <line num="135" count="22" type="stmt"/>
        <line num="136" count="153" type="stmt"/>
        <line num="139" count="152" type="stmt"/>
        <line num="143" count="153" type="stmt"/>
        <line num="144" count="153" type="stmt"/>
        <line num="145" count="153" type="stmt"/>
        <line num="147" count="153" type="stmt"/>
        <line num="149" count="4472" type="cond" truecount="1" falsecount="0"/>
        <line num="150" count="174" type="stmt"/>
        <line num="151" count="174" type="stmt"/>
        <line num="152" count="174" type="stmt"/>
        <line num="156" count="4298" type="cond" truecount="4" falsecount="0"/>
        <line num="157" count="157" type="stmt"/>
        <line num="161" count="4298" type="cond" truecount="1" falsecount="0"/>
        <line num="162" count="344" type="stmt"/>
        <line num="163" count="344" type="stmt"/>
        <line num="164" count="344" type="stmt"/>
        <line num="168" count="3954" type="cond" truecount="3" falsecount="0"/>
        <line num="169" count="285" type="stmt"/>
        <line num="170" count="285" type="stmt"/>
        <line num="173" count="285" type="cond" truecount="2" falsecount="0"/>
        <line num="174" count="270" type="cond" truecount="1" falsecount="0"/>
        <line num="175" count="17" type="stmt"/>
        <line num="176" count="17" type="stmt"/>
        <line num="180" count="15" type="cond" truecount="1" falsecount="0"/>
        <line num="181" count="6" type="cond" truecount="2" falsecount="0"/>
        <line num="182" count="6" type="stmt"/>
        <line num="183" count="6" type="stmt"/>
        <line num="185" count="6" type="cond" truecount="1" falsecount="0"/>
        <line num="186" count="1" type="stmt"/>
        <line num="192" count="284" type="stmt"/>
        <line num="193" count="284" type="stmt"/>
        <line num="195" count="284" type="stmt"/>
        <line num="199" count="3669" type="cond" truecount="1" falsecount="0"/>
        <line num="200" count="30" type="stmt"/>
        <line num="201" count="30" type="stmt"/>
        <line num="202" count="30" type="cond" truecount="1" falsecount="0"/>
        <line num="203" count="6" type="cond" truecount="2" falsecount="0"/>
        <line num="204" count="7" type="stmt"/>
        <line num="205" count="7" type="stmt"/>
        <line num="207" count="6" type="cond" truecount="0" falsecount="1"/>
        <line num="208" count="0" type="stmt"/>
        <line num="213" count="30" type="stmt"/>
        <line num="214" count="30" type="stmt"/>
        <line num="215" count="30" type="stmt"/>
        <line num="216" count="30" type="stmt"/>
        <line num="220" count="3639" type="stmt"/>
        <line num="224" count="152" type="stmt"/>
        <line num="225" count="4" type="stmt"/>
        <line num="226" count="4" type="stmt"/>
        <line num="233" count="152" type="stmt"/>
        <line num="237" count="152" type="stmt"/>
        <line num="239" count="4194" type="cond" truecount="3" falsecount="0"/>
        <line num="243" count="4194" type="stmt"/>
        <line num="244" count="4194" type="stmt"/>
        <line num="246" count="4194" type="cond" truecount="3" falsecount="0"/>
        <line num="249" count="4194" type="cond" truecount="2" falsecount="0"/>
        <line num="251" count="152" type="stmt"/>
        <line num="285" count="152" type="stmt"/>
        <line num="289" count="17" type="stmt"/>
        <line num="300" count="17" type="stmt"/>
        <line num="312" count="4" type="cond" truecount="2" falsecount="1"/>
        <line num="313" count="0" type="stmt"/>
        <line num="317" count="4" type="stmt"/>
        <line num="319" count="4" type="stmt"/>
        <line num="324" count="153" type="stmt"/>
        <line num="327" count="153" type="stmt"/>
        <line num="331" count="181" type="stmt"/>
        <line num="335" count="345" type="stmt"/>
        <line num="339" count="17" type="stmt"/>
        <line num="343" count="17" type="stmt"/>
        <line num="347" count="22" type="stmt"/>
        <line num="348" count="153" type="stmt"/>
        <line num="350" count="153" type="stmt"/>
      </file>
    </package>
    <package name="src.runtime">
      <metrics statements="328" coveredstatements="200" conditionals="156" coveredconditionals="72" methods="36" coveredmethods="32"/>
      <file name="environment.ts" path="C:\Users\skmak\Desktop\_work_\lingo-interpreted-language\src\runtime\environment.ts">
        <metrics statements="79" coveredstatements="65" conditionals="26" coveredconditionals="16" methods="10" coveredmethods="9"/>
        <line num="3" count="6" type="stmt"/>
        <line num="6" count="6" type="stmt"/>
        <line num="8" count="6" type="stmt"/>
        <line num="9" count="6" type="stmt"/>
        <line num="11" count="6" type="stmt"/>
        <line num="21" count="178" type="stmt"/>
        <line num="22" count="178" type="stmt"/>
        <line num="23" count="178" type="stmt"/>
        <line num="24" count="178" type="stmt"/>
        <line num="25" count="178" type="stmt"/>
        <line num="26" count="178" type="stmt"/>
        <line num="27" count="178" type="stmt"/>
        <line num="29" count="178" type="stmt"/>
        <line num="30" count="178" type="cond" truecount="1" falsecount="0"/>
        <line num="32" count="210" type="stmt"/>
        <line num="35" count="140" type="stmt"/>
        <line num="40" count="0" type="stmt"/>
        <line num="44" count="22" type="cond" truecount="0" falsecount="1"/>
        <line num="45" count="0" type="stmt"/>
        <line num="49" count="22" type="stmt"/>
        <line num="51" count="22" type="stmt"/>
        <line num="55" count="16" type="cond" truecount="1" falsecount="0"/>
        <line num="57" count="1" type="cond" truecount="1" falsecount="0"/>
        <line num="58" count="1" type="stmt"/>
        <line num="60" count="0" type="stmt"/>
        <line num="64" count="16" type="stmt"/>
        <line num="65" count="15" type="stmt"/>
        <line num="70" count="45" type="cond" truecount="0" falsecount="1"/>
        <line num="72" count="0" type="cond" truecount="0" falsecount="1"/>
        <line num="73" count="0" type="stmt"/>
        <line num="77" count="0" type="stmt"/>
        <line num="84" count="0" type="stmt"/>
        <line num="88" count="45" type="cond" truecount="0" falsecount="1"/>
        <line num="89" count="0" type="stmt"/>
        <line num="93" count="45" type="stmt"/>
        <line num="96" count="45" type="stmt"/>
        <line num="98" count="45" type="cond" truecount="1" falsecount="0"/>
        <line num="100" count="1" type="cond" truecount="1" falsecount="1"/>
        <line num="105" count="1" type="cond" truecount="1" falsecount="1"/>
        <line num="107" count="1" type="stmt"/>
        <line num="113" count="44" type="stmt"/>
        <line num="122" count="501" type="cond" truecount="0" falsecount="1"/>
        <line num="123" count="0" type="stmt"/>
        <line num="128" count="501" type="cond" truecount="2" falsecount="0"/>
        <line num="130" count="181" type="stmt"/>
        <line num="131" count="181" type="stmt"/>
        <line num="133" count="216" type="stmt"/>
        <line num="134" count="216" type="stmt"/>
        <line num="137" count="501" type="stmt"/>
        <line num="139" count="501" type="cond" truecount="2" falsecount="0"/>
        <line num="140" count="2" type="stmt"/>
        <line num="143" count="2" type="cond" truecount="1" falsecount="1"/>
        <line num="144" count="2" type="stmt"/>
        <line num="147" count="0" type="stmt"/>
        <line num="153" count="0" type="stmt"/>
        <line num="157" count="499" type="stmt"/>
        <line num="158" count="499" type="stmt"/>
        <line num="161" count="501" type="stmt"/>
        <line num="163" count="501" type="stmt"/>
        <line num="167" count="46" type="stmt"/>
        <line num="170" count="46" type="cond" truecount="2" falsecount="0"/>
        <line num="171" count="1" type="stmt"/>
        <line num="175" count="45" type="cond" truecount="1" falsecount="0"/>
        <line num="176" count="2" type="stmt"/>
        <line num="181" count="43" type="stmt"/>
        <line num="184" count="43" type="stmt"/>
        <line num="186" count="43" type="stmt"/>
        <line num="188" count="43" type="cond" truecount="1" falsecount="1"/>
        <line num="189" count="43" type="stmt"/>
        <line num="192" count="0" type="stmt"/>
        <line num="193" count="0" type="stmt"/>
        <line num="196" count="42" type="stmt"/>
        <line num="198" count="42" type="stmt"/>
        <line num="202" count="635" type="cond" truecount="1" falsecount="0"/>
        <line num="204" count="346" type="cond" truecount="0" falsecount="1"/>
        <line num="205" count="0" type="stmt"/>
        <line num="210" count="346" type="stmt"/>
        <line num="214" count="243" type="stmt"/>
        <line num="215" count="243" type="stmt"/>
      </file>
      <file name="error.ts" path="C:\Users\skmak\Desktop\_work_\lingo-interpreted-language\src\runtime\error.ts">
        <metrics statements="4" coveredstatements="4" conditionals="0" coveredconditionals="0" methods="1" coveredmethods="1"/>
        <line num="3" count="6" type="stmt"/>
        <line num="7" count="9" type="stmt"/>
        <line num="8" count="9" type="stmt"/>
        <line num="9" count="9" type="stmt"/>
      </file>
      <file name="execution-context.ts" path="C:\Users\skmak\Desktop\_work_\lingo-interpreted-language\src\runtime\execution-context.ts">
        <metrics statements="18" coveredstatements="16" conditionals="4" coveredconditionals="2" methods="9" coveredmethods="8"/>
        <line num="10" count="6" type="stmt"/>
        <line num="12" count="70" type="stmt"/>
        <line num="15" count="70" type="stmt"/>
        <line num="19" count="8" type="stmt"/>
        <line num="23" count="8" type="stmt"/>
        <line num="27" count="3" type="stmt"/>
        <line num="31" count="0" type="stmt"/>
        <line num="35" count="5" type="stmt"/>
        <line num="39" count="2" type="stmt"/>
        <line num="43" count="9" type="stmt"/>
        <line num="47" count="1" type="stmt"/>
        <line num="48" count="1" type="stmt"/>
        <line num="49" count="1" type="stmt"/>
        <line num="51" count="3" type="stmt"/>
        <line num="52" count="3" type="cond" truecount="1" falsecount="1"/>
        <line num="55" count="1" type="cond" truecount="0" falsecount="1"/>
        <line num="56" count="0" type="stmt"/>
        <line num="59" count="1" type="stmt"/>
      </file>
      <file name="interpreter.ts" path="C:\Users\skmak\Desktop\_work_\lingo-interpreted-language\src\runtime\interpreter.ts">
        <metrics statements="53" coveredstatements="45" conditionals="37" coveredconditionals="29" methods="2" coveredmethods="2"/>
        <line num="1" count="6" type="stmt"/>
        <line num="37" count="6" type="stmt"/>
        <line num="52" count="6" type="stmt"/>
        <line num="64" count="6" type="stmt"/>
        <line num="65" count="6" type="stmt"/>
        <line num="66" count="6" type="stmt"/>
        <line num="67" count="6" type="stmt"/>
        <line num="76" count="6" type="stmt"/>
        <line num="77" count="856" type="cond" truecount="24" falsecount="7"/>
        <line num="79" count="115" type="stmt"/>
        <line num="84" count="77" type="stmt"/>
        <line num="86" count="160" type="stmt"/>
        <line num="88" count="46" type="stmt"/>
        <line num="90" count="143" type="stmt"/>
        <line num="92" count="16" type="stmt"/>
        <line num="94" count="22" type="stmt"/>
        <line num="96" count="21" type="stmt"/>
        <line num="98" count="18" type="stmt"/>
        <line num="100" count="57" type="stmt"/>
        <line num="102" count="17" type="stmt"/>
        <line num="104" count="0" type="stmt"/>
        <line num="106" count="5" type="stmt"/>
        <line num="108" count="0" type="stmt"/>
        <line num="110" count="1" type="stmt"/>
        <line num="112" count="5" type="stmt"/>
        <line num="114" count="70" type="stmt"/>
        <line num="116" count="53" type="stmt"/>
        <line num="118" count="3" type="stmt"/>
        <line num="120" count="5" type="stmt"/>
        <line num="122" count="2" type="stmt"/>
        <line num="124" count="9" type="stmt"/>
        <line num="126" count="0" type="stmt"/>
        <line num="128" count="0" type="stmt"/>
        <line num="130" count="6" type="stmt"/>
        <line num="132" count="2" type="stmt"/>
        <line num="134" count="2" type="stmt"/>
        <line num="136" count="1" type="stmt"/>
        <line num="138" count="0" type="stmt"/>
        <line num="140" count="0" type="stmt"/>
        <line num="142" count="0" type="stmt"/>
        <line num="143" count="0" type="stmt"/>
        <line num="147" count="6" type="stmt"/>
        <line num="148" count="70" type="stmt"/>
        <line num="149" count="70" type="cond" truecount="2" falsecount="0"/>
        <line num="150" count="70" type="stmt"/>
        <line num="151" count="70" type="stmt"/>
        <line num="152" count="70" type="stmt"/>
        <line num="154" count="11" type="stmt"/>
        <line num="156" count="11" type="cond" truecount="1" falsecount="0"/>
        <line num="157" count="9" type="cond" truecount="1" falsecount="1"/>
        <line num="159" count="9" type="cond" truecount="1" falsecount="0"/>
        <line num="160" count="1" type="stmt"/>
        <line num="164" count="11" type="stmt"/>
      </file>
      <file name="macros.ts" path="C:\Users\skmak\Desktop\_work_\lingo-interpreted-language\src\runtime\macros.ts">
        <metrics statements="10" coveredstatements="9" conditionals="1" coveredconditionals="0" methods="5" coveredmethods="4"/>
        <line num="3" count="6" type="cond" truecount="0" falsecount="1"/>
        <line num="4" count="0" type="stmt"/>
        <line num="7" count="6" type="stmt"/>
        <line num="8" count="159" type="stmt"/>
        <line num="11" count="6" type="stmt"/>
        <line num="12" count="3" type="stmt"/>
        <line num="15" count="6" type="stmt"/>
        <line num="16" count="12" type="stmt"/>
        <line num="19" count="6" type="stmt"/>
        <line num="20" count="12" type="stmt"/>
      </file>
      <file name="type-checker.ts" path="C:\Users\skmak\Desktop\_work_\lingo-interpreted-language\src\runtime\type-checker.ts">
        <metrics statements="164" coveredstatements="61" conditionals="88" coveredconditionals="25" methods="9" coveredmethods="8"/>
        <line num="14" count="10" type="cond" truecount="0" falsecount="1"/>
        <line num="15" count="0" type="stmt"/>
        <line num="18" count="10" type="stmt"/>
        <line num="19" count="10" type="stmt"/>
        <line num="22" count="6" type="stmt"/>
        <line num="28" count="83" type="cond" truecount="0" falsecount="1"/>
        <line num="29" count="0" type="stmt"/>
        <line num="32" count="0" type="cond" truecount="0" falsecount="3"/>
        <line num="33" count="0" type="stmt"/>
        <line num="34" count="0" type="cond" truecount="0" falsecount="1"/>
        <line num="35" count="0" type="stmt"/>
        <line num="37" count="0" type="stmt"/>
        <line num="41" count="83" type="cond" truecount="0" falsecount="1"/>
        <line num="42" count="0" type="stmt"/>
        <line num="45" count="0" type="cond" truecount="0" falsecount="3"/>
        <line num="46" count="0" type="stmt"/>
        <line num="47" count="0" type="cond" truecount="0" falsecount="1"/>
        <line num="48" count="0" type="stmt"/>
        <line num="50" count="0" type="stmt"/>
        <line num="55" count="83" type="cond" truecount="1" falsecount="0"/>
        <line num="61" count="13" type="stmt"/>
        <line num="65" count="70" type="cond" truecount="0" falsecount="1"/>
        <line num="66" count="0" type="stmt"/>
        <line num="70" count="0" type="cond" truecount="0" falsecount="1"/>
        <line num="71" count="0" type="stmt"/>
        <line num="74" count="0" type="cond" truecount="0" falsecount="1"/>
        <line num="75" count="0" type="stmt"/>
        <line num="79" count="0" type="cond" truecount="0" falsecount="1"/>
        <line num="80" count="0" type="cond" truecount="0" falsecount="2"/>
        <line num="82" count="0" type="stmt"/>
        <line num="87" count="0" type="stmt"/>
        <line num="90" count="0" type="stmt"/>
        <line num="95" count="0" type="stmt"/>
        <line num="99" count="0" type="cond" truecount="0" falsecount="1"/>
        <line num="100" count="0" type="stmt"/>
        <line num="101" count="0" type="stmt"/>
        <line num="105" count="0" type="stmt"/>
        <line num="109" count="70" type="cond" truecount="0" falsecount="1"/>
        <line num="110" count="0" type="stmt"/>
        <line num="112" count="0" type="cond" truecount="0" falsecount="1"/>
        <line num="113" count="0" type="stmt"/>
        <line num="114" count="0" type="stmt"/>
        <line num="118" count="0" type="stmt"/>
        <line num="122" count="70" type="cond" truecount="3" falsecount="0"/>
        <line num="123" count="65" type="stmt"/>
        <line num="132" count="5" type="cond" truecount="1" falsecount="0"/>
        <line num="133" count="5" type="stmt"/>
        <line num="134" count="6" type="stmt"/>
        <line num="139" count="6" type="cond" truecount="1" falsecount="0"/>
        <line num="140" count="4" type="stmt"/>
        <line num="143" count="1" type="stmt"/>
        <line num="147" count="0" type="cond" truecount="0" falsecount="1"/>
        <line num="148" count="0" type="stmt"/>
        <line num="153" count="0" type="stmt"/>
        <line num="155" count="0" type="cond" truecount="0" falsecount="1"/>
        <line num="156" count="0" type="stmt"/>
        <line num="161" count="0" type="stmt"/>
        <line num="165" count="0" type="cond" truecount="0" falsecount="3"/>
        <line num="166" count="0" type="stmt"/>
        <line num="172" count="0" type="cond" truecount="0" falsecount="1"/>
        <line num="173" count="0" type="stmt"/>
        <line num="177" count="0" type="stmt"/>
        <line num="182" count="0" type="stmt"/>
        <line num="187" count="0" type="stmt"/>
        <line num="191" count="0" type="cond" truecount="0" falsecount="3"/>
        <line num="192" count="0" type="stmt"/>
        <line num="195" count="0" type="stmt"/>
        <line num="199" count="0" type="stmt"/>
        <line num="201" count="0" type="cond" truecount="0" falsecount="1"/>
        <line num="205" count="0" type="stmt"/>
        <line num="209" count="0" type="cond" truecount="0" falsecount="1"/>
        <line num="210" count="0" type="stmt"/>
        <line num="213" count="0" type="stmt"/>
        <line num="214" count="0" type="stmt"/>
        <line num="220" count="0" type="cond" truecount="0" falsecount="1"/>
        <line num="221" count="0" type="stmt"/>
        <line num="224" count="0" type="stmt"/>
        <line num="225" count="0" type="stmt"/>
        <line num="228" count="0" type="stmt"/>
        <line num="233" count="0" type="stmt"/>
        <line num="238" count="0" type="stmt"/>
        <line num="242" count="0" type="cond" truecount="0" falsecount="3"/>
        <line num="243" count="0" type="cond" truecount="0" falsecount="1"/>
        <line num="244" count="0" type="stmt"/>
        <line num="247" count="0" type="stmt"/>
        <line num="248" count="0" type="stmt"/>
        <line num="250" count="0" type="cond" truecount="0" falsecount="1"/>
        <line num="251" count="0" type="stmt"/>
        <line num="255" count="0" type="cond" truecount="0" falsecount="2"/>
        <line num="258" count="0" type="stmt"/>
        <line num="259" count="0" type="stmt"/>
        <line num="260" count="0" type="stmt"/>
        <line num="263" count="0" type="cond" truecount="0" falsecount="3"/>
        <line num="264" count="0" type="stmt"/>
        <line num="268" count="0" type="stmt"/>
        <line num="270" count="0" type="cond" truecount="0" falsecount="1"/>
        <line num="271" count="0" type="stmt"/>
        <line num="275" count="0" type="cond" truecount="0" falsecount="1"/>
        <line num="276" count="0" type="cond" truecount="0" falsecount="1"/>
        <line num="277" count="0" type="stmt"/>
        <line num="283" count="0" type="stmt"/>
        <line num="286" count="0" type="stmt"/>
        <line num="290" count="6" type="stmt"/>
        <line num="294" count="12" type="stmt"/>
        <line num="296" count="12" type="stmt"/>
        <line num="297" count="16" type="stmt"/>
        <line num="298" count="16" type="stmt"/>
        <line num="299" count="16" type="stmt"/>
        <line num="300" count="16" type="cond" truecount="3" falsecount="0"/>
        <line num="301" count="2" type="stmt"/>
        <line num="305" count="14" type="stmt"/>
        <line num="308" count="10" type="stmt"/>
        <line num="312" count="6" type="stmt"/>
        <line num="317" count="5" type="stmt"/>
        <line num="320" count="5" type="stmt"/>
        <line num="323" count="5" type="stmt"/>
        <line num="328" count="19" type="cond" truecount="1" falsecount="0"/>
        <line num="329" count="7" type="stmt"/>
        <line num="330" count="7" type="cond" truecount="1" falsecount="0"/>
        <line num="331" count="7" type="stmt"/>
        <line num="333" count="0" type="stmt"/>
        <line num="336" count="12" type="cond" truecount="0" falsecount="1"/>
        <line num="337" count="0" type="stmt"/>
        <line num="338" count="0" type="stmt"/>
        <line num="344" count="12" type="cond" truecount="1" falsecount="0"/>
        <line num="345" count="7" type="stmt"/>
        <line num="346" count="7" type="stmt"/>
        <line num="349" count="5" type="cond" truecount="1" falsecount="0"/>
        <line num="350" count="5" type="stmt"/>
        <line num="351" count="5" type="stmt"/>
        <line num="353" count="5" type="stmt"/>
        <line num="354" count="7" type="stmt"/>
        <line num="357" count="5" type="stmt"/>
        <line num="363" count="0" type="cond" truecount="0" falsecount="1"/>
        <line num="364" count="0" type="stmt"/>
        <line num="367" count="0" type="stmt"/>
        <line num="369" count="0" type="stmt"/>
        <line num="376" count="0" type="stmt"/>
        <line num="379" count="6" type="stmt"/>
        <line num="380" count="566" type="cond" truecount="4" falsecount="0"/>
        <line num="382" count="129" type="stmt"/>
        <line num="389" count="68" type="stmt"/>
        <line num="396" count="140" type="stmt"/>
        <line num="405" count="229" type="stmt"/>
        <line num="413" count="6" type="stmt"/>
        <line num="415" count="13" type="cond" truecount="1" falsecount="0"/>
        <line num="416" count="12" type="stmt"/>
        <line num="420" count="1" type="cond" truecount="1" falsecount="2"/>
        <line num="422" count="0" type="stmt"/>
        <line num="425" count="0" type="stmt"/>
        <line num="440" count="1" type="stmt"/>
        <line num="444" count="6" type="stmt"/>
        <line num="445" count="8" type="cond" truecount="2" falsecount="6"/>
        <line num="447" count="7" type="stmt"/>
        <line num="450" count="0" type="cond" truecount="0" falsecount="2"/>
        <line num="453" count="0" type="stmt"/>
        <line num="456" count="1" type="stmt"/>
        <line num="459" count="0" type="stmt"/>
        <line num="460" count="0" type="cond" truecount="0" falsecount="2"/>
        <line num="461" count="0" type="stmt"/>
        <line num="462" count="0" type="stmt"/>
        <line num="466" count="0" type="stmt"/>
        <line num="469" count="0" type="cond" truecount="0" falsecount="2"/>
        <line num="472" count="0" type="stmt"/>
      </file>
    </package>
    <package name="src.runtime.built-ins">
      <metrics statements="27" coveredstatements="6" conditionals="16" coveredconditionals="0" methods="5" coveredmethods="0"/>
      <file name="functions.ts" path="C:\Users\skmak\Desktop\_work_\lingo-interpreted-language\src\runtime\built-ins\functions.ts">
        <metrics statements="24" coveredstatements="3" conditionals="16" coveredconditionals="0" methods="5" coveredmethods="0"/>
        <line num="3" count="6" type="stmt"/>
        <line num="15" count="6" type="stmt"/>
        <line num="19" count="0" type="stmt"/>
        <line num="20" count="0" type="stmt"/>
        <line num="21" count="0" type="cond" truecount="0" falsecount="2"/>
        <line num="27" count="0" type="stmt"/>
        <line num="28" count="0" type="cond" truecount="0" falsecount="2"/>
        <line num="29" count="0" type="stmt"/>
        <line num="30" count="0" type="cond" truecount="0" falsecount="2"/>
        <line num="31" count="0" type="stmt"/>
        <line num="32" count="0" type="stmt"/>
        <line num="33" count="0" type="cond" truecount="0" falsecount="2"/>
        <line num="35" count="0" type="cond" truecount="0" falsecount="2"/>
        <line num="36" count="0" type="stmt"/>
        <line num="37" count="0" type="cond" truecount="0" falsecount="1"/>
        <line num="38" count="0" type="stmt"/>
        <line num="40" count="0" type="stmt"/>
        <line num="42" count="0" type="stmt"/>
        <line num="46" count="0" type="stmt"/>
        <line num="48" count="0" type="stmt"/>
        <line num="56" count="0" type="stmt"/>
        <line num="57" count="0" type="cond" truecount="0" falsecount="1"/>
        <line num="58" count="0" type="stmt"/>
        <line num="64" count="6" type="stmt"/>
      </file>
      <file name="variables.ts" path="C:\Users\skmak\Desktop\_work_\lingo-interpreted-language\src\runtime\built-ins\variables.ts">
        <metrics statements="3" coveredstatements="3" conditionals="0" coveredconditionals="0" methods="0" coveredmethods="0"/>
        <line num="2" count="6" type="stmt"/>
        <line num="4" count="6" type="stmt"/>
        <line num="10" count="6" type="stmt"/>
      </file>
    </package>
    <package name="src.runtime.eval">
      <metrics statements="498" coveredstatements="308" conditionals="256" coveredconditionals="123" methods="52" coveredmethods="40"/>
      <file name="expression.ts" path="C:\Users\skmak\Desktop\_work_\lingo-interpreted-language\src\runtime\eval\expression.ts">
        <metrics statements="212" coveredstatements="143" conditionals="121" coveredconditionals="63" methods="23" coveredmethods="19"/>
        <line num="14" count="6" type="stmt"/>
        <line num="15" count="6" type="stmt"/>
        <line num="16" count="6" type="stmt"/>
        <line num="18" count="6" type="stmt"/>
        <line num="19" count="6" type="stmt"/>
        <line num="30" count="6" type="stmt"/>
        <line num="44" count="64" type="cond" truecount="1" falsecount="0"/>
        <line num="45" count="19" type="stmt"/>
        <line num="46" count="19" type="cond" truecount="1" falsecount="1"/>
        <line num="47" count="19" type="cond" truecount="2" falsecount="0"/>
        <line num="48" count="11" type="cond" truecount="2" falsecount="0"/>
        <line num="49" count="9" type="cond" truecount="2" falsecount="0"/>
        <line num="50" count="3" type="cond" truecount="2" falsecount="0"/>
        <line num="51" count="2" type="cond" truecount="2" falsecount="0"/>
        <line num="52" count="1" type="cond" truecount="1" falsecount="0"/>
        <line num="54" count="19" type="stmt"/>
        <line num="57" count="45" type="stmt"/>
        <line num="59" count="45" type="cond" truecount="1" falsecount="1"/>
        <line num="61" count="45" type="cond" truecount="2" falsecount="0"/>
        <line num="62" count="29" type="cond" truecount="2" falsecount="0"/>
        <line num="63" count="24" type="cond" truecount="1" falsecount="1"/>
        <line num="64" count="0" type="cond" truecount="0" falsecount="2"/>
        <line num="65" count="0" type="stmt"/>
        <line num="67" count="45" type="stmt"/>
        <line num="70" count="6" type="stmt"/>
        <line num="75" count="17" type="stmt"/>
        <line num="77" count="17" type="cond" truecount="1" falsecount="1"/>
        <line num="79" count="17" type="cond" truecount="1" falsecount="1"/>
        <line num="80" count="17" type="cond" truecount="1" falsecount="1"/>
        <line num="81" count="17" type="cond" truecount="6" falsecount="0"/>
        <line num="82" count="7" type="cond" truecount="4" falsecount="1"/>
        <line num="84" count="17" type="stmt"/>
        <line num="87" count="6" type="stmt"/>
        <line num="92" count="9" type="stmt"/>
        <line num="94" count="9" type="cond" truecount="1" falsecount="1"/>
        <line num="95" count="9" type="cond" truecount="1" falsecount="1"/>
        <line num="96" count="0" type="cond" truecount="0" falsecount="1"/>
        <line num="98" count="9" type="stmt"/>
        <line num="101" count="6" type="stmt"/>
        <line num="107" count="70" type="cond" truecount="2" falsecount="0"/>
        <line num="108" count="70" type="cond" truecount="0" falsecount="1"/>
        <line num="109" count="0" type="stmt"/>
        <line num="110" count="70" type="stmt"/>
        <line num="117" count="6" type="stmt"/>
        <line num="122" count="160" type="stmt"/>
        <line num="123" count="160" type="stmt"/>
        <line num="125" count="160" type="cond" truecount="3" falsecount="0"/>
        <line num="126" count="64" type="stmt"/>
        <line num="129" count="96" type="cond" truecount="3" falsecount="0"/>
        <line num="130" count="17" type="stmt"/>
        <line num="134" count="79" type="cond" truecount="3" falsecount="0"/>
        <line num="135" count="79" type="cond" truecount="3" falsecount="0"/>
        <line num="137" count="70" type="stmt"/>
        <line num="145" count="9" type="stmt"/>
        <line num="149" count="0" type="stmt"/>
        <line num="155" count="6" type="stmt"/>
        <line num="156" count="143" type="stmt"/>
        <line num="157" count="143" type="stmt"/>
        <line num="164" count="6" type="stmt"/>
        <line num="169" count="21" type="stmt"/>
        <line num="170" count="21" type="stmt"/>
        <line num="172" count="21" type="stmt"/>
        <line num="173" count="35" type="stmt"/>
        <line num="174" count="35" type="cond" truecount="0" falsecount="1"/>
        <line num="175" count="0" type="stmt"/>
        <line num="178" count="35" type="stmt"/>
        <line num="179" count="35" type="stmt"/>
        <line num="182" count="21" type="stmt"/>
        <line num="191" count="6" type="stmt"/>
        <line num="196" count="16" type="stmt"/>
        <line num="198" count="16" type="stmt"/>
        <line num="199" count="16" type="stmt"/>
        <line num="206" count="15" type="cond" truecount="4" falsecount="0"/>
        <line num="208" count="7" type="cond" truecount="0" falsecount="1"/>
        <line num="209" count="0" type="stmt"/>
        <line num="212" count="7" type="stmt"/>
        <line num="215" count="7" type="cond" truecount="0" falsecount="1"/>
        <line num="216" count="0" type="stmt"/>
        <line num="223" count="7" type="stmt"/>
        <line num="226" count="10" type="stmt"/>
        <line num="230" count="7" type="stmt"/>
        <line num="233" count="5" type="stmt"/>
        <line num="236" count="8" type="stmt"/>
        <line num="239" count="13" type="cond" truecount="1" falsecount="0"/>
        <line num="240" count="1" type="stmt"/>
        <line num="244" count="12" type="stmt"/>
        <line num="245" count="28" type="stmt"/>
        <line num="246" count="21" type="stmt"/>
        <line num="248" count="21" type="cond" truecount="3" falsecount="0"/>
        <line num="249" count="1" type="stmt"/>
        <line num="255" count="20" type="stmt"/>
        <line num="257" count="20" type="cond" truecount="1" falsecount="0"/>
        <line num="258" count="19" type="cond" truecount="1" falsecount="1"/>
        <line num="263" count="19" type="stmt"/>
        <line num="266" count="19" type="stmt"/>
        <line num="268" count="19" type="cond" truecount="1" falsecount="0"/>
        <line num="270" count="1" type="stmt"/>
        <line num="271" count="1" type="stmt"/>
        <line num="273" count="1" type="stmt"/>
        <line num="280" count="19" type="stmt"/>
        <line num="284" count="10" type="stmt"/>
        <line num="285" count="17" type="cond" truecount="1" falsecount="0"/>
        <line num="286" count="1" type="stmt"/>
        <line num="290" count="9" type="stmt"/>
        <line num="297" count="10" type="cond" truecount="1" falsecount="6"/>
        <line num="299" count="10" type="stmt"/>
        <line num="307" count="0" type="stmt"/>
        <line num="309" count="0" type="cond" truecount="0" falsecount="3"/>
        <line num="311" count="0" type="cond" truecount="0" falsecount="3"/>
        <line num="312" count="0" type="stmt"/>
        <line num="313" count="0" type="cond" truecount="0" falsecount="1"/>
        <line num="314" count="0" type="stmt"/>
        <line num="316" count="0" type="stmt"/>
        <line num="319" count="0" type="stmt"/>
        <line num="325" count="0" type="stmt"/>
        <line num="328" count="0" type="stmt"/>
        <line num="335" count="0" type="stmt"/>
        <line num="338" count="0" type="stmt"/>
        <line num="343" count="0" type="cond" truecount="0" falsecount="2"/>
        <line num="344" count="0" type="cond" truecount="0" falsecount="1"/>
        <line num="345" count="0" type="stmt"/>
        <line num="352" count="0" type="stmt"/>
        <line num="353" count="0" type="stmt"/>
        <line num="363" count="0" type="stmt"/>
        <line num="372" count="0" type="stmt"/>
        <line num="383" count="5" type="stmt"/>
        <line num="386" count="5" type="stmt"/>
        <line num="388" count="5" type="cond" truecount="0" falsecount="1"/>
        <line num="389" count="0" type="stmt"/>
        <line num="392" count="5" type="stmt"/>
        <line num="397" count="6" type="stmt"/>
        <line num="402" count="5" type="stmt"/>
        <line num="404" count="1" type="stmt"/>
        <line num="412" count="5" type="cond" truecount="0" falsecount="1"/>
        <line num="413" count="0" type="stmt"/>
        <line num="416" count="5" type="stmt"/>
        <line num="419" count="5" type="stmt"/>
        <line num="420" count="0" type="stmt"/>
        <line num="424" count="5" type="cond" truecount="1" falsecount="0"/>
        <line num="425" count="5" type="stmt"/>
        <line num="429" count="0" type="cond" truecount="0" falsecount="1"/>
        <line num="433" count="0" type="cond" truecount="0" falsecount="2"/>
        <line num="434" count="0" type="stmt"/>
        <line num="435" count="0" type="stmt"/>
        <line num="436" count="0" type="cond" truecount="0" falsecount="2"/>
        <line num="437" count="0" type="stmt"/>
        <line num="439" count="0" type="stmt"/>
        <line num="446" count="0" type="cond" truecount="0" falsecount="1"/>
        <line num="447" count="0" type="stmt"/>
        <line num="450" count="0" type="stmt"/>
        <line num="451" count="0" type="stmt"/>
        <line num="453" count="0" type="stmt"/>
        <line num="462" count="0" type="stmt"/>
        <line num="465" count="6" type="stmt"/>
        <line num="470" count="5" type="stmt"/>
        <line num="471" count="5" type="stmt"/>
        <line num="472" count="5" type="stmt"/>
        <line num="474" count="5" type="cond" truecount="0" falsecount="1"/>
        <line num="475" count="0" type="stmt"/>
        <line num="476" count="0" type="stmt"/>
        <line num="479" count="5" type="cond" truecount="0" falsecount="1"/>
        <line num="480" count="0" type="stmt"/>
        <line num="483" count="5" type="stmt"/>
        <line num="489" count="5" type="stmt"/>
        <line num="490" count="5" type="stmt"/>
        <line num="491" count="5" type="stmt"/>
        <line num="495" count="5" type="cond" truecount="0" falsecount="1"/>
        <line num="496" count="0" type="stmt"/>
        <line num="502" count="5" type="stmt"/>
        <line num="503" count="2" type="stmt"/>
        <line num="504" count="2" type="stmt"/>
        <line num="505" count="2" type="stmt"/>
        <line num="513" count="5" type="stmt"/>
        <line num="515" count="5" type="stmt"/>
        <line num="517" count="2" type="stmt"/>
        <line num="519" count="2" type="stmt"/>
        <line num="522" count="6" type="stmt"/>
        <line num="527" count="46" type="cond" truecount="0" falsecount="1"/>
        <line num="528" count="0" type="stmt"/>
        <line num="529" count="46" type="stmt"/>
        <line num="530" count="46" type="stmt"/>
        <line num="532" count="46" type="stmt"/>
        <line num="535" count="6" type="stmt"/>
        <line num="540" count="77" type="stmt"/>
        <line num="541" count="77" type="stmt"/>
        <line num="542" count="57" type="stmt"/>
        <line num="543" count="57" type="stmt"/>
        <line num="546" count="77" type="stmt"/>
        <line num="547" count="0" type="stmt"/>
        <line num="548" count="0" type="stmt"/>
        <line num="551" count="77" type="stmt"/>
        <line num="554" count="6" type="stmt"/>
        <line num="559" count="0" type="stmt"/>
        <line num="560" count="0" type="stmt"/>
        <line num="562" count="0" type="cond" truecount="0" falsecount="3"/>
        <line num="564" count="0" type="stmt"/>
        <line num="565" count="0" type="cond" truecount="0" falsecount="2"/>
        <line num="566" count="0" type="stmt"/>
        <line num="568" count="0" type="cond" truecount="0" falsecount="1"/>
        <line num="569" count="0" type="stmt"/>
        <line num="574" count="0" type="stmt"/>
        <line num="575" count="0" type="cond" truecount="0" falsecount="1"/>
        <line num="576" count="0" type="stmt"/>
        <line num="577" count="0" type="stmt"/>
        <line num="578" count="0" type="cond" truecount="0" falsecount="1"/>
        <line num="580" count="0" type="stmt"/>
        <line num="583" count="0" type="stmt"/>
        <line num="587" count="0" type="stmt"/>
        <line num="590" count="0" type="stmt"/>
        <line num="593" count="0" type="stmt"/>
        <line num="596" count="6" type="stmt"/>
        <line num="597" count="0" type="stmt"/>
      </file>
      <file name="statements.ts" path="C:\Users\skmak\Desktop\_work_\lingo-interpreted-language\src\runtime\eval\statements.ts">
        <metrics statements="235" coveredstatements="140" conditionals="123" coveredconditionals="59" methods="22" coveredmethods="17"/>
        <line num="18" count="6" type="stmt"/>
        <line num="19" count="6" type="stmt"/>
        <line num="21" count="6" type="stmt"/>
        <line num="22" count="6" type="stmt"/>
        <line num="23" count="6" type="stmt"/>
        <line num="38" count="6" type="stmt"/>
        <line num="43" count="70" type="stmt"/>
        <line num="45" count="106" type="stmt"/>
        <line num="47" count="59" type="stmt"/>
        <line num="51" count="6" type="stmt"/>
        <line num="57" count="22" type="stmt"/>
        <line num="59" count="22" type="cond" truecount="0" falsecount="1"/>
        <line num="60" count="0" type="stmt"/>
        <line num="63" count="22" type="cond" truecount="1" falsecount="1"/>
        <line num="66" count="22" type="cond" truecount="1" falsecount="0"/>
        <line num="67" count="12" type="cond" truecount="3" falsecount="0"/>
        <line num="70" count="12" type="stmt"/>
        <line num="74" count="17" type="stmt"/>
        <line num="79" count="12" type="stmt"/>
        <line num="80" count="12" type="stmt"/>
        <line num="85" count="10" type="stmt"/>
        <line num="86" count="10" type="stmt"/>
        <line num="89" count="6" type="stmt"/>
        <line num="94" count="62" type="stmt"/>
        <line num="98" count="62" type="cond" truecount="2" falsecount="0"/>
        <line num="103" count="62" type="cond" truecount="1" falsecount="0"/>
        <line num="104" count="62" type="cond" truecount="2" falsecount="0"/>
        <line num="106" count="3" type="stmt"/>
        <line num="109" count="3" type="stmt"/>
        <line num="111" count="3" type="stmt"/>
        <line num="113" count="59" type="stmt"/>
        <line num="118" count="55" type="cond" truecount="1" falsecount="0"/>
        <line num="119" count="3" type="stmt"/>
        <line num="121" count="3" type="cond" truecount="0" falsecount="1"/>
        <line num="122" count="0" type="stmt"/>
        <line num="127" count="3" type="stmt"/>
        <line num="128" count="3" type="cond" truecount="2" falsecount="1"/>
        <line num="129" count="0" type="stmt"/>
        <line num="136" count="3" type="cond" truecount="1" falsecount="0"/>
        <line num="140" count="1" type="stmt"/>
        <line num="144" count="55" type="stmt"/>
        <line num="147" count="6" type="stmt"/>
        <line num="152" count="3" type="stmt"/>
        <line num="153" count="9" type="stmt"/>
        <line num="155" count="3" type="stmt"/>
        <line num="158" count="6" type="stmt"/>
        <line num="163" count="5" type="stmt"/>
        <line num="170" count="5" type="stmt"/>
        <line num="179" count="5" type="stmt"/>
        <line num="182" count="6" type="stmt"/>
        <line num="187" count="2" type="stmt"/>
        <line num="188" count="2" type="cond" truecount="1" falsecount="1"/>
        <line num="189" count="0" type="stmt"/>
        <line num="191" count="2" type="stmt"/>
        <line num="194" count="6" type="stmt"/>
        <line num="199" count="57" type="stmt"/>
        <line num="201" count="57" type="stmt"/>
        <line num="203" count="57" type="stmt"/>
        <line num="204" count="81" type="stmt"/>
        <line num="205" count="78" type="cond" truecount="4" falsecount="0"/>
        <line num="206" count="76" type="cond" truecount="3" falsecount="0"/>
        <line num="208" count="6" type="stmt"/>
        <line num="212" count="46" type="stmt"/>
        <line num="215" count="6" type="stmt"/>
        <line num="220" count="9" type="stmt"/>
        <line num="222" count="9" type="cond" truecount="0" falsecount="1"/>
        <line num="223" count="0" type="stmt"/>
        <line num="225" count="9" type="stmt"/>
        <line num="228" count="6" type="stmt"/>
        <line num="233" count="9" type="stmt"/>
        <line num="235" count="9" type="stmt"/>
        <line num="237" count="9" type="cond" truecount="2" falsecount="0"/>
        <line num="238" count="3" type="stmt"/>
        <line num="239" count="6" type="cond" truecount="3" falsecount="1"/>
        <line num="240" count="0" type="stmt"/>
        <line num="241" count="0" type="cond" truecount="0" falsecount="1"/>
        <line num="242" count="0" type="stmt"/>
        <line num="243" count="0" type="stmt"/>
        <line num="246" count="6" type="cond" truecount="1" falsecount="0"/>
        <line num="248" count="9" type="stmt"/>
        <line num="257" count="43" type="cond" truecount="1" falsecount="0"/>
        <line num="258" count="2" type="stmt"/>
        <line num="259" count="2" type="cond" truecount="1" falsecount="0"/>
        <line num="261" count="2" type="stmt"/>
        <line num="268" count="0" type="stmt"/>
        <line num="271" count="41" type="cond" truecount="1" falsecount="0"/>
        <line num="272" count="1" type="stmt"/>
        <line num="273" count="1" type="cond" truecount="1" falsecount="0"/>
        <line num="275" count="1" type="cond" truecount="0" falsecount="1"/>
        <line num="277" count="1" type="stmt"/>
        <line num="284" count="0" type="stmt"/>
        <line num="287" count="40" type="cond" truecount="2" falsecount="1"/>
        <line num="289" count="0" type="stmt"/>
        <line num="297" count="40" type="stmt"/>
        <line num="310" count="0" type="cond" truecount="0" falsecount="1"/>
        <line num="312" count="0" type="cond" truecount="0" falsecount="4"/>
        <line num="313" count="0" type="cond" truecount="0" falsecount="3"/>
        <line num="314" count="0" type="stmt"/>
        <line num="321" count="0" type="cond" truecount="0" falsecount="3"/>
        <line num="322" count="0" type="cond" truecount="0" falsecount="1"/>
        <line num="324" count="0" type="stmt"/>
        <line num="331" count="0" type="stmt"/>
        <line num="334" count="0" type="stmt"/>
        <line num="337" count="6" type="stmt"/>
        <line num="342" count="0" type="stmt"/>
        <line num="343" count="0" type="stmt"/>
        <line num="345" count="0" type="stmt"/>
        <line num="347" count="0" type="stmt"/>
        <line num="348" count="0" type="stmt"/>
        <line num="349" count="0" type="stmt"/>
        <line num="350" count="0" type="stmt"/>
        <line num="352" count="0" type="cond" truecount="0" falsecount="1"/>
        <line num="353" count="0" type="stmt"/>
        <line num="354" count="0" type="stmt"/>
        <line num="357" count="0" type="cond" truecount="0" falsecount="1"/>
        <line num="359" count="0" type="cond" truecount="0" falsecount="3"/>
        <line num="360" count="0" type="stmt"/>
        <line num="361" count="0" type="stmt"/>
        <line num="364" count="0" type="stmt"/>
        <line num="366" count="0" type="stmt"/>
        <line num="368" count="0" type="cond" truecount="0" falsecount="1"/>
        <line num="369" count="0" type="stmt"/>
        <line num="370" count="0" type="stmt"/>
        <line num="373" count="0" type="cond" truecount="0" falsecount="1"/>
        <line num="374" count="0" type="stmt"/>
        <line num="379" count="0" type="stmt"/>
        <line num="380" count="0" type="stmt"/>
        <line num="383" count="6" type="stmt"/>
        <line num="388" count="0" type="stmt"/>
        <line num="389" count="0" type="stmt"/>
        <line num="392" count="0" type="cond" truecount="0" falsecount="1"/>
        <line num="393" count="0" type="stmt"/>
        <line num="396" count="0" type="stmt"/>
        <line num="399" count="0" type="stmt"/>
        <line num="400" count="0" type="cond" truecount="0" falsecount="1"/>
        <line num="401" count="0" type="stmt"/>
        <line num="406" count="0" type="cond" truecount="0" falsecount="2"/>
        <line num="407" count="0" type="stmt"/>
        <line num="408" count="0" type="stmt"/>
        <line num="409" count="0" type="stmt"/>
        <line num="411" count="0" type="cond" truecount="0" falsecount="1"/>
        <line num="412" count="0" type="stmt"/>
        <line num="413" count="0" type="stmt"/>
        <line num="416" count="0" type="cond" truecount="0" falsecount="1"/>
        <line num="418" count="0" type="cond" truecount="0" falsecount="3"/>
        <line num="419" count="0" type="stmt"/>
        <line num="420" count="0" type="stmt"/>
        <line num="423" count="0" type="stmt"/>
        <line num="424" count="0" type="stmt"/>
        <line num="426" count="0" type="stmt"/>
        <line num="428" count="0" type="cond" truecount="0" falsecount="1"/>
        <line num="429" count="0" type="stmt"/>
        <line num="430" count="0" type="stmt"/>
        <line num="433" count="0" type="cond" truecount="0" falsecount="1"/>
        <line num="437" count="0" type="stmt"/>
        <line num="438" count="0" type="stmt"/>
        <line num="441" count="6" type="stmt"/>
        <line num="446" count="6" type="stmt"/>
        <line num="447" count="6" type="stmt"/>
        <line num="449" count="6" type="stmt"/>
        <line num="450" count="6" type="stmt"/>
        <line num="452" count="6" type="cond" truecount="2" falsecount="1"/>
        <line num="453" count="0" type="stmt"/>
        <line num="460" count="6" type="cond" truecount="2" falsecount="0"/>
        <line num="464" count="25" type="stmt"/>
        <line num="471" count="6" type="stmt"/>
        <line num="472" count="24" type="stmt"/>
        <line num="474" count="24" type="stmt"/>
        <line num="477" count="24" type="stmt"/>
        <line num="478" count="24" type="stmt"/>
        <line num="485" count="24" type="stmt"/>
        <line num="486" count="24" type="stmt"/>
        <line num="488" count="24" type="cond" truecount="1" falsecount="0"/>
        <line num="489" count="2" type="stmt"/>
        <line num="490" count="2" type="stmt"/>
        <line num="493" count="22" type="cond" truecount="1" falsecount="0"/>
        <line num="495" count="21" type="cond" truecount="2" falsecount="1"/>
        <line num="496" count="0" type="stmt"/>
        <line num="497" count="0" type="stmt"/>
        <line num="500" count="21" type="stmt"/>
        <line num="502" count="0" type="stmt"/>
        <line num="504" count="0" type="cond" truecount="0" falsecount="1"/>
        <line num="505" count="0" type="stmt"/>
        <line num="506" count="0" type="stmt"/>
        <line num="509" count="0" type="cond" truecount="0" falsecount="1"/>
        <line num="513" count="6" type="stmt"/>
        <line num="514" count="6" type="stmt"/>
        <line num="517" count="6" type="stmt"/>
        <line num="522" count="2" type="stmt"/>
        <line num="523" count="2" type="stmt"/>
        <line num="526" count="2" type="stmt"/>
        <line num="527" count="2" type="cond" truecount="0" falsecount="1"/>
        <line num="528" count="0" type="stmt"/>
        <line num="531" count="2" type="cond" truecount="1" falsecount="1"/>
        <line num="535" count="2" type="cond" truecount="0" falsecount="1"/>
        <line num="536" count="0" type="stmt"/>
        <line num="539" count="2" type="cond" truecount="1" falsecount="1"/>
        <line num="543" count="2" type="cond" truecount="0" falsecount="1"/>
        <line num="544" count="0" type="stmt"/>
        <line num="547" count="2" type="cond" truecount="0" falsecount="1"/>
        <line num="548" count="0" type="stmt"/>
        <line num="551" count="2" type="stmt"/>
        <line num="554" count="2" type="stmt"/>
        <line num="556" count="2" type="stmt"/>
        <line num="557" count="2" type="stmt"/>
        <line num="567" count="19" type="stmt"/>
        <line num="569" count="19" type="stmt"/>
        <line num="572" count="19" type="stmt"/>
        <line num="577" count="19" type="stmt"/>
        <line num="584" count="19" type="stmt"/>
        <line num="585" count="19" type="stmt"/>
        <line num="587" count="19" type="cond" truecount="0" falsecount="1"/>
        <line num="588" count="0" type="stmt"/>
        <line num="589" count="0" type="stmt"/>
        <line num="592" count="19" type="cond" truecount="0" falsecount="1"/>
        <line num="594" count="19" type="cond" truecount="2" falsecount="1"/>
        <line num="595" count="0" type="stmt"/>
        <line num="596" count="0" type="stmt"/>
        <line num="599" count="19" type="stmt"/>
        <line num="601" count="0" type="stmt"/>
        <line num="603" count="0" type="cond" truecount="0" falsecount="1"/>
        <line num="604" count="0" type="stmt"/>
        <line num="605" count="0" type="stmt"/>
        <line num="608" count="0" type="cond" truecount="0" falsecount="1"/>
        <line num="612" count="2" type="stmt"/>
        <line num="613" count="2" type="stmt"/>
        <line num="616" count="6" type="stmt"/>
        <line num="621" count="2" type="cond" truecount="0" falsecount="1"/>
        <line num="622" count="0" type="stmt"/>
        <line num="626" count="2" type="cond" truecount="2" falsecount="0"/>
        <line num="628" count="2" type="stmt"/>
        <line num="636" count="6" type="stmt"/>
        <line num="641" count="1" type="cond" truecount="0" falsecount="1"/>
        <line num="642" count="0" type="stmt"/>
        <line num="645" count="1" type="stmt"/>
      </file>
      <file name="types.ts" path="C:\Users\skmak\Desktop\_work_\lingo-interpreted-language\src\runtime\eval\types.ts">
        <metrics statements="51" coveredstatements="25" conditionals="12" coveredconditionals="1" methods="7" coveredmethods="4"/>
        <line num="2" count="6" type="stmt"/>
        <line num="4" count="6" type="stmt"/>
        <line num="25" count="6" type="stmt"/>
        <line num="30" count="57" type="stmt"/>
        <line num="37" count="6" type="stmt"/>
        <line num="42" count="0" type="stmt"/>
        <line num="43" count="0" type="stmt"/>
        <line num="45" count="0" type="stmt"/>
        <line num="46" count="0" type="stmt"/>
        <line num="47" count="0" type="cond" truecount="0" falsecount="1"/>
        <line num="48" count="0" type="stmt"/>
        <line num="51" count="0" type="stmt"/>
        <line num="52" count="0" type="stmt"/>
        <line num="55" count="0" type="stmt"/>
        <line num="64" count="6" type="stmt"/>
        <line num="69" count="18" type="stmt"/>
        <line num="70" count="18" type="cond" truecount="0" falsecount="1"/>
        <line num="71" count="0" type="stmt"/>
        <line num="74" count="18" type="stmt"/>
        <line num="82" count="6" type="stmt"/>
        <line num="87" count="17" type="stmt"/>
        <line num="89" count="17" type="cond" truecount="1" falsecount="0"/>
        <line num="90" count="11" type="stmt"/>
        <line num="91" count="11" type="cond" truecount="0" falsecount="1"/>
        <line num="92" count="0" type="stmt"/>
        <line num="97" count="11" type="stmt"/>
        <line num="100" count="17" type="stmt"/>
        <line num="109" count="6" type="stmt"/>
        <line num="115" count="0" type="cond" truecount="0" falsecount="2"/>
        <line num="116" count="0" type="cond" truecount="0" falsecount="3"/>
        <line num="117" count="0" type="stmt"/>
        <line num="121" count="0" type="stmt"/>
        <line num="122" count="0" type="stmt"/>
        <line num="124" count="0" type="stmt"/>
        <line num="125" count="0" type="cond" truecount="0" falsecount="1"/>
        <line num="126" count="0" type="stmt"/>
        <line num="128" count="0" type="stmt"/>
        <line num="131" count="0" type="stmt"/>
        <line num="140" count="6" type="stmt"/>
        <line num="145" count="5" type="stmt"/>
        <line num="147" count="5" type="stmt"/>
        <line num="148" count="10" type="stmt"/>
        <line num="149" count="10" type="cond" truecount="0" falsecount="1"/>
        <line num="150" count="0" type="stmt"/>
        <line num="152" count="10" type="stmt"/>
        <line num="155" count="5" type="stmt"/>
        <line num="162" count="6" type="stmt"/>
        <line num="167" count="0" type="stmt"/>
        <line num="168" count="0" type="cond" truecount="0" falsecount="1"/>
        <line num="169" count="0" type="stmt"/>
        <line num="172" count="0" type="stmt"/>
      </file>
    </package>
  </project>
</coverage>
