{"C:\\Users\\skmak\\Desktop\\_work_\\lingo-interpreted-language\\src\\contants.ts": {"path":"C:\\Users\\skmak\\Desktop\\_work_\\lingo-interpreted-language\\src\\contants.ts","statementMap":{"0":{"start":{"line":1,"column":13},"end":{"line":1,"column":null}}},"fnMap":{},"branchMap":{},"s":{"0":15},"f":{},"b":{}}
,"C:\\Users\\skmak\\Desktop\\_work_\\lingo-interpreted-language\\src\\helpers.ts": {"path":"C:\\Users\\skmak\\Desktop\\_work_\\lingo-interpreted-language\\src\\helpers.ts","statementMap":{"0":{"start":{"line":1,"column":0},"end":{"line":1,"column":29}},"1":{"start":{"line":2,"column":0},"end":{"line":2,"column":36}},"2":{"start":{"line":3,"column":0},"end":{"line":3,"column":23}},"3":{"start":{"line":4,"column":0},"end":{"line":4,"column":32}},"4":{"start":{"line":7,"column":2},"end":{"line":17,"column":null}},"5":{"start":{"line":8,"column":19},"end":{"line":11,"column":6}},"6":{"start":{"line":13,"column":4},"end":{"line":16,"column":null}},"7":{"start":{"line":14,"column":6},"end":{"line":14,"column":null}},"8":{"start":{"line":15,"column":6},"end":{"line":15,"column":null}},"9":{"start":{"line":6,"column":0},"end":{"line":6,"column":7}},"10":{"start":{"line":21,"column":2},"end":{"line":21,"column":null}},"11":{"start":{"line":21,"column":30},"end":{"line":21,"column":null}},"12":{"start":{"line":23,"column":2},"end":{"line":23,"column":null}},"13":{"start":{"line":20,"column":0},"end":{"line":20,"column":16}},"14":{"start":{"line":28,"column":4},"end":{"line":28,"column":null}},"15":{"start":{"line":26,"column":0},"end":{"line":26,"column":13}},"16":{"start":{"line":32,"column":28},"end":{"line":45,"column":1}},"17":{"start":{"line":33,"column":19},"end":{"line":33,"column":27}},"18":{"start":{"line":35,"column":2},"end":{"line":44,"column":null}},"19":{"start":{"line":36,"column":4},"end":{"line":43,"column":null}},"20":{"start":{"line":37,"column":6},"end":{"line":37,"column":null}},"21":{"start":{"line":37,"column":15},"end":{"line":37,"column":null}},"22":{"start":{"line":39,"column":6},"end":{"line":42,"column":null}},"23":{"start":{"line":40,"column":8},"end":{"line":40,"column":null}},"24":{"start":{"line":40,"column":17},"end":{"line":40,"column":null}},"25":{"start":{"line":41,"column":8},"end":{"line":41,"column":null}},"26":{"start":{"line":32,"column":13},"end":{"line":32,"column":28}}},"fnMap":{"0":{"name":"prompt","decl":{"start":{"line":6,"column":22},"end":{"line":6,"column":28}},"loc":{"start":{"line":6,"column":45},"end":{"line":18,"column":1}}},"1":{"name":"(anonymous_8)","decl":{"start":{"line":7,"column":21},"end":{"line":7,"column":22}},"loc":{"start":{"line":7,"column":33},"end":{"line":17,"column":3}}},"2":{"name":"(anonymous_9)","decl":{"start":{"line":13,"column":30},"end":{"line":13,"column":31}},"loc":{"start":{"line":13,"column":48},"end":{"line":16,"column":5}}},"3":{"name":"validateFilename","decl":{"start":{"line":20,"column":16},"end":{"line":20,"column":32}},"loc":{"start":{"line":20,"column":49},"end":{"line":24,"column":1}}},"4":{"name":"(anonymous_11)","decl":{"start":{"line":27,"column":2},"end":{"line":27,"column":8}},"loc":{"start":{"line":27,"column":36},"end":{"line":29,"column":3}}},"5":{"name":"(anonymous_12)","decl":{"start":{"line":32,"column":28},"end":{"line":32,"column":29}},"loc":{"start":{"line":32,"column":63},"end":{"line":45,"column":1}}},"6":{"name":"(anonymous_13)","decl":{"start":{"line":35,"column":21},"end":{"line":35,"column":22}},"loc":{"start":{"line":35,"column":41},"end":{"line":44,"column":3}}},"7":{"name":"(anonymous_14)","decl":{"start":{"line":36,"column":44},"end":{"line":36,"column":45}},"loc":{"start":{"line":36,"column":52},"end":{"line":43,"column":5}}},"8":{"name":"(anonymous_15)","decl":{"start":{"line":39,"column":79},"end":{"line":39,"column":80}},"loc":{"start":{"line":39,"column":87},"end":{"line":42,"column":7}}}},"branchMap":{"0":{"loc":{"start":{"line":21,"column":2},"end":{"line":21,"column":null}},"type":"if","locations":[{"start":{"line":21,"column":2},"end":{"line":21,"column":null}}]},"1":{"loc":{"start":{"line":37,"column":6},"end":{"line":37,"column":null}},"type":"if","locations":[{"start":{"line":37,"column":6},"end":{"line":37,"column":null}}]},"2":{"loc":{"start":{"line":40,"column":8},"end":{"line":40,"column":null}},"type":"if","locations":[{"start":{"line":40,"column":8},"end":{"line":40,"column":null}}]}},"s":{"0":15,"1":15,"2":15,"3":15,"4":0,"5":0,"6":0,"7":0,"8":0,"9":15,"10":0,"11":0,"12":0,"13":15,"14":0,"15":15,"16":15,"17":0,"18":0,"19":0,"20":0,"21":0,"22":0,"23":0,"24":0,"25":0,"26":15},"f":{"0":0,"1":0,"2":0,"3":0,"4":0,"5":0,"6":0,"7":0,"8":0},"b":{"0":[0],"1":[0],"2":[0]}}
,"C:\\Users\\skmak\\Desktop\\_work_\\lingo-interpreted-language\\src\\frontend\\parser.ts": {"path":"C:\\Users\\skmak\\Desktop\\_work_\\lingo-interpreted-language\\src\\frontend\\parser.ts","statementMap":{"0":{"start":{"line":41,"column":0},"end":{"line":41,"column":39}},"1":{"start":{"line":42,"column":0},"end":{"line":42,"column":41}},"2":{"start":{"line":43,"column":0},"end":{"line":43,"column":51}},"3":{"start":{"line":45,"column":0},"end":{"line":45,"column":null}},"4":{"start":{"line":46,"column":2},"end":{"line":46,"column":null}},"5":{"start":{"line":47,"column":2},"end":{"line":47,"column":null}},"6":{"start":{"line":48,"column":2},"end":{"line":48,"column":null}},"7":{"start":{"line":52,"column":2},"end":{"line":55,"column":null}},"8":{"start":{"line":51,"column":0},"end":{"line":51,"column":16}},"9":{"start":{"line":59,"column":32},"end":{"line":69,"column":null}},"10":{"start":{"line":70,"column":2},"end":{"line":70,"column":null}},"11":{"start":{"line":58,"column":0},"end":{"line":58,"column":16}},"12":{"start":{"line":74,"column":2},"end":{"line":74,"column":null}},"13":{"start":{"line":78,"column":2},"end":{"line":78,"column":null}},"14":{"start":{"line":82,"column":10},"end":{"line":82,"column":35}},"15":{"start":{"line":83,"column":10},"end":{"line":83,"column":52}},"16":{"start":{"line":84,"column":10},"end":{"line":84,"column":null}},"17":{"start":{"line":91,"column":10},"end":{"line":91,"column":null}},"18":{"start":{"line":86,"column":4},"end":{"line":88,"column":null}},"19":{"start":{"line":87,"column":6},"end":{"line":87,"column":null}},"20":{"start":{"line":94,"column":4},"end":{"line":94,"column":null}},"21":{"start":{"line":98,"column":4},"end":{"line":98,"column":null}},"22":{"start":{"line":102,"column":4},"end":{"line":102,"column":null}},"23":{"start":{"line":106,"column":17},"end":{"line":106,"column":36}},"24":{"start":{"line":107,"column":4},"end":{"line":109,"column":null}},"25":{"start":{"line":108,"column":6},"end":{"line":108,"column":null}},"26":{"start":{"line":110,"column":4},"end":{"line":110,"column":null}},"27":{"start":{"line":114,"column":18},"end":{"line":114,"column":37}},"28":{"start":{"line":115,"column":4},"end":{"line":117,"column":null}},"29":{"start":{"line":116,"column":6},"end":{"line":116,"column":null}},"30":{"start":{"line":118,"column":4},"end":{"line":118,"column":null}},"31":{"start":{"line":122,"column":18},"end":{"line":122,"column":28}},"32":{"start":{"line":123,"column":4},"end":{"line":125,"column":null}},"33":{"start":{"line":124,"column":6},"end":{"line":124,"column":null}},"34":{"start":{"line":129,"column":18},"end":{"line":129,"column":28}},"35":{"start":{"line":130,"column":4},"end":{"line":132,"column":null}},"36":{"start":{"line":131,"column":6},"end":{"line":131,"column":null}},"37":{"start":{"line":137,"column":4},"end":{"line":162,"column":null}},"38":{"start":{"line":141,"column":8},"end":{"line":141,"column":null}},"39":{"start":{"line":143,"column":8},"end":{"line":143,"column":null}},"40":{"start":{"line":145,"column":8},"end":{"line":145,"column":null}},"41":{"start":{"line":147,"column":8},"end":{"line":147,"column":null}},"42":{"start":{"line":149,"column":8},"end":{"line":149,"column":null}},"43":{"start":{"line":151,"column":8},"end":{"line":151,"column":null}},"44":{"start":{"line":153,"column":8},"end":{"line":153,"column":null}},"45":{"start":{"line":155,"column":8},"end":{"line":155,"column":null}},"46":{"start":{"line":157,"column":8},"end":{"line":157,"column":null}},"47":{"start":{"line":159,"column":8},"end":{"line":159,"column":null}},"48":{"start":{"line":161,"column":8},"end":{"line":161,"column":null}},"49":{"start":{"line":166,"column":4},"end":{"line":166,"column":15}},"50":{"start":{"line":167,"column":4},"end":{"line":169,"column":null}},"51":{"start":{"line":168,"column":6},"end":{"line":168,"column":null}},"52":{"start":{"line":170,"column":17},"end":{"line":170,"column":39}},"53":{"start":{"line":171,"column":4},"end":{"line":171,"column":null}},"54":{"start":{"line":172,"column":17},"end":{"line":172,"column":34}},"55":{"start":{"line":173,"column":4},"end":{"line":173,"column":null}},"56":{"start":{"line":178,"column":21},"end":{"line":178,"column":80}},"57":{"start":{"line":181,"column":4},"end":{"line":183,"column":null}},"58":{"start":{"line":182,"column":6},"end":{"line":182,"column":null}},"59":{"start":{"line":186,"column":4},"end":{"line":193,"column":null}},"60":{"start":{"line":198,"column":4},"end":{"line":201,"column":null}},"61":{"start":{"line":199,"column":6},"end":{"line":199,"column":null}},"62":{"start":{"line":200,"column":6},"end":{"line":200,"column":null}},"63":{"start":{"line":203,"column":4},"end":{"line":203,"column":21}},"64":{"start":{"line":207,"column":18},"end":{"line":207,"column":27}},"65":{"start":{"line":208,"column":4},"end":{"line":210,"column":null}},"66":{"start":{"line":209,"column":6},"end":{"line":209,"column":null}},"67":{"start":{"line":212,"column":4},"end":{"line":214,"column":null}},"68":{"start":{"line":213,"column":6},"end":{"line":213,"column":null}},"69":{"start":{"line":217,"column":15},"end":{"line":217,"column":39}},"70":{"start":{"line":220,"column":4},"end":{"line":234,"column":null}},"71":{"start":{"line":221,"column":6},"end":{"line":221,"column":17}},"72":{"start":{"line":222,"column":20},"end":{"line":222,"column":44}},"73":{"start":{"line":225,"column":6},"end":{"line":233,"column":null}},"74":{"start":{"line":226,"column":8},"end":{"line":226,"column":null}},"75":{"start":{"line":229,"column":8},"end":{"line":232,"column":null}},"76":{"start":{"line":236,"column":4},"end":{"line":236,"column":null}},"77":{"start":{"line":240,"column":4},"end":{"line":240,"column":15}},"78":{"start":{"line":241,"column":20},"end":{"line":241,"column":45}},"79":{"start":{"line":243,"column":4},"end":{"line":243,"column":null}},"80":{"start":{"line":245,"column":4},"end":{"line":261,"column":null}},"81":{"start":{"line":246,"column":19},"end":{"line":246,"column":83}},"82":{"start":{"line":247,"column":6},"end":{"line":247,"column":null}},"83":{"start":{"line":248,"column":19},"end":{"line":248,"column":36}},"84":{"start":{"line":250,"column":6},"end":{"line":252,"column":null}},"85":{"start":{"line":251,"column":8},"end":{"line":251,"column":null}},"86":{"start":{"line":254,"column":21},"end":{"line":254,"column":26}},"87":{"start":{"line":255,"column":6},"end":{"line":258,"column":null}},"88":{"start":{"line":256,"column":8},"end":{"line":256,"column":null}},"89":{"start":{"line":257,"column":8},"end":{"line":257,"column":null}},"90":{"start":{"line":260,"column":6},"end":{"line":260,"column":null}},"91":{"start":{"line":263,"column":4},"end":{"line":263,"column":null}},"92":{"start":{"line":265,"column":4},"end":{"line":265,"column":null}},"93":{"start":{"line":269,"column":20},"end":{"line":269,"column":58}},"94":{"start":{"line":271,"column":4},"end":{"line":282,"column":null}},"95":{"start":{"line":272,"column":6},"end":{"line":281,"column":null}},"96":{"start":{"line":274,"column":10},"end":{"line":274,"column":null}},"97":{"start":{"line":275,"column":10},"end":{"line":275,"column":15}},"98":{"start":{"line":277,"column":10},"end":{"line":277,"column":null}},"99":{"start":{"line":278,"column":10},"end":{"line":278,"column":15}},"100":{"start":{"line":280,"column":10},"end":{"line":280,"column":null}},"101":{"start":{"line":284,"column":4},"end":{"line":284,"column":null}},"102":{"start":{"line":288,"column":4},"end":{"line":288,"column":15}},"103":{"start":{"line":289,"column":20},"end":{"line":289,"column":46}},"104":{"start":{"line":290,"column":4},"end":{"line":290,"column":null}},"105":{"start":{"line":294,"column":4},"end":{"line":294,"column":15}},"106":{"start":{"line":295,"column":17},"end":{"line":295,"column":97}},"107":{"start":{"line":297,"column":54},"end":{"line":297,"column":63}},"108":{"start":{"line":298,"column":4},"end":{"line":300,"column":null}},"109":{"start":{"line":299,"column":6},"end":{"line":299,"column":null}},"110":{"start":{"line":302,"column":36},"end":{"line":302,"column":55}},"111":{"start":{"line":304,"column":4},"end":{"line":306,"column":null}},"112":{"start":{"line":305,"column":6},"end":{"line":305,"column":null}},"113":{"start":{"line":308,"column":23},"end":{"line":308,"column":47}},"114":{"start":{"line":310,"column":4},"end":{"line":312,"column":null}},"115":{"start":{"line":311,"column":6},"end":{"line":311,"column":null}},"116":{"start":{"line":314,"column":35},"end":{"line":314,"column":44}},"117":{"start":{"line":315,"column":4},"end":{"line":317,"column":null}},"118":{"start":{"line":316,"column":6},"end":{"line":316,"column":null}},"119":{"start":{"line":319,"column":4},"end":{"line":326,"column":null}},"120":{"start":{"line":330,"column":4},"end":{"line":330,"column":15}},"121":{"start":{"line":331,"column":17},"end":{"line":331,"column":96}},"122":{"start":{"line":333,"column":46},"end":{"line":333,"column":55}},"123":{"start":{"line":334,"column":4},"end":{"line":336,"column":null}},"124":{"start":{"line":335,"column":6},"end":{"line":335,"column":null}},"125":{"start":{"line":338,"column":4},"end":{"line":340,"column":null}},"126":{"start":{"line":339,"column":6},"end":{"line":339,"column":null}},"127":{"start":{"line":342,"column":23},"end":{"line":342,"column":47}},"128":{"start":{"line":344,"column":4},"end":{"line":346,"column":null}},"129":{"start":{"line":345,"column":6},"end":{"line":345,"column":null}},"130":{"start":{"line":348,"column":35},"end":{"line":348,"column":44}},"131":{"start":{"line":349,"column":4},"end":{"line":351,"column":null}},"132":{"start":{"line":350,"column":6},"end":{"line":350,"column":null}},"133":{"start":{"line":353,"column":4},"end":{"line":359,"column":null}},"134":{"start":{"line":363,"column":4},"end":{"line":363,"column":15}},"135":{"start":{"line":365,"column":53},"end":{"line":365,"column":62}},"136":{"start":{"line":366,"column":40},"end":{"line":366,"column":49}},"137":{"start":{"line":367,"column":19},"end":{"line":367,"column":28}},"138":{"start":{"line":370,"column":4},"end":{"line":377,"column":null}},"139":{"start":{"line":371,"column":6},"end":{"line":371,"column":null}},"140":{"start":{"line":374,"column":6},"end":{"line":376,"column":null}},"141":{"start":{"line":375,"column":8},"end":{"line":375,"column":null}},"142":{"start":{"line":379,"column":4},"end":{"line":379,"column":15}},"143":{"start":{"line":380,"column":4},"end":{"line":380,"column":null}},"144":{"start":{"line":382,"column":4},"end":{"line":382,"column":null}},"145":{"start":{"line":384,"column":20},"end":{"line":384,"column":46}},"146":{"start":{"line":386,"column":4},"end":{"line":386,"column":null}},"147":{"start":{"line":388,"column":4},"end":{"line":394,"column":null}},"148":{"start":{"line":399,"column":15},"end":{"line":399,"column":37}},"149":{"start":{"line":402,"column":4},"end":{"line":411,"column":null}},"150":{"start":{"line":403,"column":6},"end":{"line":403,"column":17}},"151":{"start":{"line":404,"column":6},"end":{"line":404,"column":null}},"152":{"start":{"line":407,"column":6},"end":{"line":410,"column":null}},"153":{"start":{"line":413,"column":4},"end":{"line":413,"column":null}},"154":{"start":{"line":418,"column":4},"end":{"line":435,"column":null}},"155":{"start":{"line":419,"column":23},"end":{"line":419,"column":33}},"156":{"start":{"line":422,"column":6},"end":{"line":424,"column":null}},"157":{"start":{"line":423,"column":8},"end":{"line":423,"column":null}},"158":{"start":{"line":423,"column":22},"end":{"line":423,"column":null}},"159":{"start":{"line":427,"column":6},"end":{"line":434,"column":null}},"160":{"start":{"line":438,"column":22},"end":{"line":447,"column":null}},"161":{"start":{"line":450,"column":4},"end":{"line":453,"column":null}},"162":{"start":{"line":457,"column":4},"end":{"line":457,"column":15}},"163":{"start":{"line":459,"column":40},"end":{"line":459,"column":42}},"164":{"start":{"line":462,"column":4},"end":{"line":486,"column":null}},"165":{"start":{"line":464,"column":29},"end":{"line":464,"column":98}},"166":{"start":{"line":466,"column":45},"end":{"line":466,"column":54}},"167":{"start":{"line":469,"column":6},"end":{"line":472,"column":null}},"168":{"start":{"line":470,"column":8},"end":{"line":470,"column":19}},"169":{"start":{"line":471,"column":8},"end":{"line":471,"column":null}},"170":{"start":{"line":475,"column":6},"end":{"line":479,"column":null}},"171":{"start":{"line":481,"column":6},"end":{"line":485,"column":null}},"172":{"start":{"line":482,"column":8},"end":{"line":482,"column":19}},"173":{"start":{"line":484,"column":8},"end":{"line":484,"column":13}},"174":{"start":{"line":488,"column":18},"end":{"line":488,"column":28}},"175":{"start":{"line":490,"column":4},"end":{"line":492,"column":null}},"176":{"start":{"line":491,"column":6},"end":{"line":491,"column":null}},"177":{"start":{"line":494,"column":4},"end":{"line":498,"column":null}},"178":{"start":{"line":502,"column":21},"end":{"line":502,"column":56}},"179":{"start":{"line":504,"column":4},"end":{"line":508,"column":null}},"180":{"start":{"line":505,"column":6},"end":{"line":505,"column":null}},"181":{"start":{"line":507,"column":6},"end":{"line":507,"column":null}},"182":{"start":{"line":510,"column":29},"end":{"line":510,"column":84}},"183":{"start":{"line":512,"column":4},"end":{"line":512,"column":null}},"184":{"start":{"line":512,"column":55},"end":{"line":512,"column":null}},"185":{"start":{"line":514,"column":4},"end":{"line":518,"column":null}},"186":{"start":{"line":515,"column":6},"end":{"line":515,"column":null}},"187":{"start":{"line":517,"column":6},"end":{"line":517,"column":null}},"188":{"start":{"line":522,"column":26},"end":{"line":522,"column":28}},"189":{"start":{"line":524,"column":4},"end":{"line":526,"column":null}},"190":{"start":{"line":525,"column":6},"end":{"line":525,"column":null}},"191":{"start":{"line":528,"column":4},"end":{"line":528,"column":null}},"192":{"start":{"line":532,"column":21},"end":{"line":532,"column":30}},"193":{"start":{"line":533,"column":4},"end":{"line":535,"column":null}},"194":{"start":{"line":534,"column":6},"end":{"line":534,"column":null}},"195":{"start":{"line":537,"column":4},"end":{"line":543,"column":null}},"196":{"start":{"line":538,"column":6},"end":{"line":538,"column":17}},"197":{"start":{"line":539,"column":6},"end":{"line":540,"column":null}},"198":{"start":{"line":539,"column":23},"end":{"line":539,"column":null}},"199":{"start":{"line":540,"column":11},"end":{"line":540,"column":null}},"200":{"start":{"line":540,"column":43},"end":{"line":540,"column":null}},"201":{"start":{"line":542,"column":6},"end":{"line":542,"column":null}},"202":{"start":{"line":545,"column":4},"end":{"line":545,"column":null}},"203":{"start":{"line":549,"column":4},"end":{"line":549,"column":15}},"204":{"start":{"line":550,"column":17},"end":{"line":550,"column":97}},"205":{"start":{"line":552,"column":54},"end":{"line":552,"column":63}},"206":{"start":{"line":553,"column":4},"end":{"line":555,"column":null}},"207":{"start":{"line":554,"column":6},"end":{"line":554,"column":null}},"208":{"start":{"line":557,"column":19},"end":{"line":557,"column":38}},"209":{"start":{"line":559,"column":23},"end":{"line":559,"column":47}},"210":{"start":{"line":561,"column":17},"end":{"line":561,"column":40}},"211":{"start":{"line":563,"column":4},"end":{"line":570,"column":null}},"212":{"start":{"line":574,"column":4},"end":{"line":574,"column":15}},"213":{"start":{"line":576,"column":31},"end":{"line":576,"column":48}},"214":{"start":{"line":578,"column":4},"end":{"line":582,"column":null}},"215":{"start":{"line":579,"column":6},"end":{"line":579,"column":17}},"216":{"start":{"line":580,"column":6},"end":{"line":580,"column":null}},"217":{"start":{"line":580,"column":33},"end":{"line":580,"column":null}},"218":{"start":{"line":581,"column":6},"end":{"line":581,"column":null}},"219":{"start":{"line":584,"column":4},"end":{"line":584,"column":null}},"220":{"start":{"line":589,"column":27},"end":{"line":589,"column":64}},"221":{"start":{"line":590,"column":4},"end":{"line":590,"column":35}},"222":{"start":{"line":590,"column":24},"end":{"line":590,"column":35}},"223":{"start":{"line":592,"column":22},"end":{"line":592,"column":39}},"224":{"start":{"line":594,"column":4},"end":{"line":594,"column":null}},"225":{"start":{"line":594,"column":24},"end":{"line":594,"column":null}},"226":{"start":{"line":596,"column":4},"end":{"line":596,"column":null}},"227":{"start":{"line":600,"column":4},"end":{"line":600,"column":15}},"228":{"start":{"line":602,"column":18},"end":{"line":602,"column":40}},"229":{"start":{"line":604,"column":17},"end":{"line":604,"column":40}},"230":{"start":{"line":606,"column":24},"end":{"line":606,"column":26}},"231":{"start":{"line":609,"column":4},"end":{"line":620,"column":null}},"232":{"start":{"line":610,"column":6},"end":{"line":610,"column":17}},"233":{"start":{"line":611,"column":6},"end":{"line":611,"column":17}},"234":{"start":{"line":613,"column":25},"end":{"line":617,"column":null}},"235":{"start":{"line":619,"column":6},"end":{"line":619,"column":null}},"236":{"start":{"line":622,"column":28},"end":{"line":622,"column":30}},"237":{"start":{"line":625,"column":4},"end":{"line":628,"column":null}},"238":{"start":{"line":626,"column":6},"end":{"line":626,"column":17}},"239":{"start":{"line":627,"column":6},"end":{"line":627,"column":null}},"240":{"start":{"line":630,"column":19},"end":{"line":636,"column":null}},"241":{"start":{"line":638,"column":4},"end":{"line":638,"column":null}},"242":{"start":{"line":642,"column":19},"end":{"line":642,"column":54}},"243":{"start":{"line":643,"column":4},"end":{"line":643,"column":null}},"244":{"start":{"line":645,"column":4},"end":{"line":652,"column":null}},"245":{"start":{"line":646,"column":6},"end":{"line":646,"column":17}},"246":{"start":{"line":648,"column":20},"end":{"line":648,"column":96}},"247":{"start":{"line":650,"column":6},"end":{"line":650,"column":null}},"248":{"start":{"line":651,"column":6},"end":{"line":651,"column":null}},"249":{"start":{"line":653,"column":4},"end":{"line":653,"column":null}},"250":{"start":{"line":657,"column":4},"end":{"line":657,"column":null}},"251":{"start":{"line":657,"column":15},"end":{"line":657,"column":null}},"252":{"start":{"line":658,"column":4},"end":{"line":658,"column":null}},"253":{"start":{"line":673,"column":4},"end":{"line":673,"column":15}},"254":{"start":{"line":676,"column":4},"end":{"line":688,"column":null}},"255":{"start":{"line":677,"column":32},"end":{"line":677,"column":50}},"256":{"start":{"line":678,"column":19},"end":{"line":678,"column":42}},"257":{"start":{"line":680,"column":6},"end":{"line":680,"column":null}},"258":{"start":{"line":682,"column":6},"end":{"line":687,"column":null}},"259":{"start":{"line":691,"column":25},"end":{"line":691,"column":62}},"260":{"start":{"line":692,"column":4},"end":{"line":692,"column":null}},"261":{"start":{"line":692,"column":22},"end":{"line":692,"column":null}},"262":{"start":{"line":695,"column":4},"end":{"line":701,"column":null}},"263":{"start":{"line":700,"column":6},"end":{"line":700,"column":null}},"264":{"start":{"line":704,"column":4},"end":{"line":734,"column":null}},"265":{"start":{"line":705,"column":26},"end":{"line":705,"column":54}},"266":{"start":{"line":707,"column":6},"end":{"line":707,"column":null}},"267":{"start":{"line":709,"column":24},"end":{"line":709,"column":41}},"268":{"start":{"line":711,"column":6},"end":{"line":711,"column":null}},"269":{"start":{"line":713,"column":21},"end":{"line":713,"column":38}},"270":{"start":{"line":715,"column":6},"end":{"line":717,"column":null}},"271":{"start":{"line":716,"column":8},"end":{"line":716,"column":null}},"272":{"start":{"line":719,"column":32},"end":{"line":719,"column":50}},"273":{"start":{"line":721,"column":19},"end":{"line":721,"column":42}},"274":{"start":{"line":723,"column":6},"end":{"line":723,"column":null}},"275":{"start":{"line":725,"column":6},"end":{"line":733,"column":null}},"276":{"start":{"line":737,"column":22},"end":{"line":737,"column":39}},"277":{"start":{"line":739,"column":4},"end":{"line":741,"column":null}},"278":{"start":{"line":740,"column":6},"end":{"line":740,"column":null}},"279":{"start":{"line":743,"column":30},"end":{"line":743,"column":48}},"280":{"start":{"line":745,"column":17},"end":{"line":745,"column":40}},"281":{"start":{"line":747,"column":4},"end":{"line":747,"column":null}},"282":{"start":{"line":749,"column":4},"end":{"line":755,"column":null}},"283":{"start":{"line":759,"column":4},"end":{"line":759,"column":15}},"284":{"start":{"line":761,"column":23},"end":{"line":761,"column":91}},"285":{"start":{"line":763,"column":4},"end":{"line":763,"column":null}},"286":{"start":{"line":765,"column":21},"end":{"line":765,"column":89}},"287":{"start":{"line":767,"column":4},"end":{"line":767,"column":null}},"288":{"start":{"line":769,"column":4},"end":{"line":771,"column":null}},"289":{"start":{"line":770,"column":6},"end":{"line":770,"column":null}},"290":{"start":{"line":773,"column":21},"end":{"line":773,"column":38}},"291":{"start":{"line":776,"column":4},"end":{"line":778,"column":null}},"292":{"start":{"line":777,"column":6},"end":{"line":777,"column":null}},"293":{"start":{"line":780,"column":30},"end":{"line":780,"column":48}},"294":{"start":{"line":782,"column":17},"end":{"line":782,"column":40}},"295":{"start":{"line":784,"column":4},"end":{"line":784,"column":null}},"296":{"start":{"line":785,"column":4},"end":{"line":793,"column":null}},"297":{"start":{"line":800,"column":4},"end":{"line":800,"column":15}},"298":{"start":{"line":802,"column":18},"end":{"line":802,"column":35}},"299":{"start":{"line":806,"column":22},"end":{"line":806,"column":57}},"300":{"start":{"line":807,"column":4},"end":{"line":816,"column":null}},"301":{"start":{"line":808,"column":6},"end":{"line":808,"column":17}},"302":{"start":{"line":810,"column":6},"end":{"line":810,"column":null}},"303":{"start":{"line":812,"column":6},"end":{"line":815,"column":null}},"304":{"start":{"line":813,"column":8},"end":{"line":813,"column":19}},"305":{"start":{"line":814,"column":8},"end":{"line":814,"column":null}},"306":{"start":{"line":818,"column":30},"end":{"line":818,"column":48}},"307":{"start":{"line":820,"column":17},"end":{"line":820,"column":40}},"308":{"start":{"line":822,"column":4},"end":{"line":822,"column":null}},"309":{"start":{"line":824,"column":4},"end":{"line":835,"column":null}},"310":{"start":{"line":839,"column":4},"end":{"line":839,"column":15}},"311":{"start":{"line":841,"column":4},"end":{"line":843,"column":null}},"312":{"start":{"line":842,"column":6},"end":{"line":842,"column":null}},"313":{"start":{"line":845,"column":17},"end":{"line":845,"column":58}},"314":{"start":{"line":850,"column":4},"end":{"line":860,"column":null}},"315":{"start":{"line":851,"column":6},"end":{"line":851,"column":17}},"316":{"start":{"line":852,"column":25},"end":{"line":852,"column":89}},"317":{"start":{"line":854,"column":6},"end":{"line":856,"column":null}},"318":{"start":{"line":855,"column":8},"end":{"line":855,"column":null}},"319":{"start":{"line":858,"column":6},"end":{"line":858,"column":null}},"320":{"start":{"line":859,"column":6},"end":{"line":859,"column":null}},"321":{"start":{"line":863,"column":4},"end":{"line":865,"column":null}},"322":{"start":{"line":864,"column":6},"end":{"line":864,"column":null}},"323":{"start":{"line":867,"column":4},"end":{"line":872,"column":null}},"324":{"start":{"line":876,"column":4},"end":{"line":876,"column":15}},"325":{"start":{"line":878,"column":4},"end":{"line":880,"column":null}},"326":{"start":{"line":879,"column":6},"end":{"line":879,"column":null}},"327":{"start":{"line":882,"column":17},"end":{"line":882,"column":58}},"328":{"start":{"line":884,"column":4},"end":{"line":894,"column":null}},"329":{"start":{"line":885,"column":25},"end":{"line":885,"column":35}},"330":{"start":{"line":887,"column":6},"end":{"line":889,"column":null}},"331":{"start":{"line":888,"column":8},"end":{"line":888,"column":null}},"332":{"start":{"line":891,"column":6},"end":{"line":891,"column":null}},"333":{"start":{"line":893,"column":6},"end":{"line":893,"column":null}},"334":{"start":{"line":896,"column":4},"end":{"line":896,"column":null}},"335":{"start":{"line":900,"column":4},"end":{"line":900,"column":15}},"336":{"start":{"line":902,"column":4},"end":{"line":906,"column":null}},"337":{"start":{"line":910,"column":4},"end":{"line":914,"column":null}},"338":{"start":{"line":911,"column":6},"end":{"line":911,"column":null}},"339":{"start":{"line":912,"column":11},"end":{"line":914,"column":null}},"340":{"start":{"line":913,"column":6},"end":{"line":913,"column":null}},"341":{"start":{"line":929,"column":27},"end":{"line":929,"column":42}},"342":{"start":{"line":931,"column":23},"end":{"line":931,"column":56}},"343":{"start":{"line":932,"column":20},"end":{"line":932,"column":53}},"344":{"start":{"line":934,"column":21},"end":{"line":934,"column":77}},"345":{"start":{"line":936,"column":23},"end":{"line":938,"column":null}},"346":{"start":{"line":941,"column":17},"end":{"line":941,"column":44}},"347":{"start":{"line":948,"column":4},"end":{"line":993,"column":null}},"348":{"start":{"line":949,"column":43},"end":{"line":949,"column":45}},"349":{"start":{"line":952,"column":6},"end":{"line":957,"column":null}},"350":{"start":{"line":960,"column":6},"end":{"line":973,"column":null}},"351":{"start":{"line":961,"column":8},"end":{"line":961,"column":19}},"352":{"start":{"line":963,"column":27},"end":{"line":963,"column":96}},"353":{"start":{"line":965,"column":21},"end":{"line":965,"column":48}},"354":{"start":{"line":967,"column":8},"end":{"line":972,"column":null}},"355":{"start":{"line":976,"column":6},"end":{"line":987,"column":null}},"356":{"start":{"line":977,"column":8},"end":{"line":977,"column":19}},"357":{"start":{"line":980,"column":22},"end":{"line":980,"column":39}},"358":{"start":{"line":981,"column":8},"end":{"line":983,"column":null}},"359":{"start":{"line":981,"column":21},"end":{"line":981,"column":22}},"360":{"start":{"line":982,"column":10},"end":{"line":982,"column":null}},"361":{"start":{"line":986,"column":8},"end":{"line":986,"column":null}},"362":{"start":{"line":989,"column":6},"end":{"line":992,"column":null}},"363":{"start":{"line":995,"column":41},"end":{"line":995,"column":43}},"364":{"start":{"line":1003,"column":4},"end":{"line":1012,"column":null}},"365":{"start":{"line":1004,"column":6},"end":{"line":1004,"column":17}},"366":{"start":{"line":1005,"column":6},"end":{"line":1011,"column":null}},"367":{"start":{"line":1015,"column":4},"end":{"line":1044,"column":null}},"368":{"start":{"line":1016,"column":6},"end":{"line":1038,"column":null}},"369":{"start":{"line":1017,"column":8},"end":{"line":1017,"column":19}},"370":{"start":{"line":1019,"column":27},"end":{"line":1019,"column":96}},"371":{"start":{"line":1021,"column":21},"end":{"line":1021,"column":48}},"372":{"start":{"line":1023,"column":20},"end":{"line":1028,"column":null}},"373":{"start":{"line":1030,"column":8},"end":{"line":1033,"column":null}},"374":{"start":{"line":1035,"column":8},"end":{"line":1035,"column":null}},"375":{"start":{"line":1037,"column":8},"end":{"line":1037,"column":null}},"376":{"start":{"line":1040,"column":6},"end":{"line":1043,"column":null}},"377":{"start":{"line":1046,"column":4},"end":{"line":1046,"column":null}},"378":{"start":{"line":1046,"column":32},"end":{"line":1046,"column":null}},"379":{"start":{"line":1049,"column":4},"end":{"line":1051,"column":null}},"380":{"start":{"line":1050,"column":6},"end":{"line":1050,"column":null}},"381":{"start":{"line":1054,"column":4},"end":{"line":1059,"column":null}},"382":{"start":{"line":1064,"column":4},"end":{"line":1064,"column":null}},"383":{"start":{"line":1068,"column":20},"end":{"line":1068,"column":40}},"384":{"start":{"line":1070,"column":4},"end":{"line":1074,"column":null}},"385":{"start":{"line":1071,"column":6},"end":{"line":1071,"column":null}},"386":{"start":{"line":1072,"column":20},"end":{"line":1072,"column":48}},"387":{"start":{"line":1073,"column":6},"end":{"line":1073,"column":null}},"388":{"start":{"line":1076,"column":4},"end":{"line":1076,"column":null}},"389":{"start":{"line":1080,"column":4},"end":{"line":1080,"column":15}},"390":{"start":{"line":1082,"column":21},"end":{"line":1082,"column":23}},"391":{"start":{"line":1084,"column":4},"end":{"line":1088,"column":null}},"392":{"start":{"line":1085,"column":17},"end":{"line":1085,"column":34}},"393":{"start":{"line":1086,"column":6},"end":{"line":1086,"column":56}},"394":{"start":{"line":1086,"column":45},"end":{"line":1086,"column":56}},"395":{"start":{"line":1087,"column":6},"end":{"line":1087,"column":null}},"396":{"start":{"line":1090,"column":4},"end":{"line":1090,"column":null}},"397":{"start":{"line":1092,"column":4},"end":{"line":1092,"column":null}},"398":{"start":{"line":1096,"column":4},"end":{"line":1096,"column":null}},"399":{"start":{"line":1098,"column":33},"end":{"line":1098,"column":35}},"400":{"start":{"line":1101,"column":4},"end":{"line":1101,"column":null}},"401":{"start":{"line":1104,"column":4},"end":{"line":1107,"column":null}},"402":{"start":{"line":1105,"column":6},"end":{"line":1105,"column":17}},"403":{"start":{"line":1106,"column":6},"end":{"line":1106,"column":null}},"404":{"start":{"line":1109,"column":4},"end":{"line":1109,"column":null}},"405":{"start":{"line":1111,"column":4},"end":{"line":1111,"column":null}},"406":{"start":{"line":1115,"column":23},"end":{"line":1115,"column":85}},"407":{"start":{"line":1117,"column":19},"end":{"line":1117,"column":28}},"408":{"start":{"line":1119,"column":4},"end":{"line":1121,"column":null}},"409":{"start":{"line":1120,"column":6},"end":{"line":1120,"column":null}},"410":{"start":{"line":1123,"column":4},"end":{"line":1123,"column":15}},"411":{"start":{"line":1124,"column":18},"end":{"line":1124,"column":39}},"412":{"start":{"line":1126,"column":4},"end":{"line":1150,"column":null}},"413":{"start":{"line":1127,"column":18},"end":{"line":1127,"column":82}},"414":{"start":{"line":1130,"column":6},"end":{"line":1139,"column":null}},"415":{"start":{"line":1131,"column":8},"end":{"line":1131,"column":19}},"416":{"start":{"line":1132,"column":8},"end":{"line":1132,"column":null}},"417":{"start":{"line":1133,"column":8},"end":{"line":1133,"column":16}},"418":{"start":{"line":1136,"column":11},"end":{"line":1139,"column":null}},"419":{"start":{"line":1137,"column":8},"end":{"line":1137,"column":null}},"420":{"start":{"line":1138,"column":8},"end":{"line":1138,"column":16}},"421":{"start":{"line":1142,"column":6},"end":{"line":1142,"column":null}},"422":{"start":{"line":1143,"column":20},"end":{"line":1143,"column":37}},"423":{"start":{"line":1145,"column":6},"end":{"line":1145,"column":null}},"424":{"start":{"line":1147,"column":6},"end":{"line":1149,"column":null}},"425":{"start":{"line":1148,"column":8},"end":{"line":1148,"column":null}},"426":{"start":{"line":1152,"column":4},"end":{"line":1152,"column":null}},"427":{"start":{"line":1153,"column":4},"end":{"line":1153,"column":null}},"428":{"start":{"line":1157,"column":4},"end":{"line":1164,"column":null}},"429":{"start":{"line":1158,"column":6},"end":{"line":1158,"column":null}},"430":{"start":{"line":1159,"column":11},"end":{"line":1164,"column":null}},"431":{"start":{"line":1163,"column":6},"end":{"line":1163,"column":null}},"432":{"start":{"line":1166,"column":4},"end":{"line":1166,"column":null}},"433":{"start":{"line":1170,"column":15},"end":{"line":1170,"column":44}},"434":{"start":{"line":1172,"column":4},"end":{"line":1181,"column":null}},"435":{"start":{"line":1173,"column":23},"end":{"line":1173,"column":33}},"436":{"start":{"line":1174,"column":20},"end":{"line":1174,"column":49}},"437":{"start":{"line":1175,"column":6},"end":{"line":1180,"column":null}},"438":{"start":{"line":1183,"column":4},"end":{"line":1183,"column":null}},"439":{"start":{"line":1187,"column":15},"end":{"line":1187,"column":41}},"440":{"start":{"line":1189,"column":4},"end":{"line":1201,"column":null}},"441":{"start":{"line":1193,"column":23},"end":{"line":1193,"column":33}},"442":{"start":{"line":1194,"column":20},"end":{"line":1194,"column":46}},"443":{"start":{"line":1195,"column":6},"end":{"line":1200,"column":null}},"444":{"start":{"line":1203,"column":4},"end":{"line":1203,"column":null}},"445":{"start":{"line":1208,"column":15},"end":{"line":1208,"column":46}},"446":{"start":{"line":1210,"column":4},"end":{"line":1219,"column":null}},"447":{"start":{"line":1211,"column":23},"end":{"line":1211,"column":33}},"448":{"start":{"line":1212,"column":20},"end":{"line":1212,"column":51}},"449":{"start":{"line":1213,"column":6},"end":{"line":1218,"column":null}},"450":{"start":{"line":1221,"column":4},"end":{"line":1221,"column":null}},"451":{"start":{"line":1226,"column":15},"end":{"line":1226,"column":44}},"452":{"start":{"line":1228,"column":4},"end":{"line":1237,"column":null}},"453":{"start":{"line":1229,"column":23},"end":{"line":1229,"column":33}},"454":{"start":{"line":1230,"column":20},"end":{"line":1230,"column":49}},"455":{"start":{"line":1231,"column":6},"end":{"line":1236,"column":null}},"456":{"start":{"line":1239,"column":4},"end":{"line":1239,"column":null}},"457":{"start":{"line":1243,"column":19},"end":{"line":1243,"column":43}},"458":{"start":{"line":1245,"column":4},"end":{"line":1245,"column":null}},"459":{"start":{"line":1245,"column":47},"end":{"line":1245,"column":null}},"460":{"start":{"line":1247,"column":4},"end":{"line":1247,"column":null}},"461":{"start":{"line":1251,"column":26},"end":{"line":1255,"column":null}},"462":{"start":{"line":1258,"column":4},"end":{"line":1258,"column":null}},"463":{"start":{"line":1258,"column":47},"end":{"line":1258,"column":null}},"464":{"start":{"line":1260,"column":4},"end":{"line":1260,"column":null}},"465":{"start":{"line":1264,"column":4},"end":{"line":1264,"column":null}},"466":{"start":{"line":1265,"column":17},"end":{"line":1265,"column":85}},"467":{"start":{"line":1267,"column":4},"end":{"line":1267,"column":null}},"468":{"start":{"line":1269,"column":4},"end":{"line":1269,"column":null}},"469":{"start":{"line":1275,"column":17},"end":{"line":1275,"column":47}},"470":{"start":{"line":1277,"column":4},"end":{"line":1277,"column":null}},"471":{"start":{"line":1277,"column":60},"end":{"line":1277,"column":null}},"472":{"start":{"line":1279,"column":4},"end":{"line":1279,"column":null}},"473":{"start":{"line":1283,"column":4},"end":{"line":1283,"column":null}},"474":{"start":{"line":1284,"column":19},"end":{"line":1284,"column":89}},"475":{"start":{"line":1286,"column":4},"end":{"line":1286,"column":null}},"476":{"start":{"line":1288,"column":4},"end":{"line":1288,"column":null}},"477":{"start":{"line":1293,"column":19},"end":{"line":1293,"column":73}},"478":{"start":{"line":1295,"column":4},"end":{"line":1295,"column":null}},"479":{"start":{"line":1295,"column":60},"end":{"line":1295,"column":null}},"480":{"start":{"line":1297,"column":4},"end":{"line":1297,"column":null}},"481":{"start":{"line":1302,"column":4},"end":{"line":1306,"column":null}},"482":{"start":{"line":1303,"column":6},"end":{"line":1303,"column":null}},"483":{"start":{"line":1305,"column":6},"end":{"line":1305,"column":null}},"484":{"start":{"line":1309,"column":17},"end":{"line":1309,"column":69}},"485":{"start":{"line":1312,"column":4},"end":{"line":1325,"column":null}},"486":{"start":{"line":1313,"column":6},"end":{"line":1313,"column":null}},"487":{"start":{"line":1313,"column":22},"end":{"line":1313,"column":null}},"488":{"start":{"line":1315,"column":6},"end":{"line":1315,"column":17}},"489":{"start":{"line":1317,"column":25},"end":{"line":1317,"column":42}},"490":{"start":{"line":1319,"column":6},"end":{"line":1324,"column":null}},"491":{"start":{"line":1327,"column":4},"end":{"line":1327,"column":null}},"492":{"start":{"line":1331,"column":17},"end":{"line":1331,"column":42}},"493":{"start":{"line":1333,"column":4},"end":{"line":1358,"column":null}},"494":{"start":{"line":1334,"column":23},"end":{"line":1334,"column":33}},"495":{"start":{"line":1339,"column":6},"end":{"line":1350,"column":null}},"496":{"start":{"line":1340,"column":8},"end":{"line":1340,"column":null}},"497":{"start":{"line":1341,"column":8},"end":{"line":1341,"column":null}},"498":{"start":{"line":1343,"column":8},"end":{"line":1344,"column":null}},"499":{"start":{"line":1344,"column":10},"end":{"line":1344,"column":null}},"500":{"start":{"line":1347,"column":8},"end":{"line":1347,"column":null}},"501":{"start":{"line":1348,"column":8},"end":{"line":1348,"column":null}},"502":{"start":{"line":1349,"column":8},"end":{"line":1349,"column":null}},"503":{"start":{"line":1352,"column":6},"end":{"line":1357,"column":null}},"504":{"start":{"line":1360,"column":4},"end":{"line":1360,"column":null}},"505":{"start":{"line":1364,"column":24},"end":{"line":1364,"column":34}},"506":{"start":{"line":1365,"column":24},"end":{"line":1365,"column":41}},"507":{"start":{"line":1366,"column":49},"end":{"line":1366,"column":51}},"508":{"start":{"line":1368,"column":23},"end":{"line":1368,"column":34}},"509":{"start":{"line":1371,"column":4},"end":{"line":1388,"column":null}},"510":{"start":{"line":1372,"column":20},"end":{"line":1372,"column":32}},"511":{"start":{"line":1373,"column":22},"end":{"line":1373,"column":52}},"512":{"start":{"line":1375,"column":6},"end":{"line":1387,"column":null}},"513":{"start":{"line":1376,"column":16},"end":{"line":1376,"column":17}},"514":{"start":{"line":1377,"column":24},"end":{"line":1377,"column":82}},"515":{"start":{"line":1377,"column":55},"end":{"line":1377,"column":81}},"516":{"start":{"line":1380,"column":8},"end":{"line":1380,"column":null}},"517":{"start":{"line":1380,"column":56},"end":{"line":1380,"column":76}},"518":{"start":{"line":1383,"column":8},"end":{"line":1386,"column":null}},"519":{"start":{"line":1384,"column":25},"end":{"line":1384,"column":57}},"520":{"start":{"line":1385,"column":10},"end":{"line":1385,"column":null}},"521":{"start":{"line":1391,"column":23},"end":{"line":1391,"column":42}},"522":{"start":{"line":1392,"column":24},"end":{"line":1392,"column":60}},"523":{"start":{"line":1394,"column":4},"end":{"line":1394,"column":null}},"524":{"start":{"line":1396,"column":4},"end":{"line":1401,"column":null}},"525":{"start":{"line":1405,"column":4},"end":{"line":1405,"column":15}},"526":{"start":{"line":1406,"column":18},"end":{"line":1406,"column":35}},"527":{"start":{"line":1407,"column":4},"end":{"line":1410,"column":6}},"528":{"start":{"line":1411,"column":4},"end":{"line":1411,"column":null}},"529":{"start":{"line":1416,"column":15},"end":{"line":1416,"column":29}},"530":{"start":{"line":1418,"column":4},"end":{"line":1438,"column":null}},"531":{"start":{"line":1420,"column":8},"end":{"line":1420,"column":null}},"532":{"start":{"line":1422,"column":8},"end":{"line":1422,"column":null}},"533":{"start":{"line":1424,"column":28},"end":{"line":1424,"column":38}},"534":{"start":{"line":1425,"column":8},"end":{"line":1425,"column":null}},"535":{"start":{"line":1426,"column":8},"end":{"line":1426,"column":null}},"536":{"start":{"line":1429,"column":8},"end":{"line":1429,"column":42}},"537":{"start":{"line":1431,"column":8},"end":{"line":1431,"column":41}},"538":{"start":{"line":1433,"column":8},"end":{"line":1433,"column":null}},"539":{"start":{"line":1435,"column":8},"end":{"line":1435,"column":null}},"540":{"start":{"line":1437,"column":8},"end":{"line":1437,"column":null}},"541":{"start":{"line":1443,"column":4},"end":{"line":1443,"column":null}},"542":{"start":{"line":1443,"column":16},"end":{"line":1443,"column":null}},"543":{"start":{"line":1444,"column":29},"end":{"line":1447,"column":null}},"544":{"start":{"line":1449,"column":4},"end":{"line":1449,"column":null}},"545":{"start":{"line":1449,"column":22},"end":{"line":1449,"column":null}},"546":{"start":{"line":1451,"column":4},"end":{"line":1451,"column":null}},"547":{"start":{"line":1451,"column":27},"end":{"line":1451,"column":null}},"548":{"start":{"line":1453,"column":4},"end":{"line":1453,"column":null}},"549":{"start":{"line":81,"column":0},"end":{"line":81,"column":21}},"550":{"start":{"line":1458,"column":17},"end":{"line":1458,"column":41}},"551":{"start":{"line":1459,"column":2},"end":{"line":1459,"column":null}},"552":{"start":{"line":1457,"column":0},"end":{"line":1457,"column":16}}},"fnMap":{"0":{"name":"(anonymous_0)","decl":{"start":{"line":45,"column":0},"end":{"line":45,"column":5}},"loc":{"start":{"line":45,"column":15},"end":{"line":49,"column":1}}},"1":{"name":"get_leaf","decl":{"start":{"line":51,"column":16},"end":{"line":51,"column":24}},"loc":{"start":{"line":51,"column":37},"end":{"line":56,"column":1}}},"2":{"name":"is_expression_start","decl":{"start":{"line":58,"column":16},"end":{"line":58,"column":35}},"loc":{"start":{"line":58,"column":56},"end":{"line":71,"column":1}}},"3":{"name":"isLessThan","decl":{"start":{"line":73,"column":9},"end":{"line":73,"column":19}},"loc":{"start":{"line":73,"column":32},"end":{"line":75,"column":1}}},"4":{"name":"isGreaterThan","decl":{"start":{"line":77,"column":9},"end":{"line":77,"column":22}},"loc":{"start":{"line":77,"column":35},"end":{"line":79,"column":1}}},"5":{"name":"(anonymous_5)","decl":{"start":{"line":85,"column":2},"end":{"line":85,"column":14}},"loc":{"start":{"line":85,"column":30},"end":{"line":89,"column":3}}},"6":{"name":"(anonymous_6)","decl":{"start":{"line":93,"column":10},"end":{"line":93,"column":17}},"loc":{"start":{"line":93,"column":17},"end":{"line":95,"column":3}}},"7":{"name":"(anonymous_7)","decl":{"start":{"line":97,"column":10},"end":{"line":97,"column":12}},"loc":{"start":{"line":97,"column":22},"end":{"line":99,"column":3}}},"8":{"name":"(anonymous_8)","decl":{"start":{"line":101,"column":10},"end":{"line":101,"column":13}},"loc":{"start":{"line":101,"column":13},"end":{"line":103,"column":3}}},"9":{"name":"(anonymous_9)","decl":{"start":{"line":105,"column":10},"end":{"line":105,"column":16}},"loc":{"start":{"line":105,"column":42},"end":{"line":111,"column":3}}},"10":{"name":"(anonymous_10)","decl":{"start":{"line":113,"column":10},"end":{"line":113,"column":21}},"loc":{"start":{"line":113,"column":69},"end":{"line":119,"column":3}}},"11":{"name":"(anonymous_11)","decl":{"start":{"line":121,"column":10},"end":{"line":121,"column":26}},"loc":{"start":{"line":121,"column":26},"end":{"line":126,"column":3}}},"12":{"name":"(anonymous_12)","decl":{"start":{"line":128,"column":10},"end":{"line":128,"column":29}},"loc":{"start":{"line":128,"column":29},"end":{"line":133,"column":3}}},"13":{"name":"(anonymous_13)","decl":{"start":{"line":136,"column":10},"end":{"line":136,"column":20}},"loc":{"start":{"line":136,"column":20},"end":{"line":163,"column":3}}},"14":{"name":"(anonymous_14)","decl":{"start":{"line":165,"column":10},"end":{"line":165,"column":32}},"loc":{"start":{"line":165,"column":32},"end":{"line":174,"column":3}}},"15":{"name":"(anonymous_15)","decl":{"start":{"line":176,"column":10},"end":{"line":176,"column":25}},"loc":{"start":{"line":176,"column":25},"end":{"line":194,"column":3}}},"16":{"name":"(anonymous_16)","decl":{"start":{"line":196,"column":10},"end":{"line":196,"column":30}},"loc":{"start":{"line":196,"column":73},"end":{"line":204,"column":3}}},"17":{"name":"(anonymous_17)","decl":{"start":{"line":206,"column":10},"end":{"line":206,"column":20}},"loc":{"start":{"line":206,"column":20},"end":{"line":237,"column":3}}},"18":{"name":"(anonymous_18)","decl":{"start":{"line":239,"column":10},"end":{"line":239,"column":27}},"loc":{"start":{"line":239,"column":27},"end":{"line":266,"column":3}}},"19":{"name":"(anonymous_19)","decl":{"start":{"line":268,"column":10},"end":{"line":268,"column":29}},"loc":{"start":{"line":268,"column":29},"end":{"line":285,"column":3}}},"20":{"name":"(anonymous_20)","decl":{"start":{"line":271,"column":21},"end":{"line":271,"column":24}},"loc":{"start":{"line":271,"column":26},"end":{"line":282,"column":5}}},"21":{"name":"(anonymous_21)","decl":{"start":{"line":287,"column":10},"end":{"line":287,"column":29}},"loc":{"start":{"line":287,"column":29},"end":{"line":291,"column":3}}},"22":{"name":"(anonymous_22)","decl":{"start":{"line":293,"column":10},"end":{"line":293,"column":29}},"loc":{"start":{"line":293,"column":29},"end":{"line":327,"column":3}}},"23":{"name":"(anonymous_23)","decl":{"start":{"line":329,"column":10},"end":{"line":329,"column":33}},"loc":{"start":{"line":329,"column":33},"end":{"line":360,"column":3}}},"24":{"name":"(anonymous_24)","decl":{"start":{"line":362,"column":10},"end":{"line":362,"column":36}},"loc":{"start":{"line":362,"column":36},"end":{"line":395,"column":3}}},"25":{"name":"(anonymous_25)","decl":{"start":{"line":397,"column":10},"end":{"line":397,"column":27}},"loc":{"start":{"line":397,"column":27},"end":{"line":414,"column":3}}},"26":{"name":"(anonymous_26)","decl":{"start":{"line":416,"column":10},"end":{"line":416,"column":25}},"loc":{"start":{"line":416,"column":25},"end":{"line":454,"column":3}}},"27":{"name":"(anonymous_27)","decl":{"start":{"line":456,"column":10},"end":{"line":456,"column":28}},"loc":{"start":{"line":456,"column":45},"end":{"line":499,"column":3}}},"28":{"name":"(anonymous_28)","decl":{"start":{"line":501,"column":10},"end":{"line":501,"column":21}},"loc":{"start":{"line":501,"column":39},"end":{"line":519,"column":3}}},"29":{"name":"(anonymous_29)","decl":{"start":{"line":521,"column":10},"end":{"line":521,"column":26}},"loc":{"start":{"line":521,"column":26},"end":{"line":529,"column":3}}},"30":{"name":"(anonymous_30)","decl":{"start":{"line":524,"column":21},"end":{"line":524,"column":24}},"loc":{"start":{"line":524,"column":26},"end":{"line":526,"column":5}}},"31":{"name":"(anonymous_31)","decl":{"start":{"line":531,"column":10},"end":{"line":531,"column":27}},"loc":{"start":{"line":531,"column":27},"end":{"line":546,"column":3}}},"32":{"name":"(anonymous_32)","decl":{"start":{"line":548,"column":10},"end":{"line":548,"column":30}},"loc":{"start":{"line":548,"column":30},"end":{"line":571,"column":3}}},"33":{"name":"(anonymous_33)","decl":{"start":{"line":573,"column":10},"end":{"line":573,"column":32}},"loc":{"start":{"line":573,"column":32},"end":{"line":585,"column":3}}},"34":{"name":"(anonymous_34)","decl":{"start":{"line":587,"column":10},"end":{"line":587,"column":25}},"loc":{"start":{"line":587,"column":25},"end":{"line":597,"column":3}}},"35":{"name":"(anonymous_35)","decl":{"start":{"line":599,"column":10},"end":{"line":599,"column":28}},"loc":{"start":{"line":599,"column":28},"end":{"line":639,"column":3}}},"36":{"name":"(anonymous_36)","decl":{"start":{"line":641,"column":10},"end":{"line":641,"column":21}},"loc":{"start":{"line":641,"column":21},"end":{"line":654,"column":3}}},"37":{"name":"(anonymous_37)","decl":{"start":{"line":656,"column":10},"end":{"line":656,"column":30}},"loc":{"start":{"line":656,"column":45},"end":{"line":659,"column":3}}},"38":{"name":"(anonymous_38)","decl":{"start":{"line":672,"column":10},"end":{"line":672,"column":29}},"loc":{"start":{"line":672,"column":29},"end":{"line":756,"column":3}}},"39":{"name":"(anonymous_39)","decl":{"start":{"line":758,"column":10},"end":{"line":758,"column":32}},"loc":{"start":{"line":758,"column":54},"end":{"line":794,"column":3}}},"40":{"name":"(anonymous_40)","decl":{"start":{"line":796,"column":10},"end":{"line":796,"column":35}},"loc":{"start":{"line":798,"column":32},"end":{"line":836,"column":3}}},"41":{"name":"(anonymous_41)","decl":{"start":{"line":838,"column":10},"end":{"line":838,"column":31}},"loc":{"start":{"line":838,"column":31},"end":{"line":873,"column":3}}},"42":{"name":"(anonymous_42)","decl":{"start":{"line":875,"column":10},"end":{"line":875,"column":34}},"loc":{"start":{"line":875,"column":34},"end":{"line":897,"column":3}}},"43":{"name":"(anonymous_43)","decl":{"start":{"line":899,"column":10},"end":{"line":899,"column":31}},"loc":{"start":{"line":899,"column":31},"end":{"line":907,"column":3}}},"44":{"name":"(anonymous_44)","decl":{"start":{"line":909,"column":10},"end":{"line":909,"column":28}},"loc":{"start":{"line":909,"column":50},"end":{"line":915,"column":3}}},"45":{"name":"(anonymous_45)","decl":{"start":{"line":928,"column":10},"end":{"line":928,"column":31}},"loc":{"start":{"line":928,"column":31},"end":{"line":1060,"column":3}}},"46":{"name":"(anonymous_46)","decl":{"start":{"line":1063,"column":10},"end":{"line":1063,"column":20}},"loc":{"start":{"line":1063,"column":20},"end":{"line":1065,"column":3}}},"47":{"name":"(anonymous_47)","decl":{"start":{"line":1067,"column":10},"end":{"line":1067,"column":31}},"loc":{"start":{"line":1067,"column":31},"end":{"line":1077,"column":3}}},"48":{"name":"(anonymous_48)","decl":{"start":{"line":1079,"column":10},"end":{"line":1079,"column":26}},"loc":{"start":{"line":1079,"column":26},"end":{"line":1093,"column":3}}},"49":{"name":"(anonymous_49)","decl":{"start":{"line":1095,"column":10},"end":{"line":1095,"column":33}},"loc":{"start":{"line":1095,"column":33},"end":{"line":1112,"column":3}}},"50":{"name":"(anonymous_50)","decl":{"start":{"line":1114,"column":10},"end":{"line":1114,"column":27}},"loc":{"start":{"line":1114,"column":27},"end":{"line":1154,"column":3}}},"51":{"name":"(anonymous_51)","decl":{"start":{"line":1156,"column":10},"end":{"line":1156,"column":23}},"loc":{"start":{"line":1156,"column":23},"end":{"line":1167,"column":3}}},"52":{"name":"(anonymous_52)","decl":{"start":{"line":1169,"column":10},"end":{"line":1169,"column":25}},"loc":{"start":{"line":1169,"column":25},"end":{"line":1184,"column":3}}},"53":{"name":"(anonymous_53)","decl":{"start":{"line":1186,"column":10},"end":{"line":1186,"column":32}},"loc":{"start":{"line":1186,"column":32},"end":{"line":1204,"column":3}}},"54":{"name":"(anonymous_54)","decl":{"start":{"line":1207,"column":10},"end":{"line":1207,"column":29}},"loc":{"start":{"line":1207,"column":29},"end":{"line":1222,"column":3}}},"55":{"name":"(anonymous_55)","decl":{"start":{"line":1225,"column":10},"end":{"line":1225,"column":34}},"loc":{"start":{"line":1225,"column":34},"end":{"line":1240,"column":3}}},"56":{"name":"(anonymous_56)","decl":{"start":{"line":1242,"column":10},"end":{"line":1242,"column":32}},"loc":{"start":{"line":1242,"column":32},"end":{"line":1248,"column":3}}},"57":{"name":"(anonymous_57)","decl":{"start":{"line":1250,"column":10},"end":{"line":1250,"column":25}},"loc":{"start":{"line":1250,"column":38},"end":{"line":1261,"column":3}}},"58":{"name":"(anonymous_58)","decl":{"start":{"line":1263,"column":10},"end":{"line":1263,"column":20}},"loc":{"start":{"line":1263,"column":20},"end":{"line":1270,"column":3}}},"59":{"name":"(anonymous_59)","decl":{"start":{"line":1272,"column":10},"end":{"line":1272,"column":25}},"loc":{"start":{"line":1272,"column":25},"end":{"line":1280,"column":3}}},"60":{"name":"(anonymous_60)","decl":{"start":{"line":1282,"column":10},"end":{"line":1282,"column":22}},"loc":{"start":{"line":1282,"column":22},"end":{"line":1289,"column":3}}},"61":{"name":"(anonymous_61)","decl":{"start":{"line":1291,"column":10},"end":{"line":1291,"column":27}},"loc":{"start":{"line":1291,"column":27},"end":{"line":1298,"column":3}}},"62":{"name":"(anonymous_62)","decl":{"start":{"line":1300,"column":10},"end":{"line":1300,"column":25}},"loc":{"start":{"line":1300,"column":44},"end":{"line":1328,"column":3}}},"63":{"name":"(anonymous_63)","decl":{"start":{"line":1330,"column":10},"end":{"line":1330,"column":27}},"loc":{"start":{"line":1330,"column":27},"end":{"line":1361,"column":3}}},"64":{"name":"(anonymous_64)","decl":{"start":{"line":1363,"column":10},"end":{"line":1363,"column":30}},"loc":{"start":{"line":1363,"column":30},"end":{"line":1402,"column":3}}},"65":{"name":"(anonymous_65)","decl":{"start":{"line":1377,"column":36},"end":{"line":1377,"column":37}},"loc":{"start":{"line":1377,"column":55},"end":{"line":1377,"column":81}}},"66":{"name":"(anonymous_66)","decl":{"start":{"line":1380,"column":50},"end":{"line":1380,"column":53}},"loc":{"start":{"line":1380,"column":56},"end":{"line":1380,"column":76}}},"67":{"name":"(anonymous_67)","decl":{"start":{"line":1383,"column":24},"end":{"line":1383,"column":25}},"loc":{"start":{"line":1383,"column":55},"end":{"line":1386,"column":9}}},"68":{"name":"(anonymous_68)","decl":{"start":{"line":1404,"column":10},"end":{"line":1404,"column":32}},"loc":{"start":{"line":1404,"column":32},"end":{"line":1412,"column":3}}},"69":{"name":"(anonymous_69)","decl":{"start":{"line":1415,"column":10},"end":{"line":1415,"column":28}},"loc":{"start":{"line":1415,"column":28},"end":{"line":1439,"column":3}}},"70":{"name":"(anonymous_70)","decl":{"start":{"line":1442,"column":9},"end":{"line":1442,"column":19}},"loc":{"start":{"line":1442,"column":36},"end":{"line":1454,"column":3}}},"71":{"name":"parse","decl":{"start":{"line":1457,"column":16},"end":{"line":1457,"column":21}},"loc":{"start":{"line":1457,"column":52},"end":{"line":1460,"column":1}}}},"branchMap":{"0":{"loc":{"start":{"line":45,"column":5},"end":{"line":45,"column":null}},"type":"binary-expr","locations":[{"start":{"line":45,"column":5},"end":{"line":45,"column":15}},{"start":{"line":45,"column":5},"end":{"line":45,"column":null}}]},"1":{"loc":{"start":{"line":74,"column":9},"end":{"line":74,"column":73}},"type":"binary-expr","locations":[{"start":{"line":74,"column":9},"end":{"line":74,"column":51}},{"start":{"line":74,"column":55},"end":{"line":74,"column":73}}]},"2":{"loc":{"start":{"line":78,"column":9},"end":{"line":78,"column":73}},"type":"binary-expr","locations":[{"start":{"line":78,"column":9},"end":{"line":78,"column":51}},{"start":{"line":78,"column":55},"end":{"line":78,"column":73}}]},"3":{"loc":{"start":{"line":86,"column":4},"end":{"line":88,"column":null}},"type":"if","locations":[{"start":{"line":86,"column":4},"end":{"line":88,"column":null}}]},"4":{"loc":{"start":{"line":97,"column":13},"end":{"line":97,"column":22}},"type":"default-arg","locations":[{"start":{"line":97,"column":21},"end":{"line":97,"column":22}}]},"5":{"loc":{"start":{"line":107,"column":4},"end":{"line":109,"column":null}},"type":"if","locations":[{"start":{"line":107,"column":4},"end":{"line":109,"column":null}}]},"6":{"loc":{"start":{"line":107,"column":8},"end":{"line":107,"column":35}},"type":"binary-expr","locations":[{"start":{"line":107,"column":8},"end":{"line":107,"column":13}},{"start":{"line":107,"column":17},"end":{"line":107,"column":35}}]},"7":{"loc":{"start":{"line":115,"column":4},"end":{"line":117,"column":null}},"type":"if","locations":[{"start":{"line":115,"column":4},"end":{"line":117,"column":null}}]},"8":{"loc":{"start":{"line":115,"column":8},"end":{"line":115,"column":45}},"type":"binary-expr","locations":[{"start":{"line":115,"column":8},"end":{"line":115,"column":14}},{"start":{"line":115,"column":18},"end":{"line":115,"column":45}}]},"9":{"loc":{"start":{"line":123,"column":4},"end":{"line":125,"column":null}},"type":"if","locations":[{"start":{"line":123,"column":4},"end":{"line":125,"column":null}}]},"10":{"loc":{"start":{"line":130,"column":4},"end":{"line":132,"column":null}},"type":"if","locations":[{"start":{"line":130,"column":4},"end":{"line":132,"column":null}}]},"11":{"loc":{"start":{"line":137,"column":4},"end":{"line":162,"column":null}},"type":"switch","locations":[{"start":{"line":138,"column":6},"end":{"line":138,"column":25}},{"start":{"line":139,"column":6},"end":{"line":139,"column":27}},{"start":{"line":140,"column":6},"end":{"line":141,"column":null}},{"start":{"line":142,"column":6},"end":{"line":143,"column":null}},{"start":{"line":144,"column":6},"end":{"line":145,"column":null}},{"start":{"line":146,"column":6},"end":{"line":147,"column":null}},{"start":{"line":148,"column":6},"end":{"line":149,"column":null}},{"start":{"line":150,"column":6},"end":{"line":151,"column":null}},{"start":{"line":152,"column":6},"end":{"line":153,"column":null}},{"start":{"line":154,"column":6},"end":{"line":155,"column":null}},{"start":{"line":156,"column":6},"end":{"line":157,"column":null}},{"start":{"line":158,"column":6},"end":{"line":159,"column":null}},{"start":{"line":160,"column":6},"end":{"line":161,"column":null}}]},"12":{"loc":{"start":{"line":167,"column":4},"end":{"line":169,"column":null}},"type":"if","locations":[{"start":{"line":167,"column":4},"end":{"line":169,"column":null}}]},"13":{"loc":{"start":{"line":181,"column":4},"end":{"line":183,"column":null}},"type":"if","locations":[{"start":{"line":181,"column":4},"end":{"line":183,"column":null}}]},"14":{"loc":{"start":{"line":196,"column":31},"end":{"line":196,"column":73}},"type":"default-arg","locations":[{"start":{"line":196,"column":58},"end":{"line":196,"column":73}}]},"15":{"loc":{"start":{"line":198,"column":4},"end":{"line":201,"column":null}},"type":"if","locations":[{"start":{"line":198,"column":4},"end":{"line":201,"column":null}}]},"16":{"loc":{"start":{"line":208,"column":4},"end":{"line":210,"column":null}},"type":"if","locations":[{"start":{"line":208,"column":4},"end":{"line":210,"column":null}}]},"17":{"loc":{"start":{"line":212,"column":4},"end":{"line":214,"column":null}},"type":"if","locations":[{"start":{"line":212,"column":4},"end":{"line":214,"column":null}}]},"18":{"loc":{"start":{"line":225,"column":6},"end":{"line":233,"column":null}},"type":"if","locations":[{"start":{"line":225,"column":6},"end":{"line":233,"column":null}},{"start":{"line":227,"column":13},"end":{"line":233,"column":null}}]},"19":{"loc":{"start":{"line":245,"column":11},"end":{"line":245,"column":67}},"type":"binary-expr","locations":[{"start":{"line":245,"column":11},"end":{"line":245,"column":25}},{"start":{"line":245,"column":29},"end":{"line":245,"column":67}}]},"20":{"loc":{"start":{"line":250,"column":6},"end":{"line":252,"column":null}},"type":"if","locations":[{"start":{"line":250,"column":6},"end":{"line":252,"column":null}}]},"21":{"loc":{"start":{"line":255,"column":6},"end":{"line":258,"column":null}},"type":"if","locations":[{"start":{"line":255,"column":6},"end":{"line":258,"column":null}}]},"22":{"loc":{"start":{"line":272,"column":6},"end":{"line":281,"column":null}},"type":"switch","locations":[{"start":{"line":273,"column":8},"end":{"line":275,"column":15}},{"start":{"line":276,"column":8},"end":{"line":278,"column":15}},{"start":{"line":279,"column":8},"end":{"line":280,"column":null}}]},"23":{"loc":{"start":{"line":298,"column":4},"end":{"line":300,"column":null}},"type":"if","locations":[{"start":{"line":298,"column":4},"end":{"line":300,"column":null}}]},"24":{"loc":{"start":{"line":304,"column":4},"end":{"line":306,"column":null}},"type":"if","locations":[{"start":{"line":304,"column":4},"end":{"line":306,"column":null}}]},"25":{"loc":{"start":{"line":310,"column":4},"end":{"line":312,"column":null}},"type":"if","locations":[{"start":{"line":310,"column":4},"end":{"line":312,"column":null}}]},"26":{"loc":{"start":{"line":315,"column":4},"end":{"line":317,"column":null}},"type":"if","locations":[{"start":{"line":315,"column":4},"end":{"line":317,"column":null}}]},"27":{"loc":{"start":{"line":334,"column":4},"end":{"line":336,"column":null}},"type":"if","locations":[{"start":{"line":334,"column":4},"end":{"line":336,"column":null}}]},"28":{"loc":{"start":{"line":338,"column":4},"end":{"line":340,"column":null}},"type":"if","locations":[{"start":{"line":338,"column":4},"end":{"line":340,"column":null}}]},"29":{"loc":{"start":{"line":344,"column":4},"end":{"line":346,"column":null}},"type":"if","locations":[{"start":{"line":344,"column":4},"end":{"line":346,"column":null}}]},"30":{"loc":{"start":{"line":349,"column":4},"end":{"line":351,"column":null}},"type":"if","locations":[{"start":{"line":349,"column":4},"end":{"line":351,"column":null}}]},"31":{"loc":{"start":{"line":370,"column":4},"end":{"line":377,"column":null}},"type":"if","locations":[{"start":{"line":370,"column":4},"end":{"line":377,"column":null}}]},"32":{"loc":{"start":{"line":374,"column":6},"end":{"line":376,"column":null}},"type":"if","locations":[{"start":{"line":374,"column":6},"end":{"line":376,"column":null}}]},"33":{"loc":{"start":{"line":418,"column":4},"end":{"line":435,"column":null}},"type":"if","locations":[{"start":{"line":418,"column":4},"end":{"line":435,"column":null}}]},"34":{"loc":{"start":{"line":422,"column":6},"end":{"line":424,"column":null}},"type":"if","locations":[{"start":{"line":422,"column":6},"end":{"line":424,"column":null}}]},"35":{"loc":{"start":{"line":423,"column":8},"end":{"line":423,"column":null}},"type":"if","locations":[{"start":{"line":423,"column":8},"end":{"line":423,"column":null}}]},"36":{"loc":{"start":{"line":462,"column":11},"end":{"line":462,"column":54}},"type":"binary-expr","locations":[{"start":{"line":462,"column":11},"end":{"line":462,"column":25}},{"start":{"line":462,"column":29},"end":{"line":462,"column":54}}]},"37":{"loc":{"start":{"line":469,"column":6},"end":{"line":472,"column":null}},"type":"if","locations":[{"start":{"line":469,"column":6},"end":{"line":472,"column":null}}]},"38":{"loc":{"start":{"line":481,"column":6},"end":{"line":485,"column":null}},"type":"if","locations":[{"start":{"line":481,"column":6},"end":{"line":485,"column":null}},{"start":{"line":483,"column":13},"end":{"line":485,"column":null}}]},"39":{"loc":{"start":{"line":490,"column":4},"end":{"line":492,"column":null}},"type":"if","locations":[{"start":{"line":490,"column":4},"end":{"line":492,"column":null}}]},"40":{"loc":{"start":{"line":504,"column":4},"end":{"line":508,"column":null}},"type":"if","locations":[{"start":{"line":504,"column":4},"end":{"line":508,"column":null}},{"start":{"line":506,"column":11},"end":{"line":508,"column":null}}]},"41":{"loc":{"start":{"line":514,"column":4},"end":{"line":518,"column":null}},"type":"if","locations":[{"start":{"line":514,"column":4},"end":{"line":518,"column":null}},{"start":{"line":516,"column":11},"end":{"line":518,"column":null}}]},"42":{"loc":{"start":{"line":533,"column":4},"end":{"line":535,"column":null}},"type":"if","locations":[{"start":{"line":533,"column":4},"end":{"line":535,"column":null}}]},"43":{"loc":{"start":{"line":539,"column":6},"end":{"line":540,"column":null}},"type":"if","locations":[{"start":{"line":539,"column":6},"end":{"line":540,"column":null}},{"start":{"line":540,"column":11},"end":{"line":540,"column":null}}]},"44":{"loc":{"start":{"line":540,"column":11},"end":{"line":540,"column":null}},"type":"if","locations":[{"start":{"line":540,"column":11},"end":{"line":540,"column":null}}]},"45":{"loc":{"start":{"line":553,"column":4},"end":{"line":555,"column":null}},"type":"if","locations":[{"start":{"line":553,"column":4},"end":{"line":555,"column":null}}]},"46":{"loc":{"start":{"line":580,"column":6},"end":{"line":580,"column":null}},"type":"if","locations":[{"start":{"line":580,"column":6},"end":{"line":580,"column":null}}]},"47":{"loc":{"start":{"line":590,"column":4},"end":{"line":590,"column":35}},"type":"if","locations":[{"start":{"line":590,"column":4},"end":{"line":590,"column":35}}]},"48":{"loc":{"start":{"line":594,"column":4},"end":{"line":594,"column":null}},"type":"if","locations":[{"start":{"line":594,"column":4},"end":{"line":594,"column":null}}]},"49":{"loc":{"start":{"line":609,"column":11},"end":{"line":609,"column":78}},"type":"binary-expr","locations":[{"start":{"line":609,"column":11},"end":{"line":609,"column":43}},{"start":{"line":609,"column":47},"end":{"line":609,"column":78}}]},"50":{"loc":{"start":{"line":625,"column":4},"end":{"line":628,"column":null}},"type":"if","locations":[{"start":{"line":625,"column":4},"end":{"line":628,"column":null}}]},"51":{"loc":{"start":{"line":645,"column":4},"end":{"line":652,"column":null}},"type":"if","locations":[{"start":{"line":645,"column":4},"end":{"line":652,"column":null}}]},"52":{"loc":{"start":{"line":657,"column":4},"end":{"line":657,"column":null}},"type":"if","locations":[{"start":{"line":657,"column":4},"end":{"line":657,"column":null}}]},"53":{"loc":{"start":{"line":676,"column":4},"end":{"line":688,"column":null}},"type":"if","locations":[{"start":{"line":676,"column":4},"end":{"line":688,"column":null}}]},"54":{"loc":{"start":{"line":676,"column":8},"end":{"line":676,"column":82}},"type":"binary-expr","locations":[{"start":{"line":676,"column":8},"end":{"line":676,"column":45}},{"start":{"line":676,"column":49},"end":{"line":676,"column":82}}]},"55":{"loc":{"start":{"line":692,"column":4},"end":{"line":692,"column":null}},"type":"if","locations":[{"start":{"line":692,"column":4},"end":{"line":692,"column":null}}]},"56":{"loc":{"start":{"line":695,"column":4},"end":{"line":701,"column":null}},"type":"if","locations":[{"start":{"line":695,"column":4},"end":{"line":701,"column":null}}]},"57":{"loc":{"start":{"line":696,"column":6},"end":{"line":698,"column":40}},"type":"binary-expr","locations":[{"start":{"line":696,"column":6},"end":{"line":696,"column":37}},{"start":{"line":697,"column":6},"end":{"line":697,"column":45}},{"start":{"line":698,"column":6},"end":{"line":698,"column":40}}]},"58":{"loc":{"start":{"line":704,"column":4},"end":{"line":734,"column":null}},"type":"if","locations":[{"start":{"line":704,"column":4},"end":{"line":734,"column":null}}]},"59":{"loc":{"start":{"line":715,"column":6},"end":{"line":717,"column":null}},"type":"if","locations":[{"start":{"line":715,"column":6},"end":{"line":717,"column":null}}]},"60":{"loc":{"start":{"line":739,"column":4},"end":{"line":741,"column":null}},"type":"if","locations":[{"start":{"line":739,"column":4},"end":{"line":741,"column":null}}]},"61":{"loc":{"start":{"line":769,"column":4},"end":{"line":771,"column":null}},"type":"if","locations":[{"start":{"line":769,"column":4},"end":{"line":771,"column":null}}]},"62":{"loc":{"start":{"line":776,"column":4},"end":{"line":778,"column":null}},"type":"if","locations":[{"start":{"line":776,"column":4},"end":{"line":778,"column":null}}]},"63":{"loc":{"start":{"line":807,"column":4},"end":{"line":816,"column":null}},"type":"if","locations":[{"start":{"line":807,"column":4},"end":{"line":816,"column":null}}]},"64":{"loc":{"start":{"line":807,"column":8},"end":{"line":807,"column":51}},"type":"binary-expr","locations":[{"start":{"line":807,"column":8},"end":{"line":807,"column":38}},{"start":{"line":807,"column":42},"end":{"line":807,"column":51}}]},"65":{"loc":{"start":{"line":812,"column":6},"end":{"line":815,"column":null}},"type":"if","locations":[{"start":{"line":812,"column":6},"end":{"line":815,"column":null}}]},"66":{"loc":{"start":{"line":841,"column":4},"end":{"line":843,"column":null}},"type":"if","locations":[{"start":{"line":841,"column":4},"end":{"line":843,"column":null}}]},"67":{"loc":{"start":{"line":850,"column":4},"end":{"line":860,"column":null}},"type":"if","locations":[{"start":{"line":850,"column":4},"end":{"line":860,"column":null}}]},"68":{"loc":{"start":{"line":854,"column":6},"end":{"line":856,"column":null}},"type":"if","locations":[{"start":{"line":854,"column":6},"end":{"line":856,"column":null}}]},"69":{"loc":{"start":{"line":858,"column":15},"end":{"line":858,"column":60}},"type":"binary-expr","locations":[{"start":{"line":858,"column":15},"end":{"line":858,"column":50}},{"start":{"line":858,"column":54},"end":{"line":858,"column":60}}]},"70":{"loc":{"start":{"line":863,"column":4},"end":{"line":865,"column":null}},"type":"if","locations":[{"start":{"line":863,"column":4},"end":{"line":865,"column":null}}]},"71":{"loc":{"start":{"line":878,"column":4},"end":{"line":880,"column":null}},"type":"if","locations":[{"start":{"line":878,"column":4},"end":{"line":880,"column":null}}]},"72":{"loc":{"start":{"line":884,"column":4},"end":{"line":894,"column":null}},"type":"if","locations":[{"start":{"line":884,"column":4},"end":{"line":894,"column":null}}]},"73":{"loc":{"start":{"line":887,"column":6},"end":{"line":889,"column":null}},"type":"if","locations":[{"start":{"line":887,"column":6},"end":{"line":889,"column":null}}]},"74":{"loc":{"start":{"line":891,"column":15},"end":{"line":891,"column":60}},"type":"binary-expr","locations":[{"start":{"line":891,"column":15},"end":{"line":891,"column":50}},{"start":{"line":891,"column":54},"end":{"line":891,"column":60}}]},"75":{"loc":{"start":{"line":910,"column":4},"end":{"line":914,"column":null}},"type":"if","locations":[{"start":{"line":910,"column":4},"end":{"line":914,"column":null}},{"start":{"line":912,"column":11},"end":{"line":914,"column":null}}]},"76":{"loc":{"start":{"line":912,"column":11},"end":{"line":914,"column":null}},"type":"if","locations":[{"start":{"line":912,"column":11},"end":{"line":914,"column":null}}]},"77":{"loc":{"start":{"line":934,"column":21},"end":{"line":934,"column":77}},"type":"cond-expr","locations":[{"start":{"line":934,"column":31},"end":{"line":934,"column":38}},{"start":{"line":934,"column":41},"end":{"line":934,"column":77}}]},"78":{"loc":{"start":{"line":934,"column":41},"end":{"line":934,"column":77}},"type":"cond-expr","locations":[{"start":{"line":934,"column":54},"end":{"line":934,"column":64}},{"start":{"line":934,"column":67},"end":{"line":934,"column":77}}]},"79":{"loc":{"start":{"line":948,"column":4},"end":{"line":993,"column":null}},"type":"if","locations":[{"start":{"line":948,"column":4},"end":{"line":993,"column":null}}]},"80":{"loc":{"start":{"line":976,"column":6},"end":{"line":987,"column":null}},"type":"if","locations":[{"start":{"line":976,"column":6},"end":{"line":987,"column":null}},{"start":{"line":984,"column":13},"end":{"line":987,"column":null}}]},"81":{"loc":{"start":{"line":1003,"column":4},"end":{"line":1012,"column":null}},"type":"if","locations":[{"start":{"line":1003,"column":4},"end":{"line":1012,"column":null}}]},"82":{"loc":{"start":{"line":1015,"column":4},"end":{"line":1044,"column":null}},"type":"if","locations":[{"start":{"line":1015,"column":4},"end":{"line":1044,"column":null}}]},"83":{"loc":{"start":{"line":1046,"column":4},"end":{"line":1046,"column":null}},"type":"if","locations":[{"start":{"line":1046,"column":4},"end":{"line":1046,"column":null}}]},"84":{"loc":{"start":{"line":1049,"column":4},"end":{"line":1051,"column":null}},"type":"if","locations":[{"start":{"line":1049,"column":4},"end":{"line":1051,"column":null}}]},"85":{"loc":{"start":{"line":1070,"column":4},"end":{"line":1074,"column":null}},"type":"if","locations":[{"start":{"line":1070,"column":4},"end":{"line":1074,"column":null}}]},"86":{"loc":{"start":{"line":1084,"column":11},"end":{"line":1084,"column":69}},"type":"binary-expr","locations":[{"start":{"line":1084,"column":11},"end":{"line":1084,"column":25}},{"start":{"line":1084,"column":29},"end":{"line":1084,"column":69}}]},"87":{"loc":{"start":{"line":1086,"column":6},"end":{"line":1086,"column":56}},"type":"if","locations":[{"start":{"line":1086,"column":6},"end":{"line":1086,"column":56}}]},"88":{"loc":{"start":{"line":1119,"column":4},"end":{"line":1121,"column":null}},"type":"if","locations":[{"start":{"line":1119,"column":4},"end":{"line":1121,"column":null}}]},"89":{"loc":{"start":{"line":1126,"column":11},"end":{"line":1126,"column":67}},"type":"binary-expr","locations":[{"start":{"line":1126,"column":11},"end":{"line":1126,"column":25}},{"start":{"line":1126,"column":29},"end":{"line":1126,"column":67}}]},"90":{"loc":{"start":{"line":1130,"column":6},"end":{"line":1139,"column":null}},"type":"if","locations":[{"start":{"line":1130,"column":6},"end":{"line":1139,"column":null}},{"start":{"line":1136,"column":11},"end":{"line":1139,"column":null}}]},"91":{"loc":{"start":{"line":1136,"column":11},"end":{"line":1139,"column":null}},"type":"if","locations":[{"start":{"line":1136,"column":11},"end":{"line":1139,"column":null}}]},"92":{"loc":{"start":{"line":1147,"column":6},"end":{"line":1149,"column":null}},"type":"if","locations":[{"start":{"line":1147,"column":6},"end":{"line":1149,"column":null}}]},"93":{"loc":{"start":{"line":1157,"column":4},"end":{"line":1164,"column":null}},"type":"if","locations":[{"start":{"line":1157,"column":4},"end":{"line":1164,"column":null}},{"start":{"line":1159,"column":11},"end":{"line":1164,"column":null}}]},"94":{"loc":{"start":{"line":1159,"column":11},"end":{"line":1164,"column":null}},"type":"if","locations":[{"start":{"line":1159,"column":11},"end":{"line":1164,"column":null}}]},"95":{"loc":{"start":{"line":1160,"column":6},"end":{"line":1161,"column":72}},"type":"binary-expr","locations":[{"start":{"line":1160,"column":6},"end":{"line":1160,"column":48}},{"start":{"line":1161,"column":7},"end":{"line":1161,"column":45}},{"start":{"line":1161,"column":49},"end":{"line":1161,"column":71}}]},"96":{"loc":{"start":{"line":1190,"column":6},"end":{"line":1191,"column":50}},"type":"binary-expr","locations":[{"start":{"line":1190,"column":6},"end":{"line":1190,"column":52}},{"start":{"line":1191,"column":6},"end":{"line":1191,"column":50}}]},"97":{"loc":{"start":{"line":1245,"column":4},"end":{"line":1245,"column":null}},"type":"if","locations":[{"start":{"line":1245,"column":4},"end":{"line":1245,"column":null}}]},"98":{"loc":{"start":{"line":1258,"column":4},"end":{"line":1258,"column":null}},"type":"if","locations":[{"start":{"line":1258,"column":4},"end":{"line":1258,"column":null}}]},"99":{"loc":{"start":{"line":1265,"column":17},"end":{"line":1265,"column":85}},"type":"cond-expr","locations":[{"start":{"line":1265,"column":58},"end":{"line":1265,"column":60}},{"start":{"line":1265,"column":63},"end":{"line":1265,"column":85}}]},"100":{"loc":{"start":{"line":1277,"column":11},"end":{"line":1277,"column":58}},"type":"binary-expr","locations":[{"start":{"line":1277,"column":11},"end":{"line":1277,"column":44}},{"start":{"line":1277,"column":48},"end":{"line":1277,"column":58}}]},"101":{"loc":{"start":{"line":1284,"column":19},"end":{"line":1284,"column":89}},"type":"cond-expr","locations":[{"start":{"line":1284,"column":60},"end":{"line":1284,"column":62}},{"start":{"line":1284,"column":65},"end":{"line":1284,"column":89}}]},"102":{"loc":{"start":{"line":1295,"column":11},"end":{"line":1295,"column":58}},"type":"binary-expr","locations":[{"start":{"line":1295,"column":11},"end":{"line":1295,"column":44}},{"start":{"line":1295,"column":48},"end":{"line":1295,"column":58}}]},"103":{"loc":{"start":{"line":1300,"column":26},"end":{"line":1300,"column":44}},"type":"default-arg","locations":[{"start":{"line":1300,"column":39},"end":{"line":1300,"column":44}}]},"104":{"loc":{"start":{"line":1302,"column":4},"end":{"line":1306,"column":null}},"type":"if","locations":[{"start":{"line":1302,"column":4},"end":{"line":1306,"column":null}},{"start":{"line":1304,"column":11},"end":{"line":1306,"column":null}}]},"105":{"loc":{"start":{"line":1309,"column":17},"end":{"line":1309,"column":69}},"type":"cond-expr","locations":[{"start":{"line":1309,"column":30},"end":{"line":1309,"column":39}},{"start":{"line":1309,"column":42},"end":{"line":1309,"column":69}}]},"106":{"loc":{"start":{"line":1312,"column":4},"end":{"line":1325,"column":null}},"type":"if","locations":[{"start":{"line":1312,"column":4},"end":{"line":132
[...]
ine":319,"column":null}},"type":"if","locations":[{"start":{"line":313,"column":4},"end":{"line":319,"column":null}}]},"39":{"loc":{"start":{"line":313,"column":8},"end":{"line":313,"column":63}},"type":"binary-expr","locations":[{"start":{"line":313,"column":8},"end":{"line":313,"column":26}},{"start":{"line":313,"column":31},"end":{"line":313,"column":63}}]},"40":{"loc":{"start":{"line":317,"column":17},"end":{"line":317,"column":50}},"type":"binary-expr","locations":[{"start":{"line":317,"column":17},"end":{"line":317,"column":37}},{"start":{"line":317,"column":41},"end":{"line":317,"column":50}}]},"41":{"loc":{"start":{"line":321,"column":4},"end":{"line":329,"column":null}},"type":"if","locations":[{"start":{"line":321,"column":4},"end":{"line":329,"column":null}}]},"42":{"loc":{"start":{"line":321,"column":8},"end":{"line":321,"column":69}},"type":"binary-expr","locations":[{"start":{"line":321,"column":8},"end":{"line":321,"column":29}},{"start":{"line":321,"column":34},"end":{"line":321,"column":69}}]},"43":{"loc":{"start":{"line":322,"column":6},"end":{"line":322,"column":null}},"type":"if","locations":[{"start":{"line":322,"column":6},"end":{"line":322,"column":null}}]},"44":{"loc":{"start":{"line":352,"column":6},"end":{"line":355,"column":null}},"type":"if","locations":[{"start":{"line":352,"column":6},"end":{"line":355,"column":null}}]},"45":{"loc":{"start":{"line":357,"column":6},"end":{"line":357,"column":44}},"type":"if","locations":[{"start":{"line":357,"column":6},"end":{"line":357,"column":44}}]},"46":{"loc":{"start":{"line":359,"column":6},"end":{"line":362,"column":null}},"type":"if","locations":[{"start":{"line":359,"column":6},"end":{"line":362,"column":null}}]},"47":{"loc":{"start":{"line":359,"column":10},"end":{"line":359,"column":73}},"type":"binary-expr","locations":[{"start":{"line":359,"column":10},"end":{"line":359,"column":44}},{"start":{"line":359,"column":48},"end":{"line":359,"column":73}}]},"48":{"loc":{"start":{"line":368,"column":6},"end":{"line":371,"column":null}},"type":"if","locations":[{"start":{"line":368,"column":6},"end":{"line":371,"column":null}}]},"49":{"loc":{"start":{"line":373,"column":6},"end":{"line":375,"column":null}},"type":"if","locations":[{"start":{"line":373,"column":6},"end":{"line":375,"column":null}}]},"50":{"loc":{"start":{"line":392,"column":2},"end":{"line":394,"column":null}},"type":"if","locations":[{"start":{"line":392,"column":2},"end":{"line":394,"column":null}}]},"51":{"loc":{"start":{"line":400,"column":4},"end":{"line":402,"column":null}},"type":"if","locations":[{"start":{"line":400,"column":4},"end":{"line":402,"column":null}}]},"52":{"loc":{"start":{"line":406,"column":9},"end":{"line":406,"column":83}},"type":"cond-expr","locations":[{"start":{"line":406,"column":26},"end":{"line":406,"column":76}},{"start":{"line":406,"column":79},"end":{"line":406,"column":83}}]},"53":{"loc":{"start":{"line":411,"column":6},"end":{"line":414,"column":null}},"type":"if","locations":[{"start":{"line":411,"column":6},"end":{"line":414,"column":null}}]},"54":{"loc":{"start":{"line":416,"column":6},"end":{"line":416,"column":44}},"type":"if","locations":[{"start":{"line":416,"column":6},"end":{"line":416,"column":44}}]},"55":{"loc":{"start":{"line":418,"column":6},"end":{"line":421,"column":null}},"type":"if","locations":[{"start":{"line":418,"column":6},"end":{"line":421,"column":null}}]},"56":{"loc":{"start":{"line":418,"column":10},"end":{"line":418,"column":73}},"type":"binary-expr","locations":[{"start":{"line":418,"column":10},"end":{"line":418,"column":44}},{"start":{"line":418,"column":48},"end":{"line":418,"column":73}}]},"57":{"loc":{"start":{"line":428,"column":6},"end":{"line":431,"column":null}},"type":"if","locations":[{"start":{"line":428,"column":6},"end":{"line":431,"column":null}}]},"58":{"loc":{"start":{"line":433,"column":6},"end":{"line":433,"column":42}},"type":"if","locations":[{"start":{"line":433,"column":6},"end":{"line":433,"column":42}}]},"59":{"loc":{"start":{"line":452,"column":2},"end":{"line":457,"column":null}},"type":"if","locations":[{"start":{"line":452,"column":2},"end":{"line":457,"column":null}}]},"60":{"loc":{"start":{"line":452,"column":6},"end":{"line":452,"column":61}},"type":"binary-expr","locations":[{"start":{"line":452,"column":6},"end":{"line":452,"column":31}},{"start":{"line":452,"column":35},"end":{"line":452,"column":61}}]},"61":{"loc":{"start":{"line":460,"column":4},"end":{"line":468,"column":null}},"type":"cond-expr","locations":[{"start":{"line":461,"column":9},"end":{"line":461,"column":39}},{"start":{"line":462,"column":9},"end":{"line":468,"column":null}}]},"62":{"loc":{"start":{"line":488,"column":6},"end":{"line":491,"column":null}},"type":"if","locations":[{"start":{"line":488,"column":6},"end":{"line":491,"column":null}}]},"63":{"loc":{"start":{"line":493,"column":6},"end":{"line":493,"column":44}},"type":"if","locations":[{"start":{"line":493,"column":6},"end":{"line":493,"column":44}}]},"64":{"loc":{"start":{"line":495,"column":6},"end":{"line":498,"column":null}},"type":"if","locations":[{"start":{"line":495,"column":6},"end":{"line":498,"column":null}}]},"65":{"loc":{"start":{"line":495,"column":10},"end":{"line":495,"column":73}},"type":"binary-expr","locations":[{"start":{"line":495,"column":10},"end":{"line":495,"column":44}},{"start":{"line":495,"column":48},"end":{"line":495,"column":73}}]},"66":{"loc":{"start":{"line":504,"column":6},"end":{"line":507,"column":null}},"type":"if","locations":[{"start":{"line":504,"column":6},"end":{"line":507,"column":null}}]},"67":{"loc":{"start":{"line":509,"column":6},"end":{"line":509,"column":42}},"type":"if","locations":[{"start":{"line":509,"column":6},"end":{"line":509,"column":42}}]},"68":{"loc":{"start":{"line":527,"column":2},"end":{"line":529,"column":null}},"type":"if","locations":[{"start":{"line":527,"column":2},"end":{"line":529,"column":null}}]},"69":{"loc":{"start":{"line":531,"column":17},"end":{"line":533,"column":56}},"type":"cond-expr","locations":[{"start":{"line":532,"column":7},"end":{"line":532,"column":53}},{"start":{"line":533,"column":7},"end":{"line":533,"column":56}}]},"70":{"loc":{"start":{"line":535,"column":2},"end":{"line":537,"column":null}},"type":"if","locations":[{"start":{"line":535,"column":2},"end":{"line":537,"column":null}}]},"71":{"loc":{"start":{"line":539,"column":18},"end":{"line":541,"column":49}},"type":"cond-expr","locations":[{"start":{"line":540,"column":7},"end":{"line":540,"column":54}},{"start":{"line":541,"column":7},"end":{"line":541,"column":49}}]},"72":{"loc":{"start":{"line":543,"column":2},"end":{"line":545,"column":null}},"type":"if","locations":[{"start":{"line":543,"column":2},"end":{"line":545,"column":null}}]},"73":{"loc":{"start":{"line":547,"column":2},"end":{"line":549,"column":null}},"type":"if","locations":[{"start":{"line":547,"column":2},"end":{"line":549,"column":null}}]},"74":{"loc":{"start":{"line":558,"column":4},"end":{"line":564,"column":26}},"type":"cond-expr","locations":[{"start":{"line":559,"column":8},"end":{"line":561,"column":26}},{"start":{"line":562,"column":8},"end":{"line":564,"column":26}}]},"75":{"loc":{"start":{"line":559,"column":8},"end":{"line":561,"column":26}},"type":"cond-expr","locations":[{"start":{"line":560,"column":10},"end":{"line":560,"column":27}},{"start":{"line":561,"column":10},"end":{"line":561,"column":26}}]},"76":{"loc":{"start":{"line":562,"column":8},"end":{"line":564,"column":26}},"type":"cond-expr","locations":[{"start":{"line":563,"column":10},"end":{"line":563,"column":27}},{"start":{"line":564,"column":10},"end":{"line":564,"column":26}}]},"77":{"loc":{"start":{"line":587,"column":6},"end":{"line":590,"column":null}},"type":"if","locations":[{"start":{"line":587,"column":6},"end":{"line":590,"column":null}}]},"78":{"loc":{"start":{"line":592,"column":6},"end":{"line":592,"column":44}},"type":"if","locations":[{"start":{"line":592,"column":6},"end":{"line":592,"column":44}}]},"79":{"loc":{"start":{"line":594,"column":6},"end":{"line":597,"column":null}},"type":"if","locations":[{"start":{"line":594,"column":6},"end":{"line":597,"column":null}}]},"80":{"loc":{"start":{"line":594,"column":10},"end":{"line":594,"column":73}},"type":"binary-expr","locations":[{"start":{"line":594,"column":10},"end":{"line":594,"column":44}},{"start":{"line":594,"column":48},"end":{"line":594,"column":73}}]},"81":{"loc":{"start":{"line":603,"column":6},"end":{"line":606,"column":null}},"type":"if","locations":[{"start":{"line":603,"column":6},"end":{"line":606,"column":null}}]},"82":{"loc":{"start":{"line":608,"column":6},"end":{"line":608,"column":42}},"type":"if","locations":[{"start":{"line":608,"column":6},"end":{"line":608,"column":42}}]},"83":{"loc":{"start":{"line":621,"column":2},"end":{"line":623,"column":null}},"type":"if","locations":[{"start":{"line":621,"column":2},"end":{"line":623,"column":null}}]},"84":{"loc":{"start":{"line":626,"column":16},"end":{"line":626,"column":70}},"type":"cond-expr","locations":[{"start":{"line":626,"column":29},"end":{"line":626,"column":63}},{"start":{"line":626,"column":66},"end":{"line":626,"column":70}}]},"85":{"loc":{"start":{"line":632,"column":11},"end":{"line":632,"column":29}},"type":"binary-expr","locations":[{"start":{"line":632,"column":11},"end":{"line":632,"column":16}},{"start":{"line":632,"column":20},"end":{"line":632,"column":29}}]},"86":{"loc":{"start":{"line":641,"column":2},"end":{"line":643,"column":null}},"type":"if","locations":[{"start":{"line":641,"column":2},"end":{"line":643,"column":null}}]}},"s":{"0":6,"1":6,"2":6,"3":6,"4":6,"5":70,"6":70,"7":106,"8":59,"9":6,"10":22,"11":22,"12":0,"13":22,"14":22,"15":12,"16":12,"17":17,"18":12,"19":12,"20":10,"21":10,"22":6,"23":62,"24":62,"25":62,"26":62,"27":3,"28":3,"29":3,"30":59,"31":55,"32":3,"33":3,"34":0,"35":3,"36":3,"37":0,"38":3,"39":1,"40":55,"41":6,"42":3,"43":3,"44":9,"45":3,"46":6,"47":5,"48":2,"49":5,"50":5,"51":6,"52":2,"53":2,"54":0,"55":2,"56":6,"57":57,"58":57,"59":57,"60":81,"61":78,"62":2,"63":76,"64":6,"65":46,"66":6,"67":9,"68":9,"69":0,"70":9,"71":6,"72":9,"73":9,"74":9,"75":3,"76":6,"77":0,"78":0,"79":0,"80":0,"81":6,"82":6,"83":9,"84":6,"85":43,"86":2,"87":2,"88":2,"89":0,"90":41,"91":1,"92":1,"93":1,"94":0,"95":1,"96":0,"97":40,"98":0,"99":40,"100":0,"101":0,"102":0,"103":0,"104":0,"105":0,"106":0,"107":0,"108":0,"109":0,"110":0,"111":0,"112":0,"113":0,"114":0,"115":0,"116":0,"117":0,"118":0,"119":0,"120":0,"121":0,"122":0,"123":0,"124":0,"125":0,"126":0,"127":0,"128":0,"129":0,"130":0,"131":0,"132":0,"133":0,"134":0,"135":6,"136":0,"137":0,"138":0,"139":0,"140":0,"141":0,"142":0,"143":0,"144":0,"145":0,"146":0,"147":0,"148":0,"149":0,"150":0,"151":0,"152":0,"153":0,"154":0,"155":0,"156":0,"157":0,"158":0,"159":0,"160":0,"161":0,"162":0,"163":0,"164":0,"165":0,"166":6,"167":6,"168":6,"169":6,"170":6,"171":6,"172":0,"173":6,"174":25,"175":6,"176":6,"177":24,"178":24,"179":24,"180":24,"181":24,"182":24,"183":24,"184":2,"185":2,"186":22,"187":1,"188":21,"189":0,"190":0,"191":21,"192":0,"193":0,"194":0,"195":0,"196":0,"197":0,"198":6,"199":6,"200":6,"201":2,"202":2,"203":2,"204":2,"205":0,"206":2,"207":2,"208":0,"209":2,"210":2,"211":0,"212":2,"213":0,"214":2,"215":2,"216":2,"217":2,"218":2,"219":19,"220":19,"221":19,"222":19,"223":19,"224":19,"225":19,"226":0,"227":0,"228":19,"229":0,"230":19,"231":0,"232":0,"233":19,"234":0,"235":0,"236":0,"237":0,"238":0,"239":0,"240":2,"241":2,"242":6,"243":2,"244":0,"245":2,"246":2,"247":6,"248":1,"249":0,"250":1,"251":6},"f":{"0":70,"1":22,"2":17,"3":62,"4":3,"5":5,"6":2,"7":2,"8":0,"9":57,"10":9,"11":9,"12":43,"13":0,"14":0,"15":0,"16":0,"17":6,"18":25,"19":2,"20":2,"21":1},"b":{"0":[0],"1":[22,0],"2":[12],"3":[12],"4":[12,12],"5":[62,62],"6":[62],"7":[3,59],"8":[3],"9":[0],"10":[0],"11":[3,3],"12":[1],"13":[3,3],"14":[2,2],"15":[0,2],"16":[0,2],"17":[2,76],"18":[78,76],"19":[6],"20":[76,72],"21":[0],"22":[3,6],"23":[0,6],"24":[6,6],"25":[0],"26":[6],"27":[2],"28":[2],"29":[2,0],"30":[1],"31":[1],"32":[0],"33":[0],"34":[40,40],"35":[0],"36":[0],"37":[0,0,0],"38":[0],"39":[0,0],"40":[0,0],"41":[0],"42":[0,0],"43":[0],"44":[0],"45":[0],"46":[0],"47":[0,0],"48":[0],"49":[0],"50":[0],"51":[0],"52":[0,0],"53":[0],"54":[0],"55":[0],"56":[0,0],"57":[0],"58":[0],"59":[0],"60":[6,5],"61":[1,5],"62":[2],"63":[1],"64":[0],"65":[21,21],"66":[0],"67":[0],"68":[0],"69":[2,0],"70":[0],"71":[0,2],"72":[0],"73":[0],"74":[21,0],"75":[11,10],"76":[0,0],"77":[0],"78":[0],"79":[0],"80":[19,19],"81":[0],"82":[0],"83":[0],"84":[1,1],"85":[2,1],"86":[0]}}
,"C:\\Users\\skmak\\Desktop\\_work_\\lingo-interpreted-language\\src\\runtime\\eval\\types.ts": {"path":"C:\\Users\\skmak\\Desktop\\_work_\\lingo-interpreted-language\\src\\runtime\\eval\\types.ts","statementMap":{"0":{"start":{"line":2,"column":0},"end":{"line":2,"column":39}},"1":{"start":{"line":4,"column":0},"end":{"line":4,"column":41}},"2":{"start":{"line":30,"column":2},"end":{"line":34,"column":null}},"3":{"start":{"line":25,"column":0},"end":{"line":25,"column":16}},"4":{"start":{"line":42,"column":43},"end":{"line":42,"column":45}},"5":{"start":{"line":43,"column":44},"end":{"line":43,"column":46}},"6":{"start":{"line":45,"column":2},"end":{"line":53,"column":null}},"7":{"start":{"line":46,"column":23},"end":{"line":46,"column":69}},"8":{"start":{"line":47,"column":4},"end":{"line":49,"column":null}},"9":{"start":{"line":48,"column":6},"end":{"line":48,"column":null}},"10":{"start":{"line":51,"column":4},"end":{"line":51,"column":null}},"11":{"start":{"line":52,"column":4},"end":{"line":52,"column":null}},"12":{"start":{"line":55,"column":2},"end":{"line":61,"column":null}},"13":{"start":{"line":37,"column":0},"end":{"line":37,"column":16}},"14":{"start":{"line":69,"column":21},"end":{"line":69,"column":71}},"15":{"start":{"line":70,"column":2},"end":{"line":72,"column":null}},"16":{"start":{"line":71,"column":4},"end":{"line":71,"column":null}},"17":{"start":{"line":74,"column":2},"end":{"line":79,"column":null}},"18":{"start":{"line":64,"column":0},"end":{"line":64,"column":16}},"19":{"start":{"line":87,"column":40},"end":{"line":87,"column":49}},"20":{"start":{"line":89,"column":2},"end":{"line":98,"column":null}},"21":{"start":{"line":90,"column":26},"end":{"line":90,"column":76}},"22":{"start":{"line":91,"column":4},"end":{"line":96,"column":null}},"23":{"start":{"line":92,"column":6},"end":{"line":95,"column":null}},"24":{"start":{"line":97,"column":4},"end":{"line":97,"column":null}},"25":{"start":{"line":100,"column":2},"end":{"line":106,"column":null}},"26":{"start":{"line":82,"column":0},"end":{"line":82,"column":16}},"27":{"start":{"line":115,"column":19},"end":{"line":115,"column":57}},"28":{"start":{"line":116,"column":2},"end":{"line":118,"column":null}},"29":{"start":{"line":117,"column":4},"end":{"line":117,"column":null}},"30":{"start":{"line":121,"column":41},"end":{"line":121,"column":43}},"31":{"start":{"line":122,"column":2},"end":{"line":129,"column":null}},"32":{"start":{"line":124,"column":21},"end":{"line":124,"column":70}},"33":{"start":{"line":125,"column":4},"end":{"line":127,"column":null}},"34":{"start":{"line":126,"column":6},"end":{"line":126,"column":null}},"35":{"start":{"line":128,"column":4},"end":{"line":128,"column":null}},"36":{"start":{"line":131,"column":2},"end":{"line":137,"column":null}},"37":{"start":{"line":109,"column":0},"end":{"line":109,"column":16}},"38":{"start":{"line":145,"column":32},"end":{"line":145,"column":34}},"39":{"start":{"line":147,"column":2},"end":{"line":153,"column":null}},"40":{"start":{"line":148,"column":20},"end":{"line":148,"column":63}},"41":{"start":{"line":149,"column":4},"end":{"line":151,"column":null}},"42":{"start":{"line":150,"column":6},"end":{"line":150,"column":null}},"43":{"start":{"line":152,"column":4},"end":{"line":152,"column":null}},"44":{"start":{"line":155,"column":2},"end":{"line":159,"column":null}},"45":{"start":{"line":140,"column":0},"end":{"line":140,"column":16}},"46":{"start":{"line":167,"column":22},"end":{"line":167,"column":73}},"47":{"start":{"line":168,"column":2},"end":{"line":170,"column":null}},"48":{"start":{"line":169,"column":4},"end":{"line":169,"column":null}},"49":{"start":{"line":172,"column":2},"end":{"line":176,"column":null}},"50":{"start":{"line":162,"column":0},"end":{"line":162,"column":16}}},"fnMap":{"0":{"name":"eval_primitive_type","decl":{"start":{"line":25,"column":16},"end":{"line":25,"column":35}},"loc":{"start":{"line":28,"column":28},"end":{"line":35,"column":1}}},"1":{"name":"eval_struct_type","decl":{"start":{"line":37,"column":16},"end":{"line":37,"column":32}},"loc":{"start":{"line":40,"column":27},"end":{"line":62,"column":1}}},"2":{"name":"eval_alias_type","decl":{"start":{"line":64,"column":16},"end":{"line":64,"column":31}},"loc":{"start":{"line":67,"column":27},"end":{"line":80,"column":1}}},"3":{"name":"eval_type_parameter","decl":{"start":{"line":82,"column":16},"end":{"line":82,"column":35}},"loc":{"start":{"line":85,"column":27},"end":{"line":107,"column":1}}},"4":{"name":"eval_generic_type","decl":{"start":{"line":109,"column":16},"end":{"line":109,"column":33}},"loc":{"start":{"line":112,"column":27},"end":{"line":138,"column":1}}},"5":{"name":"eval_union_type","decl":{"start":{"line":140,"column":16},"end":{"line":140,"column":31}},"loc":{"start":{"line":143,"column":27},"end":{"line":160,"column":1}}},"6":{"name":"eval_array_type","decl":{"start":{"line":162,"column":16},"end":{"line":162,"column":31}},"loc":{"start":{"line":165,"column":27},"end":{"line":177,"column":1}}}},"branchMap":{"0":{"loc":{"start":{"line":47,"column":4},"end":{"line":49,"column":null}},"type":"if","locations":[{"start":{"line":47,"column":4},"end":{"line":49,"column":null}}]},"1":{"loc":{"start":{"line":70,"column":2},"end":{"line":72,"column":null}},"type":"if","locations":[{"start":{"line":70,"column":2},"end":{"line":72,"column":null}}]},"2":{"loc":{"start":{"line":89,"column":2},"end":{"line":98,"column":null}},"type":"if","locations":[{"start":{"line":89,"column":2},"end":{"line":98,"column":null}}]},"3":{"loc":{"start":{"line":91,"column":4},"end":{"line":96,"column":null}},"type":"if","locations":[{"start":{"line":91,"column":4},"end":{"line":96,"column":null}}]},"4":{"loc":{"start":{"line":115,"column":34},"end":{"line":115,"column":56}},"type":"binary-expr","locations":[{"start":{"line":115,"column":34},"end":{"line":115,"column":50}},{"start":{"line":115,"column":54},"end":{"line":115,"column":56}}]},"5":{"loc":{"start":{"line":116,"column":2},"end":{"line":118,"column":null}},"type":"if","locations":[{"start":{"line":116,"column":2},"end":{"line":118,"column":null}}]},"6":{"loc":{"start":{"line":116,"column":6},"end":{"line":116,"column":43}},"type":"binary-expr","locations":[{"start":{"line":116,"column":6},"end":{"line":116,"column":15}},{"start":{"line":116,"column":19},"end":{"line":116,"column":43}}]},"7":{"loc":{"start":{"line":125,"column":4},"end":{"line":127,"column":null}},"type":"if","locations":[{"start":{"line":125,"column":4},"end":{"line":127,"column":null}}]},"8":{"loc":{"start":{"line":149,"column":4},"end":{"line":151,"column":null}},"type":"if","locations":[{"start":{"line":149,"column":4},"end":{"line":151,"column":null}}]},"9":{"loc":{"start":{"line":168,"column":2},"end":{"line":170,"column":null}},"type":"if","locations":[{"start":{"line":168,"column":2},"end":{"line":170,"column":null}}]}},"s":{"0":6,"1":6,"2":57,"3":6,"4":0,"5":0,"6":0,"7":0,"8":0,"9":0,"10":0,"11":0,"12":0,"13":6,"14":18,"15":18,"16":0,"17":18,"18":6,"19":17,"20":17,"21":11,"22":11,"23":0,"24":11,"25":17,"26":6,"27":0,"28":0,"29":0,"30":0,"31":0,"32":0,"33":0,"34":0,"35":0,"36":0,"37":6,"38":5,"39":5,"40":10,"41":10,"42":0,"43":10,"44":5,"45":6,"46":0,"47":0,"48":0,"49":0,"50":6},"f":{"0":57,"1":0,"2":18,"3":17,"4":0,"5":5,"6":0},"b":{"0":[0],"1":[0],"2":[11],"3":[0],"4":[0,0],"5":[0],"6":[0,0],"7":[0],"8":[0],"9":[0]}}
}
