{"C:\\Users\\skmak\\Desktop\\_work_\\lingo-interpreted-language\\src\\contants.ts": {"path":"C:\\Users\\skmak\\Desktop\\_work_\\lingo-interpreted-language\\src\\contants.ts","statementMap":{"0":{"start":{"line":1,"column":13},"end":{"line":1,"column":null}}},"fnMap":{},"branchMap":{},"s":{"0":14},"f":{},"b":{}}
,"C:\\Users\\skmak\\Desktop\\_work_\\lingo-interpreted-language\\src\\helpers.ts": {"path":"C:\\Users\\skmak\\Desktop\\_work_\\lingo-interpreted-language\\src\\helpers.ts","statementMap":{"0":{"start":{"line":1,"column":0},"end":{"line":1,"column":29}},"1":{"start":{"line":2,"column":0},"end":{"line":2,"column":36}},"2":{"start":{"line":3,"column":0},"end":{"line":3,"column":23}},"3":{"start":{"line":4,"column":0},"end":{"line":4,"column":32}},"4":{"start":{"line":7,"column":2},"end":{"line":17,"column":null}},"5":{"start":{"line":8,"column":19},"end":{"line":11,"column":6}},"6":{"start":{"line":13,"column":4},"end":{"line":16,"column":null}},"7":{"start":{"line":14,"column":6},"end":{"line":14,"column":null}},"8":{"start":{"line":15,"column":6},"end":{"line":15,"column":null}},"9":{"start":{"line":6,"column":0},"end":{"line":6,"column":7}},"10":{"start":{"line":21,"column":2},"end":{"line":21,"column":null}},"11":{"start":{"line":21,"column":30},"end":{"line":21,"column":null}},"12":{"start":{"line":23,"column":2},"end":{"line":23,"column":null}},"13":{"start":{"line":20,"column":0},"end":{"line":20,"column":16}},"14":{"start":{"line":28,"column":4},"end":{"line":28,"column":null}},"15":{"start":{"line":26,"column":0},"end":{"line":26,"column":13}},"16":{"start":{"line":32,"column":28},"end":{"line":45,"column":1}},"17":{"start":{"line":33,"column":19},"end":{"line":33,"column":27}},"18":{"start":{"line":35,"column":2},"end":{"line":44,"column":null}},"19":{"start":{"line":36,"column":4},"end":{"line":43,"column":null}},"20":{"start":{"line":37,"column":6},"end":{"line":37,"column":null}},"21":{"start":{"line":37,"column":15},"end":{"line":37,"column":null}},"22":{"start":{"line":39,"column":6},"end":{"line":42,"column":null}},"23":{"start":{"line":40,"column":8},"end":{"line":40,"column":null}},"24":{"start":{"line":40,"column":17},"end":{"line":40,"column":null}},"25":{"start":{"line":41,"column":8},"end":{"line":41,"column":null}},"26":{"start":{"line":32,"column":13},"end":{"line":32,"column":28}}},"fnMap":{"0":{"name":"prompt","decl":{"start":{"line":6,"column":22},"end":{"line":6,"column":28}},"loc":{"start":{"line":6,"column":45},"end":{"line":18,"column":1}}},"1":{"name":"(anonymous_8)","decl":{"start":{"line":7,"column":21},"end":{"line":7,"column":22}},"loc":{"start":{"line":7,"column":33},"end":{"line":17,"column":3}}},"2":{"name":"(anonymous_9)","decl":{"start":{"line":13,"column":30},"end":{"line":13,"column":31}},"loc":{"start":{"line":13,"column":48},"end":{"line":16,"column":5}}},"3":{"name":"validateFilename","decl":{"start":{"line":20,"column":16},"end":{"line":20,"column":32}},"loc":{"start":{"line":20,"column":49},"end":{"line":24,"column":1}}},"4":{"name":"(anonymous_11)","decl":{"start":{"line":27,"column":2},"end":{"line":27,"column":8}},"loc":{"start":{"line":27,"column":36},"end":{"line":29,"column":3}}},"5":{"name":"(anonymous_12)","decl":{"start":{"line":32,"column":28},"end":{"line":32,"column":29}},"loc":{"start":{"line":32,"column":63},"end":{"line":45,"column":1}}},"6":{"name":"(anonymous_13)","decl":{"start":{"line":35,"column":21},"end":{"line":35,"column":22}},"loc":{"start":{"line":35,"column":41},"end":{"line":44,"column":3}}},"7":{"name":"(anonymous_14)","decl":{"start":{"line":36,"column":44},"end":{"line":36,"column":45}},"loc":{"start":{"line":36,"column":52},"end":{"line":43,"column":5}}},"8":{"name":"(anonymous_15)","decl":{"start":{"line":39,"column":79},"end":{"line":39,"column":80}},"loc":{"start":{"line":39,"column":87},"end":{"line":42,"column":7}}}},"branchMap":{"0":{"loc":{"start":{"line":21,"column":2},"end":{"line":21,"column":null}},"type":"if","locations":[{"start":{"line":21,"column":2},"end":{"line":21,"column":null}}]},"1":{"loc":{"start":{"line":37,"column":6},"end":{"line":37,"column":null}},"type":"if","locations":[{"start":{"line":37,"column":6},"end":{"line":37,"column":null}}]},"2":{"loc":{"start":{"line":40,"column":8},"end":{"line":40,"column":null}},"type":"if","locations":[{"start":{"line":40,"column":8},"end":{"line":40,"column":null}}]}},"s":{"0":14,"1":14,"2":14,"3":14,"4":0,"5":0,"6":0,"7":0,"8":0,"9":14,"10":0,"11":0,"12":0,"13":14,"14":0,"15":14,"16":14,"17":0,"18":0,"19":0,"20":0,"21":0,"22":0,"23":0,"24":0,"25":0,"26":14},"f":{"0":0,"1":0,"2":0,"3":0,"4":0,"5":0,"6":0,"7":0,"8":0},"b":{"0":[0],"1":[0],"2":[0]}}
,"C:\\Users\\skmak\\Desktop\\_work_\\lingo-interpreted-language\\src\\frontend\\parser.ts": {"path":"C:\\Users\\skmak\\Desktop\\_work_\\lingo-interpreted-language\\src\\frontend\\parser.ts","statementMap":{"0":{"start":{"line":39,"column":0},"end":{"line":39,"column":39}},"1":{"start":{"line":40,"column":0},"end":{"line":40,"column":41}},"2":{"start":{"line":41,"column":0},"end":{"line":41,"column":51}},"3":{"start":{"line":43,"column":0},"end":{"line":43,"column":null}},"4":{"start":{"line":44,"column":2},"end":{"line":44,"column":null}},"5":{"start":{"line":45,"column":2},"end":{"line":45,"column":null}},"6":{"start":{"line":46,"column":2},"end":{"line":46,"column":null}},"7":{"start":{"line":50,"column":2},"end":{"line":53,"column":null}},"8":{"start":{"line":49,"column":0},"end":{"line":49,"column":16}},"9":{"start":{"line":57,"column":2},"end":{"line":57,"column":null}},"10":{"start":{"line":61,"column":2},"end":{"line":61,"column":null}},"11":{"start":{"line":65,"column":10},"end":{"line":65,"column":35}},"12":{"start":{"line":66,"column":10},"end":{"line":66,"column":52}},"13":{"start":{"line":73,"column":10},"end":{"line":73,"column":null}},"14":{"start":{"line":68,"column":4},"end":{"line":70,"column":null}},"15":{"start":{"line":69,"column":6},"end":{"line":69,"column":null}},"16":{"start":{"line":76,"column":4},"end":{"line":76,"column":null}},"17":{"start":{"line":80,"column":4},"end":{"line":80,"column":null}},"18":{"start":{"line":84,"column":4},"end":{"line":84,"column":null}},"19":{"start":{"line":88,"column":17},"end":{"line":88,"column":36}},"20":{"start":{"line":89,"column":4},"end":{"line":91,"column":null}},"21":{"start":{"line":90,"column":6},"end":{"line":90,"column":null}},"22":{"start":{"line":92,"column":4},"end":{"line":92,"column":null}},"23":{"start":{"line":96,"column":18},"end":{"line":96,"column":37}},"24":{"start":{"line":97,"column":4},"end":{"line":99,"column":null}},"25":{"start":{"line":98,"column":6},"end":{"line":98,"column":null}},"26":{"start":{"line":100,"column":4},"end":{"line":100,"column":null}},"27":{"start":{"line":104,"column":18},"end":{"line":104,"column":28}},"28":{"start":{"line":105,"column":4},"end":{"line":107,"column":null}},"29":{"start":{"line":106,"column":6},"end":{"line":106,"column":null}},"30":{"start":{"line":111,"column":18},"end":{"line":111,"column":28}},"31":{"start":{"line":112,"column":4},"end":{"line":114,"column":null}},"32":{"start":{"line":113,"column":6},"end":{"line":113,"column":null}},"33":{"start":{"line":119,"column":4},"end":{"line":142,"column":null}},"34":{"start":{"line":123,"column":8},"end":{"line":123,"column":null}},"35":{"start":{"line":125,"column":8},"end":{"line":125,"column":null}},"36":{"start":{"line":127,"column":8},"end":{"line":127,"column":null}},"37":{"start":{"line":129,"column":8},"end":{"line":129,"column":null}},"38":{"start":{"line":131,"column":8},"end":{"line":131,"column":null}},"39":{"start":{"line":133,"column":8},"end":{"line":133,"column":null}},"40":{"start":{"line":135,"column":8},"end":{"line":135,"column":null}},"41":{"start":{"line":137,"column":8},"end":{"line":137,"column":null}},"42":{"start":{"line":139,"column":8},"end":{"line":139,"column":null}},"43":{"start":{"line":141,"column":8},"end":{"line":141,"column":null}},"44":{"start":{"line":146,"column":4},"end":{"line":146,"column":15}},"45":{"start":{"line":147,"column":4},"end":{"line":149,"column":null}},"46":{"start":{"line":148,"column":6},"end":{"line":148,"column":null}},"47":{"start":{"line":150,"column":17},"end":{"line":150,"column":39}},"48":{"start":{"line":151,"column":4},"end":{"line":151,"column":null}},"49":{"start":{"line":152,"column":17},"end":{"line":152,"column":34}},"50":{"start":{"line":153,"column":4},"end":{"line":153,"column":null}},"51":{"start":{"line":158,"column":21},"end":{"line":158,"column":80}},"52":{"start":{"line":161,"column":4},"end":{"line":163,"column":null}},"53":{"start":{"line":162,"column":6},"end":{"line":162,"column":null}},"54":{"start":{"line":166,"column":4},"end":{"line":173,"column":null}},"55":{"start":{"line":178,"column":4},"end":{"line":181,"column":null}},"56":{"start":{"line":179,"column":6},"end":{"line":179,"column":null}},"57":{"start":{"line":180,"column":6},"end":{"line":180,"column":null}},"58":{"start":{"line":183,"column":4},"end":{"line":183,"column":21}},"59":{"start":{"line":187,"column":18},"end":{"line":187,"column":27}},"60":{"start":{"line":188,"column":4},"end":{"line":190,"column":null}},"61":{"start":{"line":189,"column":6},"end":{"line":189,"column":null}},"62":{"start":{"line":192,"column":4},"end":{"line":194,"column":null}},"63":{"start":{"line":193,"column":6},"end":{"line":193,"column":null}},"64":{"start":{"line":197,"column":15},"end":{"line":197,"column":39}},"65":{"start":{"line":200,"column":4},"end":{"line":214,"column":null}},"66":{"start":{"line":201,"column":6},"end":{"line":201,"column":17}},"67":{"start":{"line":202,"column":20},"end":{"line":202,"column":44}},"68":{"start":{"line":205,"column":6},"end":{"line":213,"column":null}},"69":{"start":{"line":206,"column":8},"end":{"line":206,"column":null}},"70":{"start":{"line":209,"column":8},"end":{"line":212,"column":null}},"71":{"start":{"line":216,"column":4},"end":{"line":216,"column":null}},"72":{"start":{"line":220,"column":4},"end":{"line":220,"column":15}},"73":{"start":{"line":221,"column":20},"end":{"line":221,"column":45}},"74":{"start":{"line":223,"column":4},"end":{"line":223,"column":null}},"75":{"start":{"line":225,"column":4},"end":{"line":241,"column":null}},"76":{"start":{"line":226,"column":19},"end":{"line":226,"column":83}},"77":{"start":{"line":227,"column":6},"end":{"line":227,"column":null}},"78":{"start":{"line":228,"column":19},"end":{"line":228,"column":36}},"79":{"start":{"line":230,"column":6},"end":{"line":232,"column":null}},"80":{"start":{"line":231,"column":8},"end":{"line":231,"column":null}},"81":{"start":{"line":234,"column":21},"end":{"line":234,"column":26}},"82":{"start":{"line":235,"column":6},"end":{"line":238,"column":null}},"83":{"start":{"line":236,"column":8},"end":{"line":236,"column":null}},"84":{"start":{"line":237,"column":8},"end":{"line":237,"column":null}},"85":{"start":{"line":240,"column":6},"end":{"line":240,"column":null}},"86":{"start":{"line":243,"column":4},"end":{"line":243,"column":null}},"87":{"start":{"line":245,"column":4},"end":{"line":245,"column":null}},"88":{"start":{"line":249,"column":4},"end":{"line":249,"column":15}},"89":{"start":{"line":250,"column":20},"end":{"line":250,"column":58}},"90":{"start":{"line":252,"column":4},"end":{"line":252,"column":null}},"91":{"start":{"line":254,"column":4},"end":{"line":266,"column":null}},"92":{"start":{"line":256,"column":6},"end":{"line":265,"column":null}},"93":{"start":{"line":258,"column":10},"end":{"line":258,"column":null}},"94":{"start":{"line":259,"column":10},"end":{"line":259,"column":15}},"95":{"start":{"line":261,"column":10},"end":{"line":261,"column":null}},"96":{"start":{"line":262,"column":10},"end":{"line":262,"column":15}},"97":{"start":{"line":264,"column":10},"end":{"line":264,"column":null}},"98":{"start":{"line":268,"column":4},"end":{"line":268,"column":null}},"99":{"start":{"line":270,"column":4},"end":{"line":270,"column":null}},"100":{"start":{"line":274,"column":4},"end":{"line":274,"column":15}},"101":{"start":{"line":275,"column":17},"end":{"line":275,"column":97}},"102":{"start":{"line":277,"column":54},"end":{"line":277,"column":63}},"103":{"start":{"line":278,"column":4},"end":{"line":280,"column":null}},"104":{"start":{"line":279,"column":6},"end":{"line":279,"column":null}},"105":{"start":{"line":282,"column":36},"end":{"line":282,"column":55}},"106":{"start":{"line":284,"column":4},"end":{"line":286,"column":null}},"107":{"start":{"line":285,"column":6},"end":{"line":285,"column":null}},"108":{"start":{"line":288,"column":23},"end":{"line":288,"column":47}},"109":{"start":{"line":290,"column":4},"end":{"line":292,"column":null}},"110":{"start":{"line":291,"column":6},"end":{"line":291,"column":null}},"111":{"start":{"line":294,"column":4},"end":{"line":300,"column":null}},"112":{"start":{"line":304,"column":4},"end":{"line":304,"column":15}},"113":{"start":{"line":305,"column":17},"end":{"line":305,"column":96}},"114":{"start":{"line":311,"column":23},"end":{"line":311,"column":47}},"115":{"start":{"line":313,"column":4},"end":{"line":315,"column":null}},"116":{"start":{"line":314,"column":6},"end":{"line":314,"column":null}},"117":{"start":{"line":317,"column":4},"end":{"line":321,"column":null}},"118":{"start":{"line":326,"column":15},"end":{"line":326,"column":37}},"119":{"start":{"line":329,"column":4},"end":{"line":338,"column":null}},"120":{"start":{"line":330,"column":6},"end":{"line":330,"column":17}},"121":{"start":{"line":331,"column":6},"end":{"line":331,"column":null}},"122":{"start":{"line":334,"column":6},"end":{"line":337,"column":null}},"123":{"start":{"line":340,"column":4},"end":{"line":340,"column":null}},"124":{"start":{"line":345,"column":4},"end":{"line":362,"column":null}},"125":{"start":{"line":346,"column":23},"end":{"line":346,"column":33}},"126":{"start":{"line":349,"column":6},"end":{"line":351,"column":null}},"127":{"start":{"line":350,"column":8},"end":{"line":350,"column":null}},"128":{"start":{"line":350,"column":22},"end":{"line":350,"column":null}},"129":{"start":{"line":354,"column":6},"end":{"line":361,"column":null}},"130":{"start":{"line":365,"column":22},"end":{"line":374,"column":null}},"131":{"start":{"line":377,"column":4},"end":{"line":380,"column":null}},"132":{"start":{"line":384,"column":4},"end":{"line":384,"column":15}},"133":{"start":{"line":386,"column":40},"end":{"line":386,"column":42}},"134":{"start":{"line":389,"column":4},"end":{"line":413,"column":null}},"135":{"start":{"line":391,"column":29},"end":{"line":391,"column":98}},"136":{"start":{"line":393,"column":45},"end":{"line":393,"column":54}},"137":{"start":{"line":396,"column":6},"end":{"line":399,"column":null}},"138":{"start":{"line":397,"column":8},"end":{"line":397,"column":19}},"139":{"start":{"line":398,"column":8},"end":{"line":398,"column":null}},"140":{"start":{"line":402,"column":6},"end":{"line":406,"column":null}},"141":{"start":{"line":408,"column":6},"end":{"line":412,"column":null}},"142":{"start":{"line":409,"column":8},"end":{"line":409,"column":19}},"143":{"start":{"line":411,"column":8},"end":{"line":411,"column":13}},"144":{"start":{"line":415,"column":18},"end":{"line":415,"column":28}},"145":{"start":{"line":417,"column":4},"end":{"line":419,"column":null}},"146":{"start":{"line":418,"column":6},"end":{"line":418,"column":null}},"147":{"start":{"line":421,"column":4},"end":{"line":425,"column":null}},"148":{"start":{"line":429,"column":21},"end":{"line":429,"column":56}},"149":{"start":{"line":431,"column":4},"end":{"line":435,"column":null}},"150":{"start":{"line":432,"column":6},"end":{"line":432,"column":null}},"151":{"start":{"line":434,"column":6},"end":{"line":434,"column":null}},"152":{"start":{"line":437,"column":26},"end":{"line":437,"column":28}},"153":{"start":{"line":439,"column":29},"end":{"line":439,"column":84}},"154":{"start":{"line":441,"column":4},"end":{"line":441,"column":null}},"155":{"start":{"line":441,"column":55},"end":{"line":441,"column":null}},"156":{"start":{"line":443,"column":4},"end":{"line":447,"column":null}},"157":{"start":{"line":444,"column":6},"end":{"line":444,"column":null}},"158":{"start":{"line":446,"column":6},"end":{"line":446,"column":null}},"159":{"start":{"line":449,"column":4},"end":{"line":449,"column":null}},"160":{"start":{"line":453,"column":21},"end":{"line":453,"column":30}},"161":{"start":{"line":454,"column":4},"end":{"line":456,"column":null}},"162":{"start":{"line":455,"column":6},"end":{"line":455,"column":null}},"163":{"start":{"line":458,"column":4},"end":{"line":464,"column":null}},"164":{"start":{"line":459,"column":6},"end":{"line":459,"column":17}},"165":{"start":{"line":460,"column":6},"end":{"line":461,"column":null}},"166":{"start":{"line":460,"column":23},"end":{"line":460,"column":null}},"167":{"start":{"line":461,"column":11},"end":{"line":461,"column":null}},"168":{"start":{"line":461,"column":43},"end":{"line":461,"column":null}},"169":{"start":{"line":463,"column":6},"end":{"line":463,"column":null}},"170":{"start":{"line":466,"column":4},"end":{"line":466,"column":null}},"171":{"start":{"line":470,"column":4},"end":{"line":470,"column":15}},"172":{"start":{"line":471,"column":17},"end":{"line":471,"column":97}},"173":{"start":{"line":473,"column":54},"end":{"line":473,"column":63}},"174":{"start":{"line":474,"column":4},"end":{"line":476,"column":null}},"175":{"start":{"line":475,"column":6},"end":{"line":475,"column":null}},"176":{"start":{"line":478,"column":19},"end":{"line":478,"column":38}},"177":{"start":{"line":480,"column":23},"end":{"line":480,"column":47}},"178":{"start":{"line":482,"column":17},"end":{"line":482,"column":40}},"179":{"start":{"line":484,"column":4},"end":{"line":491,"column":null}},"180":{"start":{"line":495,"column":4},"end":{"line":495,"column":15}},"181":{"start":{"line":497,"column":31},"end":{"line":497,"column":48}},"182":{"start":{"line":499,"column":4},"end":{"line":503,"column":null}},"183":{"start":{"line":500,"column":6},"end":{"line":500,"column":17}},"184":{"start":{"line":501,"column":6},"end":{"line":501,"column":null}},"185":{"start":{"line":501,"column":33},"end":{"line":501,"column":null}},"186":{"start":{"line":502,"column":6},"end":{"line":502,"column":null}},"187":{"start":{"line":505,"column":4},"end":{"line":505,"column":null}},"188":{"start":{"line":510,"column":27},"end":{"line":510,"column":64}},"189":{"start":{"line":511,"column":4},"end":{"line":511,"column":35}},"190":{"start":{"line":511,"column":24},"end":{"line":511,"column":35}},"191":{"start":{"line":513,"column":22},"end":{"line":513,"column":39}},"192":{"start":{"line":515,"column":4},"end":{"line":515,"column":null}},"193":{"start":{"line":515,"column":24},"end":{"line":515,"column":null}},"194":{"start":{"line":517,"column":4},"end":{"line":517,"column":null}},"195":{"start":{"line":521,"column":4},"end":{"line":521,"column":15}},"196":{"start":{"line":523,"column":18},"end":{"line":523,"column":40}},"197":{"start":{"line":525,"column":17},"end":{"line":525,"column":40}},"198":{"start":{"line":527,"column":24},"end":{"line":527,"column":26}},"199":{"start":{"line":530,"column":4},"end":{"line":541,"column":null}},"200":{"start":{"line":531,"column":6},"end":{"line":531,"column":17}},"201":{"start":{"line":532,"column":6},"end":{"line":532,"column":17}},"202":{"start":{"line":534,"column":25},"end":{"line":538,"column":null}},"203":{"start":{"line":540,"column":6},"end":{"line":540,"column":null}},"204":{"start":{"line":543,"column":28},"end":{"line":543,"column":30}},"205":{"start":{"line":546,"column":4},"end":{"line":549,"column":null}},"206":{"start":{"line":547,"column":6},"end":{"line":547,"column":17}},"207":{"start":{"line":548,"column":6},"end":{"line":548,"column":null}},"208":{"start":{"line":551,"column":19},"end":{"line":557,"column":null}},"209":{"start":{"line":559,"column":4},"end":{"line":559,"column":null}},"210":{"start":{"line":563,"column":19},"end":{"line":563,"column":54}},"211":{"start":{"line":564,"column":4},"end":{"line":564,"column":null}},"212":{"start":{"line":566,"column":4},"end":{"line":573,"column":null}},"213":{"start":{"line":567,"column":6},"end":{"line":567,"column":17}},"214":{"start":{"line":569,"column":20},"end":{"line":569,"column":96}},"215":{"start":{"line":571,"column":6},"end":{"line":571,"column":null}},"216":{"start":{"line":572,"column":6},"end":{"line":572,"column":null}},"217":{"start":{"line":574,"column":4},"end":{"line":574,"column":null}},"218":{"start":{"line":578,"column":4},"end":{"line":578,"column":null}},"219":{"start":{"line":578,"column":15},"end":{"line":578,"column":null}},"220":{"start":{"line":579,"column":4},"end":{"line":579,"column":null}},"221":{"start":{"line":594,"column":4},"end":{"line":594,"column":15}},"222":{"start":{"line":597,"column":4},"end":{"line":609,"column":null}},"223":{"start":{"line":598,"column":32},"end":{"line":598,"column":50}},"224":{"start":{"line":599,"column":19},"end":{"line":599,"column":42}},"225":{"start":{"line":601,"column":6},"end":{"line":601,"column":null}},"226":{"start":{"line":603,"column":6},"end":{"line":608,"column":null}},"227":{"start":{"line":612,"column":25},"end":{"line":612,"column":62}},"228":{"start":{"line":613,"column":4},"end":{"line":613,"column":null}},"229":{"start":{"line":613,"column":22},"end":{"line":613,"column":null}},"230":{"start":{"line":616,"column":4},"end":{"line":622,"column":null}},"231":{"start":{"line":621,"column":6},"end":{"line":621,"column":null}},"232":{"start":{"line":625,"column":4},"end":{"line":655,"column":null}},"233":{"start":{"line":626,"column":26},"end":{"line":626,"column":54}},"234":{"start":{"line":628,"column":6},"end":{"line":628,"column":null}},"235":{"start":{"line":630,"column":24},"end":{"line":630,"column":41}},"236":{"start":{"line":632,"column":6},"end":{"line":632,"column":null}},"237":{"start":{"line":634,"column":21},"end":{"line":634,"column":38}},"238":{"start":{"line":636,"column":6},"end":{"line":638,"column":null}},"239":{"start":{"line":637,"column":8},"end":{"line":637,"column":null}},"240":{"start":{"line":640,"column":32},"end":{"line":640,"column":50}},"241":{"start":{"line":642,"column":19},"end":{"line":642,"column":42}},"242":{"start":{"line":644,"column":6},"end":{"line":644,"column":null}},"243":{"start":{"line":646,"column":6},"end":{"line":654,"column":null}},"244":{"start":{"line":658,"column":22},"end":{"line":658,"column":39}},"245":{"start":{"line":660,"column":4},"end":{"line":662,"column":null}},"246":{"start":{"line":661,"column":6},"end":{"line":661,"column":null}},"247":{"start":{"line":664,"column":30},"end":{"line":664,"column":48}},"248":{"start":{"line":666,"column":17},"end":{"line":666,"column":40}},"249":{"start":{"line":668,"column":4},"end":{"line":668,"column":null}},"250":{"start":{"line":670,"column":4},"end":{"line":676,"column":null}},"251":{"start":{"line":680,"column":4},"end":{"line":680,"column":15}},"252":{"start":{"line":682,"column":23},"end":{"line":682,"column":91}},"253":{"start":{"line":684,"column":4},"end":{"line":684,"column":null}},"254":{"start":{"line":686,"column":21},"end":{"line":686,"column":89}},"255":{"start":{"line":688,"column":4},"end":{"line":688,"column":null}},"256":{"start":{"line":690,"column":4},"end":{"line":692,"column":null}},"257":{"start":{"line":691,"column":6},"end":{"line":691,"column":null}},"258":{"start":{"line":694,"column":21},"end":{"line":694,"column":38}},"259":{"start":{"line":697,"column":4},"end":{"line":699,"column":null}},"260":{"start":{"line":698,"column":6},"end":{"line":698,"column":null}},"261":{"start":{"line":701,"column":30},"end":{"line":701,"column":48}},"262":{"start":{"line":703,"column":17},"end":{"line":703,"column":40}},"263":{"start":{"line":705,"column":4},"end":{"line":705,"column":null}},"264":{"start":{"line":706,"column":4},"end":{"line":714,"column":null}},"265":{"start":{"line":721,"column":4},"end":{"line":721,"column":15}},"266":{"start":{"line":723,"column":18},"end":{"line":723,"column":35}},"267":{"start":{"line":727,"column":22},"end":{"line":727,"column":57}},"268":{"start":{"line":728,"column":4},"end":{"line":737,"column":null}},"269":{"start":{"line":729,"column":6},"end":{"line":729,"column":17}},"270":{"start":{"line":731,"column":6},"end":{"line":731,"column":null}},"271":{"start":{"line":733,"column":6},"end":{"line":736,"column":null}},"272":{"start":{"line":734,"column":8},"end":{"line":734,"column":19}},"273":{"start":{"line":735,"column":8},"end":{"line":735,"column":null}},"274":{"start":{"line":739,"column":30},"end":{"line":739,"column":48}},"275":{"start":{"line":741,"column":17},"end":{"line":741,"column":40}},"276":{"start":{"line":743,"column":4},"end":{"line":743,"column":null}},"277":{"start":{"line":745,"column":4},"end":{"line":756,"column":null}},"278":{"start":{"line":760,"column":4},"end":{"line":760,"column":15}},"279":{"start":{"line":762,"column":4},"end":{"line":764,"column":null}},"280":{"start":{"line":763,"column":6},"end":{"line":763,"column":null}},"281":{"start":{"line":766,"column":17},"end":{"line":766,"column":58}},"282":{"start":{"line":768,"column":4},"end":{"line":777,"column":null}},"283":{"start":{"line":769,"column":25},"end":{"line":769,"column":35}},"284":{"start":{"line":771,"column":6},"end":{"line":773,"column":null}},"285":{"start":{"line":772,"column":8},"end":{"line":772,"column":null}},"286":{"start":{"line":775,"column":6},"end":{"line":775,"column":null}},"287":{"start":{"line":776,"column":6},"end":{"line":776,"column":null}},"288":{"start":{"line":779,"column":4},"end":{"line":779,"column":null}},"289":{"start":{"line":783,"column":4},"end":{"line":783,"column":15}},"290":{"start":{"line":785,"column":4},"end":{"line":787,"column":null}},"291":{"start":{"line":786,"column":6},"end":{"line":786,"column":null}},"292":{"start":{"line":789,"column":17},"end":{"line":789,"column":58}},"293":{"start":{"line":791,"column":4},"end":{"line":801,"column":null}},"294":{"start":{"line":792,"column":25},"end":{"line":792,"column":35}},"295":{"start":{"line":794,"column":6},"end":{"line":796,"column":null}},"296":{"start":{"line":795,"column":8},"end":{"line":795,"column":null}},"297":{"start":{"line":798,"column":6},"end":{"line":798,"column":null}},"298":{"start":{"line":800,"column":6},"end":{"line":800,"column":null}},"299":{"start":{"line":803,"column":4},"end":{"line":803,"column":null}},"300":{"start":{"line":807,"column":4},"end":{"line":807,"column":15}},"301":{"start":{"line":809,"column":4},"end":{"line":813,"column":null}},"302":{"start":{"line":817,"column":4},"end":{"line":821,"column":null}},"303":{"start":{"line":818,"column":6},"end":{"line":818,"column":null}},"304":{"start":{"line":819,"column":11},"end":{"line":821,"column":null}},"305":{"start":{"line":820,"column":6},"end":{"line":820,"column":null}},"306":{"start":{"line":836,"column":27},"end":{"line":836,"column":42}},"307":{"start":{"line":838,"column":23},"end":{"line":838,"column":56}},"308":{"start":{"line":839,"column":20},"end":{"line":839,"column":53}},"309":{"start":{"line":841,"column":21},"end":{"line":841,"column":77}},"310":{"start":{"line":843,"column":23},"end":{"line":845,"column":null}},"311":{"start":{"line":848,"column":17},"end":{"line":848,"column":44}},"312":{"start":{"line":855,"column":4},"end":{"line":900,"column":null}},"313":{"start":{"line":856,"column":43},"end":{"line":856,"column":45}},"314":{"start":{"line":859,"column":6},"end":{"line":864,"column":null}},"315":{"start":{"line":867,"column":6},"end":{"line":880,"column":null}},"316":{"start":{"line":868,"column":8},"end":{"line":868,"column":19}},"317":{"start":{"line":870,"column":27},"end":{"line":870,"column":96}},"318":{"start":{"line":872,"column":21},"end":{"line":872,"column":48}},"319":{"start":{"line":874,"column":8},"end":{"line":879,"column":null}},"320":{"start":{"line":883,"column":6},"end":{"line":894,"column":null}},"321":{"start":{"line":884,"column":8},"end":{"line":884,"column":19}},"322":{"start":{"line":887,"column":22},"end":{"line":887,"column":39}},"323":{"start":{"line":888,"column":8},"end":{"line":890,"column":null}},"324":{"start":{"line":888,"column":21},"end":{"line":888,"column":22}},"325":{"start":{"line":889,"column":10},"end":{"line":889,"column":null}},"326":{"start":{"line":893,"column":8},"end":{"line":893,"column":null}},"327":{"start":{"line":896,"column":6},"end":{"line":899,"column":null}},"328":{"start":{"line":902,"column":41},"end":{"line":902,"column":43}},"329":{"start":{"line":910,"column":4},"end":{"line":919,"column":null}},"330":{"start":{"line":911,"column":6},"end":{"line":911,"column":17}},"331":{"start":{"line":912,"column":6},"end":{"line":918,"column":null}},"332":{"start":{"line":922,"column":4},"end":{"line":951,"column":null}},"333":{"start":{"line":923,"column":6},"end":{"line":945,"column":null}},"334":{"start":{"line":924,"column":8},"end":{"line":924,"column":19}},"335":{"start":{"line":926,"column":27},"end":{"line":926,"column":96}},"336":{"start":{"line":928,"column":21},"end":{"line":928,"column":48}},"337":{"start":{"line":930,"column":20},"end":{"line":935,"column":null}},"338":{"start":{"line":937,"column":8},"end":{"line":940,"column":null}},"339":{"start":{"line":942,"column":8},"end":{"line":942,"column":null}},"340":{"start":{"line":944,"column":8},"end":{"line":944,"column":null}},"341":{"start":{"line":947,"column":6},"end":{"line":950,"column":null}},"342":{"start":{"line":953,"column":4},"end":{"line":953,"column":null}},"343":{"start":{"line":953,"column":32},"end":{"line":953,"column":null}},"344":{"start":{"line":956,"column":4},"end":{"line":958,"column":null}},"345":{"start":{"line":957,"column":6},"end":{"line":957,"column":null}},"346":{"start":{"line":961,"column":4},"end":{"line":966,"column":null}},"347":{"start":{"line":971,"column":4},"end":{"line":971,"column":null}},"348":{"start":{"line":975,"column":20},"end":{"line":975,"column":40}},"349":{"start":{"line":977,"column":4},"end":{"line":981,"column":null}},"350":{"start":{"line":978,"column":6},"end":{"line":978,"column":null}},"351":{"start":{"line":979,"column":20},"end":{"line":979,"column":48}},"352":{"start":{"line":980,"column":6},"end":{"line":980,"column":null}},"353":{"start":{"line":983,"column":4},"end":{"line":983,"column":null}},"354":{"start":{"line":987,"column":4},"end":{"line":987,"column":15}},"355":{"start":{"line":989,"column":21},"end":{"line":989,"column":23}},"356":{"start":{"line":991,"column":4},"end":{"line":995,"column":null}},"357":{"start":{"line":992,"column":17},"end":{"line":992,"column":34}},"358":{"start":{"line":993,"column":6},"end":{"line":993,"column":56}},"359":{"start":{"line":993,"column":45},"end":{"line":993,"column":56}},"360":{"start":{"line":994,"column":6},"end":{"line":994,"column":null}},"361":{"start":{"line":997,"column":4},"end":{"line":997,"column":null}},"362":{"start":{"line":999,"column":4},"end":{"line":999,"column":null}},"363":{"start":{"line":1003,"column":4},"end":{"line":1003,"column":null}},"364":{"start":{"line":1005,"column":33},"end":{"line":1005,"column":35}},"365":{"start":{"line":1008,"column":4},"end":{"line":1008,"column":null}},"366":{"start":{"line":1011,"column":4},"end":{"line":1014,"column":null}},"367":{"start":{"line":1012,"column":6},"end":{"line":1012,"column":17}},"368":{"start":{"line":1013,"column":6},"end":{"line":1013,"column":null}},"369":{"start":{"line":1016,"column":4},"end":{"line":1016,"column":null}},"370":{"start":{"line":1018,"column":4},"end":{"line":1018,"column":null}},"371":{"start":{"line":1022,"column":23},"end":{"line":1022,"column":85}},"372":{"start":{"line":1024,"column":19},"end":{"line":1024,"column":28}},"373":{"start":{"line":1026,"column":4},"end":{"line":1028,"column":null}},"374":{"start":{"line":1027,"column":6},"end":{"line":1027,"column":null}},"375":{"start":{"line":1030,"column":4},"end":{"line":1030,"column":15}},"376":{"start":{"line":1031,"column":18},"end":{"line":1031,"column":39}},"377":{"start":{"line":1033,"column":4},"end":{"line":1057,"column":null}},"378":{"start":{"line":1034,"column":18},"end":{"line":1034,"column":82}},"379":{"start":{"line":1037,"column":6},"end":{"line":1046,"column":null}},"380":{"start":{"line":1038,"column":8},"end":{"line":1038,"column":19}},"381":{"start":{"line":1039,"column":8},"end":{"line":1039,"column":null}},"382":{"start":{"line":1040,"column":8},"end":{"line":1040,"column":16}},"383":{"start":{"line":1043,"column":11},"end":{"line":1046,"column":null}},"384":{"start":{"line":1044,"column":8},"end":{"line":1044,"column":null}},"385":{"start":{"line":1045,"column":8},"end":{"line":1045,"column":16}},"386":{"start":{"line":1049,"column":6},"end":{"line":1049,"column":null}},"387":{"start":{"line":1050,"column":20},"end":{"line":1050,"column":37}},"388":{"start":{"line":1052,"column":6},"end":{"line":1052,"column":null}},"389":{"start":{"line":1054,"column":6},"end":{"line":1056,"column":null}},"390":{"start":{"line":1055,"column":8},"end":{"line":1055,"column":null}},"391":{"start":{"line":1059,"column":4},"end":{"line":1059,"column":null}},"392":{"start":{"line":1060,"column":4},"end":{"line":1060,"column":null}},"393":{"start":{"line":1064,"column":4},"end":{"line":1071,"column":null}},"394":{"start":{"line":1065,"column":6},"end":{"line":1065,"column":null}},"395":{"start":{"line":1066,"column":11},"end":{"line":1071,"column":null}},"396":{"start":{"line":1070,"column":6},"end":{"line":1070,"column":null}},"397":{"start":{"line":1073,"column":4},"end":{"line":1073,"column":null}},"398":{"start":{"line":1077,"column":15},"end":{"line":1077,"column":44}},"399":{"start":{"line":1079,"column":4},"end":{"line":1088,"column":null}},"400":{"start":{"line":1080,"column":23},"end":{"line":1080,"column":33}},"401":{"start":{"line":1081,"column":20},"end":{"line":1081,"column":49}},"402":{"start":{"line":1082,"column":6},"end":{"line":1087,"column":null}},"403":{"start":{"line":1090,"column":4},"end":{"line":1090,"column":null}},"404":{"start":{"line":1094,"column":15},"end":{"line":1094,"column":41}},"405":{"start":{"line":1096,"column":4},"end":{"line":1108,"column":null}},"406":{"start":{"line":1100,"column":23},"end":{"line":1100,"column":33}},"407":{"start":{"line":1101,"column":20},"end":{"line":1101,"column":46}},"408":{"start":{"line":1102,"column":6},"end":{"line":1107,"column":null}},"409":{"start":{"line":1110,"column":4},"end":{"line":1110,"column":null}},"410":{"start":{"line":1115,"column":15},"end":{"line":1115,"column":46}},"411":{"start":{"line":1117,"column":4},"end":{"line":1126,"column":null}},"412":{"start":{"line":1118,"column":23},"end":{"line":1118,"column":33}},"413":{"start":{"line":1119,"column":20},"end":{"line":1119,"column":51}},"414":{"start":{"line":1120,"column":6},"end":{"line":1125,"column":null}},"415":{"start":{"line":1128,"column":4},"end":{"line":1128,"column":null}},"416":{"start":{"line":1133,"column":15},"end":{"line":1133,"column":44}},"417":{"start":{"line":1135,"column":4},"end":{"line":1144,"column":null}},"418":{"start":{"line":1136,"column":23},"end":{"line":1136,"column":33}},"419":{"start":{"line":1137,"column":20},"end":{"line":1137,"column":49}},"420":{"start":{"line":1138,"column":6},"end":{"line":1143,"column":null}},"421":{"start":{"line":1146,"column":4},"end":{"line":1146,"column":null}},"422":{"start":{"line":1150,"column":19},"end":{"line":1150,"column":43}},"423":{"start":{"line":1152,"column":4},"end":{"line":1152,"column":null}},"424":{"start":{"line":1152,"column":47},"end":{"line":1152,"column":null}},"425":{"start":{"line":1154,"column":4},"end":{"line":1154,"column":null}},"426":{"start":{"line":1158,"column":26},"end":{"line":1162,"column":null}},"427":{"start":{"line":1165,"column":4},"end":{"line":1165,"column":null}},"428":{"start":{"line":1165,"column":47},"end":{"line":1165,"column":null}},"429":{"start":{"line":1167,"column":4},"end":{"line":1167,"column":null}},"430":{"start":{"line":1171,"column":4},"end":{"line":1171,"column":null}},"431":{"start":{"line":1172,"column":17},"end":{"line":1172,"column":85}},"432":{"start":{"line":1174,"column":4},"end":{"line":1174,"column":null}},"433":{"start":{"line":1176,"column":4},"end":{"line":1176,"column":null}},"434":{"start":{"line":1182,"column":17},"end":{"line":1182,"column":47}},"435":{"start":{"line":1184,"column":4},"end":{"line":1184,"column":null}},"436":{"start":{"line":1184,"column":60},"end":{"line":1184,"column":null}},"437":{"start":{"line":1186,"column":4},"end":{"line":1186,"column":null}},"438":{"start":{"line":1190,"column":4},"end":{"line":1190,"column":null}},"439":{"start":{"line":1191,"column":19},"end":{"line":1191,"column":89}},"440":{"start":{"line":1193,"column":4},"end":{"line":1193,"column":null}},"441":{"start":{"line":1195,"column":4},"end":{"line":1195,"column":null}},"442":{"start":{"line":1199,"column":19},"end":{"line":1199,"column":43}},"443":{"start":{"line":1201,"column":4},"end":{"line":1201,"column":null}},"444":{"start":{"line":1201,"column":60},"end":{"line":1201,"column":null}},"445":{"start":{"line":1203,"column":4},"end":{"line":1203,"column":null}},"446":{"start":{"line":1207,"column":18},"end":{"line":1207,"column":96}},"447":{"start":{"line":1209,"column":17},"end":{"line":1209,"column":44}},"448":{"start":{"line":1212,"column":4},"end":{"line":1223,"column":null}},"449":{"start":{"line":1213,"column":6},"end":{"line":1213,"column":17}},"450":{"start":{"line":1215,"column":25},"end":{"line":1215,"column":42}},"451":{"start":{"line":1217,"column":6},"end":{"line":1222,"column":null}},"452":{"start":{"line":1225,"column":4},"end":{"line":1225,"column":null}},"453":{"start":{"line":1229,"column":17},"end":{"line":1229,"column":42}},"454":{"start":{"line":1231,"column":4},"end":{"line":1256,"column":null}},"455":{"start":{"line":1232,"column":23},"end":{"line":1232,"column":33}},"456":{"start":{"line":1237,"column":6},"end":{"line":1248,"column":null}},"457":{"start":{"line":1238,"column":8},"end":{"line":1238,"column":null}},"458":{"start":{"line":1239,"column":8},"end":{"line":1239,"column":null}},"459":{"start":{"line":1241,"column":8},"end":{"line":1242,"column":null}},"460":{"start":{"line":1242,"column":10},"end":{"line":1242,"column":null}},"461":{"start":{"line":1245,"column":8},"end":{"line":1245,"column":null}},"462":{"start":{"line":1246,"column":8},"end":{"line":1246,"column":null}},"463":{"start":{"line":1247,"column":8},"end":{"line":1247,"column":null}},"464":{"start":{"line":1250,"column":6},"end":{"line":1255,"column":null}},"465":{"start":{"line":1258,"column":4},"end":{"line":1258,"column":null}},"466":{"start":{"line":1262,"column":24},"end":{"line":1262,"column":34}},"467":{"start":{"line":1263,"column":24},"end":{"line":1263,"column":41}},"468":{"start":{"line":1264,"column":49},"end":{"line":1264,"column":51}},"469":{"start":{"line":1266,"column":23},"end":{"line":1266,"column":34}},"470":{"start":{"line":1269,"column":4},"end":{"line":1286,"column":null}},"471":{"start":{"line":1270,"column":20},"end":{"line":1270,"column":32}},"472":{"start":{"line":1271,"column":22},"end":{"line":1271,"column":52}},"473":{"start":{"line":1273,"column":6},"end":{"line":1285,"column":null}},"474":{"start":{"line":1274,"column":16},"end":{"line":1274,"column":17}},"475":{"start":{"line":1275,"column":24},"end":{"line":1275,"column":82}},"476":{"start":{"line":1275,"column":55},"end":{"line":1275,"column":81}},"477":{"start":{"line":1278,"column":8},"end":{"line":1278,"column":null}},"478":{"start":{"line":1278,"column":56},"end":{"line":1278,"column":76}},"479":{"start":{"line":1281,"column":8},"end":{"line":1284,"column":null}},"480":{"start":{"line":1282,"column":25},"end":{"line":1282,"column":57}},"481":{"start":{"line":1283,"column":10},"end":{"line":1283,"column":null}},"482":{"start":{"line":1289,"column":23},"end":{"line":1289,"column":42}},"483":{"start":{"line":1290,"column":24},"end":{"line":1290,"column":60}},"484":{"start":{"line":1292,"column":4},"end":{"line":1292,"column":null}},"485":{"start":{"line":1294,"column":4},"end":{"line":1299,"column":null}},"486":{"start":{"line":1303,"column":4},"end":{"line":1303,"column":15}},"487":{"start":{"line":1304,"column":18},"end":{"line":1304,"column":35}},"488":{"start":{"line":1305,"column":4},"end":{"line":1308,"column":6}},"489":{"start":{"line":1309,"column":4},"end":{"line":1309,"column":null}},"490":{"start":{"line":1314,"column":15},"end":{"line":1314,"column":29}},"491":{"start":{"line":1316,"column":4},"end":{"line":1330,"column":null}},"492":{"start":{"line":1318,"column":8},"end":{"line":1318,"column":null}},"493":{"start":{"line":1320,"column":28},"end":{"line":1320,"column":38}},"494":{"start":{"line":1321,"column":8},"end":{"line":1321,"column":null}},"495":{"start":{"line":1322,"column":8},"end":{"line":1322,"column":null}},"496":{"start":{"line":1325,"column":8},"end":{"line":1325,"column":null}},"497":{"start":{"line":1327,"column":8},"end":{"line":1327,"column":null}},"498":{"start":{"line":1329,"column":8},"end":{"line":1329,"column":null}},"499":{"start":{"line":1335,"column":4},"end":{"line":1335,"column":null}},"500":{"start":{"line":1335,"column":16},"end":{"line":1335,"column":null}},"501":{"start":{"line":1336,"column":29},"end":{"line":1339,"column":null}},"502":{"start":{"line":1341,"column":4},"end":{"line":1341,"column":null}},"503":{"start":{"line":1341,"column":22},"end":{"line":1341,"column":null}},"504":{"start":{"line":1343,"column":4},"end":{"line":1343,"column":null}},"505":{"start":{"line":1343,"column":27},"end":{"line":1343,"column":null}},"506":{"start":{"line":1345,"column":4},"end":{"line":1345,"column":null}},"507":{"start":{"line":64,"column":0},"end":{"line":64,"column":21}},"508":{"start":{"line":1350,"column":17},"end":{"line":1350,"column":41}},"509":{"start":{"line":1351,"column":2},"end":{"line":1351,"column":null}},"510":{"start":{"line":1349,"column":0},"end":{"line":1349,"column":16}}},"fnMap":{"0":{"name":"(anonymous_0)","decl":{"start":{"line":43,"column":0},"end":{"line":43,"column":5}},"loc":{"start":{"line":43,"column":15},"end":{"line":47,"column":1}}},"1":{"name":"get_leaf","decl":{"start":{"line":49,"column":16},"end":{"line":49,"column":24}},"loc":{"start":{"line":49,"column":37},"end":{"line":54,"column":1}}},"2":{"name":"isLessThan","decl":{"start":{"line":56,"column":9},"end":{"line":56,"column":19}},"loc":{"start":{"line":56,"column":32},"end":{"line":58,"column":1}}},"3":{"name":"isGreaterThan","decl":{"start":{"line":60,"column":9},"end":{"line":60,"column":22}},"loc":{"start":{"line":60,"column":35},"end":{"line":62,"column":1}}},"4":{"name":"(anonymous_4)","decl":{"start":{"line":67,"column":2},"end":{"line":67,"column":14}},"loc":{"start":{"line":67,"column":30},"end":{"line":71,"column":3}}},"5":{"name":"(anonymous_5)","decl":{"start":{"line":75,"column":10},"end":{"line":75,"column":17}},"loc":{"start":{"line":75,"column":17},"end":{"line":77,"column":3}}},"6":{"name":"(anonymous_6)","decl":{"start":{"line":79,"column":10},"end":{"line":79,"column":12}},"loc":{"start":{"line":79,"column":22},"end":{"line":81,"column":3}}},"7":{"name":"(anonymous_7)","decl":{"start":{"line":83,"column":10},"end":{"line":83,"column":13}},"loc":{"start":{"line":83,"column":13},"end":{"line":85,"column":3}}},"8":{"name":"(anonymous_8)","decl":{"start":{"line":87,"column":10},"end":{"line":87,"column":16}},"loc":{"start":{"line":87,"column":42},"end":{"line":93,"column":3}}},"9":{"name":"(anonymous_9)","decl":{"start":{"line":95,"column":10},"end":{"line":95,"column":21}},"loc":{"start":{"line":95,"column":69},"end":{"line":101,"column":3}}},"10":{"name":"(anonymous_10)","decl":{"start":{"line":103,"column":10},"end":{"line":103,"column":26}},"loc":{"start":{"line":103,"column":26},"end":{"line":108,"column":3}}},"11":{"name":"(anonymous_11)","decl":{"start":{"line":110,"column":10},"end":{"line":110,"column":29}},"loc":{"start":{"line":110,"column":29},"end":{"line":115,"column":3}}},"12":{"name":"(anonymous_12)","decl":{"start":{"line":118,"column":10},"end":{"line":118,"column":20}},"loc":{"start":{"line":118,"column":20},"end":{"line":143,"column":3}}},"13":{"name":"(anonymous_13)","decl":{"start":{"line":145,"column":10},"end":{"line":145,"column":32}},"loc":{"start":{"line":145,"column":32},"end":{"line":154,"column":3}}},"14":{"name":"(anonymous_14)","decl":{"start":{"line":156,"column":10},"end":{"line":156,"column":25}},"loc":{"start":{"line":156,"column":25},"end":{"line":174,"column":3}}},"15":{"name":"(anonymous_15)","decl":{"start":{"line":176,"column":10},"end":{"line":176,"column":30}},"loc":{"start":{"line":176,"column":73},"end":{"line":184,"column":3}}},"16":{"name":"(anonymous_16)","decl":{"start":{"line":186,"column":10},"end":{"line":186,"column":20}},"loc":{"start":{"line":186,"column":20},"end":{"line":217,"column":3}}},"17":{"name":"(anonymous_17)","decl":{"start":{"line":219,"column":10},"end":{"line":219,"column":27}},"loc":{"start":{"line":219,"column":27},"end":{"line":246,"column":3}}},"18":{"name":"(anonymous_18)","decl":{"start":{"line":248,"column":10},"end":{"line":248,"column":29}},"loc":{"start":{"line":248,"column":29},"end":{"line":271,"column":3}}},"19":{"name":"(anonymous_19)","decl":{"start":{"line":273,"column":10},"end":{"line":273,"column":29}},"loc":{"start":{"line":273,"column":29},"end":{"line":301,"column":3}}},"20":{"name":"(anonymous_20)","decl":{"start":{"line":303,"column":10},"end":{"line":303,"column":33}},"loc":{"start":{"line":303,"column":33},"end":{"line":322,"column":3}}},"21":{"name":"(anonymous_21)","decl":{"start":{"line":324,"column":10},"end":{"line":324,"column":27}},"loc":{"start":{"line":324,"column":27},"end":{"line":341,"column":3}}},"22":{"name":"(anonymous_22)","decl":{"start":{"line":343,"column":10},"end":{"line":343,"column":25}},"loc":{"start":{"line":343,"column":25},"end":{"line":381,"column":3}}},"23":{"name":"(anonymous_23)","decl":{"start":{"line":383,"column":10},"end":{"line":383,"column":28}},"loc":{"start":{"line":383,"column":45},"end":{"line":426,"column":3}}},"24":{"name":"(anonymous_24)","decl":{"start":{"line":428,"column":10},"end":{"line":428,"column":26}},"loc":{"start":{"line":428,"column":26},"end":{"line":450,"column":3}}},"25":{"name":"(anonymous_25)","decl":{"start":{"line":452,"column":10},"end":{"line":452,"column":27}},"loc":{"start":{"line":452,"column":27},"end":{"line":467,"column":3}}},"26":{"name":"(anonymous_26)","decl":{"start":{"line":469,"column":10},"end":{"line":469,"column":30}},"loc":{"start":{"line":469,"column":30},"end":{"line":492,"column":3}}},"27":{"name":"(anonymous_27)","decl":{"start":{"line":494,"column":10},"end":{"line":494,"column":32}},"loc":{"start":{"line":494,"column":32},"end":{"line":506,"column":3}}},"28":{"name":"(anonymous_28)","decl":{"start":{"line":508,"column":10},"end":{"line":508,"column":25}},"loc":{"start":{"line":508,"column":25},"end":{"line":518,"column":3}}},"29":{"name":"(anonymous_29)","decl":{"start":{"line":520,"column":10},"end":{"line":520,"column":28}},"loc":{"start":{"line":520,"column":28},"end":{"line":560,"column":3}}},"30":{"name":"(anonymous_30)","decl":{"start":{"line":562,"column":10},"end":{"line":562,"column":21}},"loc":{"start":{"line":562,"column":21},"end":{"line":575,"column":3}}},"31":{"name":"(anonymous_31)","decl":{"start":{"line":577,"column":10},"end":{"line":577,"column":30}},"loc":{"start":{"line":577,"column":45},"end":{"line":580,"column":3}}},"32":{"name":"(anonymous_32)","decl":{"start":{"line":593,"column":10},"end":{"line":593,"column":29}},"loc":{"start":{"line":593,"column":29},"end":{"line":677,"column":3}}},"33":{"name":"(anonymous_33)","decl":{"start":{"line":679,"column":10},"end":{"line":679,"column":32}},"loc":{"start":{"line":679,"column":54},"end":{"line":715,"column":3}}},"34":{"name":"(anonymous_34)","decl":{"start":{"line":717,"column":10},"end":{"line":717,"column":35}},"loc":{"start":{"line":719,"column":32},"end":{"line":757,"column":3}}},"35":{"name":"(anonymous_35)","decl":{"start":{"line":759,"column":10},"end":{"line":759,"column":31}},"loc":{"start":{"line":759,"column":31},"end":{"line":780,"column":3}}},"36":{"name":"(anonymous_36)","decl":{"start":{"line":782,"column":10},"end":{"line":782,"column":34}},"loc":{"start":{"line":782,"column":34},"end":{"line":804,"column":3}}},"37":{"name":"(anonymous_37)","decl":{"start":{"line":806,"column":10},"end":{"line":806,"column":31}},"loc":{"start":{"line":806,"column":31},"end":{"line":814,"column":3}}},"38":{"name":"(anonymous_38)","decl":{"start":{"line":816,"column":10},"end":{"line":816,"column":28}},"loc":{"start":{"line":816,"column":50},"end":{"line":822,"column":3}}},"39":{"name":"(anonymous_39)","decl":{"start":{"line":835,"column":10},"end":{"line":835,"column":31}},"loc":{"start":{"line":835,"column":31},"end":{"line":967,"column":3}}},"40":{"name":"(anonymous_40)","decl":{"start":{"line":970,"column":10},"end":{"line":970,"column":20}},"loc":{"start":{"line":970,"column":20},"end":{"line":972,"column":3}}},"41":{"name":"(anonymous_41)","decl":{"start":{"line":974,"column":10},"end":{"line":974,"column":31}},"loc":{"start":{"line":974,"column":31},"end":{"line":984,"column":3}}},"42":{"name":"(anonymous_42)","decl":{"start":{"line":986,"column":10},"end":{"line":986,"column":26}},"loc":{"start":{"line":986,"column":26},"end":{"line":1000,"column":3}}},"43":{"name":"(anonymous_43)","decl":{"start":{"line":1002,"column":10},"end":{"line":1002,"column":33}},"loc":{"start":{"line":1002,"column":33},"end":{"line":1019,"column":3}}},"44":{"name":"(anonymous_44)","decl":{"start":{"line":1021,"column":10},"end":{"line":1021,"column":27}},"loc":{"start":{"line":1021,"column":27},"end":{"line":1061,"column":3}}},"45":{"name":"(anonymous_45)","decl":{"start":{"line":1063,"column":10},"end":{"line":1063,"column":23}},"loc":{"start":{"line":1063,"column":23},"end":{"line":1074,"column":3}}},"46":{"name":"(anonymous_46)","decl":{"start":{"line":1076,"column":10},"end":{"line":1076,"column":25}},"loc":{"start":{"line":1076,"column":25},"end":{"line":1091,"column":3}}},"47":{"name":"(anonymous_47)","decl":{"start":{"line":1093,"column":10},"end":{"line":1093,"column":32}},"loc":{"start":{"line":1093,"column":32},"end":{"line":1111,"column":3}}},"48":{"name":"(anonymous_48)","decl":{"start":{"line":1114,"column":10},"end":{"line":1114,"column":29}},"loc":{"start":{"line":1114,"column":29},"end":{"line":1129,"column":3}}},"49":{"name":"(anonymous_49)","decl":{"start":{"line":1132,"column":10},"end":{"line":1132,"column":34}},"loc":{"start":{"line":1132,"column":34},"end":{"line":1147,"column":3}}},"50":{"name":"(anonymous_50)","decl":{"start":{"line":1149,"column":10},"end":{"line":1149,"column":32}},"loc":{"start":{"line":1149,"column":32},"end":{"line":1155,"column":3}}},"51":{"name":"(anonymous_51)","decl":{"start":{"line":1157,"column":10},"end":{"line":1157,"column":25}},"loc":{"start":{"line":1157,"column":38},"end":{"line":1168,"column":3}}},"52":{"name":"(anonymous_52)","decl":{"start":{"line":1170,"column":10},"end":{"line":1170,"column":20}},"loc":{"start":{"line":1170,"column":20},"end":{"line":1177,"column":3}}},"53":{"name":"(anonymous_53)","decl":{"start":{"line":1179,"column":10},"end":{"line":1179,"column":25}},"loc":{"start":{"line":1179,"column":25},"end":{"line":1187,"column":3}}},"54":{"name":"(anonymous_54)","decl":{"start":{"line":1189,"column":10},"end":{"line":1189,"column":22}},"loc":{"start":{"line":1189,"column":22},"end":{"line":1196,"column":3}}},"55":{"name":"(anonymous_55)","decl":{"start":{"line":1198,"column":10},"end":{"line":1198,"column":27}},"loc":{"start":{"line":1198,"column":27},"end":{"line":1204,"column":3}}},"56":{"name":"(anonymous_56)","decl":{"start":{"line":1206,"column":10},"end":{"line":1206,"column":25}},"loc":{"start":{"line":1206,"column":25},"end":{"line":1226,"column":3}}},"57":{"name":"(anonymous_57)","decl":{"start":{"line":1228,"column":10},"end":{"line":1228,"column":27}},"loc":{"start":{"line":1228,"column":27},"end":{"line":1259,"column":3}}},"58":{"name":"(anonymous_58)","decl":{"start":{"line":1261,"column":10},"end":{"line":1261,"column":30}},"loc":{"start":{"line":1261,"column":30},"end":{"line":1300,"column":3}}},"59":{"name":"(anonymous_59)","decl":{"start":{"line":1275,"column":36},"end":{"line":1275,"column":37}},"loc":{"start":{"line":1275,"column":55},"end":{"line":1275,"column":81}}},"60":{"name":"(anonymous_60)","decl":{"start":{"line":1278,"column":50},"end":{"line":1278,"column":53}},"loc":{"start":{"line":1278,"column":56},"end":{"line":1278,"column":76}}},"61":{"name":"(anonymous_61)","decl":{"start":{"line":1281,"column":24},"end":{"line":1281,"column":25}},"loc":{"start":{"line":1281,"column":55},"end":{"line":1284,"column":9}}},"62":{"name":"(anonymous_62)","decl":{"start":{"line":1302,"column":10},"end":{"line":1302,"column":32}},"loc":{"start":{"line":1302,"column":32},"end":{"line":1310,"column":3}}},"63":{"name":"(anonymous_63)","decl":{"start":{"line":1313,"column":10},"end":{"line":1313,"column":28}},"loc":{"start":{"line":1313,"column":28},"end":{"line":1331,"column":3}}},"64":{"name":"(anonymous_64)","decl":{"start":{"line":1334,"column":9},"end":{"line":1334,"column":19}},"loc":{"start":{"line":1334,"column":36},"end":{"line":1346,"column":3}}},"65":{"name":"parse","decl":{"start":{"line":1349,"column":16},"end":{"line":1349,"column":21}},"loc":{"start":{"line":1349,"column":52},"end":{"line":1352,"column":1}}}},"branchMap":{"0":{"loc":{"start":{"line":43,"column":5},"end":{"line":43,"column":null}},"type":"binary-expr","locations":[{"start":{"line":43,"column":5},"end":{"line":43,"column":15}},{"start":{"line":43,"column":5},"end":{"line":43,"column":null}}]},"1":{"loc":{"start":{"line":57,"column":9},"end":{"line":57,"column":73}},"type":"binary-expr","locations":[{"start":{"line":57,"column":9},"end":{"line":57,"column":51}},{"start":{"line":57,"column":55},"end":{"line":57,"column":73}}]},"2":{"loc":{"start":{"line":61,"column":9},"end":{"line":61,"column":73}},"type":"binary-expr","locations":[{"start":{"line":61,"column":9},"end":{"line":61,"column":51}},{"start":{"line":61,"column":55},"end":{"line":61,"column":73}}]},"3":{"loc":{"start":{"line":68,"column":4},"end":{"line":70,"column":null}},"type":"if","locations":[{"start":{"line":68,"column":4},"end":{"line":70,"column":null}}]},"4":{"loc":{"start":{"line":79,"column":13},"end":{"line":79,"column":22}},"type":"default-arg","locations":[{"start":{"line":79,"column":21},"end":{"line":79,"column":22}}]},"5":{"loc":{"start":{"line":89,"column":4},"end":{"line":91,"column":null}},"type":"if","locations":[{"start":{"line":89,"column":4},"end":{"line":91,"column":null}}]},"6":{"loc":{"start":{"line":89,"column":8},"end":{"line":89,"column":35}},"type":"binary-expr","locations":[{"start":{"line":89,"column":8},"end":{"line":89,"column":13}},{"start":{"line":89,"column":17},"end":{"line":89,"column":35}}]},"7":{"loc":{"start":{"line":97,"column":4},"end":{"line":99,"column":null}},"type":"if","locations":[{"start":{"line":97,"column":4},"end":{"line":99,"column":null}}]},"8":{"loc":{"start":{"line":97,"column":8},"end":{"line":97,"column":45}},"type":"binary-expr","locations":[{"start":{"line":97,"column":8},"end":{"line":97,"column":14}},{"start":{"line":97,"column":18},"end":{"line":97,"column":45}}]},"9":{"loc":{"start":{"line":105,"column":4},"end":{"line":107,"column":null}},"type":"if","locations":[{"start":{"line":105,"column":4},"end":{"line":107,"column":null}}]},"10":{"loc":{"start":{"line":112,"column":4},"end":{"line":114,"column":null}},"type":"if","locations":[{"start":{"line":112,"column":4},"end":{"line":114,"column":null}}]},"11":{"loc":{"start":{"line":119,"column":4},"end":{"line":142,"column":null}},"type":"switch","locations":[{"start":{"line":120,"column":6},"end":{"line":120,"column":25}},{"start":{"line":121,"column":6},"end":{"line":121,"column":27}},{"start":{"line":122,"column":6},"end":{"line":123,"column":null}},{"start":{"line":124,"column":6},"end":{"line":125,"column":null}},{"start":{"line":126,"column":6},"end":{"line":127,"column":null}},{"start":{"line":128,"column":6},"end":{"line":129,"column":null}},{"start":{"line":130,"column":6},"end":{"line":131,"column":null}},{"start":{"line":132,"column":6},"end":{"line":133,"column":null}},{"start":{"line":134,"column":6},"end":{"line":135,"column":null}},{"start":{"line":136,"column":6},"end":{"line":137,"column":null}},{"start":{"line":138,"column":6},"end":{"line":139,"column":null}},{"start":{"line":140,"column":6},"end":{"line":141,"column":null}}]},"12":{"loc":{"start":{"line":147,"column":4},"end":{"line":149,"column":null}},"type":"if","locations":[{"start":{"line":147,"column":4},"end":{"line":149,"column":null}}]},"13":{"loc":{"start":{"line":161,"column":4},"end":{"line":163,"column":null}},"type":"if","locations":[{"start":{"line":161,"column":4},"end":{"line":163,"column":null}}]},"14":{"loc":{"start":{"line":176,"column":31},"end":{"line":176,"column":73}},"type":"default-arg","locations":[{"start":{"line":176,"column":58},"end":{"line":176,"column":73}}]},"15":{"loc":{"start":{"line":178,"column":4},"end":{"line":181,"column":null}},"type":"if","locations":[{"start":{"line":178,"column":4},"end":{"line":181,"column":null}}]},"16":{"loc":{"start":{"line":188,"column":4},"end":{"line":190,"column":null}},"type":"if","locations":[{"start":{"line":188,"column":4},"end":{"line":190,"column":null}}]},"17":{"loc":{"start":{"line":192,"column":4},"end":{"line":194,"column":null}},"type":"if","locations":[{"start":{"line":192,"column":4},"end":{"line":194,"column":null}}]},"18":{"loc":{"start":{"line":205,"column":6},"end":{"line":213,"column":null}},"type":"if","locations":[{"start":{"line":205,"column":6},"end":{"line":213,"column":null}},{"start":{"line":207,"column":13},"end":{"line":213,"column":null}}]},"19":{"loc":{"start":{"line":225,"column":11},"end":{"line":225,"column":67}},"type":"binary-expr","locations":[{"start":{"line":225,"column":11},"end":{"line":225,"column":25}},{"start":{"line":225,"column":29},"end":{"line":225,"column":67}}]},"20":{"loc":{"start":{"line":230,"column":6},"end":{"line":232,"column":null}},"type":"if","locations":[{"start":{"line":230,"column":6},"end":{"line":232,"column":null}}]},"21":{"loc":{"start":{"line":235,"column":6},"end":{"line":238,"column":null}},"type":"if","locations":[{"start":{"line":235,"column":6},"end":{"line":238,"column":null}}]},"22":{"loc":{"start":{"line":254,"column":11},"end":{"line":254,"column":67}},"type":"binary-expr","locations":[{"start":{"line":254,"column":11},"end":{"line":254,"column":25}},{"start":{"line":254,"column":29},"end":{"line":254,"column":67}}]},"23":{"loc":{"start":{"line":256,"column":6},"end":{"line":265,"column":null}},"type":"switch","locations":[{"start":{"line":257,"column":8},"end":{"line":259,"column":15}},{"start":{"line":260,"column":8},"end":{"line":262,"column":15}},{"start":{"line":263,"column":8},"end":{"line":264,"column":null}}]},"24":{"loc":{"start":{"line":278,"column":4},"end":{"line":280,"column":null}},"type":"if","locations":[{"start":{"line":278,"column":4},"end":{"line":280,"column":null}}]},"25":{"loc":{"start":{"line":284,"column":4},"end":{"line":286,"column":null}},"type":"if","locations":[{"start":{"line":284,"column":4},"end":{"line":286,"column":null}}]},"26":{"loc":{"start":{"line":290,"column":4},"end":{"line":292,"column":null}},"type":"if","locations":[{"start":{"line":290,"column":4},"end":{"line":292,"column":null}}]},"27":{"loc":{"start":{"line":313,"column":4},"end":{"line":315,"column":null}},"type":"if","locations":[{"start":{"line":313,"column":4},"end":{"line":315,"column":null}}]},"28":{"loc":{"start":{"line":345,"column":4},"end":{"line":362,"column":null}},"type":"if","locations":[{"start":{"line":345,"column":4},"end":{"line":362,"column":null}}]},"29":{"loc":{"start":{"line":349,"column":6},"end":{"line":351,"column":null}},"type":"if","locations":[{"start":{"line":349,"column":6},"end":{"line":351,"column":null}}]},"30":{"loc":{"start":{"line":350,"column":8},"end":{"line":350,"column":null}},"type":"if","locations":[{"start":{"line":350,"column":8},"end":{"line":350,"column":null}}]},"31":{"loc":{"start":{"line":389,"column":11},"end":{"line":389,"column":54}},"type":"binary-expr","locations":[{"start":{"line":389,"column":11},"end":{"line":389,"column":25}},{"start":{"line":389,"column":29},"end":{"line":389,"column":54}}]},"32":{"loc":{"start":{"line":396,"column":6},"end":{"line":399,"column":null}},"type":"if","locations":[{"start":{"line":396,"column":6},"end":{"line":399,"column":null}}]},"33":{"loc":{"start":{"line":408,"column":6},"end":{"line":412,"column":null}},"type":"if","locations":[{"start":{"line":408,"column":6},"end":{"line":412,"column":null}},{"start":{"line":410,"column":13},"end":{"line":412,"column":null}}]},"34":{"loc":{"start":{"line":417,"column":4},"end":{"line":419,"column":null}},"type":"if","locations":[{"start":{"line":417,"column":4},"end":{"line":419,"column":null}}]},"35":{"loc":{"start":{"line":431,"column":4},"end":{"line":435,"column":null}},"type":"if","locations":[{"start":{"line":431,"column":4},"end":{"line":435,"column":null}},{"start":{"line":433,"column":11},"end":{"line":435,"column":null}}]},"36":{"loc":{"start":{"line":443,"column":4},"end":{"line":447,"column":null}},"type":"if","locations":[{"start":{"line":443,"column":4},"end":{"line":447,"column":null}},{"start":{"line":445,"column":11},"end":{"line":447,"column":null}}]},"37":{"loc":{"start":{"line":454,"column":4},"end":{"line":456,"column":null}},"type":"if","locations":[{"start":{"line":454,"column":4},"end":{"line":456,"column":null}}]},"38":{"loc":{"start":{"line":460,"column":6},"end":{"line":461,"column":null}},"type":"if","locations":[{"start":{"line":460,"column":6},"end":{"line":461,"column":null}},{"start":{"line":461,"column":11},"end":{"line":461,"column":null}}]},"39":{"loc":{"start":{"line":461,"column":11},"end":{"line":461,"column":null}},"type":"if","locations":[{"start":{"line":461,"column":11},"end":{"line":461,"column":null}}]},"40":{"loc":{"start":{"line":474,"column":4},"end":{"line":476,"column":null}},"type":"if","locations":[{"start":{"line":474,"column":4},"end":{"line":476,"column":null}}]},"41":{"loc":{"start":{"line":501,"column":6},"end":{"line":501,"column":null}},"type":"if","locations":[{"start":{"line":501,"column":6},"end":{"line":501,"column":null}}]},"42":{"loc":{"start":{"line":511,"column":4},"end":{"line":511,"column":35}},"type":"if","locations":[{"start":{"line":511,"column":4},"end":{"line":511,"column":35}}]},"43":{"loc":{"start":{"line":515,"column":4},"end":{"line":515,"column":null}},"type":"if","locations":[{"start":{"line":515,"column":4},"end":{"line":515,"column":null}}]},"44":{"loc":{"start":{"line":530,"column":11},"end":{"line":530,"column":78}},"type":"binary-expr","locations":[{"start":{"line":530,"column":11},"end":{"line":530,"column":43}},{"start":{"line":530,"column":47},"end":{"line":530,"column":78}}]},"45":{"loc":{"start":{"line":546,"column":4},"end":{"line":549,"column":null}},"type":"if","locations":[{"start":{"line":546,"column":4},"end":{"line":549,"column":null}}]},"46":{"loc":{"start":{"line":566,"column":4},"end":{"line":573,"column":null}},"type":"if","locations":[{"start":{"line":566,"column":4},"end":{"line":573,"column":null}}]},"47":{"loc":{"start":{"line":578,"column":4},"end":{"line":578,"column":null}},"type":"if","locations":[{"start":{"line":578,"column":4},"end":{"line":578,"column":null}}]},"48":{"loc":{"start":{"line":597,"column":4},"end":{"line":609,"column":null}},"type":"if","locations":[{"start":{"line":597,"column":4},"end":{"line":609,"column":null}}]},"49":{"loc":{"start":{"line":597,"column":8},"end":{"line":597,"column":82}},"type":"binary-expr","locations":[{"start":{"line":597,"column":8},"end":{"line":597,"column":45}},{"start":{"line":597,"column":49},"end":{"line":597,"column":82}}]},"50":{"loc":{"start":{"line":613,"column":4},"end":{"line":613,"column":null}},"type":"if","locations":[{"start":{"line":613,"column":4},"end":{"line":613,"column":null}}]},"51":{"loc":{"start":{"line":616,"column":4},"end":{"line":622,"column":null}},"type":"if","locations":[{"start":{"line":616,"column":4},"end":{"line":622,"column":null}}]},"52":{"loc":{"start":{"line":617,"column":6},"end":{"line":619,"column":40}},"type":"binary-expr","locations":[{"start":{"line":617,"column":6},"end":{"line":617,"column":37}},{"start":{"line":618,"column":6},"end":{"line":618,"column":45}},{"start":{"line":619,"column":6},"end":{"line":619,"column":40}}]},"53":{"loc":{"start":{"line":625,"column":4},"end":{"line":655,"column":null}},"type":"if","locations":[{"start":{"line":625,"column":4},"end":{"line":655,"column":null}}]},"54":{"loc":{"start":{"line":636,"column":6},"end":{"line":638,"column":null}},"type":"if","locations":[{"start":{"line":636,"column":6},"end":{"line":638,"column":null}}]},"55":{"loc":{"start":{"line":660,"column":4},"end":{"line":662,"column":null}},"type":"if","locations":[{"start":{"line":660,"column":4},"end":{"line":662,"column":null}}]},"56":{"loc":{"start":{"line":690,"column":4},"end":{"line":692,"column":null}},"type":"if","locations":[{"start":{"line":690,"column":4},"end":{"line":692,"column":null}}]},"57":{"loc":{"start":{"line":697,"column":4},"end":{"line":699,"column":null}},"type":"if","locations":[{"start":{"line":697,"column":4},"end":{"line":699,"column":null}}]},"58":{"loc":{"start":{"line":728,"column":4},"end":{"line":737,"column":null}},"type":"if","locations":[{"start":{"line":728,"column":4},"end":{"line":737,"column":null}}]},"59":{"loc":{"start":{"line":728,"column":8},"end":{"line":728,"column":51}},"type":"binary-expr","locations":[{"start":{"line":728,"column":8},"end":{"line":728,"column":38}},{"start":{"line":728,"column":42},"end":{"line":728,"column":51}}]},"60":{"loc":{"start":{"line":733,"column":6},"end":{"line":736,"column":null}},"type":"if","locations":[{"start":{"line":733,"column":6},"end":{"line":736,"column":null}}]},"61":{"loc":{"start":{"line":762,"column":4},"end":{"line":764,"column":null}},"type":"if","locations":[{"start":{"line":762,"column":4},"end":{"line":764,"column":null}}]},"62":{"loc":{"start":{"line":768,"column":4},"end":{"line":777,"column":null}},"type":"if","locations":[{"start":{"line":768,"column":4},"end":{"line":777,"column":null}}]},"63":{"loc":{"start":{"line":771,"column":6},"end":{"line":773,"column":null}},"type":"if","locations":[{"start":{"line":771,"column":6},"end":{"line":773,"column":null}}]},"64":{"loc":{"start":{"line":775,"column":15},"end":{"line":775,"column":60}},"type":"binary-expr","locations":[{"start":{"line":775,"column":15},"end":{"line":775,"column":50}},{"start":{"line":775,"column":54},"end":{"line":775,"column":60}}]},"65":{"loc":{"start":{"line":785,"column":4},"end":{"line":787,"column":null}},"type":"if","locations":[{"start":{"line":785,"column":4},"end":{"line":787,"column":null}}]},"66":{"loc":{"start":{"line":791,"column":4},"end":{"line":801,"column":null}},"type":"if","locations":[{"start":{"line":791,"column":4},"end":{"line":801,"column":null}}]},"67":{"loc":{"start":{"line":794,"column":6},"end":{"line":796,"column":null}},"type":"if","locations":[{"start":{"line":794,"column":6},"end":{"line":796,"column":null}}]},"68":{"loc":{"start":{"line":798,"column":15},"end":{"line":798,"column":60}},"type":"binary-expr","locations":[{"start":{"line":798,"column":15},"end":{"line":798,"column":50}},{"start":{"line":798,"column":54},"end":{"line":798,"column":60}}]},"69":{"loc":{"start":{"line":817,"column":4},"end":{"line":821,"column":null}},"type":"if","locations":[{"start":{"line":817,"column":4},"end":{"line":821,"column":null}},{"start":{"line":819,"column":11},"end":{"line":821,"column":null}}]},"70":{"loc":{"start":{"line":819,"column":11},"end":{"line":821,"column":null}},"type":"if","locations":[{"start":{"line":819,"column":11},"end":{"line":821,"column":null}}]},"71":{"loc":{"start":{"line":841,"column":21},"end":{"line":841,"column":77}},"type":"cond-expr","locations":[{"start":{"line":841,"column":31},"end":{"line":841,"column":38}},{"start":{"line":841,"column":41},"end":{"line":841,"column":77}}]},"72":{"loc":{"start":{"line":841,"column":41},"end":{"line":841,"column":77}},"type":"cond-expr","locations":[{"start":{"line":841,"column":54},"end":{"line":841,"column":64}},{"start":{"line":841,"column":67},"end":{"line":841,"column":77}}]},"73":{"loc":{"start":{"line":855,"column":4},"end":{"line":900,"column":null}},"type":"if","locations":[{"start":{"line":855,"column":4},"end":{"line":900,"column":null}}]},"74":{"loc":{"start":{"line":883,"column":6},"end":{"line":894,"column":null}},"type":"if","locations":[{"start":{"line":883,"column":6},"end":{"line":894,"column":null}},{"start":{"line":891,"column":13},"end":{"line":894,"column":null}}]},"75":{"loc":{"start":{"line":910,"column":4},"end":{"line":919,"column":null}},"type":"if","locations":[{"start":{"line":910,"column":4},"end":{"line":919,"column":null}}]},"76":{"loc":{"start":{"line":922,"column":4},"end":{"line":951,"column":null}},"type":"if","locations":[{"start":{"line":922,"column":4},"end":{"line":951,"column":null}}]},"77":{"loc":{"start":{"line":953,"column":4},"end":{"line":953,"column":null}},"type":"if","locations":[{"start":{"line":953,"column":4},"end":{"line":953,"column":null}}]},"78":{"loc":{"start":{"line":956,"column":4},"end":{"line":958,"column":null}},"type":"if","locations":[{"start":{"line":956,"column":4},"end":{"line":958,"column":null}}]},"79":{"loc":{"start":{"line":977,"column":4},"end":{"line":981,"column":null}},"type":"if","locations":[{"start":{"line":977,"column":4},"end":{"line":981,"column":null}}]},"80":{"loc":{"start":{"line":991,"column":11},"end":{"line":991,"column":69}},"type":"binary-expr","locations":[{"start":{"line":991,"column":11},"end":{"line":991,"column":25}},{"start":{"line":991,"column":29},"end":{"line":991,"column":69}}]},"81":{"loc":{"start":{"line":993,"column":6},"end":{"line":993,"column":56}},"type":"if","locations":[{"start":{"line":993,"column":6},"end":{"line":993,"column":56}}]},"82":{"loc":{"start":{"line":1026,"column":4},"end":{"line":1028,"column":null}},"type":"if","locations":[{"start":{"line":1026,"column":4},"end":{"line":1028,"column":null}}]},"83":{"loc":{"start":{"line":1033,"column":11},"end":{"line":1033,"column":67}},"type":"binary-expr","locations":[{"start":{"line":1033,"column":11},"end":{"line":1033,"column":25}},{"start":{"line":1033,"column":29},"end":{"line":1033,"column":67}}]},"84":{"loc":{"start":{"line":1037,"column":6},"end":{"line":1046,"column":null}},"type":"if","locations":[{"start":{"line":1037,"column":6},"end":{"line":1046,"column":null}},{"start":{"line":1043,"column":11},"end":{"line":1046,"column":null}}]},"85":{"loc":{"start":{"line":1043,"column":11},"end":{"line":1046,"column":null}},"type":"if","locations":[{"start":{"line":1043,"column":11},"end":{"line":1046,"column":null}}]},"86":{"loc":{"start":{"line":1054,"column":6},"end":{"line":1056,"column":null}},"type":"if","locations":[{"start":{"line":1054,"column":6},"end":{"line":1056,"column":null}}]},"87":{"loc":{"start":{"line":1064,"column":4},"end":{"line":1071,"column":null}},"type":"if","locations":[{"start":{"line":1064,"column":4},"end":{"line":1071,"column":null}},{"start":{"line":1066,"column":11},"end":{"line":1071,"column":null}}]},"88":{"loc":{"start":{"line":1066,"column":11},"end":{"line":1071,"column":null}},"type":"if","locations":[{"start":{"line":1066,"column":11},"end":{"line":1071,"column":null}}]},"89":{"loc":{"start":{"line":1067,"column":6},"end":{"line":1068,"column":72}},"type":"binary-expr","locations":[{"start":{"line":1067,"column":6},"end":{"line":1067,"column":48}},{"start":{"line":1068,"column":7},"end":{"line":1068,"column":45}},{"start":{"line":1068,"column":49},"end":{"line":1068,"column":71}}]},"90":{"loc":{"start":{"line":1097,"column":6},"end":{"line":1098,"column":50}},"type":"binary-expr","locations":[{"start":{"line":1097,"column":6},"end":{"line":1097,"column":52}},{"start":{"line":1098,"column":6},"end":{"line":1098,"column":50}}]},"91":{"loc":{"start":{"line":1152,"column":4},"end":{"line":1152,"column":null}},"type":"if","locations":[{"start":{"line":1152,"column":4},"end":{"line":1152,"column":null}}]},"92":{"loc":{"start":{"line":1165,"column":4},"end":{"line":1165,"column":null}},"type":"if","locations":[{"start":{"line":1165,"column":4},"end":{"line":1165,"column":null}}]},"93":{"loc":{"start":{"line":1172,"column":17},"end":{"line":1172,"column":85}},"type":"cond-expr","locations":[{"start":{"line":1172,"column":58},"end":{"line":1172,"column":60}},{"start":{"line":1172,"column":63},"end":{"line":1172,"column":85}}]},"94":{"loc":{"start":{"line":1184,"column":11},"end":{"line":1184,"column":58}},"type":"binary-expr","locations":[{"start":{"line":1184,"column":11},"end":{"line":1184,"column":44}},{"start":{"line":1184,"column":48},"end":{"line":1184,"column":58}}]},"95":{"loc":{"start":{"line":1191,"column":19},"end":{"line":1191,"column":89}},"type":"cond-expr","locations":[{"start":{"line":1191,"column":60},"end":{"line":1191,"column":62}},{"start":{"line":1191,"column":65},"end":{"line":1191,"column":89}}]},"96":{"loc":{"start":{"line":1201,"column":11},"end":{"line":1201,"column":58}},"type":"binary-expr","locations":[{"start":{"line":1201,"column":11},"end":{"line":1201,"column":44}},{"start":{"line":1201,"column":48},"end":{"line":1201,"column":58}}]},"97":{"loc":{"start":{"line":1212,"column":4},"end":{"line":1223,"column":null}},"type":"if","locations":[{"start":{"line":1212,"column":4},"end":{"line":1223,"column":null}}]},"98":{"loc":{"start":{"line":1231,"column":11},"end":{"line":1231,"column":85}},"type":"binary-expr","locations":[{"start":{"line":1231,"column":11},"end":{"line":1231,"column":42}},{"start":{"line":1231,"column":46},"end":{"line":1231,"column":85}}]},"99":{"loc":{"start":{"line":1237,"column":6},"end":{"line":1248,"column":null}},"type":"if","locations":[{"start":{"line":1237,"column":6},"end":{"line":1248,"column":null}},{"start":{"line":1243,"column":13},"end":{"line":1248,"column":null}}]},"100":{"loc":{"start":{"line":1241,"column":8},"end":{"line":1242,"column":null}},"type":"if","locations":[{"start":{"line":1241,"column":8},"end":{"line":1242,"column":null}}]},"101":{"loc":{"start":{"line":1269,"column":4},"end":{"line":1286,"column":null}},"type":"if","locations":[{"start":{"line":1269,"column":4},"end":{"line":1286,"column":null}}]},"102":{"loc":{"start":{"line":1271,"column":22},"end":{"line":1271,"column":52}},"type":"binary-expr","locations":[{"start":{"line":1271,"column":22},"end":{"line":1271,"column":46}},{"start":{"line":1271,"column":50},"end":{"line":1271,"column":52}}]},"103":{"loc":{"start":{"line":1273,"column":6},"end":{"line":1285,"column":null}},"type":"if","locations":[{"start":{"line":1273,"column":6},"end":{"line":1285,"column":null}}]},"104":{"loc":{"start":{"line":1290,"column":24},"end":{"line":1290,"column":60}},"type":"binary-expr","locations":[{"start":{"line":1290,"column":24},"end":{"line":1290,"column":54}},{"start":{"line":1290,"column":58},"end":{"line":1290,"column":60}}]},"105":{"loc":{"start":{"line":1316,"column":4},"end":{"line":1330,"column":null}},"type":"switch","locations":[{"start":{"line":1317,"column":6},"end":{"line":1318,"column":null}},{"start":{"line":1319,"column":6},"end":{"line":1323,"column":null}},{"start":{"line":1324,"column":6},"end":{"line":1325,"column":null}},{"start":{"line":1326,"column":6},"end":{"line":1327,"column":null}},{"start":{"line":1328,"column":6},"end":{"line":1329,"column":null}}]},"106":{"loc":{"start":{"line":1335,"column":4},"end":{"line":1335,"column":null}},"type":"if","locations":[{"start":{"line":1335,"column":4},"end":{"line":1335,"column":null}}]},"107":{"loc":{"start":{"line":1341,"column":4},"end":{"line":1341,"column":null}},"type":"if","locations":[{"start":{"line":1341,"column":4},"end":{"line":1341,"column":null}}]}},"s":{"0":14,"1":14,"2":14,"3":14,"4":14,"5":14,"6":14,"7":772,"8":14,"9":129,"10":65,"11":133,"12":133,"13":133,"14":133,"15":133,"16":466,"17":4795,"18":1573,"19":657,"20":657,"21":0,"22":657,"23":99,"24":99,"25":0,"26":99,"27":12,"28":12,"29":0,"30":12,"31":12,"32":0,"33":190,"34":48,"35":16,"36":3,"37":8,"38":0,"39":15,"40":5,"41":0,"42":34,"43":61,"44":34,"45":34,"46":0,"47":34,"48":34,"49":34,"50":34,"51":34,"52":34,"53":22,"54":12,"55":82,"56":32,"57":32,"58":50,"59":155,"60":155,"61":32,"62":123,"63":1,"64":122,"65":122,"66":9,"67":9,"68":9,"69":0,"70":9,"71":122,"72":32,"73":32,"74":32,"75":32,"76":51,"77":51,"78":51,"79":51,"80":0,"81":51,"82":51,"83":3,"84":3,"85":51,"86":32,"87":32,"88":1,"89":1,"90":1,"91":1,"92":3,"93":1,"94":1,"95":2,"96":2,"97":0,"98":1,"99":1,"100":1,"101":1,"102":1,"103":1,"104":0,"105":1,"106":1,"107":0,"108":1,"109":1,"110":0,"111":1,"112":2,"113":2,"114":2,"115":2,"116":0,"117":2,"118":131,"119":131,"120":0,"121":0,"122":0,"123":131,"124":131,"125":32,"126":32,"127":0,"128":0,"129":32,"130":99,"131":99,"132":22,"133":22,"134":22,"135":31,"136":31,"137":31,"138":19,"139":19,"140":31,"141":31,"142":9,"143":22,"144":22,"145":22,"146":0,"147":22,"148":36,"149":36,"150":2,"151":34,"152":36,"153":36,"154":36,"155":28,"156":36,"157":2,"158":34,"159":36,"160":19,"161":19,"162":10,"163":19,"164":2,"165":2,"166":0,"167":2,"168":2,"169":2,"170":19,"171":16,"172":16,"173":16,"174":16,"175":0,"176":16,"177":16,"178":16,"179":16,"180":8,"181":8,"182":8,"183":1,"184":1,"185":1,"186":1,"187":8,"188":4,"189":4,"190":0,"191":4,"192":4,"193":0,"194":4,"195":3,"196":3,"197":3,"198":3,"199":3,"200":1,"201":1,"202":1,"203":1,"204":3,"205":3,"206":1,"207":1,"208":3,"209":3,"210":15,"211":15,"212":15,"213":6,"214":6,"215":6,"216":6,"217":9,"218":15,"219":6,"220":15,"221":15,"222":15,"223":7,"224":7,"225":7,"226":7,"227":8,"228":8,"229":0,"230":8,"231":4,"232":4,"233":2,"234":2,"235":2,"236":2,"237":2,"238":2,"239":0,"240":2,"241":2,"242":2,"243":2,"244":2,"245":2,"246":0,"247":2,"248":2,"249":2,"250":2,"251":4,"252":4,"253":4,"254":4,"255":4,"256":4,"257":3,"258":1,"259":1,"260":0,"261":1,"262":1,"263":1,"264":1,"265":3,"266":3,"267":3,"268":3,"269":3,"270":3,"271":3,"272":1,"273":1,"274":3,"275":3,"276":3,"277":3,"278":5,"279":5,"280":1,"281":4,"282":4,"283":1,"284":1,"285":0,"286":1,"287":1,"288":3,"289":0,"290":0,"291":0,"292":0,"293":0,"294":0,"295":0,"296":0,"297":0,"298":0,"299":0,"300":0,"301":0,"302":8,"303":2,"304":6,"305":2,"306":50,"307":50,"308":50,"309":50,"310":50,"311":50,"312":50,"313":4,"314":4,"315":4,"316":4,"317":4,"318":4,"319":4,"320":4,"321":2,"322":2,"323":2,"324":2,"325":4,"326":2,"327":4,"328":46,"329":46,"330":40,"331":40,"332":46,"333":5,"334":8,"335":8,"336":8,"337":8,"338":8,"339":8,"340":8,"341":5,"342":41,"343":35,"344":6,"345":6,"346":2,"347":193,"348":214,"349":214,"350":19,"351":19,"352":19,"353":195,"354":0,"355":0,"356":0,"357":0,"358":0,"359":0,"360":0,"361":0,"362":0,"363":12,"364":12,"365":12,"366":12,"367":5,"368":5,"369":12,"370":12,"371":22,"372":22,"373":22,"374":12,"375":22,"376":22,"377":22,"378":36,"379":36,"380":0,"381":0,"382":0,"383":36,"384":0,"385":0,"386":36,"387":36,"388":36,"389":36,"390":14,"391":22,"392":22,"393":214,"394":0,"395":214,"396":22,"397":192,"398":192,"399":192,"400":17,"401":17,"402":17,"403":192,"404":209,"405":209,"406":27,"407":27,"408":27,"409":209,"410":236,"411":236,"412":24,"413":24,"414":24,"415":236,"416":260,"417":260,"418":9,"419":9,"420":9,"421":260,"422":269,"423":269,"424":5,"425":264,"426":5,"427":5,"428":0,"429":5,"430":5,"431":5,"432":5,"433":5,"4
[...]
"line":44,"column":null}},"13":{"start":{"line":47,"column":19},"end":{"line":47,"column":53}},"14":{"start":{"line":50,"column":2},"end":{"line":66,"column":null}},"15":{"start":{"line":51,"column":4},"end":{"line":65,"column":null}},"16":{"start":{"line":54,"column":42},"end":{"line":61,"column":null}},"17":{"start":{"line":58,"column":52},"end":{"line":58,"column":97}},"18":{"start":{"line":63,"column":6},"end":{"line":63,"column":null}},"19":{"start":{"line":64,"column":6},"end":{"line":64,"column":null}},"20":{"start":{"line":69,"column":2},"end":{"line":69,"column":null}},"21":{"start":{"line":70,"column":2},"end":{"line":70,"column":null}},"22":{"start":{"line":35,"column":0},"end":{"line":35,"column":16}},"23":{"start":{"line":78,"column":26},"end":{"line":78,"column":59}},"24":{"start":{"line":80,"column":2},"end":{"line":82,"column":null}},"25":{"start":{"line":81,"column":4},"end":{"line":81,"column":null}},"26":{"start":{"line":85,"column":2},"end":{"line":109,"column":null}},"27":{"start":{"line":86,"column":25},"end":{"line":86,"column":69}},"28":{"start":{"line":88,"column":4},"end":{"line":90,"column":null}},"29":{"start":{"line":89,"column":6},"end":{"line":89,"column":null}},"30":{"start":{"line":94,"column":41},"end":{"line":94,"column":96}},"31":{"start":{"line":95,"column":4},"end":{"line":100,"column":null}},"32":{"start":{"line":96,"column":6},"end":{"line":99,"column":null}},"33":{"start":{"line":103,"column":4},"end":{"line":108,"column":null}},"34":{"start":{"line":107,"column":6},"end":{"line":107,"column":null}},"35":{"start":{"line":111,"column":2},"end":{"line":111,"column":null}},"36":{"start":{"line":73,"column":0},"end":{"line":73,"column":16}},"37":{"start":{"line":119,"column":17},"end":{"line":119,"column":19}},"38":{"start":{"line":120,"column":2},"end":{"line":120,"column":null}},"39":{"start":{"line":120,"column":43},"end":{"line":120,"column":null}},"40":{"start":{"line":122,"column":2},"end":{"line":122,"column":null}},"41":{"start":{"line":114,"column":0},"end":{"line":114,"column":16}},"42":{"start":{"line":130,"column":21},"end":{"line":137,"column":null}},"43":{"start":{"line":132,"column":7},"end":{"line":137,"column":20}},"44":{"start":{"line":139,"column":13},"end":{"line":145,"column":null}},"45":{"start":{"line":147,"column":2},"end":{"line":147,"column":null}},"46":{"start":{"line":125,"column":0},"end":{"line":125,"column":16}},"47":{"start":{"line":155,"column":21},"end":{"line":155,"column":44}},"48":{"start":{"line":156,"column":22},"end":{"line":158,"column":46}},"49":{"start":{"line":157,"column":37},"end":{"line":157,"column":65}},"50":{"start":{"line":159,"column":2},"end":{"line":159,"column":null}},"51":{"start":{"line":150,"column":0},"end":{"line":150,"column":16}},"52":{"start":{"line":167,"column":16},"end":{"line":167,"column":51}},"53":{"start":{"line":169,"column":27},"end":{"line":169,"column":36}},"54":{"start":{"line":171,"column":2},"end":{"line":174,"column":null}},"55":{"start":{"line":172,"column":4},"end":{"line":172,"column":null}},"56":{"start":{"line":173,"column":4},"end":{"line":173,"column":null}},"57":{"start":{"line":173,"column":52},"end":{"line":173,"column":null}},"58":{"start":{"line":176,"column":2},"end":{"line":176,"column":null}},"59":{"start":{"line":162,"column":0},"end":{"line":162,"column":16}},"60":{"start":{"line":184,"column":21},"end":{"line":184,"column":64}},"61":{"start":{"line":186,"column":2},"end":{"line":187,"column":null}},"62":{"start":{"line":187,"column":4},"end":{"line":187,"column":null}},"63":{"start":{"line":189,"column":2},"end":{"line":189,"column":null}},"64":{"start":{"line":179,"column":0},"end":{"line":179,"column":16}},"65":{"start":{"line":197,"column":60},"end":{"line":197,"column":66}},"66":{"start":{"line":199,"column":27},"end":{"line":199,"column":36}},"67":{"start":{"line":201,"column":2},"end":{"line":210,"column":null}},"68":{"start":{"line":202,"column":4},"end":{"line":202,"column":null}},"69":{"start":{"line":203,"column":9},"end":{"line":210,"column":null}},"70":{"start":{"line":204,"column":4},"end":{"line":209,"column":null}},"71":{"start":{"line":205,"column":6},"end":{"line":208,"column":null}},"72":{"start":{"line":206,"column":8},"end":{"line":206,"column":null}},"73":{"start":{"line":207,"column":8},"end":{"line":207,"column":13}},"74":{"start":{"line":210,"column":9},"end":{"line":210,"column":null}},"75":{"start":{"line":210,"column":26},"end":{"line":210,"column":null}},"76":{"start":{"line":212,"column":2},"end":{"line":212,"column":null}},"77":{"start":{"line":192,"column":0},"end":{"line":192,"column":16}},"78":{"start":{"line":220,"column":2},"end":{"line":222,"column":null}},"79":{"start":{"line":221,"column":4},"end":{"line":221,"column":null}},"80":{"start":{"line":224,"column":2},"end":{"line":224,"column":null}},"81":{"start":{"line":215,"column":0},"end":{"line":215,"column":16}}},"fnMap":{"0":{"name":"eval_program","decl":{"start":{"line":22,"column":16},"end":{"line":22,"column":28}},"loc":{"start":{"line":25,"column":27},"end":{"line":32,"column":1}}},"1":{"name":"eval_type_declaration","decl":{"start":{"line":35,"column":16},"end":{"line":35,"column":37}},"loc":{"start":{"line":38,"column":27},"end":{"line":71,"column":1}}},"2":{"name":"(anonymous_3)","decl":{"start":{"line":58,"column":45},"end":{"line":58,"column":46}},"loc":{"start":{"line":58,"column":52},"end":{"line":58,"column":97}}},"3":{"name":"eval_var_declaration","decl":{"start":{"line":73,"column":16},"end":{"line":73,"column":36}},"loc":{"start":{"line":76,"column":27},"end":{"line":112,"column":1}}},"4":{"name":"eval_multi_var_declaration","decl":{"start":{"line":114,"column":16},"end":{"line":114,"column":42}},"loc":{"start":{"line":117,"column":27},"end":{"line":123,"column":1}}},"5":{"name":"eval_fn_declaration","decl":{"start":{"line":125,"column":16},"end":{"line":125,"column":35}},"loc":{"start":{"line":128,"column":27},"end":{"line":148,"column":1}}},"6":{"name":"(anonymous_7)","decl":{"start":{"line":131,"column":4},"end":{"line":131,"column":5}},"loc":{"start":{"line":132,"column":7},"end":{"line":137,"column":20}}},"7":{"name":"eval_return_statement","decl":{"start":{"line":150,"column":16},"end":{"line":150,"column":37}},"loc":{"start":{"line":153,"column":27},"end":{"line":160,"column":1}}},"8":{"name":"(anonymous_9)","decl":{"start":{"line":157,"column":27},"end":{"line":157,"column":28}},"loc":{"start":{"line":157,"column":37},"end":{"line":157,"column":65}}},"9":{"name":"eval_code_block","decl":{"start":{"line":162,"column":16},"end":{"line":162,"column":31}},"loc":{"start":{"line":165,"column":27},"end":{"line":177,"column":1}}},"10":{"name":"eval_condition","decl":{"start":{"line":179,"column":16},"end":{"line":179,"column":30}},"loc":{"start":{"line":182,"column":27},"end":{"line":190,"column":1}}},"11":{"name":"eval_if_else_statement","decl":{"start":{"line":192,"column":16},"end":{"line":192,"column":38}},"loc":{"start":{"line":195,"column":27},"end":{"line":213,"column":1}}},"12":{"name":"eval_while_statement","decl":{"start":{"line":215,"column":16},"end":{"line":215,"column":36}},"loc":{"start":{"line":218,"column":27},"end":{"line":225,"column":1}}}},"branchMap":{"0":{"loc":{"start":{"line":43,"column":2},"end":{"line":45,"column":null}},"type":"if","locations":[{"start":{"line":43,"column":2},"end":{"line":45,"column":null}}]},"1":{"loc":{"start":{"line":47,"column":19},"end":{"line":47,"column":53}},"type":"binary-expr","locations":[{"start":{"line":47,"column":19},"end":{"line":47,"column":40}},{"start":{"line":47,"column":44},"end":{"line":47,"column":53}}]},"2":{"loc":{"start":{"line":50,"column":2},"end":{"line":66,"column":null}},"type":"if","locations":[{"start":{"line":50,"column":2},"end":{"line":66,"column":null}}]},"3":{"loc":{"start":{"line":51,"column":4},"end":{"line":65,"column":null}},"type":"if","locations":[{"start":{"line":51,"column":4},"end":{"line":65,"column":null}}]},"4":{"loc":{"start":{"line":51,"column":8},"end":{"line":51,"column":63}},"type":"binary-expr","locations":[{"start":{"line":51,"column":8},"end":{"line":51,"column":28}},{"start":{"line":51,"column":32},"end":{"line":51,"column":63}}]},"5":{"loc":{"start":{"line":80,"column":2},"end":{"line":82,"column":null}},"type":"if","locations":[{"start":{"line":80,"column":2},"end":{"line":82,"column":null}}]},"6":{"loc":{"start":{"line":85,"column":2},"end":{"line":109,"column":null}},"type":"if","locations":[{"start":{"line":85,"column":2},"end":{"line":109,"column":null}}]},"7":{"loc":{"start":{"line":88,"column":4},"end":{"line":90,"column":null}},"type":"if","locations":[{"start":{"line":88,"column":4},"end":{"line":90,"column":null}}]},"8":{"loc":{"start":{"line":95,"column":4},"end":{"line":100,"column":null}},"type":"if","locations":[{"start":{"line":95,"column":4},"end":{"line":100,"column":null}}]},"9":{"loc":{"start":{"line":95,"column":8},"end":{"line":95,"column":46}},"type":"binary-expr","locations":[{"start":{"line":95,"column":8},"end":{"line":95,"column":29}},{"start":{"line":95,"column":33},"end":{"line":95,"column":46}}]},"10":{"loc":{"start":{"line":103,"column":4},"end":{"line":108,"column":null}},"type":"if","locations":[{"start":{"line":103,"column":4},"end":{"line":108,"column":null}}]},"11":{"loc":{"start":{"line":104,"column":6},"end":{"line":105,"column":65}},"type":"binary-expr","locations":[{"start":{"line":104,"column":6},"end":{"line":104,"column":40}},{"start":{"line":105,"column":7},"end":{"line":105,"column":65}}]},"12":{"loc":{"start":{"line":136,"column":17},"end":{"line":136,"column":82}},"type":"cond-expr","locations":[{"start":{"line":136,"column":33},"end":{"line":136,"column":70}},{"start":{"line":136,"column":73},"end":{"line":136,"column":82}}]},"13":{"loc":{"start":{"line":156,"column":22},"end":{"line":158,"column":46}},"type":"cond-expr","locations":[{"start":{"line":157,"column":6},"end":{"line":157,"column":66}},{"start":{"line":158,"column":6},"end":{"line":158,"column":46}}]},"14":{"loc":{"start":{"line":173,"column":4},"end":{"line":173,"column":null}},"type":"if","locations":[{"start":{"line":173,"column":4},"end":{"line":173,"column":null}}]},"15":{"loc":{"start":{"line":173,"column":8},"end":{"line":173,"column":50}},"type":"binary-expr","locations":[{"start":{"line":173,"column":8},"end":{"line":173,"column":31}},{"start":{"line":173,"column":35},"end":{"line":173,"column":50}}]},"16":{"loc":{"start":{"line":186,"column":2},"end":{"line":187,"column":null}},"type":"if","locations":[{"start":{"line":186,"column":2},"end":{"line":187,"column":null}}]},"17":{"loc":{"start":{"line":201,"column":2},"end":{"line":210,"column":null}},"type":"if","locations":[{"start":{"line":201,"column":2},"end":{"line":210,"column":null}},{"start":{"line":203,"column":9},"end":{"line":210,"column":null}}]},"18":{"loc":{"start":{"line":203,"column":9},"end":{"line":210,"column":null}},"type":"if","locations":[{"start":{"line":203,"column":9},"end":{"line":210,"column":null}},{"start":{"line":210,"column":9},"end":{"line":210,"column":null}}]},"19":{"loc":{"start":{"line":203,"column":13},"end":{"line":203,"column":50}},"type":"binary-expr","locations":[{"start":{"line":203,"column":13},"end":{"line":203,"column":24}},{"start":{"line":203,"column":28},"end":{"line":203,"column":50}}]},"20":{"loc":{"start":{"line":205,"column":6},"end":{"line":208,"column":null}},"type":"if","locations":[{"start":{"line":205,"column":6},"end":{"line":208,"column":null}}]},"21":{"loc":{"start":{"line":210,"column":9},"end":{"line":210,"column":null}},"type":"if","locations":[{"start":{"line":210,"column":9},"end":{"line":210,"column":null}}]}},"s":{"0":5,"1":5,"2":5,"3":5,"4":5,"5":62,"6":62,"7":85,"8":51,"9":5,"10":22,"11":22,"12":0,"13":22,"14":22,"15":12,"16":12,"17":17,"18":12,"19":12,"20":10,"21":10,"22":5,"23":33,"24":33,"25":33,"26":26,"27":1,"28":1,"29":0,"30":1,"31":1,"32":0,"33":1,"34":1,"35":26,"36":5,"37":3,"38":3,"39":9,"40":3,"41":5,"42":3,"43":0,"44":3,"45":3,"46":5,"47":0,"48":0,"49":0,"50":0,"51":5,"52":3,"53":3,"54":3,"55":4,"56":1,"57":0,"58":0,"59":5,"60":0,"61":0,"62":0,"63":0,"64":5,"65":0,"66":0,"67":0,"68":0,"69":0,"70":0,"71":0,"72":0,"73":0,"74":0,"75":0,"76":0,"77":5,"78":0,"79":0,"80":0,"81":5},"f":{"0":62,"1":22,"2":17,"3":33,"4":3,"5":3,"6":0,"7":0,"8":0,"9":3,"10":0,"11":0,"12":0},"b":{"0":[0],"1":[22,0],"2":[12],"3":[12],"4":[12,12],"5":[33],"6":[1],"7":[0],"8":[0],"9":[1,1],"10":[1],"11":[1,1],"12":[0,0],"13":[0,0],"14":[0],"15":[1,1],"16":[0],"17":[0,0],"18":[0,0],"19":[0,0],"20":[0],"21":[0]}}
,"C:\\Users\\skmak\\Desktop\\_work_\\lingo-interpreted-language\\src\\runtime\\eval\\types.ts": {"path":"C:\\Users\\skmak\\Desktop\\_work_\\lingo-interpreted-language\\src\\runtime\\eval\\types.ts","statementMap":{"0":{"start":{"line":2,"column":0},"end":{"line":2,"column":39}},"1":{"start":{"line":4,"column":0},"end":{"line":4,"column":41}},"2":{"start":{"line":30,"column":2},"end":{"line":34,"column":null}},"3":{"start":{"line":25,"column":0},"end":{"line":25,"column":16}},"4":{"start":{"line":42,"column":43},"end":{"line":42,"column":45}},"5":{"start":{"line":43,"column":44},"end":{"line":43,"column":46}},"6":{"start":{"line":45,"column":2},"end":{"line":53,"column":null}},"7":{"start":{"line":46,"column":23},"end":{"line":46,"column":69}},"8":{"start":{"line":47,"column":4},"end":{"line":49,"column":null}},"9":{"start":{"line":48,"column":6},"end":{"line":48,"column":null}},"10":{"start":{"line":51,"column":4},"end":{"line":51,"column":null}},"11":{"start":{"line":52,"column":4},"end":{"line":52,"column":null}},"12":{"start":{"line":55,"column":2},"end":{"line":61,"column":null}},"13":{"start":{"line":37,"column":0},"end":{"line":37,"column":16}},"14":{"start":{"line":69,"column":21},"end":{"line":69,"column":71}},"15":{"start":{"line":70,"column":2},"end":{"line":72,"column":null}},"16":{"start":{"line":71,"column":4},"end":{"line":71,"column":null}},"17":{"start":{"line":74,"column":2},"end":{"line":79,"column":null}},"18":{"start":{"line":64,"column":0},"end":{"line":64,"column":16}},"19":{"start":{"line":87,"column":40},"end":{"line":87,"column":49}},"20":{"start":{"line":89,"column":2},"end":{"line":98,"column":null}},"21":{"start":{"line":90,"column":26},"end":{"line":90,"column":76}},"22":{"start":{"line":91,"column":4},"end":{"line":96,"column":null}},"23":{"start":{"line":92,"column":6},"end":{"line":95,"column":null}},"24":{"start":{"line":97,"column":4},"end":{"line":97,"column":null}},"25":{"start":{"line":100,"column":2},"end":{"line":106,"column":null}},"26":{"start":{"line":82,"column":0},"end":{"line":82,"column":16}},"27":{"start":{"line":115,"column":19},"end":{"line":115,"column":57}},"28":{"start":{"line":116,"column":2},"end":{"line":118,"column":null}},"29":{"start":{"line":117,"column":4},"end":{"line":117,"column":null}},"30":{"start":{"line":121,"column":41},"end":{"line":121,"column":43}},"31":{"start":{"line":122,"column":2},"end":{"line":129,"column":null}},"32":{"start":{"line":124,"column":21},"end":{"line":124,"column":70}},"33":{"start":{"line":125,"column":4},"end":{"line":127,"column":null}},"34":{"start":{"line":126,"column":6},"end":{"line":126,"column":null}},"35":{"start":{"line":128,"column":4},"end":{"line":128,"column":null}},"36":{"start":{"line":131,"column":2},"end":{"line":137,"column":null}},"37":{"start":{"line":109,"column":0},"end":{"line":109,"column":16}},"38":{"start":{"line":145,"column":32},"end":{"line":145,"column":34}},"39":{"start":{"line":147,"column":2},"end":{"line":153,"column":null}},"40":{"start":{"line":148,"column":20},"end":{"line":148,"column":63}},"41":{"start":{"line":149,"column":4},"end":{"line":151,"column":null}},"42":{"start":{"line":150,"column":6},"end":{"line":150,"column":null}},"43":{"start":{"line":152,"column":4},"end":{"line":152,"column":null}},"44":{"start":{"line":155,"column":2},"end":{"line":159,"column":null}},"45":{"start":{"line":140,"column":0},"end":{"line":140,"column":16}},"46":{"start":{"line":167,"column":22},"end":{"line":167,"column":73}},"47":{"start":{"line":168,"column":2},"end":{"line":170,"column":null}},"48":{"start":{"line":169,"column":4},"end":{"line":169,"column":null}},"49":{"start":{"line":172,"column":2},"end":{"line":176,"column":null}},"50":{"start":{"line":162,"column":0},"end":{"line":162,"column":16}}},"fnMap":{"0":{"name":"eval_primitive_type","decl":{"start":{"line":25,"column":16},"end":{"line":25,"column":35}},"loc":{"start":{"line":28,"column":28},"end":{"line":35,"column":1}}},"1":{"name":"eval_struct_type","decl":{"start":{"line":37,"column":16},"end":{"line":37,"column":32}},"loc":{"start":{"line":40,"column":27},"end":{"line":62,"column":1}}},"2":{"name":"eval_alias_type","decl":{"start":{"line":64,"column":16},"end":{"line":64,"column":31}},"loc":{"start":{"line":67,"column":27},"end":{"line":80,"column":1}}},"3":{"name":"eval_type_parameter","decl":{"start":{"line":82,"column":16},"end":{"line":82,"column":35}},"loc":{"start":{"line":85,"column":27},"end":{"line":107,"column":1}}},"4":{"name":"eval_generic_type","decl":{"start":{"line":109,"column":16},"end":{"line":109,"column":33}},"loc":{"start":{"line":112,"column":27},"end":{"line":138,"column":1}}},"5":{"name":"eval_union_type","decl":{"start":{"line":140,"column":16},"end":{"line":140,"column":31}},"loc":{"start":{"line":143,"column":27},"end":{"line":160,"column":1}}},"6":{"name":"eval_array_type","decl":{"start":{"line":162,"column":16},"end":{"line":162,"column":31}},"loc":{"start":{"line":165,"column":27},"end":{"line":177,"column":1}}}},"branchMap":{"0":{"loc":{"start":{"line":47,"column":4},"end":{"line":49,"column":null}},"type":"if","locations":[{"start":{"line":47,"column":4},"end":{"line":49,"column":null}}]},"1":{"loc":{"start":{"line":70,"column":2},"end":{"line":72,"column":null}},"type":"if","locations":[{"start":{"line":70,"column":2},"end":{"line":72,"column":null}}]},"2":{"loc":{"start":{"line":89,"column":2},"end":{"line":98,"column":null}},"type":"if","locations":[{"start":{"line":89,"column":2},"end":{"line":98,"column":null}}]},"3":{"loc":{"start":{"line":91,"column":4},"end":{"line":96,"column":null}},"type":"if","locations":[{"start":{"line":91,"column":4},"end":{"line":96,"column":null}}]},"4":{"loc":{"start":{"line":115,"column":34},"end":{"line":115,"column":56}},"type":"binary-expr","locations":[{"start":{"line":115,"column":34},"end":{"line":115,"column":50}},{"start":{"line":115,"column":54},"end":{"line":115,"column":56}}]},"5":{"loc":{"start":{"line":116,"column":2},"end":{"line":118,"column":null}},"type":"if","locations":[{"start":{"line":116,"column":2},"end":{"line":118,"column":null}}]},"6":{"loc":{"start":{"line":116,"column":6},"end":{"line":116,"column":43}},"type":"binary-expr","locations":[{"start":{"line":116,"column":6},"end":{"line":116,"column":15}},{"start":{"line":116,"column":19},"end":{"line":116,"column":43}}]},"7":{"loc":{"start":{"line":125,"column":4},"end":{"line":127,"column":null}},"type":"if","locations":[{"start":{"line":125,"column":4},"end":{"line":127,"column":null}}]},"8":{"loc":{"start":{"line":149,"column":4},"end":{"line":151,"column":null}},"type":"if","locations":[{"start":{"line":149,"column":4},"end":{"line":151,"column":null}}]},"9":{"loc":{"start":{"line":168,"column":2},"end":{"line":170,"column":null}},"type":"if","locations":[{"start":{"line":168,"column":2},"end":{"line":170,"column":null}}]}},"s":{"0":5,"1":5,"2":53,"3":5,"4":0,"5":0,"6":0,"7":0,"8":0,"9":0,"10":0,"11":0,"12":0,"13":5,"14":18,"15":18,"16":0,"17":18,"18":5,"19":17,"20":17,"21":11,"22":11,"23":0,"24":11,"25":17,"26":5,"27":0,"28":0,"29":0,"30":0,"31":0,"32":0,"33":0,"34":0,"35":0,"36":0,"37":5,"38":5,"39":5,"40":10,"41":10,"42":0,"43":10,"44":5,"45":5,"46":0,"47":0,"48":0,"49":0,"50":5},"f":{"0":53,"1":0,"2":18,"3":17,"4":0,"5":5,"6":0},"b":{"0":[0],"1":[0],"2":[11],"3":[0],"4":[0,0],"5":[0],"6":[0,0],"7":[0],"8":[0],"9":[0]}}
}
