TN:
SF:src\frontend\lexer\specs.ts
FN:1,(anonymous_0)
FNF:1
FNH:1
FNDA:6,(anonymous_0)
DA:1,6
DA:2,6
DA:3,6
DA:4,6
DA:5,6
DA:6,6
DA:7,6
DA:8,6
DA:9,6
DA:10,6
DA:11,6
DA:12,6
DA:13,6
DA:15,6
DA:16,6
DA:17,6
DA:18,6
DA:19,6
DA:20,6
DA:21,6
DA:22,6
DA:23,6
DA:24,6
DA:25,6
DA:26,6
DA:27,6
DA:28,6
DA:29,6
DA:30,6
DA:34,6
DA:35,6
DA:36,6
DA:37,6
DA:38,6
DA:39,6
DA:40,6
DA:41,6
DA:44,6
DA:45,6
DA:46,6
DA:47,6
DA:55,6
LF:42
LH:42
BRDA:1,0,0,6
BRDA:1,0,1,6
BRF:2
BRH:2
end_of_record
TN:
SF:src\frontend\lexer\tokenizer.ts
FN:23,(anonymous_0)
FN:28,(anonymous_1)
FN:47,(anonymous_2)
FN:53,(anonymous_3)
FN:59,(anonymous_4)
FN:99,(anonymous_5)
FN:110,(anonymous_6)
FN:115,(anonymous_7)
FN:118,(anonymous_8)
FN:122,(anonymous_9)
FN:209,(anonymous_10)
FN:210,(anonymous_11)
FN:223,(anonymous_12)
FN:257,(anonymous_13)
FN:266,(anonymous_14)
FN:276,insertAtIndex
FN:291,(anonymous_16)
FN:295,(anonymous_17)
FN:299,(anonymous_18)
FN:303,(anonymous_19)
FN:307,(anonymous_20)
FNF:21
FNH:21
FNDA:24,(anonymous_0)
FNDA:40,(anonymous_1)
FNDA:353,(anonymous_2)
FNDA:313,(anonymous_3)
FNDA:313,(anonymous_4)
FNDA:8083,(anonymous_5)
FNDA:353,(anonymous_6)
FNDA:7,(anonymous_7)
FNDA:6,(anonymous_8)
FNDA:7,(anonymous_9)
FNDA:6,(anonymous_10)
FNDA:165,(anonymous_11)
FNDA:6,(anonymous_12)
FNDA:9,(anonymous_13)
FNDA:9,(anonymous_14)
FNDA:2,insertAtIndex
FNDA:7,(anonymous_16)
FNDA:22,(anonymous_17)
FNDA:53,(anonymous_18)
FNDA:9,(anonymous_19)
FNDA:9,(anonymous_20)
DA:2,6
DA:12,6
DA:14,24
DA:16,24
DA:17,24
DA:18,24
DA:20,24
DA:21,24
DA:24,24
DA:25,24
DA:29,40
DA:30,40
DA:31,40
DA:32,40
DA:33,40
DA:35,313
DA:37,40
DA:44,40
DA:48,353
DA:50,353
DA:54,313
DA:56,313
DA:60,313
DA:62,313
DA:63,8083
DA:66,8083
DA:68,313
DA:69,40
DA:70,40
DA:73,313
DA:76,2
DA:78,2
DA:81,313
DA:82,40
DA:85,313
DA:94,0
DA:100,8083
DA:102,8083
DA:104,313
DA:105,313
DA:107,313
DA:111,353
DA:115,6
DA:116,7
DA:119,6
DA:123,7
DA:124,7
DA:125,7
DA:127,7
DA:129,197
DA:130,9
DA:131,9
DA:132,9
DA:136,188
DA:137,37
DA:138,37
DA:139,37
DA:143,151
DA:144,23
DA:145,23
DA:148,23
DA:149,17
DA:150,9
DA:151,9
DA:155,6
DA:156,4
DA:157,4
DA:158,4
DA:160,4
DA:161,1
DA:167,22
DA:168,22
DA:170,22
DA:174,128
DA:175,13
DA:176,13
DA:177,13
DA:178,3
DA:179,3
DA:180,3
DA:182,3
DA:183,0
DA:186,13
DA:187,13
DA:188,13
DA:189,13
DA:193,115
DA:197,6
DA:198,2
DA:199,2
DA:206,6
DA:210,6
DA:211,165
DA:212,165
DA:213,165
DA:215,165
DA:218,165
DA:220,6
DA:224,6
DA:225,6
DA:226,6
DA:228,6
DA:229,132
DA:230,33
DA:231,33
DA:232,33
DA:235,99
DA:236,16
DA:239,99
DA:246,99
DA:247,6
DA:250,99
DA:253,6
DA:254,6
DA:258,9
DA:267,9
DA:277,2
DA:278,0
DA:282,2
DA:284,2
DA:289,7
DA:292,7
DA:296,22
DA:300,53
DA:304,9
DA:308,9
LF:126
LH:123
BRDA:35,0,0,353
BRDA:35,0,1,313
BRDA:48,1,0,0
BRDA:54,2,0,0
BRDA:54,3,0,313
BRDA:54,3,1,313
BRDA:66,4,0,7770
BRDA:68,5,0,40
BRDA:73,6,0,2
BRDA:81,7,0,40
BRDA:102,8,0,7770
BRDA:129,9,0,9
BRDA:136,10,0,37
BRDA:143,11,0,23
BRDA:143,12,0,151
BRDA:143,12,1,36
BRDA:148,13,0,17
BRDA:148,13,1,6
BRDA:149,14,0,9
BRDA:155,15,0,4
BRDA:156,16,0,8
BRDA:156,16,1,7
BRDA:160,17,0,1
BRDA:174,18,0,13
BRDA:177,19,0,3
BRDA:178,20,0,6
BRDA:178,20,1,3
BRDA:182,21,0,0
BRDA:211,22,0,165
BRDA:211,22,1,140
BRDA:215,23,0,165
BRDA:215,23,1,8
BRDA:215,23,2,8
BRDA:218,24,0,165
BRDA:218,24,1,140
BRDA:229,25,0,33
BRDA:235,26,0,16
BRDA:235,27,0,99
BRDA:235,27,1,91
BRDA:246,28,0,6
BRDA:277,29,0,0
BRDA:277,30,0,2
BRDA:277,30,1,2
BRDA:291,31,0,0
BRF:44
BRH:39
end_of_record
