TN:
SF:src\contants.ts
FNF:0
FNH:0
DA:1,11
LF:1
LH:1
BRF:0
BRH:0
end_of_record
TN:
SF:src\helpers.ts
FN:6,prompt
FN:7,(anonymous_8)
FN:13,(anonymous_9)
FN:20,validateFilename
FN:27,(anonymous_11)
FN:32,(anonymous_12)
FN:35,(anonymous_13)
FN:36,(anonymous_14)
FN:39,(anonymous_15)
FNF:9
FNH:0
FNDA:0,prompt
FNDA:0,(anonymous_8)
FNDA:0,(anonymous_9)
FNDA:0,validateFilename
FNDA:0,(anonymous_11)
FNDA:0,(anonymous_12)
FNDA:0,(anonymous_13)
FNDA:0,(anonymous_14)
FNDA:0,(anonymous_15)
DA:1,11
DA:2,11
DA:3,11
DA:4,11
DA:6,11
DA:7,0
DA:8,0
DA:13,0
DA:14,0
DA:15,0
DA:20,11
DA:21,0
DA:23,0
DA:26,11
DA:28,0
DA:32,11
DA:33,0
DA:35,0
DA:36,0
DA:37,0
DA:39,0
DA:40,0
DA:41,0
LF:23
LH:8
BRDA:21,0,0,0
BRDA:37,1,0,0
BRDA:40,2,0,0
BRF:3
BRH:0
end_of_record
TN:
SF:src\frontend\parser.ts
FN:39,(anonymous_0)
FN:45,get_leaf
FN:52,isLessThan
FN:56,isGreaterThan
FN:63,(anonymous_4)
FN:71,(anonymous_5)
FN:75,(anonymous_6)
FN:79,(anonymous_7)
FN:83,(anonymous_8)
FN:91,(anonymous_9)
FN:100,(anonymous_10)
FN:127,(anonymous_11)
FN:138,(anonymous_12)
FN:158,(anonymous_13)
FN:168,(anonymous_14)
FN:196,(anonymous_15)
FN:225,(anonymous_16)
FN:244,(anonymous_17)
FN:284,(anonymous_18)
FN:313,(anonymous_19)
FN:337,(anonymous_20)
FN:354,(anonymous_21)
FN:375,(anonymous_22)
FN:389,(anonymous_23)
FN:401,(anonymous_24)
FN:443,(anonymous_25)
FN:458,(anonymous_26)
FN:474,(anonymous_27)
FN:560,(anonymous_28)
FN:598,(anonymous_29)
FN:640,(anonymous_30)
FN:663,(anonymous_31)
FN:687,(anonymous_32)
FN:697,(anonymous_33)
FN:716,(anonymous_34)
FN:851,(anonymous_35)
FN:855,(anonymous_36)
FN:867,(anonymous_37)
FN:883,(anonymous_38)
FN:918,(anonymous_39)
FN:931,(anonymous_40)
FN:948,(anonymous_41)
FN:969,(anonymous_42)
FN:987,(anonymous_43)
FN:1004,(anonymous_44)
FN:1012,(anonymous_45)
FN:1025,(anonymous_46)
FN:1034,(anonymous_47)
FN:1044,(anonymous_48)
FN:1053,(anonymous_49)
FN:1061,(anonymous_50)
FN:1083,(anonymous_51)
FN:1116,(anonymous_52)
FN:1130,(anonymous_53)
FN:1133,(anonymous_54)
FN:1136,(anonymous_55)
FN:1157,(anonymous_56)
FN:1168,(anonymous_57)
FN:1189,(anonymous_58)
FN:1204,parse
FNF:60
FNH:51
FNDA:11,(anonymous_0)
FNDA:560,get_leaf
FNDA:61,isLessThan
FNDA:0,isGreaterThan
FNDA:110,(anonymous_4)
FNDA:291,(anonymous_5)
FNDA:3807,(anonymous_6)
FNDA:1007,(anonymous_7)
FNDA:390,(anonymous_8)
FNDA:0,(anonymous_9)
FNDA:155,(anonymous_10)
FNDA:11,(anonymous_11)
FNDA:11,(anonymous_12)
FNDA:65,(anonymous_13)
FNDA:60,(anonymous_14)
FNDA:10,(anonymous_15)
FNDA:50,(anonymous_16)
FNDA:50,(anonymous_17)
FNDA:0,(anonymous_18)
FNDA:36,(anonymous_19)
FNDA:16,(anonymous_20)
FNDA:16,(anonymous_21)
FNDA:8,(anonymous_22)
FNDA:4,(anonymous_23)
FNDA:3,(anonymous_24)
FNDA:15,(anonymous_25)
FNDA:15,(anonymous_26)
FNDA:15,(anonymous_27)
FNDA:4,(anonymous_28)
FNDA:3,(anonymous_29)
FNDA:5,(anonymous_30)
FNDA:0,(anonymous_31)
FNDA:0,(anonymous_32)
FNDA:8,(anonymous_33)
FNDA:38,(anonymous_34)
FNDA:164,(anonymous_35)
FNDA:185,(anonymous_36)
FNDA:0,(anonymous_37)
FNDA:10,(anonymous_38)
FNDA:185,(anonymous_39)
FNDA:175,(anonymous_40)
FNDA:192,(anonymous_41)
FNDA:219,(anonymous_42)
FNDA:243,(anonymous_43)
FNDA:252,(anonymous_44)
FNDA:5,(anonymous_45)
FNDA:5,(anonymous_46)
FNDA:1,(anonymous_47)
FNDA:16,(anonymous_48)
FNDA:4,(anonymous_49)
FNDA:8,(anonymous_50)
FNDA:252,(anonymous_51)
FNDA:4,(anonymous_52)
FNDA:0,(anonymous_53)
FNDA:0,(anonymous_54)
FNDA:0,(anonymous_55)
FNDA:19,(anonymous_56)
FNDA:253,(anonymous_57)
FNDA:110,(anonymous_58)
FNDA:110,parse
DA:35,11
DA:36,11
DA:37,11
DA:39,11
DA:40,11
DA:41,11
DA:42,11
DA:45,11
DA:46,560
DA:53,61
DA:57,0
DA:60,11
DA:61,110
DA:62,110
DA:64,110
DA:65,110
DA:69,110
DA:72,291
DA:76,3807
DA:80,1007
DA:84,390
DA:85,390
DA:86,0
DA:88,390
DA:92,0
DA:93,0
DA:94,0
DA:96,0
DA:101,155
DA:105,36
DA:107,16
DA:109,3
DA:111,8
DA:113,0
DA:115,15
DA:117,5
DA:119,0
DA:121,11
DA:123,61
DA:128,11
DA:129,11
DA:130,0
DA:132,11
DA:133,11
DA:134,11
DA:135,11
DA:140,11
DA:143,11
DA:144,0
DA:148,11
DA:160,65
DA:161,27
DA:162,27
DA:165,38
DA:169,60
DA:170,10
DA:174,50
DA:177,50
DA:178,0
DA:179,0
DA:182,0
DA:183,0
DA:186,0
DA:193,50
DA:197,10
DA:198,10
DA:200,10
DA:202,10
DA:203,20
DA:204,20
DA:205,20
DA:207,20
DA:208,0
DA:211,20
DA:212,20
DA:213,3
DA:214,3
DA:217,20
DA:220,10
DA:222,10
DA:227,50
DA:230,50
DA:231,0
DA:232,0
DA:235,0
DA:241,50
DA:246,50
DA:253,50
DA:256,50
DA:257,0
DA:261,50
DA:272,0
DA:278,0
DA:285,0
DA:287,0
DA:290,0
DA:291,0
DA:293,0
DA:294,0
DA:296,0
DA:300,0
DA:302,0
DA:303,0
DA:306,0
DA:314,36
DA:316,36
DA:317,2
DA:319,34
DA:322,36
DA:324,36
DA:326,36
DA:328,36
DA:329,2
DA:331,34
DA:334,36
DA:338,16
DA:339,16
DA:340,7
DA:343,16
DA:344,2
DA:345,2
DA:346,2
DA:348,2
DA:351,16
DA:355,16
DA:356,16
DA:358,16
DA:360,16
DA:362,16
DA:364,16
DA:372,16
DA:376,8
DA:378,8
DA:380,8
DA:381,1
DA:382,1
DA:383,1
DA:386,8
DA:391,4
DA:392,4
DA:394,4
DA:396,4
DA:398,4
DA:402,3
DA:404,3
DA:406,3
DA:408,3
DA:411,3
DA:412,1
DA:413,1
DA:415,1
DA:421,1
DA:424,3
DA:427,3
DA:428,1
DA:429,1
DA:432,3
DA:440,3
DA:444,15
DA:445,15
DA:447,15
DA:448,6
DA:450,6
DA:452,6
DA:453,6
DA:455,9
DA:459,15
DA:460,15
DA:475,15
DA:478,15
DA:479,7
DA:480,7
DA:482,7
DA:484,7
DA:493,8
DA:494,8
DA:497,8
DA:502,4
DA:506,4
DA:507,2
DA:509,2
DA:511,2
DA:513,2
DA:515,2
DA:517,2
DA:518,0
DA:521,2
DA:523,2
DA:525,2
DA:527,2
DA:539,2
DA:541,2
DA:542,0
DA:545,2
DA:547,2
DA:549,2
DA:551,2
DA:561,4
DA:563,4
DA:565,4
DA:567,4
DA:569,4
DA:571,4
DA:572,3
DA:575,1
DA:578,1
DA:579,0
DA:582,1
DA:584,1
DA:586,1
DA:587,1
DA:602,3
DA:604,3
DA:608,3
DA:609,3
DA:610,3
DA:612,3
DA:614,3
DA:615,1
DA:616,1
DA:620,3
DA:622,3
DA:624,3
DA:626,3
DA:641,5
DA:643,5
DA:644,1
DA:647,4
DA:649,4
DA:650,1
DA:652,1
DA:653,0
DA:656,1
DA:657,1
DA:660,3
DA:664,0
DA:666,0
DA:667,0
DA:670,0
DA:672,0
DA:673,0
DA:675,0
DA:676,0
DA:679,0
DA:681,0
DA:684,0
DA:688,0
DA:690,0
DA:698,8
DA:699,2
DA:700,6
DA:701,2
DA:717,38
DA:719,38
DA:720,38
DA:722,38
DA:724,38
DA:729,38
DA:736,38
DA:737,4
DA:740,4
DA:748,4
DA:749,4
DA:751,4
DA:753,4
DA:755,4
DA:764,4
DA:765,2
DA:768,2
DA:769,2
DA:770,4
DA:774,2
DA:777,4
DA:783,34
DA:791,34
DA:792,28
DA:793,28
DA:803,34
DA:804,5
DA:805,8
DA:807,8
DA:809,8
DA:811,8
DA:818,8
DA:823,8
DA:825,8
DA:828,5
DA:834,29
DA:837,6
DA:838,6
DA:842,2
DA:852,164
DA:856,185
DA:858,185
DA:859,19
DA:860,19
DA:861,19
DA:864,166
DA:868,0
DA:870,0
DA:872,0
DA:873,0
DA:874,0
DA:875,0
DA:878,0
DA:880,0
DA:884,10
DA:885,10
DA:886,10
DA:888,10
DA:889,19
DA:892,19
DA:893,0
DA:894,0
DA:895,0
DA:898,19
DA:899,0
DA:900,0
DA:904,19
DA:905,19
DA:907,19
DA:909,19
DA:910,9
DA:914,10
DA:915,10
DA:919,185
DA:920,0
DA:921,185
DA:925,10
DA:928,175
DA:932,175
DA:934,175
DA:935,17
DA:936,17
DA:937,17
DA:945,175
DA:949,192
DA:951,192
DA:955,27
DA:956,27
DA:957,27
DA:965,192
DA:970,219
DA:972,219
DA:973,24
DA:974,24
DA:975,24
DA:983,219
DA:988,243
DA:990,243
DA:991,9
DA:992,9
DA:993,9
DA:1001,243
DA:1005,252
DA:1007,252
DA:1009,247
DA:1013,5
DA:1020,5
DA:1022,5
DA:1026,5
DA:1027,5
DA:1029,5
DA:1031,5
DA:1037,1
DA:1039,1
DA:1041,1
DA:1045,16
DA:1046,16
DA:1048,16
DA:1050,16
DA:1054,4
DA:1056,4
DA:1058,4
DA:1062,8
DA:1064,8
DA:1067,8
DA:1068,0
DA:1070,0
DA:1072,0
DA:1080,8
DA:1084,252
DA:1086,252
DA:1087,1
DA:1092,1
DA:1093,1
DA:1094,1
DA:1096,1
DA:1097,0
DA:1100,0
DA:1101,0
DA:1102,0
DA:1105,1
DA:1113,252
DA:1117,4
DA:1118,4
DA:1119,4
DA:1121,4
DA:1124,4
DA:1125,0
DA:1126,0
DA:1128,0
DA:1129,0
DA:1130,0
DA:1133,0
DA:1136,0
DA:1137,0
DA:1138,0
DA:1144,4
DA:1145,4
DA:1147,4
DA:1149,4
DA:1158,19
DA:1159,19
DA:1160,19
DA:1164,19
DA:1169,253
DA:1171,253
DA:1173,64
DA:1175,166
DA:1176,166
DA:1177,166
DA:1180,4
DA:1182,19
DA:1184,0
DA:1190,110
DA:1191,110
DA:1196,110
DA:1198,127
DA:1200,105
DA:1204,11
DA:1205,110
DA:1206,110
LF:433
LH:352
BRDA:39,0,0,11
BRDA:39,0,1,11
BRDA:53,1,0,61
BRDA:53,1,1,0
BRDA:57,2,0,0
BRDA:57,2,1,0
BRDA:64,3,0,110
BRDA:75,4,0,3783
BRDA:85,5,0,0
BRDA:85,6,0,390
BRDA:85,6,1,390
BRDA:93,7,0,0
BRDA:93,8,0,0
BRDA:93,8,1,0
BRDA:101,9,0,14
BRDA:101,9,1,22
BRDA:101,9,2,36
BRDA:101,9,3,16
BRDA:101,9,4,3
BRDA:101,9,5,8
BRDA:101,9,6,0
BRDA:101,9,7,15
BRDA:101,9,8,5
BRDA:101,9,9,0
BRDA:101,9,10,11
BRDA:101,9,11,61
BRDA:129,10,0,0
BRDA:143,11,0,0
BRDA:158,12,0,58
BRDA:160,13,0,27
BRDA:169,14,0,10
BRDA:182,15,0,0
BRDA:182,15,1,0
BRDA:202,16,0,30
BRDA:202,16,1,30
BRDA:207,17,0,0
BRDA:212,18,0,3
BRDA:246,19,0,50
BRDA:247,20,0,50
BRDA:247,20,1,49
BRDA:247,20,2,9
BRDA:247,20,3,2
BRDA:247,20,4,2
BRDA:256,21,0,0
BRDA:290,22,0,0
BRDA:290,22,1,0
BRDA:293,23,0,0
BRDA:293,23,1,0
BRDA:302,24,0,0
BRDA:316,25,0,2
BRDA:316,25,1,34
BRDA:328,26,0,2
BRDA:328,26,1,34
BRDA:339,27,0,7
BRDA:345,28,0,0
BRDA:345,28,1,2
BRDA:346,29,0,2
BRDA:382,30,0,1
BRDA:392,31,0,0
BRDA:396,32,0,0
BRDA:411,33,0,4
BRDA:411,33,1,2
BRDA:427,34,0,1
BRDA:447,35,0,6
BRDA:459,36,0,6
BRDA:478,37,0,7
BRDA:478,38,0,15
BRDA:478,38,1,11
BRDA:494,39,0,0
BRDA:497,40,0,4
BRDA:498,41,0,8
BRDA:498,41,1,6
BRDA:498,41,2,6
BRDA:506,42,0,2
BRDA:517,43,0,0
BRDA:541,44,0,0
BRDA:571,45,0,3
BRDA:578,46,0,0
BRDA:609,47,0,3
BRDA:609,48,0,3
BRDA:609,48,1,1
BRDA:614,49,0,1
BRDA:643,50,0,1
BRDA:649,51,0,1
BRDA:652,52,0,0
BRDA:656,53,0,1
BRDA:656,53,1,0
BRDA:666,54,0,0
BRDA:672,55,0,0
BRDA:675,56,0,0
BRDA:679,57,0,0
BRDA:679,57,1,0
BRDA:698,58,0,2
BRDA:698,58,1,6
BRDA:700,59,0,2
BRDA:722,60,0,14
BRDA:722,60,1,24
BRDA:722,61,0,8
BRDA:722,61,1,16
BRDA:736,62,0,4
BRDA:764,63,0,2
BRDA:764,63,1,2
BRDA:791,64,0,28
BRDA:803,65,0,5
BRDA:834,66,0,23
BRDA:837,67,0,6
BRDA:858,68,0,19
BRDA:872,69,0,0
BRDA:872,69,1,0
BRDA:874,70,0,0
BRDA:888,71,0,29
BRDA:888,71,1,29
BRDA:892,72,0,0
BRDA:892,72,1,19
BRDA:898,73,0,0
BRDA:909,74,0,9
BRDA:919,75,0,0
BRDA:919,75,1,185
BRDA:921,76,0,10
BRDA:922,77,0,185
BRDA:922,77,1,10
BRDA:952,78,0,219
BRDA:952,78,1,199
BRDA:1007,79,0,5
BRDA:1020,80,0,0
BRDA:1027,81,0,4
BRDA:1027,81,1,1
BRDA:1039,82,0,2
BRDA:1039,82,1,1
BRDA:1046,83,0,12
BRDA:1046,83,1,4
BRDA:1056,84,0,8
BRDA:1056,84,1,4
BRDA:1067,85,0,0
BRDA:1086,86,0,253
BRDA:1086,86,1,252
BRDA:1092,87,0,1
BRDA:1092,87,1,0
BRDA:1096,88,0,0
BRDA:1124,89,0,0
BRDA:1126,90,0,0
BRDA:1126,90,1,0
BRDA:1128,91,0,0
BRDA:1145,92,0,4
BRDA:1145,92,1,4
BRDA:1171,93,0,64
BRDA:1171,93,1,166
BRDA:1171,93,2,4
BRDA:1171,93,3,19
BRDA:1171,93,4,0
BRDA:1190,94,0,110
BRDA:1196,95,0,0
BRF:152
BRH:102
end_of_record
TN:
SF:src\frontend\lexer\specs.ts
FN:1,(anonymous_0)
FNF:1
FNH:1
FNDA:18,(anonymous_0)
DA:1,18
DA:2,18
DA:3,18
DA:4,18
DA:5,18
DA:6,18
DA:7,18
DA:8,18
DA:9,18
DA:10,18
DA:11,18
DA:12,18
DA:13,18
DA:14,18
DA:16,18
DA:17,18
DA:18,18
DA:19,18
DA:20,18
DA:21,18
DA:22,18
DA:23,18
DA:24,18
DA:25,18
DA:26,18
DA:27,18
DA:28,18
DA:29,18
DA:30,18
DA:31,18
DA:32,18
DA:33,18
DA:34,18
DA:35,18
DA:36,18
DA:37,18
DA:41,18
DA:42,18
DA:43,18
DA:44,18
DA:45,18
DA:46,18
DA:47,18
DA:48,18
DA:49,18
DA:50,18
DA:51,18
DA:52,18
DA:53,18
DA:54,18
DA:55,18
DA:56,18
DA:57,18
DA:58,18
DA:61,18
DA:62,18
DA:63,18
DA:64,18
DA:65,18
DA:73,18
LF:60
LH:60
BRDA:1,0,0,18
BRDA:1,0,1,18
BRF:2
BRH:2
end_of_record
TN:
SF:src\frontend\lexer\tokenizer.ts
FN:26,(anonymous_0)
FN:31,(anonymous_1)
FN:49,(anonymous_2)
FN:55,(anonymous_3)
FN:61,(anonymous_4)
FN:119,(anonymous_5)
FN:130,(anonymous_6)
FN:135,(anonymous_7)
FN:138,(anonymous_8)
FN:142,(anonymous_9)
FN:236,(anonymous_10)
FN:237,(anonymous_11)
FN:254,(anonymous_12)
FN:288,(anonymous_13)
FN:299,(anonymous_14)
FN:311,insertAtIndex
FN:326,(anonymous_16)
FN:330,(anonymous_17)
FN:334,(anonymous_18)
FN:338,(anonymous_19)
FN:342,(anonymous_20)
FN:347,tokenize
FNF:22
FNH:22
FNDA:162,(anonymous_0)
FNDA:172,(anonymous_1)
FNDA:2264,(anonymous_2)
FNDA:2092,(anonymous_3)
FNDA:2092,(anonymous_4)
FNDA:85446,(anonymous_5)
FNDA:2264,(anonymous_6)
FNDA:116,(anonymous_7)
FNDA:115,(anonymous_8)
FNDA:116,(anonymous_9)
FNDA:115,(anonymous_10)
FNDA:1987,(anonymous_11)
FNDA:115,(anonymous_12)
FNDA:11,(anonymous_13)
FNDA:11,(anonymous_14)
FNDA:4,insertAtIndex
FNDA:116,(anonymous_16)
FNDA:133,(anonymous_17)
FNDA:115,(anonymous_18)
FNDA:11,(anonymous_19)
FNDA:11,(anonymous_20)
FNDA:116,tokenize
DA:2,18
DA:15,18
DA:17,162
DA:19,162
DA:20,162
DA:21,162
DA:23,162
DA:24,162
DA:27,162
DA:28,162
DA:32,172
DA:33,172
DA:34,172
DA:35,172
DA:36,172
DA:38,2092
DA:40,172
DA:46,172
DA:50,2264
DA:52,2264
DA:56,2092
DA:58,2092
DA:62,2092
DA:63,2092
DA:65,2092
DA:66,85446
DA:69,85446
DA:73,2092
DA:75,2092
DA:78,2092
DA:84,2092
DA:90,2092
DA:91,106
DA:92,106
DA:96,2092
DA:99,7
DA:101,7
DA:104,2092
DA:114,0
DA:120,85446
DA:122,85446
DA:124,2092
DA:127,2092
DA:131,2264
DA:135,18
DA:136,116
DA:139,115
DA:143,116
DA:144,116
DA:145,116
DA:147,116
DA:149,2081
DA:150,71
DA:151,71
DA:152,71
DA:156,2010
DA:157,60
DA:161,2010
DA:162,102
DA:163,102
DA:164,102
DA:168,1908
DA:169,89
DA:170,89
DA:173,89
DA:174,81
DA:175,11
DA:176,11
DA:180,8
DA:181,4
DA:182,4
DA:183,4
DA:185,4
DA:186,1
DA:192,88
DA:193,88
DA:195,88
DA:199,1819
DA:200,9
DA:201,9
DA:202,9
DA:203,3
DA:204,3
DA:205,3
DA:207,3
DA:208,0
DA:213,9
DA:214,9
DA:215,9
DA:216,9
DA:220,1810
DA:224,115
DA:225,4
DA:226,4
DA:233,115
DA:237,115
DA:239,1987
DA:243,1987
DA:244,1987
DA:246,1987
DA:249,1987
DA:251,115
DA:285,115
DA:289,11
DA:300,11
DA:312,4
DA:313,0
DA:317,4
DA:319,4
DA:324,116
DA:327,116
DA:331,133
DA:335,115
DA:339,11
DA:343,11
DA:347,18
DA:348,116
DA:350,116
LF:118
LH:115
BRDA:38,0,0,2264
BRDA:38,0,1,2092
BRDA:50,1,0,0
BRDA:56,2,0,0
BRDA:56,3,0,2092
BRDA:56,3,1,2092
BRDA:69,4,0,83354
BRDA:90,5,0,106
BRDA:96,6,0,7
BRDA:122,7,0,83354
BRDA:149,8,0,71
BRDA:156,9,0,60
BRDA:156,10,0,2010
BRDA:156,10,1,82
BRDA:156,10,2,71
BRDA:161,11,0,102
BRDA:168,12,0,89
BRDA:168,13,0,1908
BRDA:168,13,1,98
BRDA:173,14,0,81
BRDA:173,14,1,8
BRDA:174,15,0,11
BRDA:180,16,0,4
BRDA:181,17,0,8
BRDA:181,17,1,7
BRDA:185,18,0,1
BRDA:199,19,0,9
BRDA:202,20,0,3
BRDA:203,21,0,6
BRDA:203,21,1,3
BRDA:207,22,0,0
BRDA:239,23,0,1987
BRDA:239,23,1,1305
BRDA:239,23,2,1305
BRDA:246,24,0,1987
BRDA:246,24,1,70
BRDA:246,24,2,10
BRDA:249,25,0,1987
BRDA:249,25,1,1207
BRDA:312,26,0,0
BRDA:312,27,0,4
BRDA:312,27,1,4
BRDA:326,28,0,0
BRF:43
BRH:38
end_of_record
TN:
SF:src\runtime\environment.ts
FN:17,(anonymous_1)
FN:35,(anonymous_2)
FN:39,(anonymous_3)
FN:50,(anonymous_4)
FN:59,(anonymous_5)
FN:64,(anonymous_6)
FN:79,(anonymous_7)
FN:107,(anonymous_8)
FN:131,(anonymous_9)
FN:143,(anonymous_10)
FNF:10
FNH:9
FNDA:56,(anonymous_1)
FNDA:0,(anonymous_2)
FNDA:10,(anonymous_3)
FNDA:9,(anonymous_4)
FNDA:9,(anonymous_5)
FNDA:3,(anonymous_6)
FNDA:274,(anonymous_7)
FNDA:6,(anonymous_8)
FNDA:36,(anonymous_9)
FNDA:26,(anonymous_10)
DA:3,4
DA:6,4
DA:7,4
DA:9,4
DA:18,56
DA:19,56
DA:20,56
DA:21,56
DA:22,56
DA:23,56
DA:25,56
DA:26,56
DA:28,150
DA:31,100
DA:36,0
DA:40,10
DA:41,0
DA:45,10
DA:47,10
DA:51,9
DA:53,1
DA:54,1
DA:56,0
DA:60,9
DA:61,8
DA:65,3
DA:67,3
DA:68,0
DA:69,3
DA:70,1
DA:76,2
DA:85,274
DA:86,0
DA:91,274
DA:93,111
DA:94,111
DA:96,156
DA:97,156
DA:100,274
DA:101,274
DA:102,274
DA:104,274
DA:108,6
DA:111,6
DA:112,1
DA:116,5
DA:117,2
DA:122,3
DA:124,3
DA:126,2
DA:128,2
DA:132,36
DA:134,4
DA:135,0
DA:140,4
DA:144,26
DA:145,26
LF:57
LH:51
BRDA:26,0,0,50
BRDA:40,1,0,0
BRDA:51,2,0,8
BRDA:53,3,0,1
BRDA:67,4,0,0
BRDA:67,4,1,3
BRDA:69,5,0,1
BRDA:69,6,0,3
BRDA:69,6,1,2
BRDA:85,7,0,0
BRDA:91,8,0,111
BRDA:91,8,1,156
BRDA:101,9,0,0
BRDA:111,10,0,1
BRDA:111,10,1,5
BRDA:116,11,0,2
BRDA:132,12,0,32
BRDA:134,13,0,0
BRF:18
BRH:13
end_of_record
TN:
SF:src\runtime\error.ts
FN:6,(anonymous_0)
FNF:1
FNH:1
FNDA:9,(anonymous_0)
DA:3,4
DA:7,9
DA:8,9
DA:9,9
LF:4
LH:4
BRF:0
BRH:0
end_of_record
TN:
SF:src\runtime\execution-context.ts
FN:13,(anonymous_0)
FN:17,(anonymous_1)
FN:21,(anonymous_2)
FN:25,(anonymous_3)
FN:29,(anonymous_4)
FNF:5
FNH:4
FNDA:50,(anonymous_0)
FNDA:3,(anonymous_1)
FNDA:0,(anonymous_2)
FNDA:9,(anonymous_3)
FNDA:1,(anonymous_4)
DA:10,4
DA:14,50
DA:18,3
DA:22,0
DA:26,9
DA:30,1
DA:31,1
DA:32,1
DA:34,3
DA:35,3
DA:38,1
DA:39,0
DA:42,1
LF:13
LH:11
BRDA:29,0,0,1
BRDA:35,1,0,3
BRDA:35,1,1,0
BRDA:38,2,0,0
BRF:4
BRH:2
end_of_record
TN:
SF:src\runtime\interpreter.ts
FN:64,evaluate
FN:123,interpret
FNF:2
FNH:2
FNDA:330,evaluate
FNDA:50,interpret
DA:1,4
DA:31,4
DA:41,4
DA:53,4
DA:54,4
DA:55,4
DA:56,4
DA:64,4
DA:65,330
DA:67,97
DA:72,3
DA:74,57
DA:76,6
DA:78,23
DA:80,9
DA:82,10
DA:84,9
DA:86,20
DA:88,20
DA:90,0
DA:92,0
DA:94,0
DA:96,0
DA:98,3
DA:100,50
DA:102,17
DA:104,3
DA:106,3
DA:108,0
DA:110,0
DA:112,0
DA:114,0
DA:116,0
DA:118,0
DA:119,0
DA:123,4
DA:124,50
DA:125,50
DA:126,50
DA:127,50
DA:128,50
DA:130,9
DA:132,9
DA:133,9
DA:135,9
DA:136,1
DA:140,9
LF:47
LH:36
BRDA:65,0,0,97
BRDA:65,0,1,3
BRDA:65,0,2,57
BRDA:65,0,3,6
BRDA:65,0,4,23
BRDA:65,0,5,9
BRDA:65,0,6,10
BRDA:65,0,7,9
BRDA:65,0,8,20
BRDA:65,0,9,20
BRDA:65,0,10,0
BRDA:65,0,11,0
BRDA:65,0,12,0
BRDA:65,0,13,0
BRDA:65,0,14,3
BRDA:65,0,15,50
BRDA:65,0,16,17
BRDA:65,0,17,3
BRDA:65,0,18,3
BRDA:65,0,19,0
BRDA:65,0,20,0
BRDA:65,0,21,0
BRDA:65,0,22,0
BRDA:65,0,23,0
BRDA:65,0,24,0
BRDA:125,1,0,50
BRDA:125,1,1,50
BRDA:132,2,0,9
BRDA:133,3,0,9
BRDA:133,3,1,0
BRDA:135,4,0,1
BRF:31
BRH:20
end_of_record
TN:
SF:src\runtime\macros.ts
FN:3,MK_NUMBER
FN:7,MK_NULL
FN:11,MK_BOOL
FN:15,MK_NATIVE_FN
FNF:4
FNH:3
FNDA:0,MK_NUMBER
FNDA:60,MK_NULL
FNDA:8,MK_BOOL
FNDA:8,MK_NATIVE_FN
DA:3,4
DA:4,0
DA:7,4
DA:8,60
DA:11,4
DA:12,8
DA:15,4
DA:16,8
LF:8
LH:7
BRDA:3,0,0,0
BRF:1
BRH:0
end_of_record
TN:
SF:src\runtime\type-checker.ts
FN:12,areTypesCompatible
FN:190,getRuntimeType
FNF:2
FNH:2
FNDA:25,areTypesCompatible
FNDA:13,getRuntimeType
DA:12,4
DA:17,25
DA:23,2
DA:27,23
DA:28,11
DA:37,12
DA:38,0
DA:39,0
DA:43,0
DA:44,0
DA:47,0
DA:51,12
DA:52,0
DA:56,0
DA:58,12
DA:59,12
DA:63,12
DA:67,0
DA:68,0
DA:73,0
DA:74,0
DA:78,0
DA:83,0
DA:88,0
DA:92,0
DA:93,0
DA:96,0
DA:100,0
DA:102,0
DA:106,0
DA:110,0
DA:111,0
DA:114,0
DA:115,0
DA:120,0
DA:121,0
DA:124,0
DA:125,0
DA:128,0
DA:133,0
DA:138,0
DA:142,0
DA:143,0
DA:144,0
DA:147,0
DA:151,0
DA:154,0
DA:155,0
DA:157,0
DA:158,0
DA:159,0
DA:161,0
DA:166,0
DA:167,0
DA:170,0
DA:171,0
DA:174,0
DA:179,0
DA:184,0
DA:187,0
DA:190,4
DA:191,13
DA:193,11
DA:200,1
DA:207,0
DA:216,1
LF:66
LH:15
BRDA:17,0,0,2
BRDA:18,1,0,25
BRDA:18,1,1,25
BRDA:18,1,2,24
BRDA:18,1,3,12
BRDA:27,2,0,11
BRDA:27,3,0,23
BRDA:27,3,1,23
BRDA:37,4,0,0
BRDA:43,5,0,0
BRDA:51,6,0,0
BRDA:58,7,0,12
BRDA:67,8,0,0
BRDA:67,9,0,0
BRDA:67,9,1,0
BRDA:73,10,0,0
BRDA:92,11,0,0
BRDA:92,12,0,0
BRDA:92,12,1,0
BRDA:102,13,0,0
BRDA:103,14,0,0
BRDA:103,14,1,0
BRDA:110,15,0,0
BRDA:120,16,0,0
BRDA:142,17,0,0
BRDA:142,18,0,0
BRDA:142,18,1,0
BRDA:143,19,0,0
BRDA:147,20,0,0
BRDA:166,21,0,0
BRDA:191,22,0,11
BRDA:191,22,1,1
BRDA:191,22,2,0
BRDA:191,22,3,1
BRF:34
BRH:12
end_of_record
TN:
SF:src\runtime\built-ins\functions.ts
FN:18,(anonymous_0)
FN:19,(anonymous_1)
FN:33,(anonymous_2)
FN:46,(anonymous_3)
FN:55,(anonymous_4)
FNF:5
FNH:0
FNDA:0,(anonymous_0)
FNDA:0,(anonymous_1)
FNDA:0,(anonymous_2)
FNDA:0,(anonymous_3)
FNDA:0,(anonymous_4)
DA:3,4
DA:15,4
DA:19,0
DA:20,0
DA:21,0
DA:27,0
DA:28,0
DA:29,0
DA:30,0
DA:31,0
DA:32,0
DA:33,0
DA:35,0
DA:36,0
DA:37,0
DA:38,0
DA:40,0
DA:42,0
DA:46,0
DA:48,0
DA:56,0
DA:57,0
DA:58,0
DA:64,4
LF:24
LH:3
BRDA:21,0,0,0
BRDA:21,0,1,0
BRDA:22,1,0,0
BRDA:22,1,1,0
BRDA:22,1,2,0
BRDA:22,1,3,0
BRDA:28,2,0,0
BRDA:28,2,1,0
BRDA:30,3,0,0
BRDA:30,3,1,0
BRDA:33,4,0,0
BRDA:33,4,1,0
BRDA:35,5,0,0
BRDA:35,5,1,0
BRDA:37,6,0,0
BRDA:57,7,0,0
BRF:16
BRH:0
end_of_record
TN:
SF:src\runtime\built-ins\variables.ts
FNF:0
FNH:0
DA:2,4
DA:4,4
DA:10,4
LF:3
LH:3
BRF:0
BRH:0
end_of_record
TN:
SF:src\runtime\eval\expression.ts
FN:24,eval_numeric_binary_expr
FN:52,eval_boolean_binary_expr
FN:67,eval_binary_expr
FN:87,eval_identifier
FN:96,eval_struct_type
FN:123,eval_object_expr
FN:139,(anonymous_7)
FN:179,eval_array_expr
FN:184,(anonymous_9)
FN:189,get_caller_name
FN:247,eval_call_expr
FN:253,(anonymous_12)
FN:304,eval_assignment
FN:317,eval_string_literal
FN:336,eval_member_expr
FN:378,eval_comment_expr
FNF:16
FNH:11
FNDA:40,eval_numeric_binary_expr
FNDA:17,eval_boolean_binary_expr
FNDA:57,eval_binary_expr
FNDA:23,eval_identifier
FNDA:9,eval_struct_type
FNDA:9,eval_object_expr
FNDA:19,(anonymous_7)
FNDA:0,eval_array_expr
FNDA:0,(anonymous_9)
FNDA:3,get_caller_name
FNDA:3,eval_call_expr
FNDA:0,(anonymous_12)
FNDA:6,eval_assignment
FNDA:3,eval_string_literal
FNDA:0,eval_member_expr
FNDA:0,eval_comment_expr
DA:14,4
DA:15,4
DA:16,4
DA:18,4
DA:19,4
DA:22,4
DA:29,40
DA:30,19
DA:31,19
DA:32,11
DA:33,9
DA:34,3
DA:35,2
DA:36,1
DA:38,19
DA:41,21
DA:43,21
DA:44,10
DA:45,5
DA:46,0
DA:47,0
DA:49,21
DA:52,4
DA:57,17
DA:59,17
DA:60,17
DA:61,17
DA:62,7
DA:64,17
DA:67,4
DA:72,57
DA:73,57
DA:75,57
DA:76,40
DA:79,17
DA:80,17
DA:84,0
DA:87,4
DA:88,23
DA:89,23
DA:96,4
DA:101,9
DA:102,9
DA:104,9
DA:105,18
DA:106,18
DA:107,0
DA:110,18
DA:111,18
DA:114,9
DA:123,4
DA:128,9
DA:130,9
DA:131,9
DA:133,8
DA:134,1
DA:138,7
DA:139,19
DA:140,14
DA:142,14
DA:143,1
DA:149,13
DA:151,13
DA:152,12
DA:156,12
DA:158,12
DA:159,1
DA:166,12
DA:170,5
DA:171,10
DA:172,1
DA:176,4
DA:179,4
DA:184,0
DA:186,0
DA:194,3
DA:195,0
DA:198,3
DA:201,3
DA:202,0
DA:206,3
DA:207,3
DA:211,0
DA:215,0
DA:216,0
DA:217,0
DA:218,0
DA:219,0
DA:221,0
DA:228,0
DA:229,0
DA:232,0
DA:233,0
DA:235,0
DA:244,0
DA:247,4
DA:252,3
DA:253,3
DA:254,3
DA:256,3
DA:257,0
DA:258,0
DA:261,3
DA:262,0
DA:265,3
DA:271,3
DA:272,3
DA:273,3
DA:277,3
DA:278,0
DA:284,3
DA:285,0
DA:286,0
DA:287,0
DA:295,3
DA:297,3
DA:299,0
DA:301,0
DA:304,4
DA:309,6
DA:310,0
DA:311,6
DA:312,6
DA:314,6
DA:317,4
DA:322,3
DA:323,3
DA:324,0
DA:325,0
DA:328,3
DA:329,0
DA:330,0
DA:333,3
DA:336,4
DA:341,0
DA:342,0
DA:344,0
DA:346,0
DA:347,0
DA:348,0
DA:350,0
DA:351,0
DA:356,0
DA:357,0
DA:358,0
DA:359,0
DA:360,0
DA:362,0
DA:365,0
DA:369,0
DA:372,0
DA:375,0
DA:378,4
DA:379,0
LF:154
LH:100
BRDA:29,0,0,19
BRDA:31,1,0,8
BRDA:31,1,1,11
BRDA:32,2,0,2
BRDA:32,2,1,9
BRDA:33,3,0,6
BRDA:33,3,1,3
BRDA:34,4,0,1
BRDA:34,4,1,2
BRDA:35,5,0,1
BRDA:35,5,1,1
BRDA:36,6,0,1
BRDA:43,7,0,11
BRDA:43,7,1,10
BRDA:44,8,0,5
BRDA:44,8,1,5
BRDA:45,9,0,5
BRDA:45,9,1,0
BRDA:46,10,0,0
BRDA:46,10,1,0
BRDA:59,11,0,0
BRDA:59,11,1,17
BRDA:60,12,0,0
BRDA:60,12,1,17
BRDA:61,13,0,10
BRDA:61,13,1,7
BRDA:61,14,0,17
BRDA:61,14,1,7
BRDA:61,15,0,10
BRDA:61,15,1,9
BRDA:62,16,0,7
BRDA:62,17,0,7
BRDA:62,17,1,0
BRDA:62,18,0,7
BRDA:62,18,1,1
BRDA:75,19,0,40
BRDA:75,20,0,57
BRDA:75,20,1,40
BRDA:79,21,0,17
BRDA:79,22,0,17
BRDA:79,22,1,17
BRDA:106,23,0,0
BRDA:133,24,0,1
BRDA:142,25,0,1
BRDA:142,26,0,14
BRDA:142,26,1,2
BRDA:151,27,0,12
BRDA:152,28,0,12
BRDA:152,28,1,0
BRDA:158,29,0,1
BRDA:171,30,0,1
BRDA:194,31,0,0
BRDA:206,32,0,3
BRDA:211,33,0,0
BRDA:215,34,0,0
BRDA:215,34,1,0
BRDA:218,35,0,0
BRDA:218,35,1,0
BRDA:228,36,0,0
BRDA:256,37,0,0
BRDA:261,38,0,0
BRDA:277,39,0,0
BRDA:289,40,0,0
BRDA:289,40,1,0
BRDA:309,41,0,0
BRDA:344,42,0,0
BRDA:344,42,1,0
BRDA:344,42,2,0
BRDA:347,43,0,0
BRDA:347,43,1,0
BRDA:350,44,0,0
BRDA:357,45,0,0
BRDA:360,46,0,0
BRF:73
BRH:44
end_of_record
TN:
SF:src\runtime\eval\statements.ts
FN:22,eval_program
FN:35,eval_type_declaration
FN:55,(anonymous_3)
FN:69,eval_var_declaration
FN:110,eval_multi_var_declaration
FN:121,eval_fn_declaration
FN:127,(anonymous_7)
FN:146,eval_return_statement
FN:153,(anonymous_9)
FN:158,eval_code_block
FN:175,eval_condition
FN:188,eval_if_else_statement
FN:211,eval_while_statement
FNF:13
FNH:6
FNDA:50,eval_program
FNDA:10,eval_type_declaration
FNDA:0,(anonymous_3)
FNDA:26,eval_var_declaration
FNDA:3,eval_multi_var_declaration
FNDA:3,eval_fn_declaration
FNDA:0,(anonymous_7)
FNDA:0,eval_return_statement
FNDA:0,(anonymous_9)
FNDA:3,eval_code_block
FNDA:0,eval_condition
FNDA:0,eval_if_else_statement
FNDA:0,eval_while_statement
DA:13,4
DA:14,4
DA:16,4
DA:17,4
DA:18,4
DA:22,4
DA:27,50
DA:29,66
DA:31,41
DA:35,4
DA:41,10
DA:43,10
DA:44,0
DA:48,10
DA:51,0
DA:55,0
DA:60,0
DA:61,0
DA:65,10
DA:66,10
DA:69,4
DA:74,26
DA:76,26
DA:77,26
DA:81,21
DA:82,1
DA:84,1
DA:85,0
DA:90,1
DA:91,1
DA:92,0
DA:99,1
DA:103,1
DA:107,21
DA:110,4
DA:115,3
DA:116,9
DA:118,3
DA:121,4
DA:126,3
DA:128,0
DA:135,3
DA:143,3
DA:146,4
DA:151,0
DA:152,0
DA:153,0
DA:155,0
DA:158,4
DA:163,3
DA:165,3
DA:167,3
DA:168,4
DA:169,1
DA:172,0
DA:175,4
DA:180,0
DA:182,0
DA:183,0
DA:185,0
DA:188,4
DA:193,0
DA:195,0
DA:197,0
DA:198,0
DA:199,0
DA:200,0
DA:201,0
DA:202,0
DA:203,0
DA:206,0
DA:208,0
DA:211,4
DA:216,0
DA:217,0
DA:220,0
LF:76
LH:45
BRDA:43,0,0,0
BRDA:48,1,0,0
BRDA:48,2,0,10
BRDA:48,2,1,0
BRDA:55,3,0,0
BRDA:55,3,1,0
BRDA:60,4,0,0
BRDA:60,4,1,0
BRDA:65,5,0,10
BRDA:65,5,1,0
BRDA:76,6,0,26
BRDA:81,7,0,1
BRDA:84,8,0,0
BRDA:91,9,0,0
BRDA:91,10,0,1
BRDA:91,10,1,1
BRDA:99,11,0,1
BRDA:100,12,0,1
BRDA:100,12,1,1
BRDA:132,13,0,0
BRDA:132,13,1,0
BRDA:152,14,0,0
BRDA:152,14,1,0
BRDA:169,15,0,0
BRDA:169,16,0,1
BRDA:169,16,1,1
BRDA:182,17,0,0
BRDA:197,18,0,0
BRDA:197,18,1,0
BRDA:199,19,0,0
BRDA:199,19,1,0
BRDA:199,20,0,0
BRDA:199,20,1,0
BRDA:201,21,0,0
BRDA:206,22,0,0
BRF:35
BRH:11
end_of_record
TN:
SF:src\runtime\eval\types.ts
FN:23,eval_primitive_type
FN:35,eval_struct_type
FN:62,eval_alias_type
FN:80,eval_generic_type
FN:113,eval_union_type
FN:135,eval_array_type
FNF:6
FNH:2
FNDA:20,eval_primitive_type
FNDA:0,eval_struct_type
FNDA:20,eval_alias_type
FNDA:0,eval_generic_type
FNDA:0,eval_union_type
FNDA:0,eval_array_type
DA:2,4
DA:4,4
DA:23,4
DA:28,20
DA:35,4
DA:40,0
DA:41,0
DA:43,0
DA:44,0
DA:45,0
DA:46,0
DA:49,0
DA:50,0
DA:53,0
DA:62,4
DA:67,20
DA:68,20
DA:69,0
DA:72,20
DA:80,4
DA:86,0
DA:87,0
DA:88,0
DA:92,0
DA:93,0
DA:94,0
DA:95,0
DA:96,0
DA:101,0
DA:104,0
DA:113,4
DA:118,0
DA:120,0
DA:121,0
DA:122,0
DA:123,0
DA:125,0
DA:128,0
DA:135,4
DA:140,0
DA:141,0
DA:142,0
DA:145,0
LF:43
LH:12
BRDA:45,0,0,0
BRDA:68,1,0,0
BRDA:86,2,0,0
BRDA:86,2,1,0
BRDA:87,3,0,0
BRDA:87,4,0,0
BRDA:87,4,1,0
BRDA:95,5,0,0
BRDA:122,6,0,0
BRDA:141,7,0,0
BRF:10
BRH:0
end_of_record
